

Building a new DB, current time: 05/23/2022 16:36:51
New DB name:   /scratch/cube/tuechler/program_out/ad_11_po_246/data/db.fasta
New DB title:  /scratch/cube/tuechler/program_out/ad_11_po_246/data/db.fasta
Sequence type: Protein
Keep MBits: T
Maximum file size: 1000000000B
Adding sequences from FASTA; added 256000 sequences in 4.76631 seconds.


Creating temporary directory: /scratch/cube/tuechler/program_out/ad_11_po_246
Writing parameters to parameters.txt
Running prepare_database.py...
Start calling of alignment programs
Running cudasw_xargs...
start 1
start 3
start 4
start 2
Mon May 23 16:36:57 CEST 2022
Mon May 23 16:36:57 CEST 2022
start 5
Mon May 23 16:36:57 CEST 2022
start 6
Mon May 23 16:36:57 CEST 2022
Mon May 23 16:36:57 CEST 2022
Mon May 23 16:36:57 CEST 2022
 16:36:57 up 18 days,  7:50,  0 users,  load average: 0.22, 0.06, 1.73
 16:36:57 up 18 days,  7:50,  0 users,  load average: 0.22, 0.06, 1.73
 16:36:57 up 18 days,  7:50,  0 users,  load average: 0.22, 0.06, 1.73
 16:36:57 up 18 days,  7:50,  0 users,  load average: 0.22, 0.06, 1.73
 16:36:57 up 18 days,  7:50,  0 users,  load average: 0.22, 0.06, 1.73
 16:36:57 up 18 days,  7:50,  0 users,  load average: 0.22, 0.06, 1.73
Mon May 23 16:37:09 2022       
+-----------------------------------------------------------------------------+
| NVIDIA-SMI 510.47.03    Driver Version: 510.47.03    CUDA Version: 11.6     |
|-------------------------------+----------------------+----------------------+
| GPU  Name        Persistence-M| Bus-Id        Disp.A | Volatile Uncorr. ECC |
| Fan  Temp  Perf  Pwr:Usage/Cap|         Memory-Usage | GPU-Util  Compute M. |
|                               |                      |               MIG M. |
|===============================+======================+======================|
Mon May 23 16:37:09 2022       
+-----------------------------------------------------------------------------+
| NVIDIA-SMI 510.47.03    Driver Version: 510.47.03    CUDA Version: 11.6     |
|-------------------------------+----------------------+----------------------+
| GPU  Name        Persistence-M| Bus-Id        Disp.A | Volatile Uncorr. ECC |
| Fan  Temp  Perf  Pwr:Usage/Cap|         Memory-Usage | GPU-Util  Compute M. |
|                               |                      |               MIG M. |
|===============================+======================+======================|
Mon May 23 16:37:09 2022       
+-----------------------------------------------------------------------------+
| NVIDIA-SMI 510.47.03    Driver Version: 510.47.03    CUDA Version: 11.6     |
|-------------------------------+----------------------+----------------------+
| GPU  Name        Persistence-M| Bus-Id        Disp.A | Volatile Uncorr. ECC |
| Fan  Temp  Perf  Pwr:Usage/Cap|         Memory-Usage | GPU-Util  Compute M. |
|                               |                      |               MIG M. |
|===============================+======================+======================|
Mon May 23 16:37:09 2022       
+-----------------------------------------------------------------------------+
| NVIDIA-SMI 510.47.03    Driver Version: 510.47.03    CUDA Version: 11.6     |
|-------------------------------+----------------------+----------------------+
| GPU  Name        Persistence-M| Bus-Id        Disp.A | Volatile Uncorr. ECC |
| Fan  Temp  Perf  Pwr:Usage/Cap|         Memory-Usage | GPU-Util  Compute M. |
|                               |                      |               MIG M. |
|===============================+======================+======================|
Mon May 23 16:37:09 2022       
+-----------------------------------------------------------------------------+
| NVIDIA-SMI 510.47.03    Driver Version: 510.47.03    CUDA Version: 11.6     |
|-------------------------------+----------------------+----------------------+
| GPU  Name        Persistence-M| Bus-Id        Disp.A | Volatile Uncorr. ECC |
| Fan  Temp  Perf  Pwr:Usage/Cap|         Memory-Usage | GPU-Util  Compute M. |
|                               |                      |               MIG M. |
|===============================+======================+======================|
Mon May 23 16:37:09 2022       
+-----------------------------------------------------------------------------+
| NVIDIA-SMI 510.47.03    Driver Version: 510.47.03    CUDA Version: 11.6     |
|-------------------------------+----------------------+----------------------+
| GPU  Name        Persistence-M| Bus-Id        Disp.A | Volatile Uncorr. ECC |
| Fan  Temp  Perf  Pwr:Usage/Cap|         Memory-Usage | GPU-Util  Compute M. |
|                               |                      |               MIG M. |
|===============================+======================+======================|
|   0  Tesla T4            Off  | 00000000:41:00.0 Off |                    0 |
| N/A   46C    P0    27W /  70W |      0MiB / 15360MiB |      0%      Default |
|                               |                      |                  N/A |
+-------------------------------+----------------------+----------------------+
|   0  Tesla T4            Off  | 00000000:41:00.0 Off |                    0 |
| N/A   46C    P0    27W /  70W |      0MiB / 15360MiB |      0%      Default |
|                               |                      |                  N/A |
+-------------------------------+----------------------+----------------------+
|   0  Tesla T4            Off  | 00000000:41:00.0 Off |                    0 |
| N/A   46C    P0    27W /  70W |      0MiB / 15360MiB |      0%      Default |
|                               |                      |                  N/A |
+-------------------------------+----------------------+----------------------+
|   0  Tesla T4            Off  | 00000000:41:00.0 Off |                    0 |
| N/A   45C    P0    27W /  70W |      0MiB / 15360MiB |      0%      Default |
|                               |                      |                  N/A |
+-------------------------------+----------------------+----------------------+
|   0  Tesla T4            Off  | 00000000:41:00.0 Off |                    0 |
| N/A   46C    P0    27W /  70W |      0MiB / 15360MiB |      0%      Default |
|                               |                      |                  N/A |
+-------------------------------+----------------------+----------------------+
|   0  Tesla T4            Off  | 00000000:41:00.0 Off |                    0 |
| N/A   46C    P0    27W /  70W |      0MiB / 15360MiB |      0%      Default |
|                               |                      |                  N/A |
+-------------------------------+----------------------+----------------------+
|   1  Tesla T4            Off  | 00000000:61:00.0 Off |                    0 |
| N/A   46C    P0    27W /  70W |      0MiB / 15360MiB |      0%      Default |
|                               |                      |                  N/A |
+-------------------------------+----------------------+----------------------+
|   1  Tesla T4            Off  | 00000000:61:00.0 Off |                    0 |
| N/A   46C    P0    27W /  70W |      0MiB / 15360MiB |      0%      Default |
|                               |                      |                  N/A |
+-------------------------------+----------------------+----------------------+
|   1  Tesla T4            Off  | 00000000:61:00.0 Off |                    0 |
| N/A   47C    P0    27W /  70W |      0MiB / 15360MiB |      0%      Default |
|                               |                      |                  N/A |
+-------------------------------+----------------------+----------------------+
|   1  Tesla T4            Off  | 00000000:61:00.0 Off |                    0 |
| N/A   47C    P0    27W /  70W |      0MiB / 15360MiB |      0%      Default |
|                               |                      |                  N/A |
+-------------------------------+----------------------+----------------------+
|   1  Tesla T4            Off  | 00000000:61:00.0 Off |                    0 |
| N/A   47C    P0    27W /  70W |      0MiB / 15360MiB |      0%      Default |
|                               |                      |                  N/A |
+-------------------------------+----------------------+----------------------+
|   1  Tesla T4            Off  | 00000000:61:00.0 Off |                    0 |
| N/A   47C    P0    27W /  70W |      0MiB / 15360MiB |      0%      Default |
|                               |                      |                  N/A |
+-------------------------------+----------------------+----------------------+
|   2  Tesla T4            Off  | 00000000:81:00.0 Off |                    0 |
| N/A   44C    P0    28W /  70W |      0MiB / 15360MiB |      0%      Default |
|                               |                      |                  N/A |
+-------------------------------+----------------------+----------------------+
|   2  Tesla T4            Off  | 00000000:81:00.0 Off |                    0 |
| N/A   44C    P0    28W /  70W |      0MiB / 15360MiB |      0%      Default |
|                               |                      |                  N/A |
+-------------------------------+----------------------+----------------------+
|   2  Tesla T4            Off  | 00000000:81:00.0 Off |                    0 |
| N/A   44C    P0    28W /  70W |      0MiB / 15360MiB |      0%      Default |
|                               |                      |                  N/A |
+-------------------------------+----------------------+----------------------+
|   2  Tesla T4            Off  | 00000000:81:00.0 Off |                    0 |
| N/A   44C    P0    28W /  70W |      0MiB / 15360MiB |      0%      Default |
|                               |                      |                  N/A |
+-------------------------------+----------------------+----------------------+
|   2  Tesla T4            Off  | 00000000:81:00.0 Off |                    0 |
| N/A   44C    P0    28W /  70W |      0MiB / 15360MiB |      0%      Default |
|                               |                      |                  N/A |
+-------------------------------+----------------------+----------------------+
|   2  Tesla T4            Off  | 00000000:81:00.0 Off |                    0 |
| N/A   44C    P0    28W /  70W |      0MiB / 15360MiB |      0%      Default |
|                               |                      |                  N/A |
+-------------------------------+----------------------+----------------------+
|   3  Tesla T4            Off  | 00000000:82:00.0 Off |                    0 |
| N/A   44C    P0    27W /  70W |      0MiB / 15360MiB |      0%      Default |
|                               |                      |                  N/A |
+-------------------------------+----------------------+----------------------+
|   3  Tesla T4            Off  | 00000000:82:00.0 Off |                    0 |
| N/A   44C    P0    27W /  70W |      0MiB / 15360MiB |      0%      Default |
|                               |                      |                  N/A |
+-------------------------------+----------------------+----------------------+
|   3  Tesla T4            Off  | 00000000:82:00.0 Off |                    0 |
| N/A   44C    P0    27W /  70W |      0MiB / 15360MiB |      0%      Default |
|                               |                      |                  N/A |
+-------------------------------+----------------------+----------------------+
|   3  Tesla T4            Off  | 00000000:82:00.0 Off |                    0 |
| N/A   44C    P0    27W /  70W |      0MiB / 15360MiB |      0%      Default |
|                               |                      |                  N/A |
+-------------------------------+----------------------+----------------------+
|   3  Tesla T4            Off  | 00000000:82:00.0 Off |                    0 |
| N/A   44C    P0    27W /  70W |      0MiB / 15360MiB |      0%      Default |
|                               |                      |                  N/A |
+-------------------------------+----------------------+----------------------+
|   3  Tesla T4            Off  | 00000000:82:00.0 Off |                    0 |
| N/A   44C    P0    27W /  70W |      0MiB / 15360MiB |      0%      Default |
|                               |                      |                  N/A |
+-------------------------------+----------------------+----------------------+
|   4  Tesla T4            Off  | 00000000:A1:00.0 Off |                    0 |
| N/A   43C    P0    27W /  70W |      0MiB / 15360MiB |      0%      Default |
|                               |                      |                  N/A |
+-------------------------------+----------------------+----------------------+
|   4  Tesla T4            Off  | 00000000:A1:00.0 Off |                    0 |
| N/A   43C    P0    27W /  70W |      0MiB / 15360MiB |      0%      Default |
|                               |                      |                  N/A |
+-------------------------------+----------------------+----------------------+
|   4  Tesla T4            Off  | 00000000:A1:00.0 Off |                    0 |
| N/A   43C    P0    27W /  70W |      0MiB / 15360MiB |      0%      Default |
|                               |                      |                  N/A |
+-------------------------------+----------------------+----------------------+
|   4  Tesla T4            Off  | 00000000:A1:00.0 Off |                    0 |
| N/A   43C    P0    27W /  70W |      0MiB / 15360MiB |      0%      Default |
|                               |                      |                  N/A |
+-------------------------------+----------------------+----------------------+
|   4  Tesla T4            Off  | 00000000:A1:00.0 Off |                    0 |
| N/A   43C    P0    27W /  70W |      0MiB / 15360MiB |      0%      Default |
|                               |                      |                  N/A |
+-------------------------------+----------------------+----------------------+
|   4  Tesla T4            Off  | 00000000:A1:00.0 Off |                    0 |
| N/A   43C    P0    27W /  70W |      0MiB / 15360MiB |      0%      Default |
|                               |                      |                  N/A |
+-------------------------------+----------------------+----------------------+
|   5  Tesla T4            Off  | 00000000:C1:00.0 Off |                    0 |
| N/A   45C    P0    27W /  70W |      0MiB / 15360MiB |      0%      Default |
|                               |                      |                  N/A |
+-------------------------------+----------------------+----------------------+
|   5  Tesla T4            Off  | 00000000:C1:00.0 Off |                    0 |
| N/A   45C    P0    27W /  70W |      0MiB / 15360MiB |      0%      Default |
|                               |                      |                  N/A |
+-------------------------------+----------------------+----------------------+
                                                                               
+-----------------------------------------------------------------------------+
| Processes:                                                                  |
|  GPU   GI   CI        PID   Type   Process name                  GPU Memory |
|        ID   ID                                                   Usage      |
|=============================================================================|
|   5  Tesla T4            Off  | 00000000:C1:00.0 Off |                    0 |
| N/A   45C    P0    27W /  70W |      0MiB / 15360MiB |      0%      Default |
|                               |                      |                  N/A |
+-------------------------------+----------------------+----------------------+
                                                                               
+-----------------------------------------------------------------------------+
| Processes:                                                                  |
|  GPU   GI   CI        PID   Type   Process name                  GPU Memory |
|        ID   ID                                                   Usage      |
|=============================================================================|
|   5  Tesla T4            Off  | 00000000:C1:00.0 Off |                    0 |
| N/A   45C    P0    27W /  70W |      0MiB / 15360MiB |      0%      Default |
|                               |                      |                  N/A |
+-------------------------------+----------------------+----------------------+
                                                                               
+-----------------------------------------------------------------------------+
| Processes:                                                                  |
|  GPU   GI   CI        PID   Type   Process name                  GPU Memory |
|        ID   ID                                                   Usage      |
|=============================================================================|
                                                                               
+-----------------------------------------------------------------------------+
| Processes:                                                                  |
|  GPU   GI   CI        PID   Type   Process name                  GPU Memory |
|        ID   ID                                                   Usage      |
|=============================================================================|
|   5  Tesla T4            Off  | 00000000:C1:00.0 Off |                    0 |
| N/A   45C    P0    27W /  70W |      0MiB / 15360MiB |      0%      Default |
|                               |                      |                  N/A |
+-------------------------------+----------------------+----------------------+
|   5  Tesla T4            Off  | 00000000:C1:00.0 Off |                    0 |
| N/A   45C    P0    27W /  70W |      0MiB / 15360MiB |      0%      Default |
|                               |                      |                  N/A |
+-------------------------------+----------------------+----------------------+
                                                                               
+-----------------------------------------------------------------------------+
| Processes:                                                                  |
|  GPU   GI   CI        PID   Type   Process name                  GPU Memory |
|        ID   ID                                                   Usage      |
|=============================================================================|
                                                                               
+-----------------------------------------------------------------------------+
| Processes:                                                                  |
|  GPU   GI   CI        PID   Type   Process name                  GPU Memory |
|        ID   ID                                                   Usage      |
|=============================================================================|
|  No running processes found                                                 |
+-----------------------------------------------------------------------------+
|  No running processes found                                                 |
+-----------------------------------------------------------------------------+
|  No running processes found                                                 |
+-----------------------------------------------------------------------------+
|  No running processes found                                                 |
+-----------------------------------------------------------------------------+
|  No running processes found                                                 |
+-----------------------------------------------------------------------------+
|  No running processes found                                                 |
+-----------------------------------------------------------------------------+
end 5
Mon May 23 16:38:16 CEST 2022
 16:38:16 up 18 days,  7:51,  0 users,  load average: 4.60, 1.49, 2.10
Mon May 23 16:38:16 2022       
+-----------------------------------------------------------------------------+
| NVIDIA-SMI 510.47.03    Driver Version: 510.47.03    CUDA Version: 11.6     |
|-------------------------------+----------------------+----------------------+
| GPU  Name        Persistence-M| Bus-Id        Disp.A | Volatile Uncorr. ECC |
| Fan  Temp  Perf  Pwr:Usage/Cap|         Memory-Usage | GPU-Util  Compute M. |
|                               |                      |               MIG M. |
|===============================+======================+======================|
|   0  Tesla T4            Off  | 00000000:41:00.0 Off |                    0 |
| N/A   63C    P0    71W /  70W |   1097MiB / 15360MiB |    100%      Default |
|                               |                      |                  N/A |
+-------------------------------+----------------------+----------------------+
|   1  Tesla T4            Off  | 00000000:61:00.0 Off |                    0 |
| N/A   63C    P0    94W /  70W |   1097MiB / 15360MiB |    100%      Default |
|                               |                      |                  N/A |
+-------------------------------+----------------------+----------------------+
|   2  Tesla T4            Off  | 00000000:81:00.0 Off |                    0 |
| N/A   61C    P0    68W /  70W |   1097MiB / 15360MiB |     58%      Default |
|                               |                      |                  N/A |
+-------------------------------+----------------------+----------------------+
|   3  Tesla T4            Off  | 00000000:82:00.0 Off |                    0 |
| N/A   61C    P0    70W /  70W |   1097MiB / 15360MiB |    100%      Default |
|                               |                      |                  N/A |
+-------------------------------+----------------------+----------------------+
|   4  Tesla T4            Off  | 00000000:A1:00.0 Off |                    0 |
| N/A   58C    P0    37W /  70W |      2MiB / 15360MiB |      0%      Default |
|                               |                      |                  N/A |
+-------------------------------+----------------------+----------------------+
|   5  Tesla T4            Off  | 00000000:C1:00.0 Off |                    0 |
| N/A   62C    P0    69W /  70W |   1097MiB / 15360MiB |     90%      Default |
|                               |                      |                  N/A |
+-------------------------------+----------------------+----------------------+
                                                                               
+-----------------------------------------------------------------------------+
| Processes:                                                                  |
|  GPU   GI   CI        PID   Type   Process name                  GPU Memory |
|        ID   ID                                                   Usage      |
|=============================================================================|
|    0   N/A  N/A     36929      C   ../cudasw++v3.1.2/cudasw         1093MiB |
|    1   N/A  N/A     36930      C   ../cudasw++v3.1.2/cudasw         1095MiB |
|    2   N/A  N/A     36931      C   ../cudasw++v3.1.2/cudasw         1095MiB |
|    3   N/A  N/A     36928      C   ../cudasw++v3.1.2/cudasw         1095MiB |
|    5   N/A  N/A     36932      C   ../cudasw++v3.1.2/cudasw         1095MiB |
+-----------------------------------------------------------------------------+
end 4
Mon May 23 16:38:17 CEST 2022
 16:38:17 up 18 days,  7:51,  0 users,  load average: 4.72, 1.57, 2.12
Mon May 23 16:38:17 2022       
+-----------------------------------------------------------------------------+
| NVIDIA-SMI 510.47.03    Driver Version: 510.47.03    CUDA Version: 11.6     |
|-------------------------------+----------------------+----------------------+
| GPU  Name        Persistence-M| Bus-Id        Disp.A | Volatile Uncorr. ECC |
| Fan  Temp  Perf  Pwr:Usage/Cap|         Memory-Usage | GPU-Util  Compute M. |
|                               |                      |               MIG M. |
|===============================+======================+======================|
|   0  Tesla T4            Off  | 00000000:41:00.0 Off |                    0 |
| N/A   63C    P0    35W /  70W |   1097MiB / 15360MiB |     73%      Default |
|                               |                      |                  N/A |
+-------------------------------+----------------------+----------------------+
|   1  Tesla T4            Off  | 00000000:61:00.0 Off |                    0 |
| N/A   63C    P0    38W /  70W |   1097MiB / 15360MiB |     88%      Default |
|                               |                      |                  N/A |
+-------------------------------+----------------------+----------------------+
|   2  Tesla T4            Off  | 00000000:81:00.0 Off |                    0 |
| N/A   61C    P0    79W /  70W |   1097MiB / 15360MiB |     34%      Default |
|                               |                      |                  N/A |
+-------------------------------+----------------------+----------------------+
|   3  Tesla T4            Off  | 00000000:82:00.0 Off |                    0 |
| N/A   60C    P0    40W /  70W |      2MiB / 15360MiB |      0%      Default |
|                               |                      |                  N/A |
+-------------------------------+----------------------+----------------------+
|   4  Tesla T4            Off  | 00000000:A1:00.0 Off |                    0 |
| N/A   58C    P0    37W /  70W |      2MiB / 15360MiB |      0%      Default |
|                               |                      |                  N/A |
+-------------------------------+----------------------+----------------------+
|   5  Tesla T4            Off  | 00000000:C1:00.0 Off |                    0 |
| N/A   62C    P0    69W /  70W |   1097MiB / 15360MiB |    100%      Default |
|                               |                      |                  N/A |
+-------------------------------+----------------------+----------------------+
                                                                               
+-----------------------------------------------------------------------------+
| Processes:                                                                  |
|  GPU   GI   CI        PID   Type   Process name                  GPU Memory |
|        ID   ID                                                   Usage      |
|=============================================================================|
|    0   N/A  N/A     36929      C   ../cudasw++v3.1.2/cudasw         1095MiB |
|    1   N/A  N/A     36930      C   ../cudasw++v3.1.2/cudasw         1095MiB |
|    2   N/A  N/A     36931      C   ../cudasw++v3.1.2/cudasw         1095MiB |
|    5   N/A  N/A     36932      C   ../cudasw++v3.1.2/cudasw         1095MiB |
+-----------------------------------------------------------------------------+
end 1
Mon May 23 16:38:18 CEST 2022
 16:38:18 up 18 days,  7:51,  0 users,  load average: 4.72, 1.57, 2.12
Mon May 23 16:38:18 2022       
+-----------------------------------------------------------------------------+
| NVIDIA-SMI 510.47.03    Driver Version: 510.47.03    CUDA Version: 11.6     |
|-------------------------------+----------------------+----------------------+
| GPU  Name        Persistence-M| Bus-Id        Disp.A | Volatile Uncorr. ECC |
| Fan  Temp  Perf  Pwr:Usage/Cap|         Memory-Usage | GPU-Util  Compute M. |
|                               |                      |               MIG M. |
|===============================+======================+======================|
|   0  Tesla T4            Off  | 00000000:41:00.0 Off |                    0 |
| N/A   61C    P0    36W /  70W |      2MiB / 15360MiB |      1%      Default |
|                               |                      |                  N/A |
+-------------------------------+----------------------+----------------------+
|   1  Tesla T4            Off  | 00000000:61:00.0 Off |                    0 |
| N/A   64C    P0    82W /  70W |   1097MiB / 15360MiB |     54%      Default |
|                               |                      |                  N/A |
+-------------------------------+----------------------+----------------------+
|   2  Tesla T4            Off  | 00000000:81:00.0 Off |                    0 |
| N/A   61C    P0    71W /  70W |   1097MiB / 15360MiB |    100%      Default |
|                               |                      |                  N/A |
+-------------------------------+----------------------+----------------------+
|   3  Tesla T4            Off  | 00000000:82:00.0 Off |                    0 |
| N/A   59C    P0    38W /  70W |      2MiB / 15360MiB |      0%      Default |
|                               |                      |                  N/A |
+-------------------------------+----------------------+----------------------+
|   4  Tesla T4            Off  | 00000000:A1:00.0 Off |                    0 |
| N/A   57C    P0    29W /  70W |      2MiB / 15360MiB |      0%      Default |
|                               |                      |                  N/A |
+-------------------------------+----------------------+----------------------+
|   5  Tesla T4            Off  | 00000000:C1:00.0 Off |                    0 |
| N/A   62C    P0    58W /  70W |   1097MiB / 15360MiB |    100%      Default |
|                               |                      |                  N/A |
+-------------------------------+----------------------+----------------------+
                                                                               
+-----------------------------------------------------------------------------+
| Processes:                                                                  |
|  GPU   GI   CI        PID   Type   Process name                  GPU Memory |
|        ID   ID                                                   Usage      |
|=============================================================================|
|    1   N/A  N/A     36930      C   ../cudasw++v3.1.2/cudasw         1095MiB |
|    2   N/A  N/A     36931      C   ../cudasw++v3.1.2/cudasw         1095MiB |
|    5   N/A  N/A     36932      C   ../cudasw++v3.1.2/cudasw         1095MiB |
+-----------------------------------------------------------------------------+
end 6
Mon May 23 16:38:19 CEST 2022
 16:38:19 up 18 days,  7:51,  0 users,  load average: 4.72, 1.57, 2.12
Mon May 23 16:38:19 2022       
+-----------------------------------------------------------------------------+
| NVIDIA-SMI 510.47.03    Driver Version: 510.47.03    CUDA Version: 11.6     |
|-------------------------------+----------------------+----------------------+
| GPU  Name        Persistence-M| Bus-Id        Disp.A | Volatile Uncorr. ECC |
| Fan  Temp  Perf  Pwr:Usage/Cap|         Memory-Usage | GPU-Util  Compute M. |
|                               |                      |               MIG M. |
|===============================+======================+======================|
|   0  Tesla T4            Off  | 00000000:41:00.0 Off |                    0 |
| N/A   61C    P0    36W /  70W |      2MiB / 15360MiB |      0%      Default |
|                               |                      |                  N/A |
+-------------------------------+----------------------+----------------------+
|   1  Tesla T4            Off  | 00000000:61:00.0 Off |                    0 |
| N/A   64C    P0    83W /  70W |   1097MiB / 15360MiB |     65%      Default |
|                               |                      |                  N/A |
+-------------------------------+----------------------+----------------------+
|   2  Tesla T4            Off  | 00000000:81:00.0 Off |                    0 |
| N/A   61C    P0    61W /  70W |   1097MiB / 15360MiB |    100%      Default |
|                               |                      |                  N/A |
+-------------------------------+----------------------+----------------------+
|   3  Tesla T4            Off  | 00000000:82:00.0 Off |                    0 |
| N/A   58C    P0    29W /  70W |      2MiB / 15360MiB |      0%      Default |
|                               |                      |                  N/A |
+-------------------------------+----------------------+----------------------+
|   4  Tesla T4            Off  | 00000000:A1:00.0 Off |                    0 |
| N/A   56C    P0    28W /  70W |      2MiB / 15360MiB |      0%      Default |
|                               |                      |                  N/A |
+-------------------------------+----------------------+----------------------+
|   5  Tesla T4            Off  | 00000000:C1:00.0 Off |                    0 |
| N/A   61C    P0    37W /  70W |      2MiB / 15360MiB |     12%      Default |
|                               |                      |                  N/A |
+-------------------------------+----------------------+----------------------+
                                                                               
+-----------------------------------------------------------------------------+
| Processes:                                                                  |
|  GPU   GI   CI        PID   Type   Process name                  GPU Memory |
|        ID   ID                                                   Usage      |
|=============================================================================|
|    1   N/A  N/A     36930      C   ../cudasw++v3.1.2/cudasw         1095MiB |
|    2   N/A  N/A     36931      C   ../cudasw++v3.1.2/cudasw         1095MiB |
+-----------------------------------------------------------------------------+
end 2
Mon May 23 16:38:23 CEST 2022
 16:38:23 up 18 days,  7:51,  0 users,  load average: 4.42, 1.56, 2.12
Mon May 23 16:38:23 2022       
+-----------------------------------------------------------------------------+
| NVIDIA-SMI 510.47.03    Driver Version: 510.47.03    CUDA Version: 11.6     |
|-------------------------------+----------------------+----------------------+
| GPU  Name        Persistence-M| Bus-Id        Disp.A | Volatile Uncorr. ECC |
| Fan  Temp  Perf  Pwr:Usage/Cap|         Memory-Usage | GPU-Util  Compute M. |
|                               |                      |               MIG M. |
|===============================+======================+======================|
|   0  Tesla T4            Off  | 00000000:41:00.0 Off |                    0 |
| N/A   58C    P8    17W /  70W |      2MiB / 15360MiB |      0%      Default |
|                               |                      |                  N/A |
+-------------------------------+----------------------+----------------------+
|   1  Tesla T4            Off  | 00000000:61:00.0 Off |                    0 |
| N/A   64C    P0    39W /  70W |      2MiB / 15360MiB |      5%      Default |
|                               |                      |                  N/A |
+-------------------------------+----------------------+----------------------+
|   2  Tesla T4            Off  | 00000000:81:00.0 Off |                    0 |
| N/A   62C    P0    70W /  70W |   1097MiB / 15360MiB |    100%      Default |
|                               |                      |                  N/A |
+-------------------------------+----------------------+----------------------+
|   3  Tesla T4            Off  | 00000000:82:00.0 Off |                    0 |
| N/A   56C    P8    17W /  70W |      2MiB / 15360MiB |      0%      Default |
|                               |                      |                  N/A |
+-------------------------------+----------------------+----------------------+
|   4  Tesla T4            Off  | 00000000:A1:00.0 Off |                    0 |
| N/A   54C    P8    17W /  70W |      2MiB / 15360MiB |      0%      Default |
|                               |                      |                  N/A |
+-------------------------------+----------------------+----------------------+
|   5  Tesla T4            Off  | 00000000:C1:00.0 Off |                    0 |
| N/A   59C    P8    17W /  70W |      2MiB / 15360MiB |      0%      Default |
|                               |                      |                  N/A |
+-------------------------------+----------------------+----------------------+
                                                                               
+-----------------------------------------------------------------------------+
| Processes:                                                                  |
|  GPU   GI   CI        PID   Type   Process name                  GPU Memory |
|        ID   ID                                                   Usage      |
|=============================================================================|
|    2   N/A  N/A     36931      C   ../cudasw++v3.1.2/cudasw         1095MiB |
+-----------------------------------------------------------------------------+
end 3
Mon May 23 16:38:27 CEST 2022
 16:38:27 up 18 days,  7:51,  0 users,  load average: 4.42, 1.56, 2.12
Mon May 23 16:38:39 2022       
+-----------------------------------------------------------------------------+
| NVIDIA-SMI 510.47.03    Driver Version: 510.47.03    CUDA Version: 11.6     |
|-------------------------------+----------------------+----------------------+
| GPU  Name        Persistence-M| Bus-Id        Disp.A | Volatile Uncorr. ECC |
| Fan  Temp  Perf  Pwr:Usage/Cap|         Memory-Usage | GPU-Util  Compute M. |
|                               |                      |               MIG M. |
|===============================+======================+======================|
|   0  Tesla T4            Off  | 00000000:41:00.0 Off |                    0 |
| N/A   56C    P0    28W /  70W |      0MiB / 15360MiB |      0%      Default |
|                               |                      |                  N/A |
+-------------------------------+----------------------+----------------------+
|   1  Tesla T4            Off  | 00000000:61:00.0 Off |                    0 |
| N/A   59C    P0    29W /  70W |      0MiB / 15360MiB |      0%      Default |
|                               |                      |                  N/A |
+-------------------------------+----------------------+----------------------+
|   2  Tesla T4            Off  | 00000000:81:00.0 Off |                    0 |
| N/A   57C    P0    29W /  70W |      0MiB / 15360MiB |      0%      Default |
|                               |                      |                  N/A |
+-------------------------------+----------------------+----------------------+
|   3  Tesla T4            Off  | 00000000:82:00.0 Off |                    0 |
| N/A   54C    P0    28W /  70W |      0MiB / 15360MiB |      0%      Default |
|                               |                      |                  N/A |
+-------------------------------+----------------------+----------------------+
|   4  Tesla T4            Off  | 00000000:A1:00.0 Off |                    0 |
| N/A   52C    P0    28W /  70W |      0MiB / 15360MiB |      0%      Default |
|                               |                      |                  N/A |
+-------------------------------+----------------------+----------------------+
|   5  Tesla T4            Off  | 00000000:C1:00.0 Off |                    0 |
| N/A   56C    P0    28W /  70W |      0MiB / 15360MiB |      0%      Default |
|                               |                      |                  N/A |
+-------------------------------+----------------------+----------------------+
                                                                               
+-----------------------------------------------------------------------------+
| Processes:                                                                  |
|  GPU   GI   CI        PID   Type   Process name                  GPU Memory |
|        ID   ID                                                   Usage      |
|=============================================================================|
|  No running processes found                                                 |
+-----------------------------------------------------------------------------+
chunk_n=6
198.14user 120.65system 1:44.59elapsed 304%CPU (0avgtext+0avgdata 390220maxresident)k
819270inputs+651701outputs (122major+1770910minor)pagefaults 0swaps
Running ssw_xargs...
start 2
start 1
start 3
start 4
Mon May 23 16:38:42 CEST 2022
start 5
Mon May 23 16:38:42 CEST 2022
Mon May 23 16:38:42 CEST 2022
start 7
Mon May 23 16:38:42 CEST 2022
start 6
start 8
start 9
start 10
start 11
Mon May 23 16:38:42 CEST 2022
Mon May 23 16:38:42 CEST 2022
Mon May 23 16:38:42 CEST 2022
start 12
Mon May 23 16:38:42 CEST 2022
Mon May 23 16:38:42 CEST 2022
Mon May 23 16:38:42 CEST 2022
start 13
start 14
start 16
Mon May 23 16:38:42 CEST 2022
start 15
Mon May 23 16:38:42 CEST 2022
Mon May 23 16:38:42 CEST 2022
start 17
start 18
start 19
start 20
Mon May 23 16:38:42 CEST 2022
Mon May 23 16:38:42 CEST 2022
start 21
Mon May 23 16:38:42 CEST 2022
start 22
Mon May 23 16:38:42 CEST 2022
start 23
Mon May 23 16:38:42 CEST 2022
Mon May 23 16:38:42 CEST 2022
start 24
Mon May 23 16:38:42 CEST 2022
 16:38:42 up 18 days,  7:51,  0 users,  load average: 3.76, 1.60, 2.12
Mon May 23 16:38:42 CEST 2022
Mon May 23 16:38:42 CEST 2022
 16:38:42 up 18 days,  7:51,  0 users,  load average: 3.76, 1.60, 2.12
 16:38:42 up 18 days,  7:51,  0 users,  load average: 3.76, 1.60, 2.12
Mon May 23 16:38:42 CEST 2022
Mon May 23 16:38:42 CEST 2022
 16:38:42 up 18 days,  7:51,  0 users,  load average: 3.76, 1.60, 2.12
 16:38:42 up 18 days,  7:51,  0 users,  load average: 3.76, 1.60, 2.12
 16:38:42 up 18 days,  7:51,  0 users,  load average: 3.76, 1.60, 2.12
 16:38:42 up 18 days,  7:51,  0 users,  load average: 3.76, 1.60, 2.12
 16:38:42 up 18 days,  7:51,  0 users,  load average: 3.76, 1.60, 2.12
 16:38:42 up 18 days,  7:51,  0 users,  load average: 3.76, 1.60, 2.12
 16:38:42 up 18 days,  7:51,  0 users,  load average: 3.76, 1.60, 2.12
 16:38:42 up 18 days,  7:51,  0 users,  load average: 3.76, 1.60, 2.12
 16:38:42 up 18 days,  7:51,  0 users,  load average: 3.76, 1.60, 2.12
 16:38:42 up 18 days,  7:51,  0 users,  load average: 3.76, 1.60, 2.12
 16:38:42 up 18 days,  7:51,  0 users,  load average: 3.76, 1.60, 2.12
 16:38:42 up 18 days,  7:51,  0 users,  load average: 3.76, 1.60, 2.12
 16:38:42 up 18 days,  7:51,  0 users,  load average: 3.76, 1.60, 2.12
 16:38:42 up 18 days,  7:51,  0 users,  load average: 3.76, 1.60, 2.12
 16:38:42 up 18 days,  7:51,  0 users,  load average: 3.76, 1.60, 2.12
 16:38:42 up 18 days,  7:51,  0 users,  load average: 3.76, 1.60, 2.12
 16:38:42 up 18 days,  7:51,  0 users,  load average: 3.76, 1.60, 2.12
 16:38:42 up 18 days,  7:51,  0 users,  load average: 3.76, 1.60, 2.12
 16:38:42 up 18 days,  7:51,  0 users,  load average: 3.76, 1.60, 2.12
 16:38:42 up 18 days,  7:51,  0 users,  load average: 3.76, 1.60, 2.12
 16:38:42 up 18 days,  7:51,  0 users,  load average: 3.76, 1.60, 2.12
CPU time: 588.071773052 seconds
end 21
Mon May 23 16:48:31 CEST 2022
 16:48:31 up 18 days,  8:01,  0 users,  load average: 19.35, 16.42, 9.88
CPU time: 589.331530094 seconds
end 22
Mon May 23 16:48:33 CEST 2022
 16:48:33 up 18 days,  8:01,  0 users,  load average: 19.16, 16.43, 9.92
CPU time: 597.911504984 seconds
end 24
Mon May 23 16:48:41 CEST 2022
 16:48:41 up 18 days,  8:01,  0 users,  load average: 18.91, 16.43, 9.95
CPU time: 599.398820162 seconds
end 23
Mon May 23 16:48:43 CEST 2022
 16:48:43 up 18 days,  8:01,  0 users,  load average: 18.84, 16.45, 9.99
CPU time: 599.974568129 seconds
end 14
Mon May 23 16:48:43 CEST 2022
 16:48:43 up 18 days,  8:01,  0 users,  load average: 18.84, 16.45, 9.99
CPU time: 610.607564926 seconds
end 2
Mon May 23 16:48:54 CEST 2022
 16:48:54 up 18 days,  8:02,  0 users,  load average: 18.47, 16.45, 10.06
CPU time: 611.263453007 seconds
end 20
Mon May 23 16:48:55 CEST 2022
 16:48:55 up 18 days,  8:02,  0 users,  load average: 18.47, 16.45, 10.06
CPU time: 613.338392019 seconds
end 3
Mon May 23 16:48:57 CEST 2022
 16:48:57 up 18 days,  8:02,  0 users,  load average: 18.47, 16.45, 10.06
CPU time: 614.313814878 seconds
end 4
Mon May 23 16:48:58 CEST 2022
 16:48:58 up 18 days,  8:02,  0 users,  load average: 18.11, 16.41, 10.08
CPU time: 623.185201883 seconds
end 10
Mon May 23 16:49:06 CEST 2022
 16:49:06 up 18 days,  8:02,  0 users,  load average: 17.46, 16.31, 10.08
CPU time: 623.246608019 seconds
end 1
Mon May 23 16:49:07 CEST 2022
 16:49:07 up 18 days,  8:02,  0 users,  load average: 17.46, 16.31, 10.08
CPU time: 623.385468006 seconds
end 8
Mon May 23 16:49:07 CEST 2022
 16:49:07 up 18 days,  8:02,  0 users,  load average: 17.46, 16.31, 10.08
CPU time: 625.666586876 seconds
end 5
Mon May 23 16:49:09 CEST 2022
 16:49:09 up 18 days,  8:02,  0 users,  load average: 16.70, 16.17, 10.07
CPU time: 626.126032114 seconds
end 18
Mon May 23 16:49:10 CEST 2022
 16:49:10 up 18 days,  8:02,  0 users,  load average: 16.70, 16.17, 10.07
CPU time: 627.492059946 seconds
end 16
Mon May 23 16:49:11 CEST 2022
 16:49:11 up 18 days,  8:02,  0 users,  load average: 16.70, 16.17, 10.07
CPU time: 628.289837122 seconds
end 17
Mon May 23 16:49:12 CEST 2022
 16:49:12 up 18 days,  8:02,  0 users,  load average: 16.70, 16.17, 10.07
CPU time: 629.504908085 seconds
end 9
Mon May 23 16:49:13 CEST 2022
 16:49:13 up 18 days,  8:02,  0 users,  load average: 16.01, 16.03, 10.06
CPU time: 632.476042032 seconds
end 15
Mon May 23 16:49:16 CEST 2022
 16:49:16 up 18 days,  8:02,  0 users,  load average: 16.01, 16.03, 10.06
CPU time: 635.28776598 seconds
end 7
Mon May 23 16:49:19 CEST 2022
 16:49:19 up 18 days,  8:02,  0 users,  load average: 15.12, 15.85, 10.03
CPU time: 636.146876097 seconds
end 13
Mon May 23 16:49:20 CEST 2022
 16:49:20 up 18 days,  8:02,  0 users,  load average: 15.12, 15.85, 10.03
CPU time: 641.685345888 seconds
end 6
Mon May 23 16:49:25 CEST 2022
 16:49:25 up 18 days,  8:02,  0 users,  load average: 14.23, 15.65, 10.00
CPU time: 642.917547941 seconds
end 11
Mon May 23 16:49:26 CEST 2022
 16:49:26 up 18 days,  8:02,  0 users,  load average: 14.23, 15.65, 10.00
CPU time: 650.304352045 seconds
end 12
Mon May 23 16:49:34 CEST 2022
 16:49:34 up 18 days,  8:02,  0 users,  load average: 12.13, 15.16, 9.90
CPU time: 666.064748049 seconds
end 19
Mon May 23 16:49:49 CEST 2022
 16:49:49 up 18 days,  8:02,  0 users,  load average: 9.66, 14.46, 9.76
chunk_n=24
14309.64user 92.16system 11:07.77elapsed 2156%CPU (0avgtext+0avgdata 9052maxresident)k
66306520inputs+3778882outputs (197major+1123662minor)pagefaults 0swaps
Running swipe_xargs...
start 1
start 2
start 3
Mon May 23 16:49:50 CEST 2022
start 4
start 5
Mon May 23 16:49:50 CEST 2022
Mon May 23 16:49:50 CEST 2022
start 6
Mon May 23 16:49:50 CEST 2022
start 9
start 7
Mon May 23 16:49:50 CEST 2022
start 10
Mon May 23 16:49:50 CEST 2022
start 8
start 11
start 12
start 13
start 14
start 15
Mon May 23 16:49:50 CEST 2022
Mon May 23 16:49:50 CEST 2022
Mon May 23 16:49:50 CEST 2022
start 16
Mon May 23 16:49:50 CEST 2022
Mon May 23 16:49:50 CEST 2022
Mon May 23 16:49:50 CEST 2022
start 19
Mon May 23 16:49:50 CEST 2022
Mon May 23 16:49:50 CEST 2022
start 18
start 17
start 24
 16:49:50 up 18 days,  8:03,  0 users,  load average: 9.66, 14.46, 9.76
start 20
Mon May 23 16:49:50 CEST 2022
Mon May 23 16:49:50 CEST 2022
start 21
Mon May 23 16:49:50 CEST 2022
 16:49:50 up 18 days,  8:03,  0 users,  load average: 9.66, 14.46, 9.76
 16:49:50 up 18 days,  8:03,  0 users,  load average: 9.66, 14.46, 9.76
 16:49:50 up 18 days,  8:03,  0 users,  load average: 9.66, 14.46, 9.76
Mon May 23 16:49:50 CEST 2022
start 22
Mon May 23 16:49:50 CEST 2022
 16:49:50 up 18 days,  8:03,  0 users,  load average: 9.66, 14.46, 9.76
Mon May 23 16:49:50 CEST 2022
Mon May 23 16:49:50 CEST 2022
 16:49:50 up 18 days,  8:03,  0 users,  load average: 9.66, 14.46, 9.76
start 23
 16:49:50 up 18 days,  8:03,  0 users,  load average: 9.66, 14.46, 9.76
 16:49:50 up 18 days,  8:03,  0 users,  load average: 9.66, 14.46, 9.76
 16:49:50 up 18 days,  8:03,  0 users,  load average: 9.66, 14.46, 9.76
Mon May 23 16:49:50 CEST 2022
Mon May 23 16:49:50 CEST 2022
Mon May 23 16:49:50 CEST 2022
 16:49:50 up 18 days,  8:03,  0 users,  load average: 9.66, 14.46, 9.76
 16:49:50 up 18 days,  8:03,  0 users,  load average: 9.66, 14.46, 9.76
 16:49:50 up 18 days,  8:03,  0 users,  load average: 9.66, 14.46, 9.76
 16:49:50 up 18 days,  8:03,  0 users,  load average: 9.66, 14.46, 9.76
 16:49:50 up 18 days,  8:03,  0 users,  load average: 9.66, 14.46, 9.76
 16:49:50 up 18 days,  8:03,  0 users,  load average: 9.66, 14.46, 9.76
 16:49:50 up 18 days,  8:03,  0 users,  load average: 9.66, 14.46, 9.76
 16:49:51 up 18 days,  8:03,  0 users,  load average: 9.66, 14.46, 9.76
 16:49:51 up 18 days,  8:03,  0 users,  load average: 9.66, 14.46, 9.76
 16:49:51 up 18 days,  8:03,  0 users,  load average: 9.66, 14.46, 9.76
 16:49:51 up 18 days,  8:03,  0 users,  load average: 9.66, 14.46, 9.76
 16:49:51 up 18 days,  8:03,  0 users,  load average: 9.66, 14.46, 9.76
 16:49:51 up 18 days,  8:03,  0 users,  load average: 9.66, 14.46, 9.76
 16:49:51 up 18 days,  8:03,  0 users,  load average: 9.66, 14.46, 9.76
 16:49:51 up 18 days,  8:03,  0 users,  load average: 9.66, 14.46, 9.76
end 17
Mon May 23 17:14:19 CEST 2022
 17:14:19 up 18 days,  8:27,  0 users,  load average: 24.00, 23.94, 21.08
end 14
Mon May 23 17:15:49 CEST 2022
 17:15:49 up 18 days,  8:28,  0 users,  load average: 23.22, 23.70, 21.25
end 4
Mon May 23 17:16:26 CEST 2022
 17:16:26 up 18 days,  8:29,  0 users,  load average: 22.68, 23.51, 21.28
end 2
Mon May 23 17:17:02 CEST 2022
 17:17:02 up 18 days,  8:30,  0 users,  load average: 21.94, 23.23, 21.27
end 21
Mon May 23 17:17:24 CEST 2022
 17:17:24 up 18 days,  8:30,  0 users,  load average: 21.28, 22.97, 21.24
end 22
Mon May 23 17:17:25 CEST 2022
 17:17:25 up 18 days,  8:30,  0 users,  load average: 21.28, 22.97, 21.24
end 23
Mon May 23 17:17:34 CEST 2022
 17:17:34 up 18 days,  8:30,  0 users,  load average: 20.77, 22.81, 21.20
end 19
Mon May 23 17:18:12 CEST 2022
 17:18:12 up 18 days,  8:31,  0 users,  load average: 19.10, 22.17, 21.05
end 15
Mon May 23 17:18:15 CEST 2022
 17:18:15 up 18 days,  8:31,  0 users,  load average: 18.85, 22.06, 21.02
end 20
Mon May 23 17:18:34 CEST 2022
 17:18:34 up 18 days,  8:31,  0 users,  load average: 17.76, 21.61, 20.89
end 12
Mon May 23 17:18:43 CEST 2022
 17:18:43 up 18 days,  8:31,  0 users,  load average: 17.18, 21.36, 20.82
end 16
Mon May 23 17:18:58 CEST 2022
 17:18:58 up 18 days,  8:32,  0 users,  load average: 16.26, 20.95, 20.69
end 8
Mon May 23 17:19:27 CEST 2022
 17:19:27 up 18 days,  8:32,  0 users,  load average: 14.80, 20.23, 20.46
end 24
Mon May 23 17:19:29 CEST 2022
 17:19:29 up 18 days,  8:32,  0 users,  load average: 14.50, 20.08, 20.41
end 5
Mon May 23 17:19:39 CEST 2022
 17:19:39 up 18 days,  8:32,  0 users,  load average: 13.81, 19.74, 20.30
end 18
Mon May 23 17:19:47 CEST 2022
 17:19:47 up 18 days,  8:32,  0 users,  load average: 13.42, 19.57, 20.24
end 13
Mon May 23 17:19:53 CEST 2022
 17:19:53 up 18 days,  8:33,  0 users,  load average: 12.43, 19.15, 20.09
end 1
Mon May 23 17:20:06 CEST 2022
 17:20:06 up 18 days,  8:33,  0 users,  load average: 11.60, 18.75, 19.95
end 7
Mon May 23 17:20:17 CEST 2022
 17:20:17 up 18 days,  8:33,  0 users,  load average: 10.66, 18.32, 19.80
end 3
Mon May 23 17:20:25 CEST 2022
 17:20:25 up 18 days,  8:33,  0 users,  load average: 9.79, 17.88, 19.64
end 10
Mon May 23 17:20:37 CEST 2022
 17:20:37 up 18 days,  8:33,  0 users,  load average: 8.90, 17.42, 19.47
end 9
Mon May 23 17:20:41 CEST 2022
 17:20:41 up 18 days,  8:33,  0 users,  load average: 8.43, 17.18, 19.38
end 6
Mon May 23 17:20:57 CEST 2022
 17:20:57 up 18 days,  8:34,  0 users,  load average: 7.00, 16.44, 19.11
end 11
Mon May 23 17:21:11 CEST 2022
 17:21:11 up 18 days,  8:34,  0 users,  load average: 5.67, 15.68, 18.82
chunk_n=24
5333.71user 1232.39system 31:21.29elapsed 349%CPU (0avgtext+0avgdata 79948maxresident)k
386678inputs+12840720outputs (661major+62856083minor)pagefaults 0swaps
Running swipe_swlib_xargs...
start 1
start 2
start 4
Mon May 23 17:21:12 CEST 2022
start 6
Mon May 23 17:21:12 CEST 2022
Mon May 23 17:21:12 CEST 2022
start 3
start 8
start 13
start 7
start 9
start 10
start 11
Mon May 23 17:21:12 CEST 2022
start 12
start 5
start 15
start 16
start 14
Mon May 23 17:21:12 CEST 2022
Mon May 23 17:21:12 CEST 2022
Mon May 23 17:21:12 CEST 2022
Mon May 23 17:21:12 CEST 2022
Mon May 23 17:21:12 CEST 2022
Mon May 23 17:21:12 CEST 2022
Mon May 23 17:21:12 CEST 2022
Mon May 23 17:21:12 CEST 2022
start 23
start 18
start 22
Mon May 23 17:21:12 CEST 2022
 17:21:12 up 18 days,  8:34,  0 users,  load average: 5.67, 15.68, 18.82
 17:21:12 up 18 days,  8:34,  0 users,  load average: 5.67, 15.68, 18.82
start 20
Mon May 23 17:21:12 CEST 2022
Mon May 23 17:21:12 CEST 2022
Mon May 23 17:21:12 CEST 2022
Mon May 23 17:21:12 CEST 2022
Mon May 23 17:21:12 CEST 2022
 17:21:12 up 18 days,  8:34,  0 users,  load average: 5.67, 15.68, 18.82
 17:21:12 up 18 days,  8:34,  0 users,  load average: 5.67, 15.68, 18.82
 17:21:12 up 18 days,  8:34,  0 users,  load average: 5.67, 15.68, 18.82
start 17
 17:21:12 up 18 days,  8:34,  0 users,  load average: 5.67, 15.68, 18.82
 17:21:12 up 18 days,  8:34,  0 users,  load average: 5.67, 15.68, 18.82
 17:21:12 up 18 days,  8:34,  0 users,  load average: 5.67, 15.68, 18.82
 17:21:12 up 18 days,  8:34,  0 users,  load average: 5.67, 15.68, 18.82
 17:21:12 up 18 days,  8:34,  0 users,  load average: 5.67, 15.68, 18.82
start 19
Mon May 23 17:21:12 CEST 2022
start 24
 17:21:12 up 18 days,  8:34,  0 users,  load average: 5.67, 15.68, 18.82
Mon May 23 17:21:12 CEST 2022
Mon May 23 17:21:12 CEST 2022
 17:21:12 up 18 days,  8:34,  0 users,  load average: 5.67, 15.68, 18.82
start 21
Mon May 23 17:21:12 CEST 2022
Mon May 23 17:21:12 CEST 2022
 17:21:12 up 18 days,  8:34,  0 users,  load average: 5.67, 15.68, 18.82
 17:21:12 up 18 days,  8:34,  0 users,  load average: 5.67, 15.68, 18.82
 17:21:12 up 18 days,  8:34,  0 users,  load average: 5.67, 15.68, 18.82
 17:21:12 up 18 days,  8:34,  0 users,  load average: 5.67, 15.68, 18.82
Mon May 23 17:21:12 CEST 2022
 17:21:12 up 18 days,  8:34,  0 users,  load average: 5.67, 15.68, 18.82
 17:21:12 up 18 days,  8:34,  0 users,  load average: 5.67, 15.68, 18.82
 17:21:12 up 18 days,  8:34,  0 users,  load average: 5.67, 15.68, 18.82
 17:21:12 up 18 days,  8:34,  0 users,  load average: 5.67, 15.68, 18.82
 17:21:12 up 18 days,  8:34,  0 users,  load average: 5.67, 15.68, 18.82
 17:21:12 up 18 days,  8:34,  0 users,  load average: 5.67, 15.68, 18.82
 17:21:12 up 18 days,  8:34,  0 users,  load average: 5.67, 15.68, 18.82
 17:21:12 up 18 days,  8:34,  0 users,  load average: 5.67, 15.68, 18.82
end 17
Mon May 23 17:35:44 CEST 2022
 17:35:45 up 18 days,  8:48,  0 users,  load average: 24.04, 23.61, 22.00
end 14
Mon May 23 17:36:41 CEST 2022
 17:36:41 up 18 days,  8:49,  0 users,  load average: 23.48, 23.52, 22.06
end 4
Mon May 23 17:37:05 CEST 2022
 17:37:05 up 18 days,  8:50,  0 users,  load average: 22.97, 23.40, 22.06
end 2
Mon May 23 17:37:43 CEST 2022
 17:37:43 up 18 days,  8:50,  0 users,  load average: 22.01, 23.10, 22.01
end 21
Mon May 23 17:37:46 CEST 2022
 17:37:46 up 18 days,  8:50,  0 users,  load average: 22.01, 23.10, 22.01
end 22
Mon May 23 17:38:02 CEST 2022
 17:38:02 up 18 days,  8:51,  0 users,  load average: 21.35, 22.90, 21.97
end 23
Mon May 23 17:38:14 CEST 2022
 17:38:14 up 18 days,  8:51,  0 users,  load average: 20.60, 22.66, 21.90
end 15
Mon May 23 17:38:33 CEST 2022
 17:38:33 up 18 days,  8:51,  0 users,  load average: 19.65, 22.31, 21.80
end 19
Mon May 23 17:38:43 CEST 2022
 17:38:43 up 18 days,  8:51,  0 users,  load average: 19.09, 22.10, 21.74
end 20
Mon May 23 17:38:47 CEST 2022
 17:38:47 up 18 days,  8:51,  0 users,  load average: 19.09, 22.10, 21.74
end 12
Mon May 23 17:39:15 CEST 2022
 17:39:15 up 18 days,  8:52,  0 users,  load average: 17.02, 21.31, 21.49
end 16
Mon May 23 17:39:40 CEST 2022
 17:39:40 up 18 days,  8:52,  0 users,  load average: 15.64, 20.64, 21.26
end 24
Mon May 23 17:39:48 CEST 2022
 17:39:48 up 18 days,  8:52,  0 users,  load average: 15.08, 20.36, 21.16
end 5
Mon May 23 17:40:01 CEST 2022
 17:40:01 up 18 days,  8:53,  0 users,  load average: 14.46, 20.05, 21.06
end 18
Mon May 23 17:40:12 CEST 2022
 17:40:12 up 18 days,  8:53,  0 users,  load average: 13.77, 19.72, 20.94
end 8
Mon May 23 17:40:13 CEST 2022
 17:40:13 up 18 days,  8:53,  0 users,  load average: 13.39, 19.54, 20.87
end 13
Mon May 23 17:40:17 CEST 2022
 17:40:17 up 18 days,  8:53,  0 users,  load average: 13.39, 19.54, 20.87
end 1
Mon May 23 17:40:47 CEST 2022
 17:40:47 up 18 days,  8:53,  0 users,  load average: 10.87, 18.34, 20.43
end 7
Mon May 23 17:40:56 CEST 2022
 17:40:56 up 18 days,  8:54,  0 users,  load average: 10.27, 17.97, 20.29
end 3
Mon May 23 17:41:15 CEST 2022
 17:41:15 up 18 days,  8:54,  0 users,  load average: 8.77, 17.13, 19.96
end 10
Mon May 23 17:41:32 CEST 2022
 17:41:32 up 18 days,  8:54,  0 users,  load average: 7.72, 16.49, 19.71
end 9
Mon May 23 17:41:41 CEST 2022
 17:41:41 up 18 days,  8:54,  0 users,  load average: 6.99, 16.04, 19.53
end 6
Mon May 23 17:42:01 CEST 2022
 17:42:01 up 18 days,  8:55,  0 users,  load average: 5.57, 15.13, 19.15
end 11
Mon May 23 17:42:32 CEST 2022
 17:42:32 up 18 days,  8:55,  0 users,  load average: 3.77, 13.78, 18.58
chunk_n=24
14729.97user 424.96system 21:20.73elapsed 1183%CPU (0avgtext+0avgdata 257284maxresident)k
3395462inputs+39888outputs (2135major+42262693minor)pagefaults 0swaps
Running adept_as_xargs...
start 1
start 2
start 3
start 4
Mon May 23 17:42:33 CEST 2022
start 5
Mon May 23 17:42:33 CEST 2022
Mon May 23 17:42:33 CEST 2022
start 6
Mon May 23 17:42:33 CEST 2022
Mon May 23 17:42:33 CEST 2022
Mon May 23 17:42:33 CEST 2022
 17:42:33 up 18 days,  8:55,  0 users,  load average: 3.55, 13.57, 18.48
 17:42:33 up 18 days,  8:55,  0 users,  load average: 3.55, 13.57, 18.48
 17:42:33 up 18 days,  8:55,  0 users,  load average: 3.55, 13.57, 18.48
 17:42:33 up 18 days,  8:55,  0 users,  load average: 3.55, 13.57, 18.48
 17:42:33 up 18 days,  8:55,  0 users,  load average: 3.55, 13.57, 18.48
 17:42:33 up 18 days,  8:55,  0 users,  load average: 3.55, 13.57, 18.48
Mon May 23 17:42:45 2022       
+-----------------------------------------------------------------------------+
| NVIDIA-SMI 510.47.03    Driver Version: 510.47.03    CUDA Version: 11.6     |
|-------------------------------+----------------------+----------------------+
| GPU  Name        Persistence-M| Bus-Id        Disp.A | Volatile Uncorr. ECC |
| Fan  Temp  Perf  Pwr:Usage/Cap|         Memory-Usage | GPU-Util  Compute M. |
|                               |                      |               MIG M. |
|===============================+======================+======================|
Mon May 23 17:42:45 2022       
+-----------------------------------------------------------------------------+
| NVIDIA-SMI 510.47.03    Driver Version: 510.47.03    CUDA Version: 11.6     |
|-------------------------------+----------------------+----------------------+
| GPU  Name        Persistence-M| Bus-Id        Disp.A | Volatile Uncorr. ECC |
| Fan  Temp  Perf  Pwr:Usage/Cap|         Memory-Usage | GPU-Util  Compute M. |
|                               |                      |               MIG M. |
|===============================+======================+======================|
Mon May 23 17:42:45 2022       
+-----------------------------------------------------------------------------+
| NVIDIA-SMI 510.47.03    Driver Version: 510.47.03    CUDA Version: 11.6     |
|-------------------------------+----------------------+----------------------+
| GPU  Name        Persistence-M| Bus-Id        Disp.A | Volatile Uncorr. ECC |
| Fan  Temp  Perf  Pwr:Usage/Cap|         Memory-Usage | GPU-Util  Compute M. |
|                               |                      |               MIG M. |
|===============================+======================+======================|
Mon May 23 17:42:45 2022       
+-----------------------------------------------------------------------------+
| NVIDIA-SMI 510.47.03    Driver Version: 510.47.03    CUDA Version: 11.6     |
|-------------------------------+----------------------+----------------------+
| GPU  Name        Persistence-M| Bus-Id        Disp.A | Volatile Uncorr. ECC |
| Fan  Temp  Perf  Pwr:Usage/Cap|         Memory-Usage | GPU-Util  Compute M. |
|                               |                      |               MIG M. |
|===============================+======================+======================|
Mon May 23 17:42:45 2022       
+-----------------------------------------------------------------------------+
| NVIDIA-SMI 510.47.03    Driver Version: 510.47.03    CUDA Version: 11.6     |
|-------------------------------+----------------------+----------------------+
| GPU  Name        Persistence-M| Bus-Id        Disp.A | Volatile Uncorr. ECC |
| Fan  Temp  Perf  Pwr:Usage/Cap|         Memory-Usage | GPU-Util  Compute M. |
|                               |                      |               MIG M. |
|===============================+======================+======================|
Mon May 23 17:42:45 2022       
+-----------------------------------------------------------------------------+
| NVIDIA-SMI 510.47.03    Driver Version: 510.47.03    CUDA Version: 11.6     |
|-------------------------------+----------------------+----------------------+
| GPU  Name        Persistence-M| Bus-Id        Disp.A | Volatile Uncorr. ECC |
| Fan  Temp  Perf  Pwr:Usage/Cap|         Memory-Usage | GPU-Util  Compute M. |
|                               |                      |               MIG M. |
|===============================+======================+======================|
|   0  Tesla T4            Off  | 00000000:41:00.0 Off |                    0 |
| N/A   47C    P0    27W /  70W |      0MiB / 15360MiB |      0%      Default |
|                               |                      |                  N/A |
+-------------------------------+----------------------+----------------------+
|   0  Tesla T4            Off  | 00000000:41:00.0 Off |                    0 |
| N/A   47C    P0    27W /  70W |      0MiB / 15360MiB |      0%      Default |
|                               |                      |                  N/A |
+-------------------------------+----------------------+----------------------+
|   0  Tesla T4            Off  | 00000000:41:00.0 Off |                    0 |
| N/A   47C    P0    27W /  70W |      0MiB / 15360MiB |      0%      Default |
|                               |                      |                  N/A |
+-------------------------------+----------------------+----------------------+
|   0  Tesla T4            Off  | 00000000:41:00.0 Off |                    0 |
| N/A   47C    P0    27W /  70W |      0MiB / 15360MiB |      0%      Default |
|                               |                      |                  N/A |
+-------------------------------+----------------------+----------------------+
|   0  Tesla T4            Off  | 00000000:41:00.0 Off |                    0 |
| N/A   47C    P0    27W /  70W |      0MiB / 15360MiB |      0%      Default |
|                               |                      |                  N/A |
|   0  Tesla T4            Off  | 00000000:41:00.0 Off |                    0 |
| N/A   47C    P0    27W /  70W |      0MiB / 15360MiB |      0%      Default |
|                               |                      |                  N/A |
+-------------------------------+----------------------+----------------------+
+-------------------------------+----------------------+----------------------+
|   1  Tesla T4            Off  | 00000000:61:00.0 Off |                    0 |
| N/A   48C    P0    27W /  70W |      0MiB / 15360MiB |      0%      Default |
|                               |                      |                  N/A |
+-------------------------------+----------------------+----------------------+
|   1  Tesla T4            Off  | 00000000:61:00.0 Off |                    0 |
| N/A   48C    P0    27W /  70W |      0MiB / 15360MiB |      0%      Default |
|                               |                      |                  N/A |
+-------------------------------+----------------------+----------------------+
|   1  Tesla T4            Off  | 00000000:61:00.0 Off |                    0 |
| N/A   48C    P0    27W /  70W |      0MiB / 15360MiB |      0%      Default |
|                               |                      |                  N/A |
+-------------------------------+----------------------+----------------------+
|   1  Tesla T4            Off  | 00000000:61:00.0 Off |                    0 |
| N/A   48C    P0    27W /  70W |      0MiB / 15360MiB |      0%      Default |
|                               |                      |                  N/A |
+-------------------------------+----------------------+----------------------+
|   1  Tesla T4            Off  | 00000000:61:00.0 Off |                    0 |
| N/A   48C    P0    27W /  70W |      0MiB / 15360MiB |      0%      Default |
|                               |                      |                  N/A |
|   1  Tesla T4            Off  | 00000000:61:00.0 Off |                    0 |
| N/A   48C    P0    27W /  70W |      0MiB / 15360MiB |      0%      Default |
|                               |                      |                  N/A |
+-------------------------------+----------------------+----------------------+
+-------------------------------+----------------------+----------------------+
|   2  Tesla T4            Off  | 00000000:81:00.0 Off |                    0 |
| N/A   44C    P0    27W /  70W |      0MiB / 15360MiB |      0%      Default |
|                               |                      |                  N/A |
+-------------------------------+----------------------+----------------------+
|   2  Tesla T4            Off  | 00000000:81:00.0 Off |                    0 |
| N/A   44C    P0    27W /  70W |      0MiB / 15360MiB |      0%      Default |
|                               |                      |                  N/A |
+-------------------------------+----------------------+----------------------+
|   2  Tesla T4            Off  | 00000000:81:00.0 Off |                    0 |
| N/A   44C    P0    27W /  70W |      0MiB / 15360MiB |      0%      Default |
|                               |                      |                  N/A |
+-------------------------------+----------------------+----------------------+
|   2  Tesla T4            Off  | 00000000:81:00.0 Off |                    0 |
| N/A   44C    P0    27W /  70W |      0MiB / 15360MiB |      0%      Default |
|                               |                      |                  N/A |
+-------------------------------+----------------------+----------------------+
|   2  Tesla T4            Off  | 00000000:81:00.0 Off |                    0 |
| N/A   44C    P0    27W /  70W |      0MiB / 15360MiB |      0%      Default |
|                               |                      |                  N/A |
|   2  Tesla T4            Off  | 00000000:81:00.0 Off |                    0 |
| N/A   44C    P0    27W /  70W |      0MiB / 15360MiB |      0%      Default |
|                               |                      |                  N/A |
+-------------------------------+----------------------+----------------------+
+-------------------------------+----------------------+----------------------+
|   3  Tesla T4            Off  | 00000000:82:00.0 Off |                    0 |
| N/A   44C    P0    27W /  70W |      0MiB / 15360MiB |      0%      Default |
|                               |                      |                  N/A |
+-------------------------------+----------------------+----------------------+
|   3  Tesla T4            Off  | 00000000:82:00.0 Off |                    0 |
| N/A   44C    P0    27W /  70W |      0MiB / 15360MiB |      0%      Default |
|                               |                      |                  N/A |
|   3  Tesla T4            Off  | 00000000:82:00.0 Off |                    0 |
| N/A   44C    P0    27W /  70W |      0MiB / 15360MiB |      0%      Default |
|                               |                      |                  N/A |
+-------------------------------+----------------------+----------------------+
+-------------------------------+----------------------+----------------------+
|   3  Tesla T4            Off  | 00000000:82:00.0 Off |                    0 |
| N/A   44C    P0    27W /  70W |      0MiB / 15360MiB |      0%      Default |
|                               |                      |                  N/A |
+-------------------------------+----------------------+----------------------+
|   3  Tesla T4            Off  | 00000000:82:00.0 Off |                    0 |
| N/A   44C    P0    27W /  70W |      0MiB / 15360MiB |      0%      Default |
|                               |                      |                  N/A |
|   3  Tesla T4            Off  | 00000000:82:00.0 Off |                    0 |
| N/A   44C    P0    27W /  70W |      0MiB / 15360MiB |      0%      Default |
|                               |                      |                  N/A |
+-------------------------------+----------------------+----------------------+
+-------------------------------+----------------------+----------------------+
|   4  Tesla T4            Off  | 00000000:A1:00.0 Off |                    0 |
| N/A   43C    P0    27W /  70W |      0MiB / 15360MiB |      0%      Default |
|                               |                      |                  N/A |
+-------------------------------+----------------------+----------------------+
|   4  Tesla T4            Off  | 00000000:A1:00.0 Off |                    0 |
| N/A   43C    P0    27W /  70W |      0MiB / 15360MiB |      0%      Default |
|                               |                      |                  N/A |
+-------------------------------+----------------------+----------------------+
|   4  Tesla T4            Off  | 00000000:A1:00.0 Off |                    0 |
| N/A   43C    P0    27W /  70W |      0MiB / 15360MiB |      0%      Default |
|                               |                      |                  N/A |
+-------------------------------+----------------------+----------------------+
|   4  Tesla T4            Off  | 00000000:A1:00.0 Off |                    0 |
| N/A   43C    P0    27W /  70W |      0MiB / 15360MiB |      0%      Default |
|                               |                      |                  N/A |
+-------------------------------+----------------------+----------------------+
|   4  Tesla T4            Off  | 00000000:A1:00.0 Off |                    0 |
| N/A   43C    P0    27W /  70W |      0MiB / 15360MiB |      0%      Default |
|                               |                      |                  N/A |
|   4  Tesla T4            Off  | 00000000:A1:00.0 Off |                    0 |
| N/A   43C    P0    27W /  70W |      0MiB / 15360MiB |      0%      Default |
|                               |                      |                  N/A |
+-------------------------------+----------------------+----------------------+
+-------------------------------+----------------------+----------------------+
|   5  Tesla T4            Off  | 00000000:C1:00.0 Off |                    0 |
| N/A   46C    P0    27W /  70W |      0MiB / 15360MiB |      0%      Default |
|                               |                      |                  N/A |
+-------------------------------+----------------------+----------------------+
                                                                               
+-----------------------------------------------------------------------------+
| Processes:                                                                  |
|  GPU   GI   CI        PID   Type   Process name                  GPU Memory |
|        ID   ID                                                   Usage      |
|=============================================================================|
|  No running processes found                                                 |
+-----------------------------------------------------------------------------+
|   5  Tesla T4            Off  | 00000000:C1:00.0 Off |                    0 |
| N/A   46C    P0    27W /  70W |      0MiB / 15360MiB |      0%      Default |
|                               |                      |                  N/A |
+-------------------------------+----------------------+----------------------+
|   5  Tesla T4            Off  | 00000000:C1:00.0 Off |                    0 |
| N/A   46C    P0    27W /  70W |      0MiB / 15360MiB |      0%      Default |
|                               |                      |                  N/A |
+-------------------------------+----------------------+----------------------+
                                                                               
+-----------------------------------------------------------------------------+
| Processes:                                                                  |
|  GPU   GI   CI        PID   Type   Process name                  GPU Memory |
|        ID   ID                                                   Usage      |
|=============================================================================|
                                                                               
+-----------------------------------------------------------------------------+
| Processes:                                                                  |
|  GPU   GI   CI        PID   Type   Process name                  GPU Memory |
|        ID   ID                                                   Usage      |
|=============================================================================|
|   5  Tesla T4            Off  | 00000000:C1:00.0 Off |                    0 |
| N/A   46C    P0    27W /  70W |      0MiB / 15360MiB |      0%      Default |
|                               |                      |                  N/A |
+-------------------------------+----------------------+----------------------+
                                                                               
+-----------------------------------------------------------------------------+
| Processes:                                                                  |
|  GPU   GI   CI        PID   Type   Process name                  GPU Memory |
|        ID   ID                                                   Usage      |
|=============================================================================|
|   5  Tesla T4            Off  | 00000000:C1:00.0 Off |                    0 |
| N/A   46C    P0    27W /  70W |      0MiB / 15360MiB |      0%      Default |
|                               |                      |                  N/A |
|   5  Tesla T4            Off  | 00000000:C1:00.0 Off |                    0 |
| N/A   46C    P0    27W /  70W |      0MiB / 15360MiB |      0%      Default |
|                               |                      |                  N/A |
+-------------------------------+----------------------+----------------------+
+-------------------------------+----------------------+----------------------+
|  No running processes found                                                 |
                                                                               
+-----------------------------------------------------------------------------+
| Processes:                                                                  |
|  GPU   GI   CI        PID   Type   Process name                  GPU Memory |
|        ID   ID                                                   Usage      |
|=============================================================================|
+-----------------------------------------------------------------------------+
|  No running processes found                                                 |
                                                                               
+-----------------------------------------------------------------------------+
| Processes:                                                                  |
|  GPU   GI   CI        PID   Type   Process name                  GPU Memory |
|        ID   ID                                                   Usage      |
|=============================================================================|
+-----------------------------------------------------------------------------+
|  No running processes found                                                 |
+-----------------------------------------------------------------------------+
|  No running processes found                                                 |
+-----------------------------------------------------------------------------+
|  No running processes found                                                 |
+-----------------------------------------------------------------------------+

------------------------------
     PYTHON ASYNC PROTEIN     
------------------------------


------------------------------
     PYTHON ASYNC PROTEIN     
------------------------------


------------------------------
     PYTHON ASYNC PROTEIN     
------------------------------


------------------------------
     PYTHON ASYNC PROTEIN     
------------------------------


------------------------------
     PYTHON ASYNC PROTEIN     
------------------------------

STATUS: Reading ref and query files
STATUS: Reading ref and query files
STATUS: Reading ref and query files
STATUS: Reading ref and query files
STATUS: Reading ref and query files

------------------------------
     PYTHON ASYNC PROTEIN     
------------------------------

STATUS: Reading ref and query files
STATUS: Launching driver
STATUS: Launching driver
STATUS: Launching driver
STATUS: Launching driver
STATUS: Launching driver
STATUS: Launching driver
slurmstepd: error: *** JOB 2960370 ON nodee02 CANCELLED AT 2022-05-23T18:20:03 ***
