Creating temporary directory: /scratch/cube/tuechler/program_out/ad_11b_po_246
Writing parameters to parameters.txt
Running prepare_database.py...


Building a new DB, current time: 05/24/2022 18:29:57
New DB name:   /scratch/cube/tuechler/program_out/ad_11b_po_246/data/db.fasta
New DB title:  /scratch/cube/tuechler/program_out/ad_11b_po_246/data/db.fasta
Sequence type: Protein
Keep MBits: T
Maximum file size: 1000000000B
Adding sequences from FASTA; added 256000 sequences in 5.57057 seconds.


Start calling of alignment programs
Running cudasw_xargs...
start 1
start 2
start 3
start 4
start 6
Tue May 24 18:30:09 CEST 2022
Tue May 24 18:30:09 CEST 2022
start 5
Tue May 24 18:30:09 CEST 2022
Tue May 24 18:30:09 CEST 2022
 18:30:09 up 19 days,  9:43,  0 users,  load average: 0.34, 0.09, 0.07
 18:30:09 up 19 days,  9:43,  0 users,  load average: 0.34, 0.09, 0.07
Tue May 24 18:30:09 CEST 2022
 18:30:09 up 19 days,  9:43,  0 users,  load average: 0.34, 0.09, 0.07
Tue May 24 18:30:09 CEST 2022
 18:30:09 up 19 days,  9:43,  0 users,  load average: 0.34, 0.09, 0.07
 18:30:09 up 19 days,  9:43,  0 users,  load average: 0.34, 0.09, 0.07
 18:30:09 up 19 days,  9:43,  0 users,  load average: 0.34, 0.09, 0.07
Tue May 24 18:30:21 2022       
+-----------------------------------------------------------------------------+
| NVIDIA-SMI 510.47.03    Driver Version: 510.47.03    CUDA Version: 11.6     |
|-------------------------------+----------------------+----------------------+
| GPU  Name        Persistence-M| Bus-Id        Disp.A | Volatile Uncorr. ECC |
| Fan  Temp  Perf  Pwr:Usage/Cap|         Memory-Usage | GPU-Util  Compute M. |
|                               |                      |               MIG M. |
|===============================+======================+======================|
Tue May 24 18:30:21 2022       
+-----------------------------------------------------------------------------+
| NVIDIA-SMI 510.47.03    Driver Version: 510.47.03    CUDA Version: 11.6     |
|-------------------------------+----------------------+----------------------+
| GPU  Name        Persistence-M| Bus-Id        Disp.A | Volatile Uncorr. ECC |
| Fan  Temp  Perf  Pwr:Usage/Cap|         Memory-Usage | GPU-Util  Compute M. |
|                               |                      |               MIG M. |
|===============================+======================+======================|
Tue May 24 18:30:21 2022       
+-----------------------------------------------------------------------------+
| NVIDIA-SMI 510.47.03    Driver Version: 510.47.03    CUDA Version: 11.6     |
|-------------------------------+----------------------+----------------------+
| GPU  Name        Persistence-M| Bus-Id        Disp.A | Volatile Uncorr. ECC |
| Fan  Temp  Perf  Pwr:Usage/Cap|         Memory-Usage | GPU-Util  Compute M. |
|                               |                      |               MIG M. |
|===============================+======================+======================|
Tue May 24 18:30:21 2022       
+-----------------------------------------------------------------------------+
| NVIDIA-SMI 510.47.03    Driver Version: 510.47.03    CUDA Version: 11.6     |
|-------------------------------+----------------------+----------------------+
| GPU  Name        Persistence-M| Bus-Id        Disp.A | Volatile Uncorr. ECC |
| Fan  Temp  Perf  Pwr:Usage/Cap|         Memory-Usage | GPU-Util  Compute M. |
|                               |                      |               MIG M. |
|===============================+======================+======================|
Tue May 24 18:30:21 2022       
+-----------------------------------------------------------------------------+
| NVIDIA-SMI 510.47.03    Driver Version: 510.47.03    CUDA Version: 11.6     |
|-------------------------------+----------------------+----------------------+
| GPU  Name        Persistence-M| Bus-Id        Disp.A | Volatile Uncorr. ECC |
| Fan  Temp  Perf  Pwr:Usage/Cap|         Memory-Usage | GPU-Util  Compute M. |
|                               |                      |               MIG M. |
|===============================+======================+======================|
Tue May 24 18:30:21 2022       
+-----------------------------------------------------------------------------+
| NVIDIA-SMI 510.47.03    Driver Version: 510.47.03    CUDA Version: 11.6     |
|-------------------------------+----------------------+----------------------+
| GPU  Name        Persistence-M| Bus-Id        Disp.A | Volatile Uncorr. ECC |
| Fan  Temp  Perf  Pwr:Usage/Cap|         Memory-Usage | GPU-Util  Compute M. |
|                               |                      |               MIG M. |
|===============================+======================+======================|
|   0  Tesla T4            Off  | 00000000:41:00.0 Off |                    0 |
| N/A   45C    P0    27W /  70W |      0MiB / 15360MiB |      0%      Default |
|                               |                      |                  N/A |
+-------------------------------+----------------------+----------------------+
|   0  Tesla T4            Off  | 00000000:41:00.0 Off |                    0 |
| N/A   45C    P0    27W /  70W |      0MiB / 15360MiB |      0%      Default |
|                               |                      |                  N/A |
+-------------------------------+----------------------+----------------------+
|   0  Tesla T4            Off  | 00000000:41:00.0 Off |                    0 |
| N/A   45C    P0    27W /  70W |      0MiB / 15360MiB |      0%      Default |
|                               |                      |                  N/A |
+-------------------------------+----------------------+----------------------+
|   0  Tesla T4            Off  | 00000000:41:00.0 Off |                    0 |
| N/A   45C    P0    27W /  70W |      0MiB / 15360MiB |      0%      Default |
|                               |                      |                  N/A |
+-------------------------------+----------------------+----------------------+
|   0  Tesla T4            Off  | 00000000:41:00.0 Off |                    0 |
| N/A   45C    P0    27W /  70W |      0MiB / 15360MiB |      0%      Default |
|                               |                      |                  N/A |
|   0  Tesla T4            Off  | 00000000:41:00.0 Off |                    0 |
| N/A   45C    P0    27W /  70W |      0MiB / 15360MiB |      0%      Default |
|                               |                      |                  N/A |
+-------------------------------+----------------------+----------------------+
+-------------------------------+----------------------+----------------------+
|   1  Tesla T4            Off  | 00000000:61:00.0 Off |                    0 |
| N/A   47C    P0    27W /  70W |      0MiB / 15360MiB |      0%      Default |
|                               |                      |                  N/A |
+-------------------------------+----------------------+----------------------+
|   1  Tesla T4            Off  | 00000000:61:00.0 Off |                    0 |
| N/A   47C    P0    27W /  70W |      0MiB / 15360MiB |      0%      Default |
|                               |                      |                  N/A |
+-------------------------------+----------------------+----------------------+
|   1  Tesla T4            Off  | 00000000:61:00.0 Off |                    0 |
| N/A   47C    P0    27W /  70W |      0MiB / 15360MiB |      0%      Default |
|                               |                      |                  N/A |
+-------------------------------+----------------------+----------------------+
|   1  Tesla T4            Off  | 00000000:61:00.0 Off |                    0 |
| N/A   47C    P0    27W /  70W |      0MiB / 15360MiB |      0%      Default |
|                               |                      |                  N/A |
+-------------------------------+----------------------+----------------------+
|   1  Tesla T4            Off  | 00000000:61:00.0 Off |                    0 |
| N/A   47C    P0    27W /  70W |      0MiB / 15360MiB |      0%      Default |
|                               |                      |                  N/A |
|   1  Tesla T4            Off  | 00000000:61:00.0 Off |                    0 |
| N/A   47C    P0    27W /  70W |      0MiB / 15360MiB |      0%      Default |
|                               |                      |                  N/A |
+-------------------------------+----------------------+----------------------+
+-------------------------------+----------------------+----------------------+
|   2  Tesla T4            Off  | 00000000:81:00.0 Off |                    0 |
| N/A   44C    P0    27W /  70W |      0MiB / 15360MiB |      0%      Default |
|                               |                      |                  N/A |
+-------------------------------+----------------------+----------------------+
|   2  Tesla T4            Off  | 00000000:81:00.0 Off |                    0 |
| N/A   44C    P0    28W /  70W |      0MiB / 15360MiB |      0%      Default |
|                               |                      |                  N/A |
+-------------------------------+----------------------+----------------------+
|   2  Tesla T4            Off  | 00000000:81:00.0 Off |                    0 |
| N/A   44C    P0    28W /  70W |      0MiB / 15360MiB |      0%      Default |
|                               |                      |                  N/A |
+-------------------------------+----------------------+----------------------+
|   2  Tesla T4            Off  | 00000000:81:00.0 Off |                    0 |
| N/A   44C    P0    28W /  70W |      0MiB / 15360MiB |      0%      Default |
|                               |                      |                  N/A |
+-------------------------------+----------------------+----------------------+
|   2  Tesla T4            Off  | 00000000:81:00.0 Off |                    0 |
| N/A   44C    P0    28W /  70W |      0MiB / 15360MiB |      0%      Default |
|                               |                      |                  N/A |
+-------------------------------+----------------------+----------------------+
|   2  Tesla T4            Off  | 00000000:81:00.0 Off |                    0 |
| N/A   44C    P0    28W /  70W |      0MiB / 15360MiB |      0%      Default |
|                               |                      |                  N/A |
+-------------------------------+----------------------+----------------------+
|   3  Tesla T4            Off  | 00000000:82:00.0 Off |                    0 |
| N/A   44C    P0    27W /  70W |      0MiB / 15360MiB |      0%      Default |
|                               |                      |                  N/A |
+-------------------------------+----------------------+----------------------+
|   3  Tesla T4            Off  | 00000000:82:00.0 Off |                    0 |
| N/A   44C    P0    27W /  70W |      0MiB / 15360MiB |      0%      Default |
|                               |                      |                  N/A |
+-------------------------------+----------------------+----------------------+
|   3  Tesla T4            Off  | 00000000:82:00.0 Off |                    0 |
| N/A   44C    P0    28W /  70W |      0MiB / 15360MiB |      0%      Default |
|                               |                      |                  N/A |
+-------------------------------+----------------------+----------------------+
|   3  Tesla T4            Off  | 00000000:82:00.0 Off |                    0 |
| N/A   44C    P0    28W /  70W |      0MiB / 15360MiB |      0%      Default |
|                               |                      |                  N/A |
+-------------------------------+----------------------+----------------------+
|   3  Tesla T4            Off  | 00000000:82:00.0 Off |                    0 |
| N/A   44C    P0    28W /  70W |      0MiB / 15360MiB |      0%      Default |
|                               |                      |                  N/A |
+-------------------------------+----------------------+----------------------+
|   3  Tesla T4            Off  | 00000000:82:00.0 Off |                    0 |
| N/A   44C    P0    28W /  70W |      0MiB / 15360MiB |      0%      Default |
|                               |                      |                  N/A |
+-------------------------------+----------------------+----------------------+
|   4  Tesla T4            Off  | 00000000:A1:00.0 Off |                    0 |
| N/A   43C    P0    27W /  70W |      0MiB / 15360MiB |      0%      Default |
|                               |                      |                  N/A |
+-------------------------------+----------------------+----------------------+
|   4  Tesla T4            Off  | 00000000:A1:00.0 Off |                    0 |
| N/A   43C    P0    27W /  70W |      0MiB / 15360MiB |      0%      Default |
|                               |                      |                  N/A |
+-------------------------------+----------------------+----------------------+
|   4  Tesla T4            Off  | 00000000:A1:00.0 Off |                    0 |
| N/A   43C    P0    27W /  70W |      0MiB / 15360MiB |      0%      Default |
|                               |                      |                  N/A |
+-------------------------------+----------------------+----------------------+
|   4  Tesla T4            Off  | 00000000:A1:00.0 Off |                    0 |
| N/A   43C    P0    27W /  70W |      0MiB / 15360MiB |      0%      Default |
|                               |                      |                  N/A |
+-------------------------------+----------------------+----------------------+
|   4  Tesla T4            Off  | 00000000:A1:00.0 Off |                    0 |
| N/A   43C    P0    27W /  70W |      0MiB / 15360MiB |      0%      Default |
|                               |                      |                  N/A |
+-------------------------------+----------------------+----------------------+
|   4  Tesla T4            Off  | 00000000:A1:00.0 Off |                    0 |
| N/A   43C    P0    27W /  70W |      0MiB / 15360MiB |      0%      Default |
|                               |                      |                  N/A |
+-------------------------------+----------------------+----------------------+
|   5  Tesla T4            Off  | 00000000:C1:00.0 Off |                    0 |
| N/A   45C    P0    27W /  70W |      0MiB / 15360MiB |      0%      Default |
|                               |                      |                  N/A |
+-------------------------------+----------------------+----------------------+
                                                                               
+-----------------------------------------------------------------------------+
| Processes:                                                                  |
|  GPU   GI   CI        PID   Type   Process name                  GPU Memory |
|        ID   ID                                                   Usage      |
|=============================================================================|
|  No running processes found                                                 |
+-----------------------------------------------------------------------------+
|   5  Tesla T4            Off  | 00000000:C1:00.0 Off |                    0 |
| N/A   45C    P0    27W /  70W |      0MiB / 15360MiB |      0%      Default |
|                               |                      |                  N/A |
+-------------------------------+----------------------+----------------------+
|   5  Tesla T4            Off  | 00000000:C1:00.0 Off |                    0 |
| N/A   45C    P0    27W /  70W |      0MiB / 15360MiB |      0%      Default |
|                               |                      |                  N/A |
+-------------------------------+----------------------+----------------------+
                                                                               
+-----------------------------------------------------------------------------+
| Processes:                                                                  |
|  GPU   GI   CI        PID   Type   Process name                  GPU Memory |
|        ID   ID                                                   Usage      |
|=============================================================================|
                                                                               
+-----------------------------------------------------------------------------+
| Processes:                                                                  |
|  GPU   GI   CI        PID   Type   Process name                  GPU Memory |
|        ID   ID                                                   Usage      |
|=============================================================================|
|   5  Tesla T4            Off  | 00000000:C1:00.0 Off |                    0 |
| N/A   45C    P0    27W /  70W |      0MiB / 15360MiB |      0%      Default |
|                               |                      |                  N/A |
+-------------------------------+----------------------+----------------------+
                                                                               
+-----------------------------------------------------------------------------+
| Processes:                                                                  |
|  GPU   GI   CI        PID   Type   Process name                  GPU Memory |
|        ID   ID                                                   Usage      |
|=============================================================================|
|   5  Tesla T4            Off  | 00000000:C1:00.0 Off |                    0 |
| N/A   45C    P0    27W /  70W |      0MiB / 15360MiB |      0%      Default |
|                               |                      |                  N/A |
+-------------------------------+----------------------+----------------------+
|   5  Tesla T4            Off  | 00000000:C1:00.0 Off |                    0 |
| N/A   45C    P0    27W /  70W |      0MiB / 15360MiB |      0%      Default |
|                               |                      |                  N/A |
+-------------------------------+----------------------+----------------------+
                                                                               
+-----------------------------------------------------------------------------+
| Processes:                                                                  |
|  GPU   GI   CI        PID   Type   Process name                  GPU Memory |
|        ID   ID                                                   Usage      |
|=============================================================================|
                                                                               
+-----------------------------------------------------------------------------+
| Processes:                                                                  |
|  GPU   GI   CI        PID   Type   Process name                  GPU Memory |
|        ID   ID                                                   Usage      |
|=============================================================================|
|  No running processes found                                                 |
+-----------------------------------------------------------------------------+
|  No running processes found                                                 |
+-----------------------------------------------------------------------------+
|  No running processes found                                                 |
+-----------------------------------------------------------------------------+
|  No running processes found                                                 |
+-----------------------------------------------------------------------------+
|  No running processes found                                                 |
+-----------------------------------------------------------------------------+
end 1
Tue May 24 18:33:08 CEST 2022
 18:33:08 up 19 days,  9:46,  0 users,  load average: 5.58, 2.67, 1.08
Tue May 24 18:33:08 2022       
+-----------------------------------------------------------------------------+
| NVIDIA-SMI 510.47.03    Driver Version: 510.47.03    CUDA Version: 11.6     |
|-------------------------------+----------------------+----------------------+
| GPU  Name        Persistence-M| Bus-Id        Disp.A | Volatile Uncorr. ECC |
| Fan  Temp  Perf  Pwr:Usage/Cap|         Memory-Usage | GPU-Util  Compute M. |
|                               |                      |               MIG M. |
|===============================+======================+======================|
|   0  Tesla T4            Off  | 00000000:41:00.0 Off |                    0 |
| N/A   75C    P0    43W /  70W |      2MiB / 15360MiB |     12%      Default |
|                               |                      |                  N/A |
+-------------------------------+----------------------+----------------------+
|   1  Tesla T4            Off  | 00000000:61:00.0 Off |                    0 |
| N/A   78C    P0    68W /  70W |   1119MiB / 15360MiB |     71%      Default |
|                               |                      |                  N/A |
+-------------------------------+----------------------+----------------------+
|   2  Tesla T4            Off  | 00000000:81:00.0 Off |                    0 |
| N/A   75C    P0    82W /  70W |   1119MiB / 15360MiB |    100%      Default |
|                               |                      |                  N/A |
+-------------------------------+----------------------+----------------------+
|   3  Tesla T4            Off  | 00000000:82:00.0 Off |                    0 |
| N/A   75C    P0    70W /  70W |   1119MiB / 15360MiB |     75%      Default |
|                               |                      |                  N/A |
+-------------------------------+----------------------+----------------------+
|   4  Tesla T4            Off  | 00000000:A1:00.0 Off |                    0 |
| N/A   72C    P0    59W /  70W |   1119MiB / 15360MiB |     85%      Default |
|                               |                      |                  N/A |
+-------------------------------+----------------------+----------------------+
|   5  Tesla T4            Off  | 00000000:C1:00.0 Off |                    0 |
| N/A   77C    P0    68W /  70W |   1119MiB / 15360MiB |     82%      Default |
|                               |                      |                  N/A |
+-------------------------------+----------------------+----------------------+
                                                                               
+-----------------------------------------------------------------------------+
| Processes:                                                                  |
|  GPU   GI   CI        PID   Type   Process name                  GPU Memory |
|        ID   ID                                                   Usage      |
|=============================================================================|
|    1   N/A  N/A     45588      C   ../cudasw++v3.1.2/cudasw         1117MiB |
|    2   N/A  N/A     45584      C   ../cudasw++v3.1.2/cudasw         1117MiB |
|    3   N/A  N/A     45589      C   ../cudasw++v3.1.2/cudasw         1117MiB |
|    4   N/A  N/A     45586      C   ../cudasw++v3.1.2/cudasw         1117MiB |
|    5   N/A  N/A     45587      C   ../cudasw++v3.1.2/cudasw         1117MiB |
+-----------------------------------------------------------------------------+
end 2
Tue May 24 18:33:10 CEST 2022
 18:33:10 up 19 days,  9:46,  0 users,  load average: 5.58, 2.67, 1.08
end 5
Tue May 24 18:33:11 CEST 2022
 18:33:11 up 19 days,  9:46,  0 users,  load average: 5.46, 2.69, 1.09
Tue May 24 18:33:11 2022       
+-----------------------------------------------------------------------------+
| NVIDIA-SMI 510.47.03    Driver Version: 510.47.03    CUDA Version: 11.6     |
|-------------------------------+----------------------+----------------------+
| GPU  Name        Persistence-M| Bus-Id        Disp.A | Volatile Uncorr. ECC |
| Fan  Temp  Perf  Pwr:Usage/Cap|         Memory-Usage | GPU-Util  Compute M. |
|                               |                      |               MIG M. |
|===============================+======================+======================|
|   0  Tesla T4            Off  | 00000000:41:00.0 Off |                    0 |
| N/A   73C    P0    31W /  70W |      2MiB / 15360MiB |      0%      Default |
|                               |                      |                  N/A |
+-------------------------------+----------------------+----------------------+
Tue May 24 18:33:11 2022       
+-----------------------------------------------------------------------------+
| NVIDIA-SMI 510.47.03    Driver Version: 510.47.03    CUDA Version: 11.6     |
|-------------------------------+----------------------+----------------------+
| GPU  Name        Persistence-M| Bus-Id        Disp.A | Volatile Uncorr. ECC |
| Fan  Temp  Perf  Pwr:Usage/Cap|         Memory-Usage | GPU-Util  Compute M. |
|                               |                      |               MIG M. |
|===============================+======================+======================|
|   1  Tesla T4            Off  | 00000000:61:00.0 Off |                    0 |
| N/A   77C    P0    45W /  70W |      2MiB / 15360MiB |     12%      Default |
|                               |                      |                  N/A |
+-------------------------------+----------------------+----------------------+
end 6
Tue May 24 18:33:11 CEST 2022
 18:33:11 up 19 days,  9:46,  0 users,  load average: 5.46, 2.69, 1.09
|   0  Tesla T4            Off  | 00000000:41:00.0 Off |                    0 |
| N/A   72C    P0    31W /  70W |      2MiB / 15360MiB |      0%      Default |
|                               |                      |                  N/A |
+-------------------------------+----------------------+----------------------+
|   2  Tesla T4            Off  | 00000000:81:00.0 Off |                    0 |
| N/A   75C    P0    46W /  70W |   1119MiB / 15360MiB |     85%      Default |
|                               |                      |                  N/A |
+-------------------------------+----------------------+----------------------+
Tue May 24 18:33:11 2022       
+-----------------------------------------------------------------------------+
| NVIDIA-SMI 510.47.03    Driver Version: 510.47.03    CUDA Version: 11.6     |
|-------------------------------+----------------------+----------------------+
| GPU  Name        Persistence-M| Bus-Id        Disp.A | Volatile Uncorr. ECC |
| Fan  Temp  Perf  Pwr:Usage/Cap|         Memory-Usage | GPU-Util  Compute M. |
|                               |                      |               MIG M. |
|===============================+======================+======================|
|   1  Tesla T4            Off  | 00000000:61:00.0 Off |                    0 |
| N/A   77C    P0    44W /  70W |      2MiB / 15360MiB |      0%      Default |
|                               |                      |                  N/A |
+-------------------------------+----------------------+----------------------+
|   3  Tesla T4            Off  | 00000000:82:00.0 Off |                    0 |
| N/A   75C    P0    68W /  70W |   1119MiB / 15360MiB |     51%      Default |
|                               |                      |                  N/A |
+-------------------------------+----------------------+----------------------+
|   0  Tesla T4            Off  | 00000000:41:00.0 Off |                    0 |
| N/A   72C    P0    31W /  70W |      2MiB / 15360MiB |      0%      Default |
|                               |                      |                  N/A |
+-------------------------------+----------------------+----------------------+
|   2  Tesla T4            Off  | 00000000:81:00.0 Off |                    0 |
| N/A   75C    P0    43W /  70W |   1119MiB / 15360MiB |     87%      Default |
|                               |                      |                  N/A |
+-------------------------------+----------------------+----------------------+
|   4  Tesla T4            Off  | 00000000:A1:00.0 Off |                    0 |
| N/A   71C    P0    43W /  70W |      2MiB / 15360MiB |      0%      Default |
|                               |                      |                  N/A |
+-------------------------------+----------------------+----------------------+
|   1  Tesla T4            Off  | 00000000:61:00.0 Off |                    0 |
| N/A   77C    P0    44W /  70W |      2MiB / 15360MiB |      0%      Default |
|                               |                      |                  N/A |
+-------------------------------+----------------------+----------------------+
|   3  Tesla T4            Off  | 00000000:82:00.0 Off |                    0 |
| N/A   75C    P0    44W /  70W |   1119MiB / 15360MiB |     87%      Default |
|                               |                      |                  N/A |
+-------------------------------+----------------------+----------------------+
|   5  Tesla T4            Off  | 00000000:C1:00.0 Off |                    0 |
| N/A   75C    P0    43W /  70W |      2MiB / 15360MiB |      0%      Default |
|                               |                      |                  N/A |
+-------------------------------+----------------------+----------------------+
                                                                               
+-----------------------------------------------------------------------------+
| Processes:                                                                  |
|  GPU   GI   CI        PID   Type   Process name                  GPU Memory |
|        ID   ID                                                   Usage      |
|=============================================================================|
|    2   N/A  N/A     45584      C   ../cudasw++v3.1.2/cudasw         1117MiB |
|    3   N/A  N/A     45589      C   ../cudasw++v3.1.2/cudasw         1117MiB |
+-----------------------------------------------------------------------------+
|   2  Tesla T4            Off  | 00000000:81:00.0 Off |                    0 |
| N/A   74C    P0    44W /  70W |   1025MiB / 15360MiB |     48%      Default |
|                               |                      |                  N/A |
+-------------------------------+----------------------+----------------------+
|   4  Tesla T4            Off  | 00000000:A1:00.0 Off |                    0 |
| N/A   71C    P0    43W /  70W |      2MiB / 15360MiB |      0%      Default |
|                               |                      |                  N/A |
+-------------------------------+----------------------+----------------------+
|   3  Tesla T4            Off  | 00000000:82:00.0 Off |                    0 |
| N/A   75C    P0    68W /  70W |   1119MiB / 15360MiB |     54%      Default |
|                               |                      |                  N/A |
+-------------------------------+----------------------+----------------------+
|   5  Tesla T4            Off  | 00000000:C1:00.0 Off |                    0 |
| N/A   75C    P0    43W /  70W |      2MiB / 15360MiB |      0%      Default |
|                               |                      |                  N/A |
+-------------------------------+----------------------+----------------------+
                                                                               
+-----------------------------------------------------------------------------+
| Processes:                                                                  |
|  GPU   GI   CI        PID   Type   Process name                  GPU Memory |
|        ID   ID                                                   Usage      |
|=============================================================================|
|    2   N/A  N/A     45584      C                                    1023MiB |
|    3   N/A  N/A     45589      C   ../cudasw++v3.1.2/cudasw         1117MiB |
+-----------------------------------------------------------------------------+
end 3
Tue May 24 18:33:12 CEST 2022
|   4  Tesla T4            Off  | 00000000:A1:00.0 Off |                    0 |
| N/A   70C    P0    42W /  70W |      2MiB / 15360MiB |      0%      Default |
|                               |                      |                  N/A |
+-------------------------------+----------------------+----------------------+
 18:33:12 up 19 days,  9:46,  0 users,  load average: 5.46, 2.69, 1.09
|   5  Tesla T4            Off  | 00000000:C1:00.0 Off |                    0 |
| N/A   75C    P0    42W /  70W |      2MiB / 15360MiB |      0%      Default |
|                               |                      |                  N/A |
+-------------------------------+----------------------+----------------------+
                                                                               
+-----------------------------------------------------------------------------+
| Processes:                                                                  |
|  GPU   GI   CI        PID   Type   Process name                  GPU Memory |
|        ID   ID                                                   Usage      |
|=============================================================================|
|    3   N/A  N/A     45589      C   ../cudasw++v3.1.2/cudasw         1115MiB |
+-----------------------------------------------------------------------------+
Tue May 24 18:33:13 2022       
+-----------------------------------------------------------------------------+
| NVIDIA-SMI 510.47.03    Driver Version: 510.47.03    CUDA Version: 11.6     |
|-------------------------------+----------------------+----------------------+
| GPU  Name        Persistence-M| Bus-Id        Disp.A | Volatile Uncorr. ECC |
| Fan  Temp  Perf  Pwr:Usage/Cap|         Memory-Usage | GPU-Util  Compute M. |
|                               |                      |               MIG M. |
|===============================+======================+======================|
|   0  Tesla T4            Off  | 00000000:41:00.0 Off |                    0 |
| N/A   71C    P8    19W /  70W |      2MiB / 15360MiB |      0%      Default |
|                               |                      |                  N/A |
+-------------------------------+----------------------+----------------------+
|   1  Tesla T4            Off  | 00000000:61:00.0 Off |                    0 |
| N/A   76C    P0    33W /  70W |      2MiB / 15360MiB |      0%      Default |
|                               |                      |                  N/A |
+-------------------------------+----------------------+----------------------+
|   2  Tesla T4            Off  | 00000000:81:00.0 Off |                    0 |
| N/A   74C    P0    47W /  70W |      2MiB / 15360MiB |      0%      Default |
|                               |                      |                  N/A |
+-------------------------------+----------------------+----------------------+
|   3  Tesla T4            Off  | 00000000:82:00.0 Off |                    0 |
| N/A   74C    P0    43W /  70W |   1025MiB / 15360MiB |     55%      Default |
|                               |                      |                  N/A |
+-------------------------------+----------------------+----------------------+
|   4  Tesla T4            Off  | 00000000:A1:00.0 Off |                    0 |
| N/A   69C    P0    32W /  70W |      2MiB / 15360MiB |      0%      Default |
|                               |                      |                  N/A |
+-------------------------------+----------------------+----------------------+
|   5  Tesla T4            Off  | 00000000:C1:00.0 Off |                    0 |
| N/A   74C    P0    31W /  70W |      2MiB / 15360MiB |      0%      Default |
|                               |                      |                  N/A |
+-------------------------------+----------------------+----------------------+
                                                                               
+-----------------------------------------------------------------------------+
| Processes:                                                                  |
|  GPU   GI   CI        PID   Type   Process name                  GPU Memory |
|        ID   ID                                                   Usage      |
|=============================================================================|
|    3   N/A  N/A     45589      C                                    1023MiB |
+-----------------------------------------------------------------------------+
end 4
Tue May 24 18:33:16 CEST 2022
 18:33:16 up 19 days,  9:46,  0 users,  load average: 5.26, 2.70, 1.10
Tue May 24 18:33:28 2022       
+-----------------------------------------------------------------------------+
| NVIDIA-SMI 510.47.03    Driver Version: 510.47.03    CUDA Version: 11.6     |
|-------------------------------+----------------------+----------------------+
| GPU  Name        Persistence-M| Bus-Id        Disp.A | Volatile Uncorr. ECC |
| Fan  Temp  Perf  Pwr:Usage/Cap|         Memory-Usage | GPU-Util  Compute M. |
|                               |                      |               MIG M. |
|===============================+======================+======================|
|   0  Tesla T4            Off  | 00000000:41:00.0 Off |                    0 |
| N/A   67C    P0    30W /  70W |      0MiB / 15360MiB |      0%      Default |
|                               |                      |                  N/A |
+-------------------------------+----------------------+----------------------+
|   1  Tesla T4            Off  | 00000000:61:00.0 Off |                    0 |
| N/A   71C    P0    31W /  70W |      0MiB / 15360MiB |      0%      Default |
|                               |                      |                  N/A |
+-------------------------------+----------------------+----------------------+
|   2  Tesla T4            Off  | 00000000:81:00.0 Off |                    0 |
| N/A   68C    P0    32W /  70W |      0MiB / 15360MiB |      0%      Default |
|                               |                      |                  N/A |
+-------------------------------+----------------------+----------------------+
|   3  Tesla T4            Off  | 00000000:82:00.0 Off |                    0 |
| N/A   68C    P0    32W /  70W |      0MiB / 15360MiB |      0%      Default |
|                               |                      |                  N/A |
+-------------------------------+----------------------+----------------------+
|   4  Tesla T4            Off  | 00000000:A1:00.0 Off |                    0 |
| N/A   64C    P0    30W /  70W |      0MiB / 15360MiB |      0%      Default |
|                               |                      |                  N/A |
+-------------------------------+----------------------+----------------------+
|   5  Tesla T4            Off  | 00000000:C1:00.0 Off |                    0 |
| N/A   69C    P0    30W /  70W |      0MiB / 15360MiB |      0%      Default |
|                               |                      |                  N/A |
+-------------------------------+----------------------+----------------------+
                                                                               
+-----------------------------------------------------------------------------+
| Processes:                                                                  |
|  GPU   GI   CI        PID   Type   Process name                  GPU Memory |
|        ID   ID                                                   Usage      |
|=============================================================================|
|  No running processes found                                                 |
+-----------------------------------------------------------------------------+
chunk_n=6
650.61user 382.09system 3:21.64elapsed 512%CPU (0avgtext+0avgdata 429408maxresident)k
1042875inputs+2025769outputs (141major+2435051minor)pagefaults 0swaps
Running ssw_xargs...
start 1
start 2
start 3
start 4
start 5
Tue May 24 18:33:31 CEST 2022
start 6
Tue May 24 18:33:31 CEST 2022
start 7
Tue May 24 18:33:31 CEST 2022
Tue May 24 18:33:31 CEST 2022
start 8
start 9
Tue May 24 18:33:31 CEST 2022
start 10
start 11
start 12
Tue May 24 18:33:31 CEST 2022
start 14
start 13
Tue May 24 18:33:31 CEST 2022
Tue May 24 18:33:31 CEST 2022
Tue May 24 18:33:31 CEST 2022
start 15
Tue May 24 18:33:31 CEST 2022
Tue May 24 18:33:31 CEST 2022
start 19
Tue May 24 18:33:31 CEST 2022
start 16
Tue May 24 18:33:31 CEST 2022
start 21
start 17
Tue May 24 18:33:31 CEST 2022
start 18
start 22
start 20
start 23
Tue May 24 18:33:31 CEST 2022
Tue May 24 18:33:31 CEST 2022
start 24
Tue May 24 18:33:31 CEST 2022
Tue May 24 18:33:31 CEST 2022
 18:33:31 up 19 days,  9:46,  0 users,  load average: 4.60, 2.68, 1.12
Tue May 24 18:33:31 CEST 2022
Tue May 24 18:33:31 CEST 2022
Tue May 24 18:33:31 CEST 2022
Tue May 24 18:33:31 CEST 2022
 18:33:31 up 19 days,  9:46,  0 users,  load average: 4.60, 2.68, 1.12
Tue May 24 18:33:31 CEST 2022
Tue May 24 18:33:31 CEST 2022
 18:33:31 up 19 days,  9:46,  0 users,  load average: 4.60, 2.68, 1.12
 18:33:31 up 19 days,  9:46,  0 users,  load average: 4.60, 2.68, 1.12
 18:33:31 up 19 days,  9:46,  0 users,  load average: 4.60, 2.68, 1.12
 18:33:31 up 19 days,  9:46,  0 users,  load average: 4.60, 2.68, 1.12
 18:33:31 up 19 days,  9:46,  0 users,  load average: 4.60, 2.68, 1.12
 18:33:31 up 19 days,  9:46,  0 users,  load average: 4.60, 2.68, 1.12
 18:33:31 up 19 days,  9:46,  0 users,  load average: 4.60, 2.68, 1.12
 18:33:31 up 19 days,  9:46,  0 users,  load average: 4.60, 2.68, 1.12
 18:33:31 up 19 days,  9:46,  0 users,  load average: 4.60, 2.68, 1.12
 18:33:31 up 19 days,  9:46,  0 users,  load average: 4.60, 2.68, 1.12
 18:33:31 up 19 days,  9:46,  0 users,  load average: 4.60, 2.68, 1.12
 18:33:31 up 19 days,  9:46,  0 users,  load average: 4.60, 2.68, 1.12
 18:33:31 up 19 days,  9:46,  0 users,  load average: 4.60, 2.68, 1.12
 18:33:31 up 19 days,  9:46,  0 users,  load average: 4.60, 2.68, 1.12
 18:33:31 up 19 days,  9:46,  0 users,  load average: 4.60, 2.68, 1.12
 18:33:31 up 19 days,  9:46,  0 users,  load average: 4.60, 2.68, 1.12
 18:33:31 up 19 days,  9:46,  0 users,  load average: 4.60, 2.68, 1.12
 18:33:31 up 19 days,  9:46,  0 users,  load average: 4.60, 2.68, 1.12
 18:33:31 up 19 days,  9:46,  0 users,  load average: 4.60, 2.68, 1.12
 18:33:31 up 19 days,  9:46,  0 users,  load average: 4.60, 2.68, 1.12
 18:33:31 up 19 days,  9:46,  0 users,  load average: 4.60, 2.68, 1.12
 18:33:31 up 19 days,  9:46,  0 users,  load average: 4.60, 2.68, 1.12
CPU time: 1523.62555504 seconds
end 24
Tue May 24 18:58:56 CEST 2022
 18:58:56 up 19 days, 10:12,  0 users,  load average: 18.55, 18.52, 15.25
CPU time: 1526.73621893 seconds
end 3
Tue May 24 18:58:59 CEST 2022
 18:58:59 up 19 days, 10:12,  0 users,  load average: 18.35, 18.48, 15.25
CPU time: 1527.52349114 seconds
end 2
Tue May 24 18:59:00 CEST 2022
 18:59:00 up 19 days, 10:12,  0 users,  load average: 18.35, 18.48, 15.25
CPU time: 1545.36993694 seconds
end 5
Tue May 24 18:59:18 CEST 2022
 18:59:18 up 19 days, 10:12,  0 users,  load average: 18.36, 18.47, 15.31
CPU time: 1552.90593505 seconds
end 4
Tue May 24 18:59:25 CEST 2022
 18:59:25 up 19 days, 10:12,  0 users,  load average: 18.09, 18.41, 15.31
CPU time: 1555.09434891 seconds
end 15
Tue May 24 18:59:27 CEST 2022
 18:59:27 up 19 days, 10:12,  0 users,  load average: 18.00, 18.39, 15.32
CPU time: 1559.34497595 seconds
end 14
Tue May 24 18:59:31 CEST 2022
 18:59:31 up 19 days, 10:12,  0 users,  load average: 17.68, 18.32, 15.31
CPU time: 1562.41157103 seconds
end 1
Tue May 24 18:59:35 CEST 2022
 18:59:35 up 19 days, 10:12,  0 users,  load average: 17.68, 18.32, 15.31
CPU time: 1570.44873595 seconds
end 22
Tue May 24 18:59:42 CEST 2022
 18:59:43 up 19 days, 10:12,  0 users,  load average: 17.04, 18.16, 15.29
CPU time: 1579.30768895 seconds
end 8
Tue May 24 18:59:51 CEST 2022
 18:59:51 up 19 days, 10:13,  0 users,  load average: 16.18, 17.94, 15.25
CPU time: 1579.43079019 seconds
end 12
Tue May 24 18:59:52 CEST 2022
 18:59:52 up 19 days, 10:13,  0 users,  load average: 16.18, 17.94, 15.25
CPU time: 1588.55147815 seconds
end 10
Tue May 24 19:00:01 CEST 2022
 19:00:01 up 19 days, 10:13,  0 users,  load average: 15.76, 17.82, 15.23
CPU time: 1588.7999239 seconds
end 13
Tue May 24 19:00:01 CEST 2022
 19:00:01 up 19 days, 10:13,  0 users,  load average: 14.90, 17.61, 15.18
CPU time: 1592.97059488 seconds
end 23
Tue May 24 19:00:05 CEST 2022
 19:00:05 up 19 days, 10:13,  0 users,  load average: 14.90, 17.61, 15.18
CPU time: 1593.39965701 seconds
end 7
Tue May 24 19:00:05 CEST 2022
 19:00:05 up 19 days, 10:13,  0 users,  load average: 14.90, 17.61, 15.18
CPU time: 1596.34995604 seconds
end 6
Tue May 24 19:00:08 CEST 2022
 19:00:08 up 19 days, 10:13,  0 users,  load average: 14.35, 17.45, 15.14
CPU time: 1598.13928914 seconds
end 11
Tue May 24 19:00:10 CEST 2022
 19:00:10 up 19 days, 10:13,  0 users,  load average: 14.35, 17.45, 15.14
CPU time: 1601.15732193 seconds
end 9
Tue May 24 19:00:13 CEST 2022
 19:00:13 up 19 days, 10:13,  0 users,  load average: 13.76, 17.28, 15.09
CPU time: 1602.94264388 seconds
end 20
Tue May 24 19:00:15 CEST 2022
 19:00:15 up 19 days, 10:13,  0 users,  load average: 13.76, 17.28, 15.09
CPU time: 1605.0539341 seconds
end 17
Tue May 24 19:00:17 CEST 2022
 19:00:17 up 19 days, 10:13,  0 users,  load average: 12.90, 17.04, 15.03
CPU time: 1609.37850285 seconds
end 16
Tue May 24 19:00:21 CEST 2022
 19:00:21 up 19 days, 10:13,  0 users,  load average: 12.10, 16.81, 14.96
CPU time: 1615.7537539 seconds
end 21
Tue May 24 19:00:28 CEST 2022
 19:00:28 up 19 days, 10:13,  0 users,  load average: 11.38, 16.58, 14.90
CPU time: 1618.71481419 seconds
end 19
Tue May 24 19:00:31 CEST 2022
 19:00:31 up 19 days, 10:13,  0 users,  load average: 11.38, 16.58, 14.90
CPU time: 1635.18256903 seconds
end 18
Tue May 24 19:00:47 CEST 2022
 19:00:47 up 19 days, 10:13,  0 users,  load average: 8.43, 15.57, 14.60
chunk_n=24
36171.09user 231.32system 27:16.97elapsed 2223%CPU (0avgtext+0avgdata 9052maxresident)k
167817431inputs+11602119outputs (200major+2916019minor)pagefaults 0swaps
Running swipe_xargs...
start 1
start 3
start 4
start 5
Tue May 24 19:00:49 CEST 2022
start 7
Tue May 24 19:00:49 CEST 2022
start 9
start 6
start 2
start 10
Tue May 24 19:00:49 CEST 2022
start 11
Tue May 24 19:00:49 CEST 2022
start 8
Tue May 24 19:00:49 CEST 2022
Tue May 24 19:00:49 CEST 2022
start 13
Tue May 24 19:00:49 CEST 2022
Tue May 24 19:00:49 CEST 2022
start 12
start 14
Tue May 24 19:00:49 CEST 2022
start 15
start 18
start 19
Tue May 24 19:00:49 CEST 2022
Tue May 24 19:00:49 CEST 2022
start 20
Tue May 24 19:00:49 CEST 2022
start 16
Tue May 24 19:00:49 CEST 2022
start 17
start 21
Tue May 24 19:00:49 CEST 2022
Tue May 24 19:00:49 CEST 2022
start 22
start 23
Tue May 24 19:00:49 CEST 2022
Tue May 24 19:00:49 CEST 2022
Tue May 24 19:00:49 CEST 2022
start 24
Tue May 24 19:00:49 CEST 2022
Tue May 24 19:00:49 CEST 2022
Tue May 24 19:00:49 CEST 2022
 19:00:49 up 19 days, 10:13,  0 users,  load average: 8.43, 15.57, 14.60
Tue May 24 19:00:49 CEST 2022
Tue May 24 19:00:49 CEST 2022
Tue May 24 19:00:49 CEST 2022
 19:00:49 up 19 days, 10:13,  0 users,  load average: 8.43, 15.57, 14.60
 19:00:49 up 19 days, 10:13,  0 users,  load average: 8.43, 15.57, 14.60
 19:00:49 up 19 days, 10:13,  0 users,  load average: 8.43, 15.57, 14.60
 19:00:49 up 19 days, 10:13,  0 users,  load average: 8.43, 15.57, 14.60
 19:00:49 up 19 days, 10:13,  0 users,  load average: 8.43, 15.57, 14.60
 19:00:49 up 19 days, 10:13,  0 users,  load average: 8.43, 15.57, 14.60
 19:00:49 up 19 days, 10:13,  0 users,  load average: 8.43, 15.57, 14.60
 19:00:49 up 19 days, 10:13,  0 users,  load average: 8.43, 15.57, 14.60
 19:00:49 up 19 days, 10:13,  0 users,  load average: 8.43, 15.57, 14.60
 19:00:49 up 19 days, 10:13,  0 users,  load average: 8.43, 15.57, 14.60
 19:00:49 up 19 days, 10:13,  0 users,  load average: 8.43, 15.57, 14.60
 19:00:49 up 19 days, 10:13,  0 users,  load average: 8.43, 15.57, 14.60
 19:00:49 up 19 days, 10:13,  0 users,  load average: 8.43, 15.57, 14.60
 19:00:49 up 19 days, 10:13,  0 users,  load average: 8.43, 15.57, 14.60
 19:00:49 up 19 days, 10:13,  0 users,  load average: 8.43, 15.57, 14.60
 19:00:49 up 19 days, 10:13,  0 users,  load average: 8.43, 15.57, 14.60
 19:00:49 up 19 days, 10:13,  0 users,  load average: 8.43, 15.57, 14.60
 19:00:49 up 19 days, 10:13,  0 users,  load average: 8.43, 15.57, 14.60
 19:00:49 up 19 days, 10:13,  0 users,  load average: 8.43, 15.57, 14.60
 19:00:49 up 19 days, 10:13,  0 users,  load average: 8.43, 15.57, 14.60
 19:00:49 up 19 days, 10:13,  0 users,  load average: 8.43, 15.57, 14.60
 19:00:49 up 19 days, 10:13,  0 users,  load average: 8.43, 15.57, 14.60
 19:00:49 up 19 days, 10:13,  0 users,  load average: 8.43, 15.57, 14.60
