

Building a new DB, current time: 04/13/2022 02:06:43
New DB name:   /scratch/cube/tuechler/program_out/sp_n4000_10_1000_b/data/sp_n4000_10_1000_b
New DB title:  ../program_out/sp_n4000_10_1000_b/data/sp_n4000_10_1000_b
Sequence type: Protein
Keep MBits: T
Maximum file size: 1000000000B
Adding sequences from FASTA; added 4000 sequences in 0.155697 seconds.




Building a new DB, current time: 04/13/2022 02:06:45
New DB name:   /scratch/cube/tuechler/program_out/sp_n4000_10_1000_b/data/qchunks/q_1
New DB title:  ../program_out/sp_n4000_10_1000_b/data/qchunks/q_1
Sequence type: Protein
Keep MBits: T
Maximum file size: 1000000000B
Adding sequences from FASTA; added 166 sequences in 0.0129099 seconds.




Building a new DB, current time: 04/13/2022 02:06:46
New DB name:   /scratch/cube/tuechler/program_out/sp_n4000_10_1000_b/data/qchunks/q_2
New DB title:  ../program_out/sp_n4000_10_1000_b/data/qchunks/q_2
Sequence type: Protein
Keep MBits: T
Maximum file size: 1000000000B
Adding sequences from FASTA; added 166 sequences in 0.0117161 seconds.




Building a new DB, current time: 04/13/2022 02:06:47
New DB name:   /scratch/cube/tuechler/program_out/sp_n4000_10_1000_b/data/qchunks/q_3
New DB title:  ../program_out/sp_n4000_10_1000_b/data/qchunks/q_3
Sequence type: Protein
Keep MBits: T
Maximum file size: 1000000000B
Adding sequences from FASTA; added 166 sequences in 0.0110519 seconds.




Building a new DB, current time: 04/13/2022 02:06:47
New DB name:   /scratch/cube/tuechler/program_out/sp_n4000_10_1000_b/data/qchunks/q_4
New DB title:  ../program_out/sp_n4000_10_1000_b/data/qchunks/q_4
Sequence type: Protein
Keep MBits: T
Maximum file size: 1000000000B
Adding sequences from FASTA; added 166 sequences in 0.011152 seconds.




Building a new DB, current time: 04/13/2022 02:06:48
New DB name:   /scratch/cube/tuechler/program_out/sp_n4000_10_1000_b/data/qchunks/q_5
New DB title:  ../program_out/sp_n4000_10_1000_b/data/qchunks/q_5
Sequence type: Protein
Keep MBits: T
Maximum file size: 1000000000B
Adding sequences from FASTA; added 166 sequences in 0.0121281 seconds.




Building a new DB, current time: 04/13/2022 02:06:49
New DB name:   /scratch/cube/tuechler/program_out/sp_n4000_10_1000_b/data/qchunks/q_6
New DB title:  ../program_out/sp_n4000_10_1000_b/data/qchunks/q_6
Sequence type: Protein
Keep MBits: T
Maximum file size: 1000000000B
Adding sequences from FASTA; added 166 sequences in 0.0131528 seconds.




Building a new DB, current time: 04/13/2022 02:06:50
New DB name:   /scratch/cube/tuechler/program_out/sp_n4000_10_1000_b/data/qchunks/q_7
New DB title:  ../program_out/sp_n4000_10_1000_b/data/qchunks/q_7
Sequence type: Protein
Keep MBits: T
Maximum file size: 1000000000B
Adding sequences from FASTA; added 166 sequences in 0.0116892 seconds.




Building a new DB, current time: 04/13/2022 02:06:50
New DB name:   /scratch/cube/tuechler/program_out/sp_n4000_10_1000_b/data/qchunks/q_8
New DB title:  ../program_out/sp_n4000_10_1000_b/data/qchunks/q_8
Sequence type: Protein
Keep MBits: T
Maximum file size: 1000000000B
Adding sequences from FASTA; added 166 sequences in 0.0133159 seconds.




Building a new DB, current time: 04/13/2022 02:06:51
New DB name:   /scratch/cube/tuechler/program_out/sp_n4000_10_1000_b/data/qchunks/q_9
New DB title:  ../program_out/sp_n4000_10_1000_b/data/qchunks/q_9
Sequence type: Protein
Keep MBits: T
Maximum file size: 1000000000B
Adding sequences from FASTA; added 166 sequences in 0.01281 seconds.




Building a new DB, current time: 04/13/2022 02:06:52
New DB name:   /scratch/cube/tuechler/program_out/sp_n4000_10_1000_b/data/qchunks/q_10
New DB title:  ../program_out/sp_n4000_10_1000_b/data/qchunks/q_10
Sequence type: Protein
Keep MBits: T
Maximum file size: 1000000000B
Adding sequences from FASTA; added 166 sequences in 0.012605 seconds.




Building a new DB, current time: 04/13/2022 02:06:53
New DB name:   /scratch/cube/tuechler/program_out/sp_n4000_10_1000_b/data/qchunks/q_11
New DB title:  ../program_out/sp_n4000_10_1000_b/data/qchunks/q_11
Sequence type: Protein
Keep MBits: T
Maximum file size: 1000000000B
Adding sequences from FASTA; added 166 sequences in 0.012414 seconds.




Building a new DB, current time: 04/13/2022 02:06:54
New DB name:   /scratch/cube/tuechler/program_out/sp_n4000_10_1000_b/data/qchunks/q_12
New DB title:  ../program_out/sp_n4000_10_1000_b/data/qchunks/q_12
Sequence type: Protein
Keep MBits: T
Maximum file size: 1000000000B
Adding sequences from FASTA; added 166 sequences in 0.012573 seconds.




Building a new DB, current time: 04/13/2022 02:06:55
New DB name:   /scratch/cube/tuechler/program_out/sp_n4000_10_1000_b/data/qchunks/q_13
New DB title:  ../program_out/sp_n4000_10_1000_b/data/qchunks/q_13
Sequence type: Protein
Keep MBits: T
Maximum file size: 1000000000B
Adding sequences from FASTA; added 166 sequences in 0.012641 seconds.




Building a new DB, current time: 04/13/2022 02:06:56
New DB name:   /scratch/cube/tuechler/program_out/sp_n4000_10_1000_b/data/qchunks/q_14
New DB title:  ../program_out/sp_n4000_10_1000_b/data/qchunks/q_14
Sequence type: Protein
Keep MBits: T
Maximum file size: 1000000000B
Adding sequences from FASTA; added 166 sequences in 0.012718 seconds.




Building a new DB, current time: 04/13/2022 02:06:56
New DB name:   /scratch/cube/tuechler/program_out/sp_n4000_10_1000_b/data/qchunks/q_15
New DB title:  ../program_out/sp_n4000_10_1000_b/data/qchunks/q_15
Sequence type: Protein
Keep MBits: T
Maximum file size: 1000000000B
Adding sequences from FASTA; added 166 sequences in 0.012135 seconds.




Building a new DB, current time: 04/13/2022 02:06:57
New DB name:   /scratch/cube/tuechler/program_out/sp_n4000_10_1000_b/data/qchunks/q_16
New DB title:  ../program_out/sp_n4000_10_1000_b/data/qchunks/q_16
Sequence type: Protein
Keep MBits: T
Maximum file size: 1000000000B
Adding sequences from FASTA; added 166 sequences in 0.01261 seconds.




Building a new DB, current time: 04/13/2022 02:06:58
New DB name:   /scratch/cube/tuechler/program_out/sp_n4000_10_1000_b/data/qchunks/q_17
New DB title:  ../program_out/sp_n4000_10_1000_b/data/qchunks/q_17
Sequence type: Protein
Keep MBits: T
Maximum file size: 1000000000B
Adding sequences from FASTA; added 166 sequences in 0.0129371 seconds.




Building a new DB, current time: 04/13/2022 02:06:59
New DB name:   /scratch/cube/tuechler/program_out/sp_n4000_10_1000_b/data/qchunks/q_18
New DB title:  ../program_out/sp_n4000_10_1000_b/data/qchunks/q_18
Sequence type: Protein
Keep MBits: T
Maximum file size: 1000000000B
Adding sequences from FASTA; added 166 sequences in 0.0110581 seconds.




Building a new DB, current time: 04/13/2022 02:06:59
New DB name:   /scratch/cube/tuechler/program_out/sp_n4000_10_1000_b/data/qchunks/q_19
New DB title:  ../program_out/sp_n4000_10_1000_b/data/qchunks/q_19
Sequence type: Protein
Keep MBits: T
Maximum file size: 1000000000B
Adding sequences from FASTA; added 166 sequences in 0.012053 seconds.




Building a new DB, current time: 04/13/2022 02:07:00
New DB name:   /scratch/cube/tuechler/program_out/sp_n4000_10_1000_b/data/qchunks/q_20
New DB title:  ../program_out/sp_n4000_10_1000_b/data/qchunks/q_20
Sequence type: Protein
Keep MBits: T
Maximum file size: 1000000000B
Adding sequences from FASTA; added 166 sequences in 0.012779 seconds.




Building a new DB, current time: 04/13/2022 02:07:01
New DB name:   /scratch/cube/tuechler/program_out/sp_n4000_10_1000_b/data/qchunks/q_21
New DB title:  ../program_out/sp_n4000_10_1000_b/data/qchunks/q_21
Sequence type: Protein
Keep MBits: T
Maximum file size: 1000000000B
Adding sequences from FASTA; added 166 sequences in 0.012862 seconds.




Building a new DB, current time: 04/13/2022 02:07:02
New DB name:   /scratch/cube/tuechler/program_out/sp_n4000_10_1000_b/data/qchunks/q_22
New DB title:  ../program_out/sp_n4000_10_1000_b/data/qchunks/q_22
Sequence type: Protein
Keep MBits: T
Maximum file size: 1000000000B
Adding sequences from FASTA; added 166 sequences in 0.0128908 seconds.




Building a new DB, current time: 04/13/2022 02:07:03
New DB name:   /scratch/cube/tuechler/program_out/sp_n4000_10_1000_b/data/qchunks/q_23
New DB title:  ../program_out/sp_n4000_10_1000_b/data/qchunks/q_23
Sequence type: Protein
Keep MBits: T
Maximum file size: 1000000000B
Adding sequences from FASTA; added 166 sequences in 0.0137 seconds.




Building a new DB, current time: 04/13/2022 02:07:03
New DB name:   /scratch/cube/tuechler/program_out/sp_n4000_10_1000_b/data/qchunks/q_24
New DB title:  ../program_out/sp_n4000_10_1000_b/data/qchunks/q_24
Sequence type: Protein
Keep MBits: T
Maximum file size: 1000000000B
Adding sequences from FASTA; added 182 sequences in 0.0137272 seconds.


Creating output directory: /scratch/cube/tuechler/protein_alignment/scripts/program_out/sp_n4000_10_1000_b
Running prepare_database.py...
Writing parameters to parameters.txt
Start calling of alignment programs
Running blast...
994.65user 2.78system 1:33.82elapsed 1063%CPU (0avgtext+0avgdata 151692maxresident)k
78221inputs+132080outputs (326major+452161minor)pagefaults 0swaps
Running mmseqs...
createdb ../program_out/sp_n4000_10_1000_b/data/sp_n4000_10_1000_b /tmp/12709412558556983041/query --dbtype 0 --shuffle 1 --createdb-mode 0 --id-offset 0 --compressed 0 -v 3 

Converting sequences
[
Time for merging to query_h: 0h 0m 0s 30ms
Time for merging to query: 0h 0m 0s 4ms
Database type: Aminoacid
Time for merging to query.lookup: 0h 0m 0s 0ms
Time for processing: 0h 0m 0s 96ms
createdb ../program_out/sp_n4000_10_1000_b/data/sp_n4000_10_1000_b /tmp/12709412558556983041/target --dbtype 0 --shuffle 1 --createdb-mode 0 --id-offset 0 --compressed 0 -v 3 

Converting sequences
[
Time for merging to target_h: 0h 0m 0s 22ms
Time for merging to target: 0h 0m 0s 4ms
Database type: Aminoacid
Time for merging to target.lookup: 0h 0m 0s 0ms
Time for processing: 0h 0m 0s 84ms
Tmp /tmp/12709412558556983041/search_tmp folder does not exist or is not a directory.
prefilter /tmp/12709412558556983041/query /tmp/12709412558556983041/target /tmp/12709412558556983041/search_tmp/8875966618819648386/pref_0 --sub-mat /apps/mmseqs2/11-e1a1c/matrices/blosum50.out --seed-sub-mat nucl:nucleotide.out,aa:VTML80.out -k 0 --k-score 2147483647 --alph-size 21 --max-seq-len 65535 --max-seqs 300 --split 0 --split-mode 2 --split-memory-limit 0 -c 0 --cov-mode 0 --comp-bias-corr 1 --diag-score 1 --exact-kmer-matching 0 --mask 1 --mask-lower-case 0 --min-ungapped-score 15 --add-self-matches 0 --spaced-kmer-mode 1 --db-load-mode 0 --pca 1 --pcb 1.5 --threads 24 --compressed 0 -v 3 -s 7.5 

Query database size: 4000 type: Aminoacid
Estimated memory consumption: 990M
Target database size: 4000 type: Aminoacid
Index table k-mer threshold: 96 at k-mer size 6 
Index table: counting k-mers
[=================================================================] 4.00K 0s 44ms
Index table: Masked residues: 16283
Index table: fill
[=================================================================] 4.00K 0s 46ms
Index statistics
Entries:          1224063
DB size:          495 MB
Avg k-mer size:   0.019126
Top 10 k-mers
    PWQSGA	16
    LGPNPA	16
    YVPGSF	16
    AFGVWG	16
    TVTLAI	16
    QMFGVI	16
    GGSDTL	16
    WGMFAT	16
    MSWAIT	16
    PGVFEV	16
Time for index table init: 0h 0m 0s 637ms
Process prefiltering step 1 of 1

k-mer similarity threshold: 96
Starting prefiltering scores calculation (step 1 of 1)
Query db start 1 to 4000
Target db start 1 to 4000
[=================================================================] 4.00K 5s 244ms

1474.633481 k-mers per position
10400 DB matches per sequence
0 overflows
0 queries produce too much hits (truncated result)
139 sequences passed prefiltering per query sequence
129 median result list length
4 sequences with 0 size result lists
Time for merging to pref_0: 0h 0m 0s 2ms
Time for processing: 0h 0m 6s 251ms
align /tmp/12709412558556983041/query /tmp/12709412558556983041/target /tmp/12709412558556983041/search_tmp/8875966618819648386/pref_0 /tmp/12709412558556983041/result --sub-mat /apps/mmseqs2/11-e1a1c/matrices/blosum50.out -a 0 --alignment-mode 3 --wrapped-scoring 0 -e 20 --min-seq-id 0 --min-aln-len 0 --seq-id-mode 0 --alt-ali 0 -c 0 --cov-mode 0 --max-seq-len 65535 --comp-bias-corr 1 --realign 0 --max-rejected 2147483647 --max-accept 2147483647 --add-self-matches 0 --db-load-mode 0 --pca 1 --pcb 1.5 --score-bias 0 --gap-open 15 --gap-extend 2 --zdrop 40 --threads 24 --compressed 0 -v 3 

Compute score, coverage and sequence identity
Query database size: 4000 type: Aminoacid
Target database size: 4000 type: Aminoacid
Calculation of alignments
[=================================================================] 4.00K 0s 849ms
Time for merging to result: 0h 0m 0s 2ms

559282 alignments calculated.
32628 sequence pairs passed the thresholds (0.058339 of overall calculated).
8.157000 hits per query sequence.
Time for processing: 0h 0m 1s 79ms
Remove temporary files
rmdb /tmp/12709412558556983041/search_tmp/8875966618819648386/pref_0 -v 3 

Time for processing: 0h 0m 0s 3ms
rmdb /tmp/12709412558556983041/search_tmp/8875966618819648386/aln_0 -v 3 

Time for processing: 0h 0m 0s 1ms
rmdb /tmp/12709412558556983041/search_tmp/8875966618819648386/input_0 -v 3 

Time for processing: 0h 0m 0s 1ms
rmdb /tmp/12709412558556983041/search_tmp/8875966618819648386/aln_merge -v 3 

Time for processing: 0h 0m 0s 1ms
convertalis /tmp/12709412558556983041/query /tmp/12709412558556983041/target /tmp/12709412558556983041/result ../program_out/sp_n4000_10_1000_b/mmseqs/sp_n4000_10_1000_b.mmseqs --sub-mat /apps/mmseqs2/11-e1a1c/matrices/blosum50.out --format-mode 0 --format-output query,target,raw --translation-table 1 --gap-open 15 --gap-extend 2 --db-output 0 --db-load-mode 0 --search-type 0 --threads 24 --compressed 0 -v 3 

[=================================================================] 4.00K 0s 42ms
Time for merging to sp_n4000_10_1000_b.mmseqs: 0h 0m 0s 165ms
Time for processing: 0h 0m 0s 595ms
Removing temporary files
rmdb /tmp/12709412558556983041/result 

Time for processing: 0h 0m 0s 2ms
rmdb /tmp/12709412558556983041/target 

Time for processing: 0h 0m 0s 1ms
rmdb /tmp/12709412558556983041/target_h 

Time for processing: 0h 0m 0s 1ms
rmdb /tmp/12709412558556983041/query 

Time for processing: 0h 0m 0s 1ms
rmdb /tmp/12709412558556983041/query_h 

Time for processing: 0h 0m 0s 1ms
160.17user 1.05system 0:08.65elapsed 1863%CPU (0avgtext+0avgdata 1515224maxresident)k
146942inputs+34218outputs (658major+45862minor)pagefaults 0swaps
Running cudasw...
787.56user 542.80system 20:51.84elapsed 106%CPU (0avgtext+0avgdata 762332maxresident)k
52114inputs+131547outputs (179major+10510855minor)pagefaults 0swaps
Running ssw...
CPU time: 1690.21258903 seconds
1575.85user 7.96system 28:10.97elapsed 93%CPU (0avgtext+0avgdata 8968maxresident)k
10513583inputs+4257188outputs (32major+46710minor)pagefaults 0swaps
Running ssw_xargs...
CPU time: 78.572439909 seconds
CPU time: 81.5092079639 seconds
CPU time: 82.6901941299 seconds
CPU time: 83.9234259129 seconds
CPU time: 84.145927906 seconds
CPU time: 84.3657000065 seconds
CPU time: 84.4242670536 seconds
CPU time: 84.7840490341 seconds
CPU time: 84.914691925 seconds
CPU time: 85.5206358433 seconds
CPU time: 86.0306558609 seconds
CPU time: 85.9330279827 seconds
CPU time: 86.3676378727 seconds
CPU time: 86.9269199371 seconds
CPU time: 87.418998003 seconds
CPU time: 89.3419859409 seconds
CPU time: 89.7994508743 seconds
CPU time: 90.1423118114 seconds
CPU time: 90.2186081409 seconds
CPU time: 91.1017379761 seconds
CPU time: 91.2650749683 seconds
CPU time: 91.3679699898 seconds
CPU time: 92.7562940121 seconds
CPU time: 101.053881884 seconds
chunk_n=24
1998.89user 17.96system 1:42.60elapsed 1965%CPU (0avgtext+0avgdata 8988maxresident)k
10546874inputs+4257175outputs (165major+469287minor)pagefaults 0swaps
Running swipe...
1559.21user 627.30system 17:28.12elapsed 208%CPU (0avgtext+0avgdata 10080maxresident)k
16006inputs+2558587outputs (44major+10439609minor)pagefaults 0swaps
Running swipe_xargs...
chunk_n=24
1176.35user 244.79system 6:19.27elapsed 374%CPU (0avgtext+0avgdata 8984maxresident)k
103896inputs+2558519outputs (833major+10277755minor)pagefaults 0swaps
Running adept...

---------------------------------
     PYTHON MULTIGPU PROTEIN     
---------------------------------

STATUS: Reading ref and query files
STATUS: Launching driver

STATUS: PyADEPT Alignments completed
--- Elapsed: 119.614 seconds ---
          alignment_scores  ...  query_header
0                     1565  ...     RS2_SALPB
1                       40  ...     RS2_SALPB
2                       49  ...     RS2_SALPB
3                       38  ...     RS2_SALPB
4                       45  ...     RS2_SALPB
...                    ...  ...           ...
15999995                38  ...    RL19_YERPY
15999996                35  ...    RL19_YERPY
15999997                38  ...    RL19_YERPY
15999998                33  ...    RL19_YERPY
15999999               733  ...    RL19_YERPY

[16000000 rows x 7 columns]

STATUS: Writing results...
--- Elapsed: 37.628 seconds ---

INFO: Correctness test skipped...

STATUS: Done
353.56user 205.21system 4:45.25elapsed 195%CPU (0avgtext+0avgdata 40227852maxresident)k
97578inputs+1221126outputs (320major+28162042minor)pagefaults 0swaps
Running adept_as...

------------------------------
     PYTHON ASYNC PROTEIN     
------------------------------

STATUS: Reading ref and query files
STATUS: Launching driver
0
50000
100000
150000
200000
250000
300000
350000
400000
450000
500000
550000
600000
650000
700000
750000
800000
850000
900000
950000
1000000
1050000
1100000
1150000
1200000
1250000
1300000
1350000
1400000
1450000
1500000
1550000
1600000
1650000
1700000
1750000
1800000
1850000
1900000
1950000
2000000
2050000
2100000
2150000
2200000
2250000
2300000
2350000
2400000
2450000
2500000
2550000
2600000
2650000
2700000
2750000
2800000
2850000
2900000
2950000
3000000
3050000
3100000
3150000
3200000
3250000
3300000
3350000
3400000
3450000
3500000
3550000
3600000
3650000
3700000
3750000
3800000
3850000
3900000
3950000
4000000
4050000
4100000
4150000
4200000
4250000
4300000
4350000
4400000
4450000
4500000
4550000
4600000
4650000
4700000
4750000
4800000
4850000
4900000
4950000
5000000
5050000
5100000
5150000
5200000
5250000
5300000
5350000
5400000
5450000
5500000
5550000
5600000
5650000
5700000
5750000
5800000
5850000
5900000
5950000
6000000
6050000
6100000
6150000
6200000
6250000
6300000
6350000
6400000
6450000
6500000
6550000
6600000
6650000
6700000
6750000
6800000
6850000
6900000
6950000
7000000
7050000
7100000
7150000
7200000
7250000
7300000
7350000
7400000
7450000
7500000
7550000
7600000
7650000
7700000
7750000
7800000
7850000
7900000
7950000
8000000
8050000
8100000
8150000
8200000
8250000
8300000
8350000
8400000
8450000
8500000
8550000
8600000
8650000
8700000
8750000
8800000
8850000
8900000
8950000
9000000
9050000
9100000
9150000
9200000
9250000
9300000
9350000
9400000
9450000
9500000
9550000
9600000
9650000
9700000
9750000
9800000
9850000
9900000
9950000
10000000
10050000
10100000
10150000
10200000
10250000
10300000
10350000
10400000
10450000
10500000
10550000
10600000
10650000
10700000
10750000
10800000
10850000
10900000
10950000
11000000
11050000
11100000
11150000
11200000
11250000
11300000
11350000
11400000
11450000
11500000
11550000
11600000
11650000
11700000
11750000
11800000
11850000
11900000
11950000
12000000
12050000
12100000
12150000
12200000
12250000
12300000
12350000
12400000
12450000
12500000
12550000
12600000
12650000
12700000
12750000
12800000
12850000
12900000
12950000
13000000
13050000
13100000
13150000
13200000
13250000
13300000
13350000
13400000
13450000
13500000
13550000
13600000
13650000
13700000
13750000
13800000
13850000
13900000
13950000
14000000
14050000
14100000
14150000
14200000
14250000
14300000
14350000
14400000
14450000
14500000
14550000
14600000
14650000
14700000
14750000
14800000
14850000
14900000
14950000
15000000
15050000
15100000
15150000
15200000
15250000
15300000
15350000
15400000
15450000
15500000
15550000
15600000
15650000
15700000
15750000
15800000
15850000
15900000
15950000

STATUS: PyADEPT Alignments completed
--- Elapsed: 583.7283 seconds ---
       alignment_scores  reference_begin_location  ...  reference_header  query_header
0                  1565                         0  ...         RS2_SALPB     RS2_SALPB
1                    40                        43  ...       ACT5C_ANOGA     RS2_SALPB
2                    49                        55  ...        MURQ_STRCO     RS2_SALPB
3                    38                        78  ...         TAL_BREBN     RS2_SALPB
4                    45                        73  ...        SUCD_METJA     RS2_SALPB
...                 ...                       ...  ...               ...           ...
49995                38                        29  ...        ARLY_PYRCJ    RL19_YERPY
49996                35                        16  ...        ISPE_NOCSJ    RL19_YERPY
49997                38                       112  ...        HIS1_CAMJR    RL19_YERPY
49998                33                        58  ...        DCTQ_VIBCH    RL19_YERPY
49999               733                         0  ...        RL19_YERPY    RL19_YERPY

[16000000 rows x 7 columns]

STATUS: Writing results...
--- Elapsed: 38.025 seconds ---
 total CPU work (counts) done while GPU was busy: 216772834

INFO: Correctness test skipped...

STATUS: Done
481.93user 150.73system 10:42.88elapsed 98%CPU (0avgtext+0avgdata 3190388maxresident)k
96490inputs+1221125outputs (317major+3692156minor)pagefaults 0swaps
Running adept_as_xargs...

------------------------------
     PYTHON ASYNC PROTEIN     
------------------------------


------------------------------
     PYTHON ASYNC PROTEIN     
------------------------------


------------------------------
     PYTHON ASYNC PROTEIN     
------------------------------


------------------------------
     PYTHON ASYNC PROTEIN     
------------------------------


------------------------------
     PYTHON ASYNC PROTEIN     
------------------------------


------------------------------
     PYTHON ASYNC PROTEIN     
------------------------------

STATUS: Reading ref and query files
STATUS: Reading ref and query files
STATUS: Reading ref and query files
STATUS: Reading ref and query files
STATUS: Reading ref and query files
STATUS: Reading ref and query files
STATUS: Launching driver
STATUS: Launching driver
STATUS: Launching driver
STATUS: Launching driver
STATUS: Launching driver
STATUS: Launching driver
0
50000
100000
150000
200000
250000
300000
350000
400000
450000
500000
550000
600000
650000
700000
750000
800000
850000
900000
950000
1000000
1050000
1100000
1150000
1200000
1250000
1300000
1350000
1400000
1450000
1500000
1550000
1600000
1650000
1700000
1750000
1800000
1850000
1900000
1950000
2000000
2050000
2100000
2150000
2200000
2250000
2300000
2350000
2400000
2450000
2500000
2550000
2600000
2650000

STATUS: PyADEPT Alignments completed
--- Elapsed: 92.3569 seconds ---
0
50000
100000
150000
200000
250000
300000
350000
400000
450000
500000
550000
600000
650000
700000
750000
800000
850000
900000
950000
1000000
1050000
1100000
1150000
1200000
1250000
1300000
1350000
1400000
1450000
1500000
1550000
1600000
1650000
1700000
1750000
1800000
1850000
1900000
1950000
2000000
2050000
2100000
2150000
2200000
2250000
2300000
2350000
2400000
2450000
2500000
2550000
2600000
2650000

STATUS: PyADEPT Alignments completed
--- Elapsed: 91.7636 seconds ---
0
50000
100000
150000
200000
250000
300000
350000
400000
450000
500000
550000
600000
650000
700000
750000
800000
850000
900000
950000
1000000
1050000
1100000
1150000
1200000
1250000
1300000
1350000
1400000
1450000
1500000
1550000
1600000
1650000
1700000
1750000
1800000
1850000
1900000
1950000
2000000
2050000
2100000
2150000
2200000
2250000
2300000
2350000
2400000
2450000
2500000
2550000
2600000
2650000

STATUS: PyADEPT Alignments completed
--- Elapsed: 94.7551 seconds ---
0
50000
100000
150000
200000
250000
300000
350000
400000
450000
500000
550000
600000
650000
700000
750000
800000
850000
900000
950000
1000000
1050000
1100000
1150000
1200000
1250000
1300000
1350000
1400000
1450000
1500000
1550000
1600000
1650000
1700000
1750000
1800000
1850000
1900000
1950000
2000000
2050000
2100000
2150000
2200000
2250000
2300000
2350000
2400000
2450000
2500000
2550000
2600000
2650000

STATUS: PyADEPT Alignments completed
--- Elapsed: 95.553 seconds ---
0
50000
100000
150000
200000
250000
300000
350000
400000
450000
500000
550000
600000
650000
700000
750000
800000
850000
900000
950000
1000000
1050000
1100000
1150000
1200000
1250000
1300000
1350000
1400000
1450000
1500000
1550000
1600000
1650000
1700000
1750000
1800000
1850000
1900000
1950000
2000000
2050000
2100000
2150000
2200000
2250000
2300000
2350000
2400000
2450000
2500000
2550000
2600000
2650000

STATUS: PyADEPT Alignments completed
--- Elapsed: 95.7646 seconds ---
0
50000
100000
150000
200000
250000
300000
350000
400000
450000
500000
550000
600000
650000
700000
750000
800000
850000
900000
950000
1000000
1050000
1100000
1150000
1200000
1250000
1300000
1350000
1400000
1450000
1500000
1550000
1600000
1650000
1700000
1750000
1800000
1850000
1900000
1950000
2000000
2050000
2100000
2150000
2200000
2250000
2300000
2350000
2400000
2450000
2500000
2550000
2600000
2650000

STATUS: PyADEPT Alignments completed
--- Elapsed: 95.9781 seconds ---
       alignment_scores  reference_begin_location  ...  reference_header  query_header
0                    38                        39  ...         RS2_SALPB    RLMN_FRATM
1                    48                       288  ...       ACT5C_ANOGA    RLMN_FRATM
2                    40                       265  ...        MURQ_STRCO    RLMN_FRATM
3                    41                        16  ...         TAL_BREBN    RLMN_FRATM
4                    45                         3  ...        SUCD_METJA    RLMN_FRATM
...                 ...                       ...  ...               ...           ...
13995                46                       135  ...        ARLY_PYRCJ    UREE_STAAE
13996                37                       118  ...        ISPE_NOCSJ    UREE_STAAE
13997                45                       199  ...        HIS1_CAMJR    UREE_STAAE
13998                32                       140  ...        DCTQ_VIBCH    UREE_STAAE
13999                35                        37  ...        RL19_YERPY    UREE_STAAE

[2664000 rows x 7 columns]

STATUS: Writing results...
--- Elapsed: 8.7117 seconds ---
       alignment_scores  reference_begin_location  ...  reference_header  query_header
0                  1565                         0  ...         RS2_SALPB     RS2_SALPB
1                    40                        43  ...       ACT5C_ANOGA     RS2_SALPB
2                    49                        55  ...        MURQ_STRCO     RS2_SALPB
3                    38                        78  ...         TAL_BREBN     RS2_SALPB
4                    45                        73  ...        SUCD_METJA     RS2_SALPB
...                 ...                       ...  ...               ...           ...
13995                50                       241  ...        ARLY_PYRCJ    BGLX_DICCH
13996                66                        20  ...        ISPE_NOCSJ    BGLX_DICCH
13997                49                        90  ...        HIS1_CAMJR    BGLX_DICCH
13998                39                       159  ...        DCTQ_VIBCH    BGLX_DICCH
13999                37                         8  ...        RL19_YERPY    BGLX_DICCH

[2664000 rows x 7 columns]

STATUS: Writing results...
--- Elapsed: 8.9718 seconds ---
 total CPU work (counts) done while GPU was busy: 34870992

INFO: Correctness test skipped...

STATUS: Done
 total CPU work (counts) done while GPU was busy: 33233073

INFO: Correctness test skipped...

STATUS: Done
       alignment_scores  reference_begin_location  ...  reference_header  query_header
0                    46                       116  ...         RS2_SALPB   ZB6CL_HUMAN
1                    45                        39  ...       ACT5C_ANOGA   ZB6CL_HUMAN
2                    33                       122  ...        MURQ_STRCO   ZB6CL_HUMAN
3                    39                        23  ...         TAL_BREBN   ZB6CL_HUMAN
4                    39                       237  ...        SUCD_METJA   ZB6CL_HUMAN
...                 ...                       ...  ...               ...           ...
13995                41                       283  ...        ARLY_PYRCJ    CDK6_HUMAN
13996                46                        48  ...        ISPE_NOCSJ    CDK6_HUMAN
13997                39                        52  ...        HIS1_CAMJR    CDK6_HUMAN
13998                45                        21  ...        DCTQ_VIBCH    CDK6_HUMAN
13999                31                        49  ...        RL19_YERPY    CDK6_HUMAN

[2664000 rows x 7 columns]

STATUS: Writing results...
--- Elapsed: 7.7567 seconds ---
 total CPU work (counts) done while GPU was busy: 36574842

INFO: Correctness test skipped...

STATUS: Done
       alignment_scores  reference_begin_location  ...  reference_header  query_header
0                    65                       113  ...         RS2_SALPB    SLX1_EMENI
1                    39                        14  ...       ACT5C_ANOGA    SLX1_EMENI
2                    51                       176  ...        MURQ_STRCO    SLX1_EMENI
3                    37                        36  ...         TAL_BREBN    SLX1_EMENI
4                    49                        47  ...        SUCD_METJA    SLX1_EMENI
...                 ...                       ...  ...               ...           ...
13995                41                       206  ...        ARLY_PYRCJ    NCPP_YERPA
13996                43                       157  ...        ISPE_NOCSJ    NCPP_YERPA
13997                38                       274  ...        HIS1_CAMJR    NCPP_YERPA
13998                41                        68  ...        DCTQ_VIBCH    NCPP_YERPA
13999                34                         6  ...        RL19_YERPY    NCPP_YERPA

[2664000 rows x 7 columns]

STATUS: Writing results...
--- Elapsed: 7.3373 seconds ---
 total CPU work (counts) done while GPU was busy: 37797395

INFO: Correctness test skipped...

STATUS: Done
       alignment_scores  reference_begin_location  ...  reference_header  query_header
0                    48                        29  ...         RS2_SALPB     RF3_SHEWM
1                    47                       148  ...       ACT5C_ANOGA     RF3_SHEWM
2                    55                       178  ...        MURQ_STRCO     RF3_SHEWM
3                    62                       125  ...         TAL_BREBN     RF3_SHEWM
4                    43                       106  ...        SUCD_METJA     RF3_SHEWM
...                 ...                       ...  ...               ...           ...
13995                54                       192  ...        ARLY_PYRCJ    SPEE_PYRAB
13996                49                       180  ...        ISPE_NOCSJ    SPEE_PYRAB
13997                40                        60  ...        HIS1_CAMJR    SPEE_PYRAB
13998                42                        51  ...        DCTQ_VIBCH    SPEE_PYRAB
13999                56                        25  ...        RL19_YERPY    SPEE_PYRAB

[2664000 rows x 7 columns]

STATUS: Writing results...
--- Elapsed: 8.1846 seconds ---
 total CPU work (counts) done while GPU was busy: 32548530

INFO: Correctness test skipped...

STATUS: Done
       alignment_scores  reference_begin_location  ...  reference_header  query_header
0                    49                       112  ...         RS2_SALPB    MNS1_XENTR
1                    47                       191  ...       ACT5C_ANOGA    MNS1_XENTR
2                    46                        12  ...        MURQ_STRCO    MNS1_XENTR
3                    40                        70  ...         TAL_BREBN    MNS1_XENTR
4                    45                        61  ...        SUCD_METJA    MNS1_XENTR
...                 ...                       ...  ...               ...           ...
29995                38                        29  ...        ARLY_PYRCJ    RL19_YERPY
29996                35                        16  ...        ISPE_NOCSJ    RL19_YERPY
29997                38                       112  ...        HIS1_CAMJR    RL19_YERPY
29998                33                        58  ...        DCTQ_VIBCH    RL19_YERPY
29999               733                         0  ...        RL19_YERPY    RL19_YERPY

[2680000 rows x 7 columns]

STATUS: Writing results...
--- Elapsed: 8.4806 seconds ---
 total CPU work (counts) done while GPU was busy: 29870646

INFO: Correctness test skipped...

STATUS: Done
chunk_n=6
482.07user 160.83system 2:05.12elapsed 513%CPU (0avgtext+0avgdata 891572maxresident)k
402581inputs+1221138outputs (1795major+5444751minor)pagefaults 0swaps
Start parsing of output files
Running blast_parser...
1.56user 0.09system 0:01.96elapsed 84%CPU (0avgtext+0avgdata 34480maxresident)k
141700inputs+4969outputs (29major+11748minor)pagefaults 0swaps
Running mmseqs_parser...
0.15user 0.03system 0:00.38elapsed 49%CPU (0avgtext+0avgdata 18768maxresident)k
11240inputs+1559outputs (29major+5738minor)pagefaults 0swaps
Running cudasw_parser...
7.42user 0.44system 0:08.21elapsed 95%CPU (0avgtext+0avgdata 577412maxresident)k
141171inputs+116343outputs (29major+316858minor)pagefaults 0swaps
Running ssw_parser...
125.70user 3.22system 2:10.84elapsed 98%CPU (0avgtext+0avgdata 3365408maxresident)k
4266808inputs+688383outputs (29major+1710980minor)pagefaults 0swaps
Running ssw_xargs_parser...
125.13user 3.06system 2:12.79elapsed 96%CPU (0avgtext+0avgdata 3365248maxresident)k
4266809inputs+688383outputs (29major+1815596minor)pagefaults 0swaps
Running swipe_parser...
22.69user 1.02system 0:25.18elapsed 94%CPU (0avgtext+0avgdata 577352maxresident)k
2568208inputs+116343outputs (29major+351876minor)pagefaults 0swaps
Running swipe_xargs_parser...
22.79user 1.02system 0:26.22elapsed 90%CPU (0avgtext+0avgdata 577404maxresident)k
2568154inputs+116343outputs (29major+346038minor)pagefaults 0swaps
Running adept_parser...
101.69user 2.47system 1:44.80elapsed 99%CPU (0avgtext+0avgdata 3365028maxresident)k
1230744inputs+688383outputs (29major+1746843minor)pagefaults 0swaps
Running adept_as_parser...
99.98user 2.39system 1:42.94elapsed 99%CPU (0avgtext+0avgdata 3365684maxresident)k
1230737inputs+688383outputs (29major+1715949minor)pagefaults 0swaps
Running adept_as_xargs_parser...
100.96user 2.43system 1:44.05elapsed 99%CPU (0avgtext+0avgdata 3365848maxresident)k
1230740inputs+688383outputs (29major+1752572minor)pagefaults 0swaps
Matplotlib created a temporary config/cache directory at /tmp/slurm-2569270/matplotlib-wfx_4mxu because the default path (/home/user/tuechler/.config/matplotlib) is not a writable directory; it is highly recommended to set the MPLCONFIGDIR environment variable to a writable directory, in particular to speed up the import of Matplotlib and to better support multiprocessing.
Runtimes of programs (in seconds):
blast:    93.543
mmseqs:   8.387
cudasw:   1251.584
ssw:      1690.642
ssw_xargs:102.363
swipe:    1047.893
swipe_xargs:378.955
adept:    284.934
adept_as: 642.580
adept_as_xargs:124.806
Plot of runtime comparison saved to /scratch/cube/tuechler/program_out/sp_n4000_10_1000_b/runtimes.png
Finished parsing output.
10186.27user 1990.42system 1:45:05elapsed 193%CPU (0avgtext+0avgdata 40227852maxresident)k
41691805inputs+21409807outputs (11266major+79512721minor)pagefaults 0swaps
