

Building a new DB, current time: 04/13/2022 02:06:39
New DB name:   /scratch/cube/tuechler/program_out/sp_n4000_10_1000/data/sp_n4000_10_1000
New DB title:  ../program_out/sp_n4000_10_1000/data/sp_n4000_10_1000
Sequence type: Protein
Keep MBits: T
Maximum file size: 1000000000B
Adding sequences from FASTA; added 4000 sequences in 0.14198 seconds.




Building a new DB, current time: 04/13/2022 02:06:41
New DB name:   /scratch/cube/tuechler/program_out/sp_n4000_10_1000/data/qchunks/q_1
New DB title:  ../program_out/sp_n4000_10_1000/data/qchunks/q_1
Sequence type: Protein
Keep MBits: T
Maximum file size: 1000000000B
Adding sequences from FASTA; added 4000 sequences in 0.142348 seconds.


Creating output directory: /scratch/cube/tuechler/protein_alignment/scripts/program_out/sp_n4000_10_1000
Running prepare_database.py...
Writing parameters to parameters.txt
Start calling of alignment programs
Running blast...
492.61user 0.66system 8:14.69elapsed 99%CPU (0avgtext+0avgdata 82884maxresident)k
78221inputs+132080outputs (318major+315890minor)pagefaults 0swaps
Running mmseqs...
createdb ../program_out/sp_n4000_10_1000/data/sp_n4000_10_1000 /tmp/6495521014679968328/query --dbtype 0 --shuffle 1 --createdb-mode 0 --id-offset 0 --compressed 0 -v 3 

Converting sequences
[
Time for merging to query_h: 0h 0m 0s 98ms
Time for merging to query: 0h 0m 0s 4ms
Database type: Aminoacid
Time for merging to query.lookup: 0h 0m 0s 0ms
Time for processing: 0h 0m 0s 162ms
createdb ../program_out/sp_n4000_10_1000/data/sp_n4000_10_1000 /tmp/6495521014679968328/target --dbtype 0 --shuffle 1 --createdb-mode 0 --id-offset 0 --compressed 0 -v 3 

Converting sequences
[
Time for merging to target_h: 0h 0m 0s 55ms
Time for merging to target: 0h 0m 0s 4ms
Database type: Aminoacid
Time for merging to target.lookup: 0h 0m 0s 0ms
Time for processing: 0h 0m 0s 117ms
Tmp /tmp/6495521014679968328/search_tmp folder does not exist or is not a directory.
prefilter /tmp/6495521014679968328/query /tmp/6495521014679968328/target /tmp/6495521014679968328/search_tmp/16315854546269775285/pref_0 --sub-mat /apps/mmseqs2/11-e1a1c/matrices/blosum50.out --seed-sub-mat nucl:nucleotide.out,aa:VTML80.out -k 0 --k-score 2147483647 --alph-size 21 --max-seq-len 65535 --max-seqs 300 --split 0 --split-mode 2 --split-memory-limit 0 -c 0 --cov-mode 0 --comp-bias-corr 1 --diag-score 1 --exact-kmer-matching 0 --mask 1 --mask-lower-case 0 --min-ungapped-score 15 --add-self-matches 0 --spaced-kmer-mode 1 --db-load-mode 0 --pca 1 --pcb 1.5 --threads 1 --compressed 0 -v 3 -s 7.5 

Query database size: 4000 type: Aminoacid
Estimated memory consumption: 986M
Target database size: 4000 type: Aminoacid
Index table k-mer threshold: 96 at k-mer size 6 
Index table: counting k-mers
[=================================================================] 4.00K 0s 650ms
Index table: Masked residues: 16283
Index table: fill
[=================================================================] 4.00K 0s 613ms
Index statistics
Entries:          1224063
DB size:          495 MB
Avg k-mer size:   0.019126
Top 10 k-mers
    PWQSGA	16
    LGPNPA	16
    YVPGSF	16
    AFGVWG	16
    TVTLAI	16
    QMFGVI	16
    GGSDTL	16
    WGMFAT	16
    MSWAIT	16
    PGVFEV	16
Time for index table init: 0h 0m 1s 898ms
Process prefiltering step 1 of 1

k-mer similarity threshold: 96
Starting prefiltering scores calculation (step 1 of 1)
Query db start 1 to 4000
Target db start 1 to 4000
[=================================================================] 4.00K 1m 19s 417ms

1474.633481 k-mers per position
10400 DB matches per sequence
0 overflows
0 queries produce too much hits (truncated result)
139 sequences passed prefiltering per query sequence
129 median result list length
4 sequences with 0 size result lists
Time for merging to pref_0: 0h 0m 0s 0ms
Time for processing: 0h 1m 23s 500ms
align /tmp/6495521014679968328/query /tmp/6495521014679968328/target /tmp/6495521014679968328/search_tmp/16315854546269775285/pref_0 /tmp/6495521014679968328/result --sub-mat /apps/mmseqs2/11-e1a1c/matrices/blosum50.out -a 0 --alignment-mode 3 --wrapped-scoring 0 -e 20 --min-seq-id 0 --min-aln-len 0 --seq-id-mode 0 --alt-ali 0 -c 0 --cov-mode 0 --max-seq-len 65535 --comp-bias-corr 1 --realign 0 --max-rejected 2147483647 --max-accept 2147483647 --add-self-matches 0 --db-load-mode 0 --pca 1 --pcb 1.5 --score-bias 0 --gap-open 15 --gap-extend 2 --zdrop 40 --threads 1 --compressed 0 -v 3 

Compute score, coverage and sequence identity
Query database size: 4000 type: Aminoacid
Target database size: 4000 type: Aminoacid
Calculation of alignments
[=================================================================] 4.00K 16s 13ms
Time for merging to result: 0h 0m 0s 0ms

559282 alignments calculated.
32628 sequence pairs passed the thresholds (0.058339 of overall calculated).
8.157000 hits per query sequence.
Time for processing: 0h 0m 16s 372ms
Remove temporary files
rmdb /tmp/6495521014679968328/search_tmp/16315854546269775285/pref_0 -v 3 

Time for processing: 0h 0m 0s 3ms
rmdb /tmp/6495521014679968328/search_tmp/16315854546269775285/aln_0 -v 3 

Time for processing: 0h 0m 0s 1ms
rmdb /tmp/6495521014679968328/search_tmp/16315854546269775285/input_0 -v 3 

Time for processing: 0h 0m 0s 1ms
rmdb /tmp/6495521014679968328/search_tmp/16315854546269775285/aln_merge -v 3 

Time for processing: 0h 0m 0s 1ms
convertalis /tmp/6495521014679968328/query /tmp/6495521014679968328/target /tmp/6495521014679968328/result ../program_out/sp_n4000_10_1000/mmseqs/sp_n4000_10_1000.mmseqs --sub-mat /apps/mmseqs2/11-e1a1c/matrices/blosum50.out --format-mode 0 --format-output query,target,raw --translation-table 1 --gap-open 15 --gap-extend 2 --db-output 0 --db-load-mode 0 --search-type 0 --threads 1 --compressed 0 -v 3 

[=================================================================] 4.00K 0s 101ms
Time for merging to sp_n4000_10_1000.mmseqs: 0h 0m 0s 7ms
Time for processing: 0h 0m 0s 479ms
Removing temporary files
rmdb /tmp/6495521014679968328/result 

Time for processing: 0h 0m 0s 2ms
rmdb /tmp/6495521014679968328/target 

Time for processing: 0h 0m 0s 2ms
rmdb /tmp/6495521014679968328/target_h 

Time for processing: 0h 0m 0s 1ms
rmdb /tmp/6495521014679968328/query 

Time for processing: 0h 0m 0s 2ms
rmdb /tmp/6495521014679968328/query_h 

Time for processing: 0h 0m 0s 1ms
109.02user 0.60system 1:41.27elapsed 108%CPU (0avgtext+0avgdata 921652maxresident)k
145057inputs+31939outputs (635major+47576minor)pagefaults 0swaps
Running cudasw...
754.86user 524.59system 21:25.68elapsed 99%CPU (0avgtext+0avgdata 239476maxresident)k
19762inputs+128185outputs (50major+74852minor)pagefaults 0swaps
Running ssw...
CPU time: 1660.09765196 seconds
1560.22user 7.70system 27:40.78elapsed 94%CPU (0avgtext+0avgdata 8956maxresident)k
10513559inputs+4257188outputs (32major+46717minor)pagefaults 0swaps
Running ssw_xargs...
CPU time: 1644.17872214 seconds
chunk_n=1
1620.17user 5.11system 27:25.09elapsed 98%CPU (0avgtext+0avgdata 8984maxresident)k
10514857inputs+4257188outputs (35major+52266minor)pagefaults 0swaps
Running swipe...
723.47user 53.26system 19:41.86elapsed 65%CPU (0avgtext+0avgdata 8988maxresident)k
16006inputs+2558479outputs (44major+10158774minor)pagefaults 0swaps
Running swipe_xargs...
chunk_n=1
748.44user 53.90system 20:08.42elapsed 66%CPU (0avgtext+0avgdata 8988maxresident)k
17304inputs+2558440outputs (47major+10162393minor)pagefaults 0swaps
Running adept...

---------------------------------
     PYTHON MULTIGPU PROTEIN     
---------------------------------

STATUS: Reading ref and query files
STATUS: Launching driver

STATUS: PyADEPT Alignments completed
--- Elapsed: 439.6195 seconds ---
          alignment_scores  ...  query_header
0                     1565  ...     RS2_SALPB
1                       40  ...     RS2_SALPB
2                       49  ...     RS2_SALPB
3                       38  ...     RS2_SALPB
4                       45  ...     RS2_SALPB
...                    ...  ...           ...
15999995                38  ...    RL19_YERPY
15999996                35  ...    RL19_YERPY
15999997                38  ...    RL19_YERPY
15999998                33  ...    RL19_YERPY
15999999               733  ...    RL19_YERPY

[16000000 rows x 7 columns]

STATUS: Writing results...
--- Elapsed: 38.0887 seconds ---

INFO: Correctness test skipped...

STATUS: Done
342.09user 182.86system 10:12.39elapsed 85%CPU (0avgtext+0avgdata 41267188maxresident)k
97338inputs+1221133outputs (320major+27062091minor)pagefaults 0swaps
Running adept_as...

------------------------------
     PYTHON ASYNC PROTEIN     
------------------------------

STATUS: Reading ref and query files
STATUS: Launching driver
0
50000
100000
150000
200000
250000
300000
350000
400000
450000
500000
550000
600000
650000
700000
750000
800000
850000
900000
950000
1000000
1050000
1100000
1150000
1200000
1250000
1300000
1350000
1400000
1450000
1500000
1550000
1600000
1650000
1700000
1750000
1800000
1850000
1900000
1950000
2000000
2050000
2100000
2150000
2200000
2250000
2300000
2350000
2400000
2450000
2500000
2550000
2600000
2650000
2700000
2750000
2800000
2850000
2900000
2950000
3000000
3050000
3100000
3150000
3200000
3250000
3300000
3350000
3400000
3450000
3500000
3550000
3600000
3650000
3700000
3750000
3800000
3850000
3900000
3950000
4000000
4050000
4100000
4150000
4200000
4250000
4300000
4350000
4400000
4450000
4500000
4550000
4600000
4650000
4700000
4750000
4800000
4850000
4900000
4950000
5000000
5050000
5100000
5150000
5200000
5250000
5300000
5350000
5400000
5450000
5500000
5550000
5600000
5650000
5700000
5750000
5800000
5850000
5900000
5950000
6000000
6050000
6100000
6150000
6200000
6250000
6300000
6350000
6400000
6450000
6500000
6550000
6600000
6650000
6700000
6750000
6800000
6850000
6900000
6950000
7000000
7050000
7100000
7150000
7200000
7250000
7300000
7350000
7400000
7450000
7500000
7550000
7600000
7650000
7700000
7750000
7800000
7850000
7900000
7950000
8000000
8050000
8100000
8150000
8200000
8250000
8300000
8350000
8400000
8450000
8500000
8550000
8600000
8650000
8700000
8750000
8800000
8850000
8900000
8950000
9000000
9050000
9100000
9150000
9200000
9250000
9300000
9350000
9400000
9450000
9500000
9550000
9600000
9650000
9700000
9750000
9800000
9850000
9900000
9950000
10000000
10050000
10100000
10150000
10200000
10250000
10300000
10350000
10400000
10450000
10500000
10550000
10600000
10650000
10700000
10750000
10800000
10850000
10900000
10950000
11000000
11050000
11100000
11150000
11200000
11250000
11300000
11350000
11400000
11450000
11500000
11550000
11600000
11650000
11700000
11750000
11800000
11850000
11900000
11950000
12000000
12050000
12100000
12150000
12200000
12250000
12300000
12350000
12400000
12450000
12500000
12550000
12600000
12650000
12700000
12750000
12800000
12850000
12900000
12950000
13000000
13050000
13100000
13150000
13200000
13250000
13300000
13350000
13400000
13450000
13500000
13550000
13600000
13650000
13700000
13750000
13800000
13850000
13900000
13950000
14000000
14050000
14100000
14150000
14200000
14250000
14300000
14350000
14400000
14450000
14500000
14550000
14600000
14650000
14700000
14750000
14800000
14850000
14900000
14950000
15000000
15050000
15100000
15150000
15200000
15250000
15300000
15350000
15400000
15450000
15500000
15550000
15600000
15650000
15700000
15750000
15800000
15850000
15900000
15950000

STATUS: PyADEPT Alignments completed
--- Elapsed: 587.0931 seconds ---
       alignment_scores  reference_begin_location  ...  reference_header  query_header
0                  1565                         0  ...         RS2_SALPB     RS2_SALPB
1                    40                        43  ...       ACT5C_ANOGA     RS2_SALPB
2                    49                        55  ...        MURQ_STRCO     RS2_SALPB
3                    38                        78  ...         TAL_BREBN     RS2_SALPB
4                    45                        73  ...        SUCD_METJA     RS2_SALPB
...                 ...                       ...  ...               ...           ...
49995                38                        29  ...        ARLY_PYRCJ    RL19_YERPY
49996                35                        16  ...        ISPE_NOCSJ    RL19_YERPY
49997                38                       112  ...        HIS1_CAMJR    RL19_YERPY
49998                33                        58  ...        DCTQ_VIBCH    RL19_YERPY
49999               733                         0  ...        RL19_YERPY    RL19_YERPY

[16000000 rows x 7 columns]

STATUS: Writing results...
--- Elapsed: 37.4577 seconds ---
 total CPU work (counts) done while GPU was busy: 215478127

INFO: Correctness test skipped...

STATUS: Done
484.07user 150.81system 10:44.50elapsed 98%CPU (0avgtext+0avgdata 3195880maxresident)k
96490inputs+1221125outputs (317major+3634392minor)pagefaults 0swaps
Running adept_as_xargs...

------------------------------
     PYTHON ASYNC PROTEIN     
------------------------------

STATUS: Reading ref and query files
STATUS: Launching driver
0
50000
100000
150000
200000
250000
300000
350000
400000
450000
500000
550000
600000
650000
700000
750000
800000
850000
900000
950000
1000000
1050000
1100000
1150000
1200000
1250000
1300000
1350000
1400000
1450000
1500000
1550000
1600000
1650000
1700000
1750000
1800000
1850000
1900000
1950000
2000000
2050000
2100000
2150000
2200000
2250000
2300000
2350000
2400000
2450000
2500000
2550000
2600000
2650000
2700000
2750000
2800000
2850000
2900000
2950000
3000000
3050000
3100000
3150000
3200000
3250000
3300000
3350000
3400000
3450000
3500000
3550000
3600000
3650000
3700000
3750000
3800000
3850000
3900000
3950000
4000000
4050000
4100000
4150000
4200000
4250000
4300000
4350000
4400000
4450000
4500000
4550000
4600000
4650000
4700000
4750000
4800000
4850000
4900000
4950000
5000000
5050000
5100000
5150000
5200000
5250000
5300000
5350000
5400000
5450000
5500000
5550000
5600000
5650000
5700000
5750000
5800000
5850000
5900000
5950000
6000000
6050000
6100000
6150000
6200000
6250000
6300000
6350000
6400000
6450000
6500000
6550000
6600000
6650000
6700000
6750000
6800000
6850000
6900000
6950000
7000000
7050000
7100000
7150000
7200000
7250000
7300000
7350000
7400000
7450000
7500000
7550000
7600000
7650000
7700000
7750000
7800000
7850000
7900000
7950000
8000000
8050000
8100000
8150000
8200000
8250000
8300000
8350000
8400000
8450000
8500000
8550000
8600000
8650000
8700000
8750000
8800000
8850000
8900000
8950000
9000000
9050000
9100000
9150000
9200000
9250000
9300000
9350000
9400000
9450000
9500000
9550000
9600000
9650000
9700000
9750000
9800000
9850000
9900000
9950000
10000000
10050000
10100000
10150000
10200000
10250000
10300000
10350000
10400000
10450000
10500000
10550000
10600000
10650000
10700000
10750000
10800000
10850000
10900000
10950000
11000000
11050000
11100000
11150000
11200000
11250000
11300000
11350000
11400000
11450000
11500000
11550000
11600000
11650000
11700000
11750000
11800000
11850000
11900000
11950000
12000000
12050000
12100000
12150000
12200000
12250000
12300000
12350000
12400000
12450000
12500000
12550000
12600000
12650000
12700000
12750000
12800000
12850000
12900000
12950000
13000000
13050000
13100000
13150000
13200000
13250000
13300000
13350000
13400000
13450000
13500000
13550000
13600000
13650000
13700000
13750000
13800000
13850000
13900000
13950000
14000000
14050000
14100000
14150000
14200000
14250000
14300000
14350000
14400000
14450000
14500000
14550000
14600000
14650000
14700000
14750000
14800000
14850000
14900000
14950000
15000000
15050000
15100000
15150000
15200000
15250000
15300000
15350000
15400000
15450000
15500000
15550000
15600000
15650000
15700000
15750000
15800000
15850000
15900000
15950000

STATUS: PyADEPT Alignments completed
--- Elapsed: 590.7736 seconds ---
       alignment_scores  reference_begin_location  ...  reference_header  query_header
0                  1565                         0  ...         RS2_SALPB     RS2_SALPB
1                    40                        43  ...       ACT5C_ANOGA     RS2_SALPB
2                    49                        55  ...        MURQ_STRCO     RS2_SALPB
3                    38                        78  ...         TAL_BREBN     RS2_SALPB
4                    45                        73  ...        SUCD_METJA     RS2_SALPB
...                 ...                       ...  ...               ...           ...
49995                38                        29  ...        ARLY_PYRCJ    RL19_YERPY
49996                35                        16  ...        ISPE_NOCSJ    RL19_YERPY
49997                38                       112  ...        HIS1_CAMJR    RL19_YERPY
49998                33                        58  ...        DCTQ_VIBCH    RL19_YERPY
49999               733                         0  ...        RL19_YERPY    RL19_YERPY

[16000000 rows x 7 columns]

STATUS: Writing results...
--- Elapsed: 37.3332 seconds ---
 total CPU work (counts) done while GPU was busy: 217604249

INFO: Correctness test skipped...

STATUS: Done
chunk_n=1
487.71user 150.59system 10:48.23elapsed 98%CPU (0avgtext+0avgdata 3214720maxresident)k
97790inputs+1221125outputs (320major+3506410minor)pagefaults 0swaps
Start parsing of output files
Running blast_parser...
1.50user 0.08system 0:01.96elapsed 80%CPU (0avgtext+0avgdata 35492maxresident)k
141700inputs+4969outputs (29major+12262minor)pagefaults 0swaps
Running mmseqs_parser...
0.13user 0.03system 0:00.33elapsed 51%CPU (0avgtext+0avgdata 18764maxresident)k
11240inputs+1559outputs (29major+5736minor)pagefaults 0swaps
Running cudasw_parser...
7.60user 0.39system 0:08.37elapsed 95%CPU (0avgtext+0avgdata 577468maxresident)k
137809inputs+116343outputs (29major+323646minor)pagefaults 0swaps
Running ssw_parser...
125.21user 3.00system 2:10.22elapsed 98%CPU (0avgtext+0avgdata 3366208maxresident)k
4266808inputs+688383outputs (29major+1700843minor)pagefaults 0swaps
Running ssw_xargs_parser...
126.15user 3.18system 2:11.10elapsed 98%CPU (0avgtext+0avgdata 3365308maxresident)k
4266809inputs+688383outputs (29major+1703516minor)pagefaults 0swaps
Running swipe_parser...
21.33user 1.11system 0:23.70elapsed 94%CPU (0avgtext+0avgdata 577512maxresident)k
2568101inputs+116343outputs (29major+326742minor)pagefaults 0swaps
Running swipe_xargs_parser...
20.87user 1.11system 0:23.33elapsed 94%CPU (0avgtext+0avgdata 577496maxresident)k
2568063inputs+116343outputs (29major+332636minor)pagefaults 0swaps
Running adept_parser...
99.70user 2.59system 1:42.98elapsed 99%CPU (0avgtext+0avgdata 3365916maxresident)k
1230751inputs+688383outputs (29major+1720715minor)pagefaults 0swaps
Running adept_as_parser...
100.36user 2.49system 1:43.59elapsed 99%CPU (0avgtext+0avgdata 3365700maxresident)k
1230737inputs+688383outputs (29major+1755442minor)pagefaults 0swaps
Running adept_as_xargs_parser...
101.30user 2.70system 1:44.69elapsed 99%CPU (0avgtext+0avgdata 3365728maxresident)k
1230739inputs+688383outputs (29major+1761266minor)pagefaults 0swaps
Matplotlib created a temporary config/cache directory at /tmp/slurm-2569269/matplotlib-p5j2gs2v because the default path (/home/user/tuechler/.config/matplotlib) is not a writable directory; it is highly recommended to set the MPLCONFIGDIR environment variable to a writable directory, in particular to speed up the import of Matplotlib and to better support multiprocessing.
Runtimes of programs (in seconds):
blast:    494.426
mmseqs:   101.008
cudasw:   1285.344
ssw:      1660.510
ssw_xargs:1644.736
swipe:    1181.507
swipe_xargs:1208.058
adept:    612.062
adept_as: 644.196
adept_as_xargs:647.949
Plot of runtime comparison saved to /scratch/cube/tuechler/program_out/sp_n4000_10_1000/runtimes.png
Finished parsing output.
7934.16user 1158.82system 2:48:55elapsed 89%CPU (0avgtext+0avgdata 41267188maxresident)k
40087933inputs+21403981outputs (3420major+64826578minor)pagefaults 0swaps
