

Building a new DB, current time: 04/17/2022 03:45:17
New DB name:   /scratch/cube/tuechler/program_out/sp_n6000_10_600_c/data/sp_n6000_10_600_c
New DB title:  ../program_out/sp_n6000_10_600_c/data/sp_n6000_10_600_c
Sequence type: Protein
Keep MBits: T
Maximum file size: 1000000000B
Adding sequences from FASTA; added 6000 sequences in 0.206294 seconds.




Building a new DB, current time: 04/17/2022 03:45:19
New DB name:   /scratch/cube/tuechler/program_out/sp_n6000_10_600_c/data/qchunks/q_1
New DB title:  ../program_out/sp_n6000_10_600_c/data/qchunks/q_1
Sequence type: Protein
Keep MBits: T
Maximum file size: 1000000000B
Adding sequences from FASTA; added 250 sequences in 0.013361 seconds.




Building a new DB, current time: 04/17/2022 03:45:20
New DB name:   /scratch/cube/tuechler/program_out/sp_n6000_10_600_c/data/qchunks/q_2
New DB title:  ../program_out/sp_n6000_10_600_c/data/qchunks/q_2
Sequence type: Protein
Keep MBits: T
Maximum file size: 1000000000B
Adding sequences from FASTA; added 250 sequences in 0.01424 seconds.




Building a new DB, current time: 04/17/2022 03:45:21
New DB name:   /scratch/cube/tuechler/program_out/sp_n6000_10_600_c/data/qchunks/q_3
New DB title:  ../program_out/sp_n6000_10_600_c/data/qchunks/q_3
Sequence type: Protein
Keep MBits: T
Maximum file size: 1000000000B
Adding sequences from FASTA; added 250 sequences in 0.0128601 seconds.




Building a new DB, current time: 04/17/2022 03:45:21
New DB name:   /scratch/cube/tuechler/program_out/sp_n6000_10_600_c/data/qchunks/q_4
New DB title:  ../program_out/sp_n6000_10_600_c/data/qchunks/q_4
Sequence type: Protein
Keep MBits: T
Maximum file size: 1000000000B
Adding sequences from FASTA; added 250 sequences in 0.0140021 seconds.




Building a new DB, current time: 04/17/2022 03:45:22
New DB name:   /scratch/cube/tuechler/program_out/sp_n6000_10_600_c/data/qchunks/q_5
New DB title:  ../program_out/sp_n6000_10_600_c/data/qchunks/q_5
Sequence type: Protein
Keep MBits: T
Maximum file size: 1000000000B
Adding sequences from FASTA; added 250 sequences in 0.013572 seconds.




Building a new DB, current time: 04/17/2022 03:45:23
New DB name:   /scratch/cube/tuechler/program_out/sp_n6000_10_600_c/data/qchunks/q_6
New DB title:  ../program_out/sp_n6000_10_600_c/data/qchunks/q_6
Sequence type: Protein
Keep MBits: T
Maximum file size: 1000000000B
Adding sequences from FASTA; added 250 sequences in 0.014303 seconds.




Building a new DB, current time: 04/17/2022 03:45:24
New DB name:   /scratch/cube/tuechler/program_out/sp_n6000_10_600_c/data/qchunks/q_7
New DB title:  ../program_out/sp_n6000_10_600_c/data/qchunks/q_7
Sequence type: Protein
Keep MBits: T
Maximum file size: 1000000000B
Adding sequences from FASTA; added 250 sequences in 0.01368 seconds.




Building a new DB, current time: 04/17/2022 03:45:24
New DB name:   /scratch/cube/tuechler/program_out/sp_n6000_10_600_c/data/qchunks/q_8
New DB title:  ../program_out/sp_n6000_10_600_c/data/qchunks/q_8
Sequence type: Protein
Keep MBits: T
Maximum file size: 1000000000B
Adding sequences from FASTA; added 250 sequences in 0.0127389 seconds.




Building a new DB, current time: 04/17/2022 03:45:25
New DB name:   /scratch/cube/tuechler/program_out/sp_n6000_10_600_c/data/qchunks/q_9
New DB title:  ../program_out/sp_n6000_10_600_c/data/qchunks/q_9
Sequence type: Protein
Keep MBits: T
Maximum file size: 1000000000B
Adding sequences from FASTA; added 250 sequences in 0.0127602 seconds.




Building a new DB, current time: 04/17/2022 03:45:26
New DB name:   /scratch/cube/tuechler/program_out/sp_n6000_10_600_c/data/qchunks/q_10
New DB title:  ../program_out/sp_n6000_10_600_c/data/qchunks/q_10
Sequence type: Protein
Keep MBits: T
Maximum file size: 1000000000B
Adding sequences from FASTA; added 250 sequences in 0.016099 seconds.




Building a new DB, current time: 04/17/2022 03:45:27
New DB name:   /scratch/cube/tuechler/program_out/sp_n6000_10_600_c/data/qchunks/q_11
New DB title:  ../program_out/sp_n6000_10_600_c/data/qchunks/q_11
Sequence type: Protein
Keep MBits: T
Maximum file size: 1000000000B
Adding sequences from FASTA; added 250 sequences in 0.015837 seconds.




Building a new DB, current time: 04/17/2022 03:45:27
New DB name:   /scratch/cube/tuechler/program_out/sp_n6000_10_600_c/data/qchunks/q_12
New DB title:  ../program_out/sp_n6000_10_600_c/data/qchunks/q_12
Sequence type: Protein
Keep MBits: T
Maximum file size: 1000000000B
Adding sequences from FASTA; added 250 sequences in 0.0155778 seconds.




Building a new DB, current time: 04/17/2022 03:45:28
New DB name:   /scratch/cube/tuechler/program_out/sp_n6000_10_600_c/data/qchunks/q_13
New DB title:  ../program_out/sp_n6000_10_600_c/data/qchunks/q_13
Sequence type: Protein
Keep MBits: T
Maximum file size: 1000000000B
Adding sequences from FASTA; added 250 sequences in 0.0157518 seconds.




Building a new DB, current time: 04/17/2022 03:45:29
New DB name:   /scratch/cube/tuechler/program_out/sp_n6000_10_600_c/data/qchunks/q_14
New DB title:  ../program_out/sp_n6000_10_600_c/data/qchunks/q_14
Sequence type: Protein
Keep MBits: T
Maximum file size: 1000000000B
Adding sequences from FASTA; added 250 sequences in 0.0157871 seconds.




Building a new DB, current time: 04/17/2022 03:45:30
New DB name:   /scratch/cube/tuechler/program_out/sp_n6000_10_600_c/data/qchunks/q_15
New DB title:  ../program_out/sp_n6000_10_600_c/data/qchunks/q_15
Sequence type: Protein
Keep MBits: T
Maximum file size: 1000000000B
Adding sequences from FASTA; added 250 sequences in 0.015136 seconds.




Building a new DB, current time: 04/17/2022 03:45:30
New DB name:   /scratch/cube/tuechler/program_out/sp_n6000_10_600_c/data/qchunks/q_16
New DB title:  ../program_out/sp_n6000_10_600_c/data/qchunks/q_16
Sequence type: Protein
Keep MBits: T
Maximum file size: 1000000000B
Adding sequences from FASTA; added 250 sequences in 0.0160069 seconds.




Building a new DB, current time: 04/17/2022 03:45:31
New DB name:   /scratch/cube/tuechler/program_out/sp_n6000_10_600_c/data/qchunks/q_17
New DB title:  ../program_out/sp_n6000_10_600_c/data/qchunks/q_17
Sequence type: Protein
Keep MBits: T
Maximum file size: 1000000000B
Adding sequences from FASTA; added 250 sequences in 0.0155091 seconds.




Building a new DB, current time: 04/17/2022 03:45:32
New DB name:   /scratch/cube/tuechler/program_out/sp_n6000_10_600_c/data/qchunks/q_18
New DB title:  ../program_out/sp_n6000_10_600_c/data/qchunks/q_18
Sequence type: Protein
Keep MBits: T
Maximum file size: 1000000000B
Adding sequences from FASTA; added 250 sequences in 0.0152941 seconds.




Building a new DB, current time: 04/17/2022 03:45:33
New DB name:   /scratch/cube/tuechler/program_out/sp_n6000_10_600_c/data/qchunks/q_19
New DB title:  ../program_out/sp_n6000_10_600_c/data/qchunks/q_19
Sequence type: Protein
Keep MBits: T
Maximum file size: 1000000000B
Adding sequences from FASTA; added 250 sequences in 0.0156889 seconds.




Building a new DB, current time: 04/17/2022 03:45:33
New DB name:   /scratch/cube/tuechler/program_out/sp_n6000_10_600_c/data/qchunks/q_20
New DB title:  ../program_out/sp_n6000_10_600_c/data/qchunks/q_20
Sequence type: Protein
Keep MBits: T
Maximum file size: 1000000000B
Adding sequences from FASTA; added 250 sequences in 0.0156291 seconds.




Building a new DB, current time: 04/17/2022 03:45:34
New DB name:   /scratch/cube/tuechler/program_out/sp_n6000_10_600_c/data/qchunks/q_21
New DB title:  ../program_out/sp_n6000_10_600_c/data/qchunks/q_21
Sequence type: Protein
Keep MBits: T
Maximum file size: 1000000000B
Adding sequences from FASTA; added 250 sequences in 0.0128942 seconds.




Building a new DB, current time: 04/17/2022 03:45:35
New DB name:   /scratch/cube/tuechler/program_out/sp_n6000_10_600_c/data/qchunks/q_22
New DB title:  ../program_out/sp_n6000_10_600_c/data/qchunks/q_22
Sequence type: Protein
Keep MBits: T
Maximum file size: 1000000000B
Adding sequences from FASTA; added 250 sequences in 0.0128758 seconds.




Building a new DB, current time: 04/17/2022 03:45:36
New DB name:   /scratch/cube/tuechler/program_out/sp_n6000_10_600_c/data/qchunks/q_23
New DB title:  ../program_out/sp_n6000_10_600_c/data/qchunks/q_23
Sequence type: Protein
Keep MBits: T
Maximum file size: 1000000000B
Adding sequences from FASTA; added 250 sequences in 0.0133491 seconds.




Building a new DB, current time: 04/17/2022 03:45:37
New DB name:   /scratch/cube/tuechler/program_out/sp_n6000_10_600_c/data/qchunks/q_24
New DB title:  ../program_out/sp_n6000_10_600_c/data/qchunks/q_24
Sequence type: Protein
Keep MBits: T
Maximum file size: 1000000000B
Adding sequences from FASTA; added 250 sequences in 0.0132868 seconds.


Creating output directory: /scratch/cube/tuechler/protein_alignment/scripts/program_out/sp_n6000_10_600_c
Running prepare_database.py...
Writing parameters to parameters.txt
Start calling of alignment programs
Running blast...
1517.69user 4.50system 2:26.15elapsed 1041%CPU (0avgtext+0avgdata 229612maxresident)k
79994inputs+221428outputs (326major+910076minor)pagefaults 0swaps
Running mmseqs...
createdb ../program_out/sp_n6000_10_600_c/data/sp_n6000_10_600_c /tmp/12358546517778263279/query --dbtype 0 --shuffle 1 --createdb-mode 0 --id-offset 0 --compressed 0 -v 3 

Converting sequences
[
Time for merging to query_h: 0h 0m 0s 43ms
Time for merging to query: 0h 0m 0s 6ms
Database type: Aminoacid
Time for merging to query.lookup: 0h 0m 0s 0ms
Time for processing: 0h 0m 0s 114ms
createdb ../program_out/sp_n6000_10_600_c/data/sp_n6000_10_600_c /tmp/12358546517778263279/target --dbtype 0 --shuffle 1 --createdb-mode 0 --id-offset 0 --compressed 0 -v 3 

Converting sequences
[
Time for merging to target_h: 0h 0m 0s 21ms
Time for merging to target: 0h 0m 0s 6ms
Database type: Aminoacid
Time for merging to target.lookup: 0h 0m 0s 0ms
Time for processing: 0h 0m 0s 89ms
Tmp /tmp/12358546517778263279/search_tmp folder does not exist or is not a directory.
prefilter /tmp/12358546517778263279/query /tmp/12358546517778263279/target /tmp/12358546517778263279/search_tmp/9047817277452205776/pref_0 --sub-mat /apps/mmseqs2/11-e1a1c/matrices/blosum50.out --seed-sub-mat nucl:nucleotide.out,aa:VTML80.out -k 0 --k-score 2147483647 --alph-size 21 --max-seq-len 65535 --max-seqs 300 --split 0 --split-mode 2 --split-memory-limit 0 -c 0 --cov-mode 0 --comp-bias-corr 1 --diag-score 1 --exact-kmer-matching 0 --mask 1 --mask-lower-case 0 --min-ungapped-score 15 --add-self-matches 0 --spaced-kmer-mode 1 --db-load-mode 0 --pca 1 --pcb 1.5 --threads 24 --compressed 0 -v 3 -s 7.5 

Query database size: 6000 type: Aminoacid
Estimated memory consumption: 995M
Target database size: 6000 type: Aminoacid
Index table k-mer threshold: 96 at k-mer size 6 
Index table: counting k-mers
[=================================================================] 6.00K 0s 47ms
Index table: Masked residues: 15656
Index table: fill
[=================================================================] 6.00K 0s 39ms
Index statistics
Entries:          1562863
DB size:          497 MB
Avg k-mer size:   0.024420
Top 10 k-mers
    GPGGTL	23
    FLAARS	23
    ILSPLG	22
    LFYISI	22
    PNLGAL	22
    WYLAIL	22
    AIRIKL	22
    AYIRPN	22
    YFFYLR	22
    HAGSFI	21
Time for index table init: 0h 0m 0s 628ms
Process prefiltering step 1 of 1

k-mer similarity threshold: 96
Starting prefiltering scores calculation (step 1 of 1)
Query db start 1 to 6000
Target db start 1 to 6000
[=================================================================] 6.00K 6s 899ms

1483.698883 k-mers per position
11446 DB matches per sequence
0 overflows
0 queries produce too much hits (truncated result)
159 sequences passed prefiltering per query sequence
154 median result list length
9 sequences with 0 size result lists
Time for merging to pref_0: 0h 0m 0s 2ms
Time for processing: 0h 0m 7s 916ms
align /tmp/12358546517778263279/query /tmp/12358546517778263279/target /tmp/12358546517778263279/search_tmp/9047817277452205776/pref_0 /tmp/12358546517778263279/result --sub-mat /apps/mmseqs2/11-e1a1c/matrices/blosum50.out -a 0 --alignment-mode 3 --wrapped-scoring 0 -e 20 --min-seq-id 0 --min-aln-len 0 --seq-id-mode 0 --alt-ali 0 -c 0 --cov-mode 0 --max-seq-len 65535 --comp-bias-corr 1 --realign 0 --max-rejected 2147483647 --max-accept 2147483647 --add-self-matches 0 --db-load-mode 0 --pca 1 --pcb 1.5 --score-bias 0 --gap-open 15 --gap-extend 2 --zdrop 40 --threads 24 --compressed 0 -v 3 

Compute score, coverage and sequence identity
Query database size: 6000 type: Aminoacid
Target database size: 6000 type: Aminoacid
Calculation of alignments
[=================================================================] 6.00K 1s 72ms
Time for merging to result: 0h 0m 0s 3ms

955793 alignments calculated.
59069 sequence pairs passed the thresholds (0.061801 of overall calculated).
9.844833 hits per query sequence.
Time for processing: 0h 0m 1s 325ms
Remove temporary files
rmdb /tmp/12358546517778263279/search_tmp/9047817277452205776/pref_0 -v 3 

Time for processing: 0h 0m 0s 4ms
rmdb /tmp/12358546517778263279/search_tmp/9047817277452205776/aln_0 -v 3 

Time for processing: 0h 0m 0s 1ms
rmdb /tmp/12358546517778263279/search_tmp/9047817277452205776/input_0 -v 3 

Time for processing: 0h 0m 0s 1ms
rmdb /tmp/12358546517778263279/search_tmp/9047817277452205776/aln_merge -v 3 

Time for processing: 0h 0m 0s 1ms
convertalis /tmp/12358546517778263279/query /tmp/12358546517778263279/target /tmp/12358546517778263279/result ../program_out/sp_n6000_10_600_c/mmseqs/sp_n6000_10_600_c.mmseqs --sub-mat /apps/mmseqs2/11-e1a1c/matrices/blosum50.out --format-mode 0 --format-output query,target,raw --translation-table 1 --gap-open 15 --gap-extend 2 --db-output 0 --db-load-mode 0 --search-type 0 --threads 24 --compressed 0 -v 3 

[=================================================================] 6.00K 0s 30ms
Time for merging to sp_n6000_10_600_c.mmseqs: 0h 0m 0s 99ms
Time for processing: 0h 0m 0s 545ms
Removing temporary files
rmdb /tmp/12358546517778263279/result 

Time for processing: 0h 0m 0s 2ms
rmdb /tmp/12358546517778263279/target 

Time for processing: 0h 0m 0s 1ms
rmdb /tmp/12358546517778263279/target_h 

Time for processing: 0h 0m 0s 1ms
rmdb /tmp/12358546517778263279/query 

Time for processing: 0h 0m 0s 1ms
rmdb /tmp/12358546517778263279/query_h 

Time for processing: 0h 0m 0s 1ms
204.93user 1.21system 0:11.37elapsed 1811%CPU (0avgtext+0avgdata 1463140maxresident)k
149907inputs+52613outputs (658major+45502minor)pagefaults 0swaps
Running cudasw...
644.52user 457.71system 17:02.35elapsed 107%CPU (0avgtext+0avgdata 769184maxresident)k
21257inputs+223798outputs (50major+15604379minor)pagefaults 0swaps
Running cudasw_xargs...
chunk_n=6
853.36user 588.31system 6:20.93elapsed 378%CPU (0avgtext+0avgdata 239400maxresident)k
56565inputs+218776outputs (116major+372465minor)pagefaults 0swaps
Running ssw...
CPU time: 3329.52819395 seconds
3117.70user 15.32system 55:31.09elapsed 94%CPU (0avgtext+0avgdata 8952maxresident)k
20255498inputs+9608425outputs (32major+76448minor)pagefaults 0swaps
Running ssw_xargs...
CPU time: 174.51436305 seconds
CPU time: 175.243161201 seconds
CPU time: 175.583739042 seconds
CPU time: 179.342751026 seconds
CPU time: 180.247889996 seconds
CPU time: 181.707933903 seconds
CPU time: 181.962859869 seconds
CPU time: 182.299536228 seconds
CPU time: 183.273661137 seconds
CPU time: 183.612253904 seconds
CPU time: 184.107553005 seconds
CPU time: 184.421698809 seconds
CPU time: 184.689572811 seconds
CPU time: 184.695061922 seconds
CPU time: 185.478549004 seconds
CPU time: 186.376811028 seconds
CPU time: 186.063477039 seconds
CPU time: 186.063030958 seconds
CPU time: 186.710370064 seconds
CPU time: 187.336218834 seconds
CPU time: 189.45630002 seconds
CPU time: 191.497999907 seconds
CPU time: 191.292752028 seconds
CPU time: 196.476703167 seconds
chunk_n=24
4220.04user 34.84system 3:18.16elapsed 2147%CPU (0avgtext+0avgdata 8984maxresident)k
20287861inputs+9608416outputs (174major+657276minor)pagefaults 0swaps
Running swipe...
2204.41user 1122.15system 30:40.57elapsed 180%CPU (0avgtext+0avgdata 8972maxresident)k
16755inputs+4312782outputs (44major+18062814minor)pagefaults 0swaps
Running swipe_xargs...
chunk_n=24
1724.20user 415.69system 11:01.02elapsed 323%CPU (0avgtext+0avgdata 9000maxresident)k
58555inputs+4312693outputs (224major+17374522minor)pagefaults 0swaps
Running adept...

---------------------------------
     PYTHON MULTIGPU PROTEIN     
---------------------------------

STATUS: Reading ref and query files
STATUS: Launching driver

STATUS: PyADEPT Alignments completed
--- Elapsed: 267.5044 seconds ---
          alignment_scores  ...  query_header
0                     1428  ...    LIPB_ECOLI
1                       42  ...    LIPB_ECOLI
2                       40  ...    LIPB_ECOLI
3                       45  ...    LIPB_ECOLI
4                       38  ...    LIPB_ECOLI
...                    ...  ...           ...
35999995                41  ...    RL13_CALS8
35999996                43  ...    RL13_CALS8
35999997                33  ...    RL13_CALS8
35999998                37  ...    RL13_CALS8
35999999               955  ...    RL13_CALS8

[36000000 rows x 7 columns]

STATUS: Writing results...
--- Elapsed: 87.0192 seconds ---

INFO: Correctness test skipped...

STATUS: Done
735.64user 477.39system 10:55.13elapsed 185%CPU (0avgtext+0avgdata 83236864maxresident)k
98835inputs+2738127outputs (320major+60753739minor)pagefaults 0swaps
Running adept_as...

------------------------------
     PYTHON ASYNC PROTEIN     
------------------------------

STATUS: Reading ref and query files
STATUS: Launching driver
0
50000
100000
150000
200000
250000
300000
350000
400000
450000
500000
550000
600000
650000
700000
750000
800000
850000
900000
950000
1000000
1050000
1100000
1150000
1200000
1250000
1300000
1350000
1400000
1450000
1500000
1550000
1600000
1650000
1700000
1750000
1800000
1850000
1900000
1950000
2000000
2050000
2100000
2150000
2200000
2250000
2300000
2350000
2400000
2450000
2500000
2550000
2600000
2650000
2700000
2750000
2800000
2850000
2900000
2950000
3000000
3050000
3100000
3150000
3200000
3250000
3300000
3350000
3400000
3450000
3500000
3550000
3600000
3650000
3700000
3750000
3800000
3850000
3900000
3950000
4000000
4050000
4100000
4150000
4200000
4250000
4300000
4350000
4400000
4450000
4500000
4550000
4600000
4650000
4700000
4750000
4800000
4850000
4900000
4950000
5000000
5050000
5100000
5150000
5200000
5250000
5300000
5350000
5400000
5450000
5500000
5550000
5600000
5650000
5700000
5750000
5800000
5850000
5900000
5950000
6000000
6050000
6100000
6150000
6200000
6250000
6300000
6350000
6400000
6450000
6500000
6550000
6600000
6650000
6700000
6750000
6800000
6850000
6900000
6950000
7000000
7050000
7100000
7150000
7200000
7250000
7300000
7350000
7400000
7450000
7500000
7550000
7600000
7650000
7700000
7750000
7800000
7850000
7900000
7950000
8000000
8050000
8100000
8150000
8200000
8250000
8300000
8350000
8400000
8450000
8500000
8550000
8600000
8650000
8700000
8750000
8800000
8850000
8900000
8950000
9000000
9050000
9100000
9150000
9200000
9250000
9300000
9350000
9400000
9450000
9500000
9550000
9600000
9650000
9700000
9750000
9800000
9850000
9900000
9950000
10000000
10050000
10100000
10150000
10200000
10250000
10300000
10350000
10400000
10450000
10500000
10550000
10600000
10650000
10700000
10750000
10800000
10850000
10900000
10950000
11000000
11050000
11100000
11150000
11200000
11250000
11300000
11350000
11400000
11450000
11500000
11550000
11600000
11650000
11700000
11750000
11800000
11850000
11900000
11950000
12000000
12050000
12100000
12150000
12200000
12250000
12300000
12350000
12400000
12450000
12500000
12550000
12600000
12650000
12700000
12750000
12800000
12850000
12900000
12950000
13000000
13050000
13100000
13150000
13200000
13250000
13300000
13350000
13400000
13450000
13500000
13550000
13600000
13650000
13700000
13750000
13800000
13850000
13900000
13950000
14000000
14050000
14100000
14150000
14200000
14250000
14300000
14350000
14400000
14450000
14500000
14550000
14600000
14650000
14700000
14750000
14800000
14850000
14900000
14950000
15000000
15050000
15100000
15150000
15200000
15250000
15300000
15350000
15400000
15450000
15500000
15550000
15600000
15650000
15700000
15750000
15800000
15850000
15900000
15950000
16000000
16050000
16100000
16150000
16200000
16250000
16300000
16350000
16400000
16450000
16500000
16550000
16600000
16650000
16700000
16750000
16800000
16850000
16900000
16950000
17000000
17050000
17100000
17150000
17200000
17250000
17300000
17350000
17400000
17450000
17500000
17550000
17600000
17650000
17700000
17750000
17800000
17850000
17900000
17950000
18000000
18050000
18100000
18150000
18200000
18250000
18300000
18350000
18400000
18450000
18500000
18550000
18600000
18650000
18700000
18750000
18800000
18850000
18900000
18950000
19000000
19050000
19100000
19150000
19200000
19250000
19300000
19350000
19400000
19450000
19500000
19550000
19600000
19650000
19700000
19750000
19800000
19850000
19900000
19950000
20000000
20050000
20100000
20150000
20200000
20250000
20300000
20350000
20400000
20450000
20500000
20550000
20600000
20650000
20700000
20750000
20800000
20850000
20900000
20950000
21000000
21050000
21100000
21150000
21200000
21250000
21300000
21350000
21400000
21450000
21500000
21550000
21600000
21650000
21700000
21750000
21800000
21850000
21900000
21950000
22000000
22050000
22100000
22150000
22200000
22250000
22300000
22350000
22400000
22450000
22500000
22550000
22600000
22650000
22700000
22750000
22800000
22850000
22900000
22950000
23000000
23050000
23100000
23150000
23200000
23250000
23300000
23350000
23400000
23450000
23500000
23550000
23600000
23650000
23700000
23750000
23800000
23850000
23900000
23950000
24000000
24050000
24100000
24150000
24200000
24250000
24300000
24350000
24400000
24450000
24500000
24550000
24600000
24650000
24700000
24750000
24800000
24850000
24900000
24950000
25000000
25050000
25100000
25150000
25200000
25250000
25300000
25350000
25400000
25450000
25500000
25550000
25600000
25650000
25700000
25750000
25800000
25850000
25900000
25950000
26000000
26050000
26100000
26150000
26200000
26250000
26300000
26350000
26400000
26450000
26500000
26550000
26600000
26650000
26700000
26750000
26800000
26850000
26900000
26950000
27000000
27050000
27100000
27150000
27200000
27250000
27300000
27350000
27400000
27450000
27500000
27550000
27600000
27650000
27700000
27750000
27800000
27850000
27900000
27950000
28000000
28050000
28100000
28150000
28200000
28250000
28300000
28350000
28400000
28450000
28500000
28550000
28600000
28650000
28700000
28750000
28800000
28850000
28900000
28950000
29000000
29050000
29100000
29150000
29200000
29250000
29300000
29350000
29400000
29450000
29500000
29550000
29600000
29650000
29700000
29750000
29800000
29850000
29900000
29950000
30000000
30050000
30100000
30150000
30200000
30250000
30300000
30350000
30400000
30450000
30500000
30550000
30600000
30650000
30700000
30750000
30800000
30850000
30900000
30950000
31000000
31050000
31100000
31150000
31200000
31250000
31300000
31350000
31400000
31450000
31500000
31550000
31600000
31650000
31700000
31750000
31800000
31850000
31900000
31950000
32000000
32050000
32100000
32150000
32200000
32250000
32300000
32350000
32400000
32450000
32500000
32550000
32600000
32650000
32700000
32750000
32800000
32850000
32900000
32950000
33000000
33050000
33100000
33150000
33200000
33250000
33300000
33350000
33400000
33450000
33500000
33550000
33600000
33650000
33700000
33750000
33800000
33850000
33900000
33950000
34000000
34050000
34100000
34150000
34200000
34250000
34300000
34350000
34400000
34450000
34500000
34550000
34600000
34650000
34700000
34750000
34800000
34850000
34900000
34950000
35000000
35050000
35100000
35150000
35200000
35250000
35300000
35350000
35400000
35450000
35500000
35550000
35600000
35650000
35700000
35750000
35800000
35850000
35900000
35950000

STATUS: PyADEPT Alignments completed
--- Elapsed: 1202.1524 seconds ---
       alignment_scores  reference_begin_location  ...  reference_header  query_header
0                  1428                         0  ...        LIPB_ECOLI    LIPB_ECOLI
1                    42                       211  ...        GLO2_PSEAE    LIPB_ECOLI
2                    40                       251  ...        AROA_LEPBA    LIPB_ECOLI
3                    45                       186  ...        2NDP_YEAST    LIPB_ECOLI
4                    38                        87  ...        RISB_CAMC1    LIPB_ECOLI
...                 ...                       ...  ...               ...           ...
49995                41                        17  ...        TPC1_LODEL    RL13_CALS8
49996                43                       134  ...        NPC2_NEUCR    RL13_CALS8
49997                33                        22  ...         KCY_DESAD    RL13_CALS8
49998                37                         9  ...        CSPA_STAAN    RL13_CALS8
49999               955                         0  ...        RL13_CALS8    RL13_CALS8

[36000000 rows x 7 columns]

STATUS: Writing results...
--- Elapsed: 83.0649 seconds ---
 total CPU work (counts) done while GPU was busy: 309304256

INFO: Correctness test skipped...

STATUS: Done
982.72user 316.40system 22:01.11elapsed 98%CPU (0avgtext+0avgdata 6739220maxresident)k
97987inputs+2738136outputs (317major+9091114minor)pagefaults 0swaps
Running adept_as_xargs...

------------------------------
     PYTHON ASYNC PROTEIN     
------------------------------


------------------------------
     PYTHON ASYNC PROTEIN     
------------------------------


------------------------------
     PYTHON ASYNC PROTEIN     
------------------------------


------------------------------
     PYTHON ASYNC PROTEIN     
------------------------------


------------------------------
     PYTHON ASYNC PROTEIN     
------------------------------


------------------------------
     PYTHON ASYNC PROTEIN     
------------------------------

STATUS: Reading ref and query files
STATUS: Reading ref and query files
STATUS: Reading ref and query files
STATUS: Reading ref and query files
STATUS: Reading ref and query files
STATUS: Reading ref and query files
STATUS: Launching driver
STATUS: Launching driver
STATUS: Launching driver
STATUS: Launching driver
STATUS: Launching driver
STATUS: Launching driver
0
50000
100000
150000
200000
250000
300000
350000
400000
450000
500000
550000
600000
650000
700000
750000
800000
850000
900000
950000
1000000
1050000
1100000
1150000
1200000
1250000
1300000
1350000
1400000
1450000
1500000
1550000
1600000
1650000
1700000
1750000
1800000
1850000
1900000
1950000
2000000
2050000
2100000
2150000
2200000
2250000
2300000
2350000
2400000
2450000
2500000
2550000
2600000
2650000
2700000
2750000
2800000
2850000
2900000
2950000
3000000
3050000
3100000
3150000
3200000
3250000
3300000
3350000
3400000
3450000
3500000
3550000
3600000
3650000
3700000
3750000
3800000
3850000
3900000
3950000
4000000
4050000
4100000
4150000
4200000
4250000
4300000
4350000
4400000
4450000
4500000
4550000
4600000
4650000
4700000
4750000
4800000
4850000
4900000
4950000
5000000
5050000
5100000
5150000
5200000
5250000
5300000
5350000
5400000
5450000
5500000
5550000
5600000
5650000
5700000
5750000
5800000
5850000
5900000
5950000

STATUS: PyADEPT Alignments completed
--- Elapsed: 171.862 seconds ---
0
50000
100000
150000
200000
250000
300000
350000
400000
450000
500000
550000
600000
650000
700000
750000
800000
850000
900000
950000
1000000
1050000
1100000
1150000
1200000
1250000
1300000
1350000
1400000
1450000
1500000
1550000
1600000
1650000
1700000
1750000
1800000
1850000
1900000
1950000
2000000
2050000
2100000
2150000
2200000
2250000
2300000
2350000
2400000
2450000
2500000
2550000
2600000
2650000
2700000
2750000
2800000
2850000
2900000
2950000
3000000
3050000
3100000
3150000
3200000
3250000
3300000
3350000
3400000
3450000
3500000
3550000
3600000
3650000
3700000
3750000
3800000
3850000
3900000
3950000
4000000
4050000
4100000
4150000
4200000
4250000
4300000
4350000
4400000
4450000
4500000
4550000
4600000
4650000
4700000
4750000
4800000
4850000
4900000
4950000
5000000
5050000
5100000
5150000
5200000
5250000
5300000
5350000
5400000
5450000
5500000
5550000
5600000
5650000
5700000
5750000
5800000
5850000
5900000
5950000

STATUS: PyADEPT Alignments completed
--- Elapsed: 172.5435 seconds ---
0
50000
100000
150000
200000
250000
300000
350000
400000
450000
500000
550000
600000
650000
700000
750000
800000
850000
900000
950000
1000000
1050000
1100000
1150000
1200000
1250000
1300000
1350000
1400000
1450000
1500000
1550000
1600000
1650000
1700000
1750000
1800000
1850000
1900000
1950000
2000000
2050000
2100000
2150000
2200000
2250000
2300000
2350000
2400000
2450000
2500000
2550000
2600000
2650000
2700000
2750000
2800000
2850000
2900000
2950000
3000000
3050000
3100000
3150000
3200000
3250000
3300000
3350000
3400000
3450000
3500000
3550000
3600000
3650000
3700000
3750000
3800000
3850000
3900000
3950000
4000000
4050000
4100000
4150000
4200000
4250000
4300000
4350000
4400000
4450000
4500000
4550000
4600000
4650000
4700000
4750000
4800000
4850000
4900000
4950000
5000000
5050000
5100000
5150000
5200000
5250000
5300000
5350000
5400000
5450000
5500000
5550000
5600000
5650000
5700000
5750000
5800000
5850000
5900000
5950000

STATUS: PyADEPT Alignments completed
--- Elapsed: 172.4326 seconds ---
0
50000
100000
150000
200000
250000
300000
350000
400000
450000
500000
550000
600000
650000
700000
750000
800000
850000
900000
950000
1000000
1050000
1100000
1150000
1200000
1250000
1300000
1350000
1400000
1450000
1500000
1550000
1600000
1650000
1700000
1750000
1800000
1850000
1900000
1950000
2000000
2050000
2100000
2150000
2200000
2250000
2300000
2350000
2400000
2450000
2500000
2550000
2600000
2650000
2700000
2750000
2800000
2850000
2900000
2950000
3000000
3050000
3100000
3150000
3200000
3250000
3300000
3350000
3400000
3450000
3500000
3550000
3600000
3650000
3700000
3750000
3800000
3850000
3900000
3950000
4000000
4050000
4100000
4150000
4200000
4250000
4300000
4350000
4400000
4450000
4500000
4550000
4600000
4650000
4700000
4750000
4800000
4850000
4900000
4950000
5000000
5050000
5100000
5150000
5200000
5250000
5300000
5350000
5400000
5450000
5500000
5550000
5600000
5650000
5700000
5750000
5800000
5850000
5900000
5950000

STATUS: PyADEPT Alignments completed
--- Elapsed: 173.6021 seconds ---
0
50000
100000
150000
200000
250000
300000
350000
400000
450000
500000
550000
600000
650000
700000
750000
800000
850000
900000
950000
1000000
1050000
1100000
1150000
1200000
1250000
1300000
1350000
1400000
1450000
1500000
1550000
1600000
1650000
1700000
1750000
1800000
1850000
1900000
1950000
2000000
2050000
2100000
2150000
2200000
2250000
2300000
2350000
2400000
2450000
2500000
2550000
2600000
2650000
2700000
2750000
2800000
2850000
2900000
2950000
3000000
3050000
3100000
3150000
3200000
3250000
3300000
3350000
3400000
3450000
3500000
3550000
3600000
3650000
3700000
3750000
3800000
3850000
3900000
3950000
4000000
4050000
4100000
4150000
4200000
4250000
4300000
4350000
4400000
4450000
4500000
4550000
4600000
4650000
4700000
4750000
4800000
4850000
4900000
4950000
5000000
5050000
5100000
5150000
5200000
5250000
5300000
5350000
5400000
5450000
5500000
5550000
5600000
5650000
5700000
5750000
5800000
5850000
5900000
5950000

STATUS: PyADEPT Alignments completed
--- Elapsed: 174.4478 seconds ---
0
50000
100000
150000
200000
250000
300000
350000
400000
450000
500000
550000
600000
650000
700000
750000
800000
850000
900000
950000
1000000
1050000
1100000
1150000
1200000
1250000
1300000
1350000
1400000
1450000
1500000
1550000
1600000
1650000
1700000
1750000
1800000
1850000
1900000
1950000
2000000
2050000
2100000
2150000
2200000
2250000
2300000
2350000
2400000
2450000
2500000
2550000
2600000
2650000
2700000
2750000
2800000
2850000
2900000
2950000
3000000
3050000
3100000
3150000
3200000
3250000
3300000
3350000
3400000
3450000
3500000
3550000
3600000
3650000
3700000
3750000
3800000
3850000
3900000
3950000
4000000
4050000
4100000
4150000
4200000
4250000
4300000
4350000
4400000
4450000
4500000
4550000
4600000
4650000
4700000
4750000
4800000
4850000
4900000
4950000
5000000
5050000
5100000
5150000
5200000
5250000
5300000
5350000
5400000
5450000
5500000
5550000
5600000
5650000
5700000
5750000
5800000
5850000
5900000
5950000

STATUS: PyADEPT Alignments completed
--- Elapsed: 174.71 seconds ---
       alignment_scores  reference_begin_location  ...  reference_header  query_header
0                    60                       133  ...        LIPB_ECOLI    SUB2_SCLS1
1                    43                       198  ...        GLO2_PSEAE    SUB2_SCLS1
2                    47                       249  ...        AROA_LEPBA    SUB2_SCLS1
3                    54                       147  ...        2NDP_YEAST    SUB2_SCLS1
4                    38                         5  ...        RISB_CAMC1    SUB2_SCLS1
...                 ...                       ...  ...               ...           ...
49995                41                        17  ...        TPC1_LODEL    RL13_CALS8
49996                43                       134  ...        NPC2_NEUCR    RL13_CALS8
49997                33                        22  ...         KCY_DESAD    RL13_CALS8
49998                37                         9  ...        CSPA_STAAN    RL13_CALS8
49999               955                         0  ...        RL13_CALS8    RL13_CALS8

[6000000 rows x 7 columns]

STATUS: Writing results...
--- Elapsed: 14.5825 seconds ---
       alignment_scores  reference_begin_location  ...  reference_header  query_header
0                    45                        19  ...        LIPB_ECOLI    PHLC_CLOHA
1                    36                       103  ...        GLO2_PSEAE    PHLC_CLOHA
2                    41                       129  ...        AROA_LEPBA    PHLC_CLOHA
3                    37                       150  ...        2NDP_YEAST    PHLC_CLOHA
4                    45                        24  ...        RISB_CAMC1    PHLC_CLOHA
...                 ...                       ...  ...               ...           ...
49995                57                        95  ...        TPC1_LODEL    Y070_CHLTR
49996                33                        43  ...        NPC2_NEUCR    Y070_CHLTR
49997                36                        63  ...         KCY_DESAD    Y070_CHLTR
49998                30                        14  ...        CSPA_STAAN    Y070_CHLTR
49999                42                        53  ...        RL13_CALS8    Y070_CHLTR

[6000000 rows x 7 columns]

STATUS: Writing results...
--- Elapsed: 16.0007 seconds ---
 total CPU work (counts) done while GPU was busy: 49571055

INFO: Correctness test skipped...

STATUS: Done
 total CPU work (counts) done while GPU was busy: 49964445

INFO: Correctness test skipped...

STATUS: Done
       alignment_scores  reference_begin_location  ...  reference_header  query_header
0                  1428                         0  ...        LIPB_ECOLI    LIPB_ECOLI
1                    42                       211  ...        GLO2_PSEAE    LIPB_ECOLI
2                    40                       251  ...        AROA_LEPBA    LIPB_ECOLI
3                    45                       186  ...        2NDP_YEAST    LIPB_ECOLI
4                    38                        87  ...        RISB_CAMC1    LIPB_ECOLI
...                 ...                       ...  ...               ...           ...
49995                51                        59  ...        TPC1_LODEL     RF3_STAAS
49996                43                        65  ...        NPC2_NEUCR     RF3_STAAS
49997                44                         2  ...         KCY_DESAD     RF3_STAAS
49998                35                        24  ...        CSPA_STAAN     RF3_STAAS
49999                49                        12  ...        RL13_CALS8     RF3_STAAS

[6000000 rows x 7 columns]

STATUS: Writing results...
--- Elapsed: 16.6772 seconds ---
 total CPU work (counts) done while GPU was busy: 47847520

INFO: Correctness test skipped...

STATUS: Done
       alignment_scores  reference_begin_location  ...  reference_header  query_header
0                    39                       145  ...        LIPB_ECOLI   BIRC5_CANLF
1                    58                       214  ...        GLO2_PSEAE   BIRC5_CANLF
2                    37                       273  ...        AROA_LEPBA   BIRC5_CANLF
3                    40                       357  ...        2NDP_YEAST   BIRC5_CANLF
4                    28                       135  ...        RISB_CAMC1   BIRC5_CANLF
...                 ...                       ...  ...               ...           ...
49995                55                       246  ...        TPC1_LODEL     TOR2A_RAT
49996                35                        76  ...        NPC2_NEUCR     TOR2A_RAT
49997                61                         3  ...         KCY_DESAD     TOR2A_RAT
49998                27                        28  ...        CSPA_STAAN     TOR2A_RAT
49999                38                        35  ...        RL13_CALS8     TOR2A_RAT

[6000000 rows x 7 columns]

STATUS: Writing results...
--- Elapsed: 18.0483 seconds ---
 total CPU work (counts) done while GPU was busy: 50289195

INFO: Correctness test skipped...

STATUS: Done
       alignment_scores  reference_begin_location  ...  reference_header  query_header
0                    42                       172  ...        LIPB_ECOLI    SUCC_MYCUA
1                    38                        63  ...        GLO2_PSEAE    SUCC_MYCUA
2                    55                        58  ...        AROA_LEPBA    SUCC_MYCUA
3                    40                        37  ...        2NDP_YEAST    SUCC_MYCUA
4                    39                        72  ...        RISB_CAMC1    SUCC_MYCUA
...                 ...                       ...  ...               ...           ...
49995                41                       100  ...        TPC1_LODEL    CHLB_PORPU
49996                37                        48  ...        NPC2_NEUCR    CHLB_PORPU
49997                40                       188  ...         KCY_DESAD    CHLB_PORPU
49998                31                         0  ...        CSPA_STAAN    CHLB_PORPU
49999                38                        83  ...        RL13_CALS8    CHLB_PORPU

[6000000 rows x 7 columns]

STATUS: Writing results...
--- Elapsed: 16.2009 seconds ---
 total CPU work (counts) done while GPU was busy: 52926891

INFO: Correctness test skipped...

STATUS: Done
       alignment_scores  reference_begin_location  ...  reference_header  query_header
0                    35                       142  ...        LIPB_ECOLI    3SA1_NAJME
1                    24                       164  ...        GLO2_PSEAE    3SA1_NAJME
2                    32                       152  ...        AROA_LEPBA    3SA1_NAJME
3                    37                        47  ...        2NDP_YEAST    3SA1_NAJME
4                    31                        75  ...        RISB_CAMC1    3SA1_NAJME
...                 ...                       ...  ...               ...           ...
49995                43                       172  ...        TPC1_LODEL    GLSA_BACTN
49996                31                        47  ...        NPC2_NEUCR    GLSA_BACTN
49997                41                        45  ...         KCY_DESAD    GLSA_BACTN
49998                30                        54  ...        CSPA_STAAN    GLSA_BACTN
49999                59                        18  ...        RL13_CALS8    GLSA_BACTN

[6000000 rows x 7 columns]

STATUS: Writing results...
--- Elapsed: 17.9989 seconds ---
 total CPU work (counts) done while GPU was busy: 47676616

INFO: Correctness test skipped...

STATUS: Done
chunk_n=6
880.95user 286.61system 3:51.08elapsed 505%CPU (0avgtext+0avgdata 1476104maxresident)k
216436inputs+2738148outputs (652major+11526244minor)pagefaults 0swaps
Start parsing of output files
Running blast_parser...
2.40user 0.12system 0:04.47elapsed 56%CPU (0avgtext+0avgdata 51468maxresident)k
231048inputs+8286outputs (29major+24410minor)pagefaults 0swaps
Running mmseqs_parser...
0.16user 0.03system 0:00.38elapsed 53%CPU (0avgtext+0avgdata 24404maxresident)k
12565inputs+2792outputs (29major+8423minor)pagefaults 0swaps
Running cudasw_parser...
13.31user 0.60system 0:14.23elapsed 97%CPU (0avgtext+0avgdata 980388maxresident)k
233422inputs+198799outputs (29major+481866minor)pagefaults 0swaps
Running cudasw_xargs_parser...
12.84user 0.71system 0:14.07elapsed 96%CPU (0avgtext+0avgdata 979556maxresident)k
228399inputs+198797outputs (29major+577516minor)pagefaults 0swaps
Running ssw_parser...
381.88user 6.95system 6:31.25elapsed 99%CPU (0avgtext+0avgdata 7559312maxresident)k
9618045inputs+1550101outputs (29major+3960339minor)pagefaults 0swaps
Running ssw_xargs_parser...
374.25user 6.77system 6:26.32elapsed 98%CPU (0avgtext+0avgdata 7560196maxresident)k
9618047inputs+1550101outputs (29major+3895165minor)pagefaults 0swaps
Running swipe_parser...
35.34user 1.89system 0:40.19elapsed 92%CPU (0avgtext+0avgdata 979220maxresident)k
4322403inputs+198792outputs (29major+517958minor)pagefaults 0swaps
Running swipe_xargs_parser...
35.17user 1.81system 0:39.02elapsed 94%CPU (0avgtext+0avgdata 979544maxresident)k
4322329inputs+198792outputs (29major+501886minor)pagefaults 0swaps
Running adept_parser...
315.31user 6.22system 5:22.67elapsed 99%CPU (0avgtext+0avgdata 7560160maxresident)k
2747745inputs+1550101outputs (29major+5113451minor)pagefaults 0swaps
Running adept_as_parser...
319.43user 6.01system 5:27.28elapsed 99%CPU (0avgtext+0avgdata 7559724maxresident)k
2747740inputs+1550101outputs (29major+3897960minor)pagefaults 0swaps
Running adept_as_xargs_parser...
315.74user 6.04system 5:22.75elapsed 99%CPU (0avgtext+0avgdata 7560196maxresident)k
2747743inputs+1550101outputs (29major+5156536minor)pagefaults 0swaps
Matplotlib created a temporary config/cache directory at /tmp/slurm-2594620/matplotlib-n6eyikug because the default path (/home/user/tuechler/.config/matplotlib) is not a writable directory; it is highly recommended to set the MPLCONFIGDIR environment variable to a writable directory, in particular to speed up the import of Matplotlib and to better support multiprocessing.
Runtimes of programs (in seconds):
blast:          145.913
mmseqs:         11.015
cudasw:         1022.034
cudasw_xargs:   380.615
ssw:            3330.011
ssw_xargs:      197.900
swipe:          1840.341
swipe_xargs:    659.395
adept:          653.533
adept_as:       1319.114
adept_as_xargs: 228.641
Plot of runtime comparison saved to /scratch/cube/tuechler/program_out/sp_n6000_10_600_c/runtimes.png
Finished parsing output.
18900.52user 3769.96system 3:15:40elapsed 193%CPU (0avgtext+0avgdata 83236864maxresident)k
80900055inputs+45355598outputs (9420major+158810663minor)pagefaults 0swaps
