

Building a new DB, current time: 04/19/2022 16:30:25
New DB name:   /scratch/cube/tuechler/program_out/sp_n10000_10_1000_c/data/sp_n10000_10_1000_c
New DB title:  ../program_out/sp_n10000_10_1000_c/data/sp_n10000_10_1000_c
Sequence type: Protein
Keep MBits: T
Maximum file size: 1000000000B
Adding sequences from FASTA; added 10000 sequences in 0.352689 seconds.




Building a new DB, current time: 04/19/2022 16:30:28
New DB name:   /scratch/cube/tuechler/program_out/sp_n10000_10_1000_c/data/qchunks/q_1
New DB title:  ../program_out/sp_n10000_10_1000_c/data/qchunks/q_1
Sequence type: Protein
Keep MBits: T
Maximum file size: 1000000000B
Adding sequences from FASTA; added 416 sequences in 0.0200591 seconds.




Building a new DB, current time: 04/19/2022 16:30:29
New DB name:   /scratch/cube/tuechler/program_out/sp_n10000_10_1000_c/data/qchunks/q_2
New DB title:  ../program_out/sp_n10000_10_1000_c/data/qchunks/q_2
Sequence type: Protein
Keep MBits: T
Maximum file size: 1000000000B
Adding sequences from FASTA; added 416 sequences in 0.0198641 seconds.




Building a new DB, current time: 04/19/2022 16:30:29
New DB name:   /scratch/cube/tuechler/program_out/sp_n10000_10_1000_c/data/qchunks/q_3
New DB title:  ../program_out/sp_n10000_10_1000_c/data/qchunks/q_3
Sequence type: Protein
Keep MBits: T
Maximum file size: 1000000000B
Adding sequences from FASTA; added 416 sequences in 0.019403 seconds.




Building a new DB, current time: 04/19/2022 16:30:30
New DB name:   /scratch/cube/tuechler/program_out/sp_n10000_10_1000_c/data/qchunks/q_4
New DB title:  ../program_out/sp_n10000_10_1000_c/data/qchunks/q_4
Sequence type: Protein
Keep MBits: T
Maximum file size: 1000000000B
Adding sequences from FASTA; added 416 sequences in 0.0190759 seconds.




Building a new DB, current time: 04/19/2022 16:30:31
New DB name:   /scratch/cube/tuechler/program_out/sp_n10000_10_1000_c/data/qchunks/q_5
New DB title:  ../program_out/sp_n10000_10_1000_c/data/qchunks/q_5
Sequence type: Protein
Keep MBits: T
Maximum file size: 1000000000B
Adding sequences from FASTA; added 416 sequences in 0.0198181 seconds.




Building a new DB, current time: 04/19/2022 16:30:32
New DB name:   /scratch/cube/tuechler/program_out/sp_n10000_10_1000_c/data/qchunks/q_6
New DB title:  ../program_out/sp_n10000_10_1000_c/data/qchunks/q_6
Sequence type: Protein
Keep MBits: T
Maximum file size: 1000000000B
Adding sequences from FASTA; added 416 sequences in 0.0228992 seconds.




Building a new DB, current time: 04/19/2022 16:30:33
New DB name:   /scratch/cube/tuechler/program_out/sp_n10000_10_1000_c/data/qchunks/q_7
New DB title:  ../program_out/sp_n10000_10_1000_c/data/qchunks/q_7
Sequence type: Protein
Keep MBits: T
Maximum file size: 1000000000B
Adding sequences from FASTA; added 416 sequences in 0.022764 seconds.




Building a new DB, current time: 04/19/2022 16:30:33
New DB name:   /scratch/cube/tuechler/program_out/sp_n10000_10_1000_c/data/qchunks/q_8
New DB title:  ../program_out/sp_n10000_10_1000_c/data/qchunks/q_8
Sequence type: Protein
Keep MBits: T
Maximum file size: 1000000000B
Adding sequences from FASTA; added 416 sequences in 0.0227392 seconds.




Building a new DB, current time: 04/19/2022 16:30:34
New DB name:   /scratch/cube/tuechler/program_out/sp_n10000_10_1000_c/data/qchunks/q_9
New DB title:  ../program_out/sp_n10000_10_1000_c/data/qchunks/q_9
Sequence type: Protein
Keep MBits: T
Maximum file size: 1000000000B
Adding sequences from FASTA; added 416 sequences in 0.0229721 seconds.




Building a new DB, current time: 04/19/2022 16:30:35
New DB name:   /scratch/cube/tuechler/program_out/sp_n10000_10_1000_c/data/qchunks/q_10
New DB title:  ../program_out/sp_n10000_10_1000_c/data/qchunks/q_10
Sequence type: Protein
Keep MBits: T
Maximum file size: 1000000000B
Adding sequences from FASTA; added 416 sequences in 0.020334 seconds.




Building a new DB, current time: 04/19/2022 16:30:36
New DB name:   /scratch/cube/tuechler/program_out/sp_n10000_10_1000_c/data/qchunks/q_11
New DB title:  ../program_out/sp_n10000_10_1000_c/data/qchunks/q_11
Sequence type: Protein
Keep MBits: T
Maximum file size: 1000000000B
Adding sequences from FASTA; added 416 sequences in 0.0201271 seconds.




Building a new DB, current time: 04/19/2022 16:30:36
New DB name:   /scratch/cube/tuechler/program_out/sp_n10000_10_1000_c/data/qchunks/q_12
New DB title:  ../program_out/sp_n10000_10_1000_c/data/qchunks/q_12
Sequence type: Protein
Keep MBits: T
Maximum file size: 1000000000B
Adding sequences from FASTA; added 416 sequences in 0.0198128 seconds.




Building a new DB, current time: 04/19/2022 16:30:37
New DB name:   /scratch/cube/tuechler/program_out/sp_n10000_10_1000_c/data/qchunks/q_13
New DB title:  ../program_out/sp_n10000_10_1000_c/data/qchunks/q_13
Sequence type: Protein
Keep MBits: T
Maximum file size: 1000000000B
Adding sequences from FASTA; added 416 sequences in 0.0195031 seconds.




Building a new DB, current time: 04/19/2022 16:30:38
New DB name:   /scratch/cube/tuechler/program_out/sp_n10000_10_1000_c/data/qchunks/q_14
New DB title:  ../program_out/sp_n10000_10_1000_c/data/qchunks/q_14
Sequence type: Protein
Keep MBits: T
Maximum file size: 1000000000B
Adding sequences from FASTA; added 416 sequences in 0.020134 seconds.




Building a new DB, current time: 04/19/2022 16:30:39
New DB name:   /scratch/cube/tuechler/program_out/sp_n10000_10_1000_c/data/qchunks/q_15
New DB title:  ../program_out/sp_n10000_10_1000_c/data/qchunks/q_15
Sequence type: Protein
Keep MBits: T
Maximum file size: 1000000000B
Adding sequences from FASTA; added 416 sequences in 0.019846 seconds.




Building a new DB, current time: 04/19/2022 16:30:39
New DB name:   /scratch/cube/tuechler/program_out/sp_n10000_10_1000_c/data/qchunks/q_16
New DB title:  ../program_out/sp_n10000_10_1000_c/data/qchunks/q_16
Sequence type: Protein
Keep MBits: T
Maximum file size: 1000000000B
Adding sequences from FASTA; added 416 sequences in 0.0196819 seconds.




Building a new DB, current time: 04/19/2022 16:30:40
New DB name:   /scratch/cube/tuechler/program_out/sp_n10000_10_1000_c/data/qchunks/q_17
New DB title:  ../program_out/sp_n10000_10_1000_c/data/qchunks/q_17
Sequence type: Protein
Keep MBits: T
Maximum file size: 1000000000B
Adding sequences from FASTA; added 416 sequences in 0.022913 seconds.




Building a new DB, current time: 04/19/2022 16:30:41
New DB name:   /scratch/cube/tuechler/program_out/sp_n10000_10_1000_c/data/qchunks/q_18
New DB title:  ../program_out/sp_n10000_10_1000_c/data/qchunks/q_18
Sequence type: Protein
Keep MBits: T
Maximum file size: 1000000000B
Adding sequences from FASTA; added 416 sequences in 0.0232301 seconds.




Building a new DB, current time: 04/19/2022 16:30:42
New DB name:   /scratch/cube/tuechler/program_out/sp_n10000_10_1000_c/data/qchunks/q_19
New DB title:  ../program_out/sp_n10000_10_1000_c/data/qchunks/q_19
Sequence type: Protein
Keep MBits: T
Maximum file size: 1000000000B
Adding sequences from FASTA; added 416 sequences in 0.0230989 seconds.




Building a new DB, current time: 04/19/2022 16:30:43
New DB name:   /scratch/cube/tuechler/program_out/sp_n10000_10_1000_c/data/qchunks/q_20
New DB title:  ../program_out/sp_n10000_10_1000_c/data/qchunks/q_20
Sequence type: Protein
Keep MBits: T
Maximum file size: 1000000000B
Adding sequences from FASTA; added 416 sequences in 0.0233359 seconds.




Building a new DB, current time: 04/19/2022 16:30:44
New DB name:   /scratch/cube/tuechler/program_out/sp_n10000_10_1000_c/data/qchunks/q_21
New DB title:  ../program_out/sp_n10000_10_1000_c/data/qchunks/q_21
Sequence type: Protein
Keep MBits: T
Maximum file size: 1000000000B
Adding sequences from FASTA; added 416 sequences in 0.0225892 seconds.




Building a new DB, current time: 04/19/2022 16:30:44
New DB name:   /scratch/cube/tuechler/program_out/sp_n10000_10_1000_c/data/qchunks/q_22
New DB title:  ../program_out/sp_n10000_10_1000_c/data/qchunks/q_22
Sequence type: Protein
Keep MBits: T
Maximum file size: 1000000000B
Adding sequences from FASTA; added 416 sequences in 0.0224378 seconds.




Building a new DB, current time: 04/19/2022 16:30:45
New DB name:   /scratch/cube/tuechler/program_out/sp_n10000_10_1000_c/data/qchunks/q_23
New DB title:  ../program_out/sp_n10000_10_1000_c/data/qchunks/q_23
Sequence type: Protein
Keep MBits: T
Maximum file size: 1000000000B
Adding sequences from FASTA; added 416 sequences in 0.02249 seconds.




Building a new DB, current time: 04/19/2022 16:30:46
New DB name:   /scratch/cube/tuechler/program_out/sp_n10000_10_1000_c/data/qchunks/q_24
New DB title:  ../program_out/sp_n10000_10_1000_c/data/qchunks/q_24
Sequence type: Protein
Keep MBits: T
Maximum file size: 1000000000B
Adding sequences from FASTA; added 432 sequences in 0.0235081 seconds.


Creating output directory: /scratch/cube/tuechler/protein_alignment/scripts/program_out/sp_n10000_10_1000_c
Running prepare_database.py...
Writing parameters to parameters.txt
Start calling of alignment programs
Running cudasw_xargs...
Tue Apr 19 16:30:47 CEST 2022
Tue Apr 19 16:30:47 CEST 2022
Tue Apr 19 16:30:47 CEST 2022
Tue Apr 19 16:30:47 CEST 2022
Tue Apr 19 16:30:47 CEST 2022
Tue Apr 19 16:30:47 CEST 2022
chunk_n=6
1946.32user 1328.39system 9:32.52elapsed 571%CPU (0avgtext+0avgdata 247196maxresident)k
67949inputs+804185outputs (95major+401620minor)pagefaults 0swaps
Running ssw_xargs...
Tue Apr 19 16:40:23 CEST 2022
Tue Apr 19 16:40:23 CEST 2022
Tue Apr 19 16:40:23 CEST 2022
Tue Apr 19 16:40:23 CEST 2022
Tue Apr 19 16:40:23 CEST 2022
Tue Apr 19 16:40:23 CEST 2022
Tue Apr 19 16:40:23 CEST 2022
Tue Apr 19 16:40:23 CEST 2022
Tue Apr 19 16:40:23 CEST 2022
Tue Apr 19 16:40:23 CEST 2022
Tue Apr 19 16:40:23 CEST 2022
Tue Apr 19 16:40:23 CEST 2022
Tue Apr 19 16:40:23 CEST 2022
Tue Apr 19 16:40:23 CEST 2022
Tue Apr 19 16:40:23 CEST 2022
Tue Apr 19 16:40:23 CEST 2022
Tue Apr 19 16:40:23 CEST 2022
Tue Apr 19 16:40:23 CEST 2022
Tue Apr 19 16:40:23 CEST 2022
Tue Apr 19 16:40:23 CEST 2022
Tue Apr 19 16:40:23 CEST 2022
Tue Apr 19 16:40:23 CEST 2022
Tue Apr 19 16:40:23 CEST 2022
Tue Apr 19 16:40:23 CEST 2022
CPU time: 603.972796917 seconds
CPU time: 606.923628807 seconds
CPU time: 608.119278908 seconds
CPU time: 610.402208805 seconds
CPU time: 611.536752939 seconds
CPU time: 612.900619984 seconds
CPU time: 613.3872509 seconds
CPU time: 614.522461891 seconds
CPU time: 614.705322027 seconds
CPU time: 615.087204218 seconds
CPU time: 615.529159069 seconds
CPU time: 617.247451067 seconds
CPU time: 618.154358864 seconds
CPU time: 620.216452122 seconds
CPU time: 622.568900108 seconds
CPU time: 622.719056129 seconds
CPU time: 623.416785955 seconds
CPU time: 626.805417061 seconds
CPU time: 627.849807978 seconds
CPU time: 629.475811958 seconds
CPU time: 630.652071953 seconds
CPU time: 637.322949886 seconds
CPU time: 640.688027859 seconds
CPU time: 655.693084955 seconds
chunk_n=24
14177.91user 91.91system 10:59.63elapsed 2163%CPU (0avgtext+0avgdata 8972maxresident)k
65667616inputs+4589928outputs (92major+1490767minor)pagefaults 0swaps
Running swipe_xargs...
Tue Apr 19 16:51:23 CEST 2022
Tue Apr 19 16:51:23 CEST 2022
Tue Apr 19 16:51:23 CEST 2022
Tue Apr 19 16:51:23 CEST 2022
Tue Apr 19 16:51:23 CEST 2022
Tue Apr 19 16:51:23 CEST 2022
Tue Apr 19 16:51:23 CEST 2022
Tue Apr 19 16:51:23 CEST 2022
Tue Apr 19 16:51:23 CEST 2022
Tue Apr 19 16:51:23 CEST 2022
Tue Apr 19 16:51:23 CEST 2022
Tue Apr 19 16:51:23 CEST 2022
Tue Apr 19 16:51:23 CEST 2022
Tue Apr 19 16:51:23 CEST 2022
Tue Apr 19 16:51:23 CEST 2022
Tue Apr 19 16:51:23 CEST 2022
Tue Apr 19 16:51:23 CEST 2022
Tue Apr 19 16:51:23 CEST 2022
Tue Apr 19 16:51:23 CEST 2022
Tue Apr 19 16:51:23 CEST 2022
Tue Apr 19 16:51:23 CEST 2022
Tue Apr 19 16:51:23 CEST 2022
Tue Apr 19 16:51:23 CEST 2022
Tue Apr 19 16:51:23 CEST 2022
chunk_n=24
7243.70user 1540.94system 39:28.48elapsed 370%CPU (0avgtext+0avgdata 8972maxresident)k
34617inputs+16098541outputs (159major+65347912minor)pagefaults 0swaps
Running adept_as_xargs...
Tue Apr 19 17:30:51 CEST 2022
Tue Apr 19 17:30:51 CEST 2022
Tue Apr 19 17:30:51 CEST 2022
Tue Apr 19 17:30:51 CEST 2022
Tue Apr 19 17:30:51 CEST 2022
Tue Apr 19 17:30:51 CEST 2022

------------------------------
     PYTHON ASYNC PROTEIN     
------------------------------


------------------------------
     PYTHON ASYNC PROTEIN     
------------------------------


------------------------------
     PYTHON ASYNC PROTEIN     
------------------------------


------------------------------
     PYTHON ASYNC PROTEIN     
------------------------------


------------------------------
     PYTHON ASYNC PROTEIN     
------------------------------


------------------------------
     PYTHON ASYNC PROTEIN     
------------------------------

STATUS: Reading ref and query files
STATUS: Reading ref and query files
STATUS: Reading ref and query files
STATUS: Reading ref and query files
STATUS: Reading ref and query files
STATUS: Reading ref and query files
STATUS: Launching driver
STATUS: Launching driver
STATUS: Launching driver
STATUS: Launching driver
STATUS: Launching driver
STATUS: Launching driver
0
50000
100000
150000
200000
250000
300000
350000
400000
450000
500000
550000
600000
650000
700000
750000
800000
850000
900000
950000
1000000
1050000
1100000
1150000
1200000
1250000
1300000
1350000
1400000
1450000
1500000
1550000
1600000
1650000
1700000
1750000
1800000
1850000
1900000
1950000
2000000
2050000
2100000
2150000
2200000
2250000
2300000
2350000
2400000
2450000
2500000
2550000
2600000
2650000
2700000
2750000
2800000
2850000
2900000
2950000
3000000
3050000
3100000
3150000
3200000
3250000
3300000
3350000
3400000
3450000
3500000
3550000
3600000
3650000
3700000
3750000
3800000
3850000
3900000
3950000
4000000
4050000
4100000
4150000
4200000
4250000
4300000
4350000
4400000
4450000
4500000
4550000
4600000
4650000
4700000
4750000
4800000
4850000
4900000
4950000
5000000
5050000
5100000
5150000
5200000
5250000
5300000
5350000
5400000
5450000
5500000
5550000
5600000
5650000
5700000
5750000
5800000
5850000
5900000
5950000
6000000
6050000
6100000
6150000
6200000
6250000
6300000
6350000
6400000
6450000
6500000
6550000
6600000
6650000
6700000
6750000
6800000
6850000
6900000
6950000
7000000
7050000
7100000
7150000
7200000
7250000
7300000
7350000
7400000
7450000
7500000
7550000
7600000
7650000
7700000
7750000
7800000
7850000
7900000
7950000
8000000
8050000
8100000
8150000
8200000
8250000
8300000
8350000
8400000
8450000
8500000
8550000
8600000
8650000
8700000
8750000
8800000
8850000
8900000
8950000
9000000
9050000
9100000
9150000
9200000
9250000
9300000
9350000
9400000
9450000
9500000
9550000
9600000
9650000
9700000
9750000
9800000
9850000
9900000
9950000
10000000
10050000
10100000
10150000
10200000
10250000
10300000
10350000
10400000
10450000
10500000
10550000
10600000
10650000
10700000
10750000
10800000
10850000
10900000
10950000
11000000
11050000
11100000
11150000
11200000
11250000
11300000
11350000
11400000
11450000
11500000
11550000
11600000
11650000
11700000
11750000
11800000
11850000
11900000
11950000
12000000
12050000
12100000
12150000
12200000
12250000
12300000
12350000
12400000
12450000
12500000
12550000
12600000
12650000
12700000
12750000
12800000
12850000
12900000
12950000
13000000
13050000
13100000
13150000
13200000
13250000
13300000
13350000
13400000
13450000
13500000
13550000
13600000
13650000
13700000
13750000
13800000
13850000
13900000
13950000
14000000
14050000
14100000
14150000
14200000
14250000
14300000
14350000
14400000
14450000
14500000
14550000
14600000
14650000
14700000
14750000
14800000
14850000
14900000
14950000
15000000
15050000
15100000
15150000
15200000
15250000
15300000
15350000
15400000
15450000
15500000
15550000
15600000
15650000
15700000
15750000
15800000
15850000
15900000
15950000
16000000
16050000
16100000
16150000
16200000
16250000
16300000
16350000
16400000
16450000
16500000
16550000
16600000
16650000

STATUS: PyADEPT Alignments completed
--- Elapsed: 578.18 seconds ---
0
50000
100000
150000
200000
250000
300000
350000
400000
450000
500000
550000
600000
650000
700000
750000
800000
850000
900000
950000
1000000
1050000
1100000
1150000
1200000
1250000
1300000
1350000
1400000
1450000
1500000
1550000
1600000
1650000
1700000
1750000
1800000
1850000
1900000
1950000
2000000
2050000
2100000
2150000
2200000
2250000
2300000
2350000
2400000
2450000
2500000
2550000
2600000
2650000
2700000
2750000
2800000
2850000
2900000
2950000
3000000
3050000
3100000
3150000
3200000
3250000
3300000
3350000
3400000
3450000
3500000
3550000
3600000
3650000
3700000
3750000
3800000
3850000
3900000
3950000
4000000
4050000
4100000
4150000
4200000
4250000
4300000
4350000
4400000
4450000
4500000
4550000
4600000
4650000
4700000
4750000
4800000
4850000
4900000
4950000
5000000
5050000
5100000
5150000
5200000
5250000
5300000
5350000
5400000
5450000
5500000
5550000
5600000
5650000
5700000
5750000
5800000
5850000
5900000
5950000
6000000
6050000
6100000
6150000
6200000
6250000
6300000
6350000
6400000
6450000
6500000
6550000
6600000
6650000
6700000
6750000
6800000
6850000
6900000
6950000
7000000
7050000
7100000
7150000
7200000
7250000
7300000
7350000
7400000
7450000
7500000
7550000
7600000
7650000
7700000
7750000
7800000
7850000
7900000
7950000
8000000
8050000
8100000
8150000
8200000
8250000
8300000
8350000
8400000
8450000
8500000
8550000
8600000
8650000
8700000
8750000
8800000
8850000
8900000
8950000
9000000
9050000
9100000
9150000
9200000
9250000
9300000
9350000
9400000
9450000
9500000
9550000
9600000
9650000
9700000
9750000
9800000
9850000
9900000
9950000
10000000
10050000
10100000
10150000
10200000
10250000
10300000
10350000
10400000
10450000
10500000
10550000
10600000
10650000
10700000
10750000
10800000
10850000
10900000
10950000
11000000
11050000
11100000
11150000
11200000
11250000
11300000
11350000
11400000
11450000
11500000
11550000
11600000
11650000
11700000
11750000
11800000
11850000
11900000
11950000
12000000
12050000
12100000
12150000
12200000
12250000
12300000
12350000
12400000
12450000
12500000
12550000
12600000
12650000
12700000
12750000
12800000
12850000
12900000
12950000
13000000
13050000
13100000
13150000
13200000
13250000
13300000
13350000
13400000
13450000
13500000
13550000
13600000
13650000
13700000
13750000
13800000
13850000
13900000
13950000
14000000
14050000
14100000
14150000
14200000
14250000
14300000
14350000
14400000
14450000
14500000
14550000
14600000
14650000
14700000
14750000
14800000
14850000
14900000
14950000
15000000
15050000
15100000
15150000
15200000
15250000
15300000
15350000
15400000
15450000
15500000
15550000
15600000
15650000
15700000
15750000
15800000
15850000
15900000
15950000
16000000
16050000
16100000
16150000
16200000
16250000
16300000
16350000
16400000
16450000
16500000
16550000
16600000
16650000

STATUS: PyADEPT Alignments completed
--- Elapsed: 585.449 seconds ---
0
50000
100000
150000
200000
250000
300000
350000
400000
450000
500000
550000
600000
650000
700000
750000
800000
850000
900000
950000
1000000
1050000
1100000
1150000
1200000
1250000
1300000
1350000
1400000
1450000
1500000
1550000
1600000
1650000
1700000
1750000
1800000
1850000
1900000
1950000
2000000
2050000
2100000
2150000
2200000
2250000
2300000
2350000
2400000
2450000
2500000
2550000
2600000
2650000
2700000
2750000
2800000
2850000
2900000
2950000
3000000
3050000
3100000
3150000
3200000
3250000
3300000
3350000
3400000
3450000
3500000
3550000
3600000
3650000
3700000
3750000
3800000
3850000
3900000
3950000
4000000
4050000
4100000
4150000
4200000
4250000
4300000
4350000
4400000
4450000
4500000
4550000
4600000
4650000
4700000
4750000
4800000
4850000
4900000
4950000
5000000
5050000
5100000
5150000
5200000
5250000
5300000
5350000
5400000
5450000
5500000
5550000
5600000
5650000
5700000
5750000
5800000
5850000
5900000
5950000
6000000
6050000
6100000
6150000
6200000
6250000
6300000
6350000
6400000
6450000
6500000
6550000
6600000
6650000
6700000
6750000
6800000
6850000
6900000
6950000
7000000
7050000
7100000
7150000
7200000
7250000
7300000
7350000
7400000
7450000
7500000
7550000
7600000
7650000
7700000
7750000
7800000
7850000
7900000
7950000
8000000
8050000
8100000
8150000
8200000
8250000
8300000
8350000
8400000
8450000
8500000
8550000
8600000
8650000
8700000
8750000
8800000
8850000
8900000
8950000
9000000
9050000
9100000
9150000
9200000
9250000
9300000
9350000
9400000
9450000
9500000
9550000
9600000
9650000
9700000
9750000
9800000
9850000
9900000
9950000
10000000
10050000
10100000
10150000
10200000
10250000
10300000
10350000
10400000
10450000
10500000
10550000
10600000
10650000
10700000
10750000
10800000
10850000
10900000
10950000
11000000
11050000
11100000
11150000
11200000
11250000
11300000
11350000
11400000
11450000
11500000
11550000
11600000
11650000
11700000
11750000
11800000
11850000
11900000
11950000
12000000
12050000
12100000
12150000
12200000
12250000
12300000
12350000
12400000
12450000
12500000
12550000
12600000
12650000
12700000
12750000
12800000
12850000
12900000
12950000
13000000
13050000
13100000
13150000
13200000
13250000
13300000
13350000
13400000
13450000
13500000
13550000
13600000
13650000
13700000
13750000
13800000
13850000
13900000
13950000
14000000
14050000
14100000
14150000
14200000
14250000
14300000
14350000
14400000
14450000
14500000
14550000
14600000
14650000
14700000
14750000
14800000
14850000
14900000
14950000
15000000
15050000
15100000
15150000
15200000
15250000
15300000
15350000
15400000
15450000
15500000
15550000
15600000
15650000
15700000
15750000
15800000
15850000
15900000
15950000
16000000
16050000
16100000
16150000
16200000
16250000
16300000
16350000
16400000
16450000
16500000
16550000
16600000
16650000

STATUS: PyADEPT Alignments completed
--- Elapsed: 586.6071 seconds ---
0
50000
100000
150000
200000
250000
300000
350000
400000
450000
500000
550000
600000
650000
700000
750000
800000
850000
900000
950000
1000000
1050000
1100000
1150000
1200000
1250000
1300000
1350000
1400000
1450000
1500000
1550000
1600000
1650000
1700000
1750000
1800000
1850000
1900000
1950000
2000000
2050000
2100000
2150000
2200000
2250000
2300000
2350000
2400000
2450000
2500000
2550000
2600000
2650000
2700000
2750000
2800000
2850000
2900000
2950000
3000000
3050000
3100000
3150000
3200000
3250000
3300000
3350000
3400000
3450000
3500000
3550000
3600000
3650000
3700000
3750000
3800000
3850000
3900000
3950000
4000000
4050000
4100000
4150000
4200000
4250000
4300000
4350000
4400000
4450000
4500000
4550000
4600000
4650000
4700000
4750000
4800000
4850000
4900000
4950000
5000000
5050000
5100000
5150000
5200000
5250000
5300000
5350000
5400000
5450000
5500000
5550000
5600000
5650000
5700000
5750000
5800000
5850000
5900000
5950000
6000000
6050000
6100000
6150000
6200000
6250000
6300000
6350000
6400000
6450000
6500000
6550000
6600000
6650000
6700000
6750000
6800000
6850000
6900000
6950000
7000000
7050000
7100000
7150000
7200000
7250000
7300000
7350000
7400000
7450000
7500000
7550000
7600000
7650000
7700000
7750000
7800000
7850000
7900000
7950000
8000000
8050000
8100000
8150000
8200000
8250000
8300000
8350000
8400000
8450000
8500000
8550000
8600000
8650000
8700000
8750000
8800000
8850000
8900000
8950000
9000000
9050000
9100000
9150000
9200000
9250000
9300000
9350000
9400000
9450000
9500000
9550000
9600000
9650000
9700000
9750000
9800000
9850000
9900000
9950000
10000000
10050000
10100000
10150000
10200000
10250000
10300000
10350000
10400000
10450000
10500000
10550000
10600000
10650000
10700000
10750000
10800000
10850000
10900000
10950000
11000000
11050000
11100000
11150000
11200000
11250000
11300000
11350000
11400000
11450000
11500000
11550000
11600000
11650000
11700000
11750000
11800000
11850000
11900000
11950000
12000000
12050000
12100000
12150000
12200000
12250000
12300000
12350000
12400000
12450000
12500000
12550000
12600000
12650000
12700000
12750000
12800000
12850000
12900000
12950000
13000000
13050000
13100000
13150000
13200000
13250000
13300000
13350000
13400000
13450000
13500000
13550000
13600000
13650000
13700000
13750000
13800000
13850000
13900000
13950000
14000000
14050000
14100000
14150000
14200000
14250000
14300000
14350000
14400000
14450000
14500000
14550000
14600000
14650000
14700000
14750000
14800000
14850000
14900000
14950000
15000000
15050000
15100000
15150000
15200000
15250000
15300000
15350000
15400000
15450000
15500000
15550000
15600000
15650000
15700000
15750000
15800000
15850000
15900000
15950000
16000000
16050000
16100000
16150000
16200000
16250000
16300000
16350000
16400000
16450000
16500000
16550000
16600000
16650000

STATUS: PyADEPT Alignments completed
--- Elapsed: 590.4939 seconds ---
0
50000
100000
150000
200000
250000
300000
350000
400000
450000
500000
550000
600000
650000
700000
750000
800000
850000
900000
950000
1000000
1050000
1100000
1150000
1200000
1250000
1300000
1350000
1400000
1450000
1500000
1550000
1600000
1650000
1700000
1750000
1800000
1850000
1900000
1950000
2000000
2050000
2100000
2150000
2200000
2250000
2300000
2350000
2400000
2450000
2500000
2550000
2600000
2650000
2700000
2750000
2800000
2850000
2900000
2950000
3000000
3050000
3100000
3150000
3200000
3250000
3300000
3350000
3400000
3450000
3500000
3550000
3600000
3650000
3700000
3750000
3800000
3850000
3900000
3950000
4000000
4050000
4100000
4150000
4200000
4250000
4300000
4350000
4400000
4450000
4500000
4550000
4600000
4650000
4700000
4750000
4800000
4850000
4900000
4950000
5000000
5050000
5100000
5150000
5200000
5250000
5300000
5350000
5400000
5450000
5500000
5550000
5600000
5650000
5700000
5750000
5800000
5850000
5900000
5950000
6000000
6050000
6100000
6150000
6200000
6250000
6300000
6350000
6400000
6450000
6500000
6550000
6600000
6650000
6700000
6750000
6800000
6850000
6900000
6950000
7000000
7050000
7100000
7150000
7200000
7250000
7300000
7350000
7400000
7450000
7500000
7550000
7600000
7650000
7700000
7750000
7800000
7850000
7900000
7950000
8000000
8050000
8100000
8150000
8200000
8250000
8300000
8350000
8400000
8450000
8500000
8550000
8600000
8650000
8700000
8750000
8800000
8850000
8900000
8950000
9000000
9050000
9100000
9150000
9200000
9250000
9300000
9350000
9400000
9450000
9500000
9550000
9600000
9650000
9700000
9750000
9800000
9850000
9900000
9950000
10000000
10050000
10100000
10150000
10200000
10250000
10300000
10350000
10400000
10450000
10500000
10550000
10600000
10650000
10700000
10750000
10800000
10850000
10900000
10950000
11000000
11050000
11100000
11150000
11200000
11250000
11300000
11350000
11400000
11450000
11500000
11550000
11600000
11650000
11700000
11750000
11800000
11850000
11900000
11950000
12000000
12050000
12100000
12150000
12200000
12250000
12300000
12350000
12400000
12450000
12500000
12550000
12600000
12650000
12700000
12750000
12800000
12850000
12900000
12950000
13000000
13050000
13100000
13150000
13200000
13250000
13300000
13350000
13400000
13450000
13500000
13550000
13600000
13650000
13700000
13750000
13800000
13850000
13900000
13950000
14000000
14050000
14100000
14150000
14200000
14250000
14300000
14350000
14400000
14450000
14500000
14550000
14600000
14650000
14700000
14750000
14800000
14850000
14900000
14950000
15000000
15050000
15100000
15150000
15200000
15250000
15300000
15350000
15400000
15450000
15500000
15550000
15600000
15650000
15700000
15750000
15800000
15850000
15900000
15950000
16000000
16050000
16100000
16150000
16200000
16250000
16300000
16350000
16400000
16450000
16500000
16550000
16600000
16650000

STATUS: PyADEPT Alignments completed
--- Elapsed: 594.2285 seconds ---
0
50000
100000
150000
200000
250000
300000
350000
400000
450000
500000
550000
600000
650000
700000
750000
800000
850000
900000
950000
1000000
1050000
1100000
1150000
1200000
1250000
1300000
1350000
1400000
1450000
1500000
1550000
1600000
1650000
1700000
1750000
1800000
1850000
1900000
1950000
2000000
2050000
2100000
2150000
2200000
2250000
2300000
2350000
2400000
2450000
2500000
2550000
2600000
2650000
2700000
2750000
2800000
2850000
2900000
2950000
3000000
3050000
3100000
3150000
3200000
3250000
3300000
3350000
3400000
3450000
3500000
3550000
3600000
3650000
3700000
3750000
3800000
3850000
3900000
3950000
4000000
4050000
4100000
4150000
4200000
4250000
4300000
4350000
4400000
4450000
4500000
4550000
4600000
4650000
4700000
4750000
4800000
4850000
4900000
4950000
5000000
5050000
5100000
5150000
5200000
5250000
5300000
5350000
5400000
5450000
5500000
5550000
5600000
5650000
5700000
5750000
5800000
5850000
5900000
5950000
6000000
6050000
6100000
6150000
6200000
6250000
6300000
6350000
6400000
6450000
6500000
6550000
6600000
6650000
6700000
6750000
6800000
6850000
6900000
6950000
7000000
7050000
7100000
7150000
7200000
7250000
7300000
7350000
7400000
7450000
7500000
7550000
7600000
7650000
7700000
7750000
7800000
7850000
7900000
7950000
8000000
8050000
8100000
8150000
8200000
8250000
8300000
8350000
8400000
8450000
8500000
8550000
8600000
8650000
8700000
8750000
8800000
8850000
8900000
8950000
9000000
9050000
9100000
9150000
9200000
9250000
9300000
9350000
9400000
9450000
9500000
9550000
9600000
9650000
9700000
9750000
9800000
9850000
9900000
9950000
10000000
10050000
10100000
10150000
10200000
10250000
10300000
10350000
10400000
10450000
10500000
10550000
10600000
10650000
10700000
10750000
10800000
10850000
10900000
10950000
11000000
11050000
11100000
11150000
11200000
11250000
11300000
11350000
11400000
11450000
11500000
11550000
11600000
11650000
11700000
11750000
11800000
11850000
11900000
11950000
12000000
12050000
12100000
12150000
12200000
12250000
12300000
12350000
12400000
12450000
12500000
12550000
12600000
12650000
12700000
12750000
12800000
12850000
12900000
12950000
13000000
13050000
13100000
13150000
13200000
13250000
13300000
13350000
13400000
13450000
13500000
13550000
13600000
13650000
13700000
13750000
13800000
13850000
13900000
13950000
14000000
14050000
14100000
14150000
14200000
14250000
14300000
14350000
14400000
14450000
14500000
14550000
14600000
14650000
14700000
14750000
14800000
14850000
14900000
14950000
15000000
15050000
15100000
15150000
15200000
15250000
15300000
15350000
15400000
15450000
15500000
15550000
15600000
15650000
15700000
15750000
15800000
15850000
15900000
15950000
16000000
16050000
16100000
16150000
16200000
16250000
16300000
16350000
16400000
16450000
16500000
16550000
16600000
16650000

STATUS: PyADEPT Alignments completed
--- Elapsed: 599.7383 seconds ---
      alignment_scores  reference_begin_location  ...  reference_header  query_header
0                 1214                         0  ...        RUVA_BORHD    RUVA_BORHD
1                   50                        68  ...        MNMA_CAMHC    RUVA_BORHD
2                   46                        95  ...        BCHN_RHOP5    RUVA_BORHD
3                   37                        25  ...        GLGA_HAEIG    RUVA_BORHD
4                   43                       178  ...         SYT_CAMJJ    RUVA_BORHD
...                ...                       ...  ...               ...           ...
9995                31                         0  ...        Y123_METJA    FCA1_TRYBB
9996                43                         5  ...       Y1389_SULDN    FCA1_TRYBB
9997                42                        11  ...        CPFC_MYCTU    FCA1_TRYBB
9998                30                        16  ...        Y802_TREPA    FCA1_TRYBB
9999                39                        77  ...       TRM56_PYRFU    FCA1_TRYBB

[16660000 rows x 7 columns]

STATUS: Writing results...
--- Elapsed: 43.7945 seconds ---
 total CPU work (counts) done while GPU was busy: 180019980

INFO: Correctness test skipped...

STATUS: Done
      alignment_scores  reference_begin_location  ...  reference_header  query_header
0                   40                        79  ...        RUVA_BORHD    G6PI_LEUMM
1                   43                       260  ...        MNMA_CAMHC    G6PI_LEUMM
2                   45                        90  ...        BCHN_RHOP5    G6PI_LEUMM
3                   57                       312  ...        GLGA_HAEIG    G6PI_LEUMM
4                   52                       165  ...         SYT_CAMJJ    G6PI_LEUMM
...                ...                       ...  ...               ...           ...
9995                37                        29  ...        Y123_METJA    LSPA_STRP8
9996                41                       134  ...       Y1389_SULDN    LSPA_STRP8
9997                33                        18  ...        CPFC_MYCTU    LSPA_STRP8
9998                23                        19  ...        Y802_TREPA    LSPA_STRP8
9999                33                       103  ...       TRM56_PYRFU    LSPA_STRP8

[16660000 rows x 7 columns]

STATUS: Writing results...
--- Elapsed: 42.8307 seconds ---
       alignment_scores  reference_begin_location  ...  reference_header  query_header
0                    44                        29  ...        RUVA_BORHD    NSP6_ROTHL
1                    37                       186  ...        MNMA_CAMHC    NSP6_ROTHL
2                    46                        13  ...        BCHN_RHOP5    NSP6_ROTHL
3                    31                       197  ...        GLGA_HAEIG    NSP6_ROTHL
4                    32                       178  ...         SYT_CAMJJ    NSP6_ROTHL
...                 ...                       ...  ...               ...           ...
49995                31                        28  ...        Y123_METJA   TRM56_PYRFU
49996                42                       169  ...       Y1389_SULDN   TRM56_PYRFU
49997                39                        22  ...        CPFC_MYCTU   TRM56_PYRFU
49998                32                        84  ...        Y802_TREPA   TRM56_PYRFU
49999              1240                         0  ...       TRM56_PYRFU   TRM56_PYRFU

[16700000 rows x 7 columns]

STATUS: Writing results...
--- Elapsed: 42.7027 seconds ---
 total CPU work (counts) done while GPU was busy: 185383024

INFO: Correctness test skipped...

STATUS: Done
 total CPU work (counts) done while GPU was busy: 189332637

INFO: Correctness test skipped...

STATUS: Done
      alignment_scores  reference_begin_location  ...  reference_header  query_header
0                   49                        68  ...        RUVA_BORHD    SLD2_ASHGO
1                   51                       191  ...        MNMA_CAMHC    SLD2_ASHGO
2                   41                       394  ...        BCHN_RHOP5    SLD2_ASHGO
3                   47                        99  ...        GLGA_HAEIG    SLD2_ASHGO
4                   58                       194  ...         SYT_CAMJJ    SLD2_ASHGO
...                ...                       ...  ...               ...           ...
9995                39                        26  ...        Y123_METJA   RBM41_HUMAN
9996                41                        95  ...       Y1389_SULDN   RBM41_HUMAN
9997                52                       106  ...        CPFC_MYCTU   RBM41_HUMAN
9998                44                        72  ...        Y802_TREPA   RBM41_HUMAN
9999                45                       130  ...       TRM56_PYRFU   RBM41_HUMAN

[16660000 rows x 7 columns]

STATUS: Writing results...
--- Elapsed: 43.8671 seconds ---
 total CPU work (counts) done while GPU was busy: 192729376

INFO: Correctness test skipped...

STATUS: Done
      alignment_scores  reference_begin_location  ...  reference_header  query_header
0                   40                       119  ...        RUVA_BORHD    RLMH_XANP2
1                   39                       214  ...        MNMA_CAMHC    RLMH_XANP2
2                   50                        84  ...        BCHN_RHOP5    RLMH_XANP2
3                   55                       292  ...        GLGA_HAEIG    RLMH_XANP2
4                   39                       195  ...         SYT_CAMJJ    RLMH_XANP2
...                ...                       ...  ...               ...           ...
9995                40                        66  ...        Y123_METJA    TSAD_PHYAS
9996                41                       139  ...       Y1389_SULDN    TSAD_PHYAS
9997                44                        23  ...        CPFC_MYCTU    TSAD_PHYAS
9998                31                        46  ...        Y802_TREPA    TSAD_PHYAS
9999                39                        72  ...       TRM56_PYRFU    TSAD_PHYAS

[16660000 rows x 7 columns]

STATUS: Writing results...
--- Elapsed: 44.0447 seconds ---
 total CPU work (counts) done while GPU was busy: 190138189

INFO: Correctness test skipped...

STATUS: Done
      alignment_scores  reference_begin_location  ...  reference_header  query_header
0                   35                        83  ...        RUVA_BORHD    COBB_SINSX
1                   40                       340  ...        MNMA_CAMHC    COBB_SINSX
2                   49                        84  ...        BCHN_RHOP5    COBB_SINSX
3                   52                       313  ...        GLGA_HAEIG    COBB_SINSX
4                   50                        99  ...         SYT_CAMJJ    COBB_SINSX
...                ...                       ...  ...               ...           ...
9995                58                         1  ...        Y123_METJA    SSN3_DEBHA
9996                46                       208  ...       Y1389_SULDN    SSN3_DEBHA
9997                43                       125  ...        CPFC_MYCTU    SSN3_DEBHA
9998                39                        42  ...        Y802_TREPA    SSN3_DEBHA
9999                50                       156  ...       TRM56_PYRFU    SSN3_DEBHA

[16660000 rows x 7 columns]

STATUS: Writing results...
--- Elapsed: 44.3864 seconds ---
 total CPU work (counts) done while GPU was busy: 201526619

INFO: Correctness test skipped...

STATUS: Done
chunk_n=6
2944.79user 896.25system 11:24.70elapsed 560%CPU (0avgtext+0avgdata 3441312maxresident)k
238825inputs+7641466outputs (661major+26791529minor)pagefaults 0swaps
Start parsing of output files
Running cudasw_xargs_parser...
70.96user 2.17system 1:16.68elapsed 95%CPU (0avgtext+0avgdata 3587944maxresident)k
813808inputs+734323outputs (29major+1945893minor)pagefaults 0swaps
Running ssw_xargs_parser...
100.76user 3.45system 1:49.24elapsed 95%CPU (0avgtext+0avgdata 3588808maxresident)k
4599559inputs+734323outputs (29major+1846158minor)pagefaults 0swaps
Running swipe_xargs_parser...
158.06user 6.57system 2:52.11elapsed 95%CPU (0avgtext+0avgdata 3589232maxresident)k
16108176inputs+734323outputs (29major+1877561minor)pagefaults 0swaps
Running adept_as_xargs_parser...
1460.63user 23.38system 24:47.04elapsed 99%CPU (0avgtext+0avgdata 20977416maxresident)k
7651040inputs+4306082outputs (29major+29387459minor)pagefaults 0swaps
Matplotlib created a temporary config/cache directory at /tmp/slurm-2609795/matplotlib-8jsdrsmp because the default path (/home/user/tuechler/.config/matplotlib) is not a writable directory; it is highly recommended to set the MPLCONFIGDIR environment variable to a writable directory, in particular to speed up the import of Matplotlib and to better support multiprocessing.
Runtimes of programs (in seconds):
ssw_xargs:      656.916
swipe_xargs:    2365.301
cudasw_xargs:   572.313
adept_as_xargs: 681.756
Plot of runtime comparison saved to /scratch/cube/tuechler/program_out/sp_n10000_10_1000_c/runtimes.png
Finished parsing output.
28112.35user 3906.23system 1:43:29elapsed 515%CPU (0avgtext+0avgdata 20977416maxresident)k
97460323inputs+35692206outputs (7311major+129276140minor)pagefaults 0swaps
