

Building a new DB, current time: 05/02/2022 00:53:13
New DB name:   /scratch/cube/tuechler/program_out/sp_n2000_10_500_b/data/query.fasta
New DB title:  ../program_out/sp_n2000_10_500_b/data/query.fasta
Sequence type: Protein
Keep MBits: T
Maximum file size: 1000000000B
Adding sequences from FASTA; added 2000 sequences in 0.0839369 seconds.




Building a new DB, current time: 05/02/2022 00:53:15
New DB name:   /scratch/cube/tuechler/program_out/sp_n2000_10_500_b/data/db.fasta
New DB title:  ../program_out/sp_n2000_10_500_b/data/db.fasta
Sequence type: Protein
Keep MBits: T
Maximum file size: 1000000000B
Adding sequences from FASTA; added 2000 sequences in 0.07215 seconds.




Building a new DB, current time: 05/02/2022 00:53:16
New DB name:   /scratch/cube/tuechler/program_out/sp_n2000_10_500_b/data/qchunks/q_1
New DB title:  ../program_out/sp_n2000_10_500_b/data/qchunks/q_1
Sequence type: Protein
Keep MBits: T
Maximum file size: 1000000000B
Adding sequences from FASTA; added 83 sequences in 0.00885105 seconds.




Building a new DB, current time: 05/02/2022 00:53:17
New DB name:   /scratch/cube/tuechler/program_out/sp_n2000_10_500_b/data/qchunks/q_2
New DB title:  ../program_out/sp_n2000_10_500_b/data/qchunks/q_2
Sequence type: Protein
Keep MBits: T
Maximum file size: 1000000000B
Adding sequences from FASTA; added 83 sequences in 0.00869012 seconds.




Building a new DB, current time: 05/02/2022 00:53:18
New DB name:   /scratch/cube/tuechler/program_out/sp_n2000_10_500_b/data/qchunks/q_3
New DB title:  ../program_out/sp_n2000_10_500_b/data/qchunks/q_3
Sequence type: Protein
Keep MBits: T
Maximum file size: 1000000000B
Adding sequences from FASTA; added 83 sequences in 0.00782394 seconds.




Building a new DB, current time: 05/02/2022 00:53:18
New DB name:   /scratch/cube/tuechler/program_out/sp_n2000_10_500_b/data/qchunks/q_4
New DB title:  ../program_out/sp_n2000_10_500_b/data/qchunks/q_4
Sequence type: Protein
Keep MBits: T
Maximum file size: 1000000000B
Adding sequences from FASTA; added 83 sequences in 0.00889802 seconds.




Building a new DB, current time: 05/02/2022 00:53:19
New DB name:   /scratch/cube/tuechler/program_out/sp_n2000_10_500_b/data/qchunks/q_5
New DB title:  ../program_out/sp_n2000_10_500_b/data/qchunks/q_5
Sequence type: Protein
Keep MBits: T
Maximum file size: 1000000000B
Adding sequences from FASTA; added 83 sequences in 0.00920582 seconds.




Building a new DB, current time: 05/02/2022 00:53:20
New DB name:   /scratch/cube/tuechler/program_out/sp_n2000_10_500_b/data/qchunks/q_6
New DB title:  ../program_out/sp_n2000_10_500_b/data/qchunks/q_6
Sequence type: Protein
Keep MBits: T
Maximum file size: 1000000000B
Adding sequences from FASTA; added 83 sequences in 0.00857496 seconds.




Building a new DB, current time: 05/02/2022 00:53:21
New DB name:   /scratch/cube/tuechler/program_out/sp_n2000_10_500_b/data/qchunks/q_7
New DB title:  ../program_out/sp_n2000_10_500_b/data/qchunks/q_7
Sequence type: Protein
Keep MBits: T
Maximum file size: 1000000000B
Adding sequences from FASTA; added 83 sequences in 0.00889802 seconds.




Building a new DB, current time: 05/02/2022 00:53:22
New DB name:   /scratch/cube/tuechler/program_out/sp_n2000_10_500_b/data/qchunks/q_8
New DB title:  ../program_out/sp_n2000_10_500_b/data/qchunks/q_8
Sequence type: Protein
Keep MBits: T
Maximum file size: 1000000000B
Adding sequences from FASTA; added 83 sequences in 0.00974011 seconds.




Building a new DB, current time: 05/02/2022 00:53:22
New DB name:   /scratch/cube/tuechler/program_out/sp_n2000_10_500_b/data/qchunks/q_9
New DB title:  ../program_out/sp_n2000_10_500_b/data/qchunks/q_9
Sequence type: Protein
Keep MBits: T
Maximum file size: 1000000000B
Adding sequences from FASTA; added 83 sequences in 0.00839305 seconds.




Building a new DB, current time: 05/02/2022 00:53:23
New DB name:   /scratch/cube/tuechler/program_out/sp_n2000_10_500_b/data/qchunks/q_10
New DB title:  ../program_out/sp_n2000_10_500_b/data/qchunks/q_10
Sequence type: Protein
Keep MBits: T
Maximum file size: 1000000000B
Adding sequences from FASTA; added 83 sequences in 0.00826383 seconds.




Building a new DB, current time: 05/02/2022 00:53:24
New DB name:   /scratch/cube/tuechler/program_out/sp_n2000_10_500_b/data/qchunks/q_11
New DB title:  ../program_out/sp_n2000_10_500_b/data/qchunks/q_11
Sequence type: Protein
Keep MBits: T
Maximum file size: 1000000000B
Adding sequences from FASTA; added 83 sequences in 0.00860405 seconds.




Building a new DB, current time: 05/02/2022 00:53:25
New DB name:   /scratch/cube/tuechler/program_out/sp_n2000_10_500_b/data/qchunks/q_12
New DB title:  ../program_out/sp_n2000_10_500_b/data/qchunks/q_12
Sequence type: Protein
Keep MBits: T
Maximum file size: 1000000000B
Adding sequences from FASTA; added 83 sequences in 0.00854087 seconds.




Building a new DB, current time: 05/02/2022 00:53:25
New DB name:   /scratch/cube/tuechler/program_out/sp_n2000_10_500_b/data/qchunks/q_13
New DB title:  ../program_out/sp_n2000_10_500_b/data/qchunks/q_13
Sequence type: Protein
Keep MBits: T
Maximum file size: 1000000000B
Adding sequences from FASTA; added 83 sequences in 0.00843 seconds.




Building a new DB, current time: 05/02/2022 00:53:26
New DB name:   /scratch/cube/tuechler/program_out/sp_n2000_10_500_b/data/qchunks/q_14
New DB title:  ../program_out/sp_n2000_10_500_b/data/qchunks/q_14
Sequence type: Protein
Keep MBits: T
Maximum file size: 1000000000B
Adding sequences from FASTA; added 83 sequences in 0.00879192 seconds.




Building a new DB, current time: 05/02/2022 00:53:27
New DB name:   /scratch/cube/tuechler/program_out/sp_n2000_10_500_b/data/qchunks/q_15
New DB title:  ../program_out/sp_n2000_10_500_b/data/qchunks/q_15
Sequence type: Protein
Keep MBits: T
Maximum file size: 1000000000B
Adding sequences from FASTA; added 83 sequences in 0.00878596 seconds.




Building a new DB, current time: 05/02/2022 00:53:28
New DB name:   /scratch/cube/tuechler/program_out/sp_n2000_10_500_b/data/qchunks/q_16
New DB title:  ../program_out/sp_n2000_10_500_b/data/qchunks/q_16
Sequence type: Protein
Keep MBits: T
Maximum file size: 1000000000B
Adding sequences from FASTA; added 83 sequences in 0.0090251 seconds.




Building a new DB, current time: 05/02/2022 00:53:29
New DB name:   /scratch/cube/tuechler/program_out/sp_n2000_10_500_b/data/qchunks/q_17
New DB title:  ../program_out/sp_n2000_10_500_b/data/qchunks/q_17
Sequence type: Protein
Keep MBits: T
Maximum file size: 1000000000B
Adding sequences from FASTA; added 83 sequences in 0.00915909 seconds.




Building a new DB, current time: 05/02/2022 00:53:29
New DB name:   /scratch/cube/tuechler/program_out/sp_n2000_10_500_b/data/qchunks/q_18
New DB title:  ../program_out/sp_n2000_10_500_b/data/qchunks/q_18
Sequence type: Protein
Keep MBits: T
Maximum file size: 1000000000B
Adding sequences from FASTA; added 83 sequences in 0.00854802 seconds.




Building a new DB, current time: 05/02/2022 00:53:30
New DB name:   /scratch/cube/tuechler/program_out/sp_n2000_10_500_b/data/qchunks/q_19
New DB title:  ../program_out/sp_n2000_10_500_b/data/qchunks/q_19
Sequence type: Protein
Keep MBits: T
Maximum file size: 1000000000B
Adding sequences from FASTA; added 83 sequences in 0.00876689 seconds.




Building a new DB, current time: 05/02/2022 00:53:31
New DB name:   /scratch/cube/tuechler/program_out/sp_n2000_10_500_b/data/qchunks/q_20
New DB title:  ../program_out/sp_n2000_10_500_b/data/qchunks/q_20
Sequence type: Protein
Keep MBits: T
Maximum file size: 1000000000B
Adding sequences from FASTA; added 83 sequences in 0.00888801 seconds.




Building a new DB, current time: 05/02/2022 00:53:32
New DB name:   /scratch/cube/tuechler/program_out/sp_n2000_10_500_b/data/qchunks/q_21
New DB title:  ../program_out/sp_n2000_10_500_b/data/qchunks/q_21
Sequence type: Protein
Keep MBits: T
Maximum file size: 1000000000B
Adding sequences from FASTA; added 83 sequences in 0.00894499 seconds.




Building a new DB, current time: 05/02/2022 00:53:32
New DB name:   /scratch/cube/tuechler/program_out/sp_n2000_10_500_b/data/qchunks/q_22
New DB title:  ../program_out/sp_n2000_10_500_b/data/qchunks/q_22
Sequence type: Protein
Keep MBits: T
Maximum file size: 1000000000B
Adding sequences from FASTA; added 83 sequences in 0.00856519 seconds.




Building a new DB, current time: 05/02/2022 00:53:33
New DB name:   /scratch/cube/tuechler/program_out/sp_n2000_10_500_b/data/qchunks/q_23
New DB title:  ../program_out/sp_n2000_10_500_b/data/qchunks/q_23
Sequence type: Protein
Keep MBits: T
Maximum file size: 1000000000B
Adding sequences from FASTA; added 83 sequences in 0.00908494 seconds.




Building a new DB, current time: 05/02/2022 00:53:34
New DB name:   /scratch/cube/tuechler/program_out/sp_n2000_10_500_b/data/qchunks/q_24
New DB title:  ../program_out/sp_n2000_10_500_b/data/qchunks/q_24
Sequence type: Protein
Keep MBits: T
Maximum file size: 1000000000B
Adding sequences from FASTA; added 91 sequences in 0.00888491 seconds.


Creating output directory: /scratch/cube/tuechler/protein_alignment/scripts/program_out/sp_n2000_10_500_b
Running prepare_database.py...
Writing parameters to parameters.txt
Start calling of alignment programs
Running cudasw_xargs...
start 1
Mon May  2 00:53:35 CEST 2022
start 4
start 5
start 3
start 2
Mon May  2 00:53:35 CEST 2022
start 6
Mon May  2 00:53:35 CEST 2022
Mon May  2 00:53:35 CEST 2022
Mon May  2 00:53:35 CEST 2022
Mon May  2 00:53:35 CEST 2022
end 3
Mon May  2 00:54:34 CEST 2022
end 1
Mon May  2 00:54:36 CEST 2022
end 2
Mon May  2 00:54:37 CEST 2022
end 5
Mon May  2 00:54:38 CEST 2022
end 6
Mon May  2 00:54:38 CEST 2022
end 4
Mon May  2 00:54:41 CEST 2022
chunk_n=6
169.43user 116.76system 1:06.07elapsed 433%CPU (0avgtext+0avgdata 232848maxresident)k
23352inputs+22187outputs (93major+287212minor)pagefaults 0swaps
Running ssw_xargs...
start 1
start 2
start 3
start 4
Mon May  2 00:54:41 CEST 2022
Mon May  2 00:54:41 CEST 2022
start 6
Mon May  2 00:54:41 CEST 2022
Mon May  2 00:54:41 CEST 2022
start 5
start 7
Mon May  2 00:54:41 CEST 2022
start 11
start 12
Mon May  2 00:54:41 CEST 2022
Mon May  2 00:54:41 CEST 2022
Mon May  2 00:54:41 CEST 2022
start 13
start 17
Mon May  2 00:54:41 CEST 2022
start 18
start 19
start 20
start 21
start 9
Mon May  2 00:54:42 CEST 2022
Mon May  2 00:54:42 CEST 2022
start 22
Mon May  2 00:54:42 CEST 2022
start 23
Mon May  2 00:54:42 CEST 2022
Mon May  2 00:54:42 CEST 2022
Mon May  2 00:54:42 CEST 2022
start 14
start 10
start 16
start 15
Mon May  2 00:54:42 CEST 2022
Mon May  2 00:54:42 CEST 2022
Mon May  2 00:54:42 CEST 2022
start 24
start 8
Mon May  2 00:54:42 CEST 2022
Mon May  2 00:54:42 CEST 2022
Mon May  2 00:54:42 CEST 2022
Mon May  2 00:54:42 CEST 2022
Mon May  2 00:54:42 CEST 2022
Mon May  2 00:54:42 CEST 2022
CPU time: 14.6594200134 seconds
end 20
Mon May  2 00:54:57 CEST 2022
CPU time: 15.4465022087 seconds
end 8
Mon May  2 00:54:58 CEST 2022
CPU time: 15.5752129555 seconds
end 15
Mon May  2 00:54:58 CEST 2022
CPU time: 15.462788105 seconds
CPU time: 15.7214589119 seconds
end 21
end 3
Mon May  2 00:54:58 CEST 2022
Mon May  2 00:54:58 CEST 2022
CPU time: 15.7581951618 seconds
end 12
CPU time: 15.623884201 seconds
Mon May  2 00:54:58 CEST 2022
end 17
Mon May  2 00:54:58 CEST 2022
CPU time: 15.6098070145 seconds
end 10
Mon May  2 00:54:58 CEST 2022
CPU time: 15.8123850822 seconds
end 11
Mon May  2 00:54:58 CEST 2022
CPU time: 15.8433380127 seconds
end 9
Mon May  2 00:54:58 CEST 2022
CPU time: 15.9552640915 seconds
end 7
Mon May  2 00:54:58 CEST 2022
CPU time: 15.8189179897 seconds
end 13
Mon May  2 00:54:59 CEST 2022
CPU time: 15.9831969738 seconds
end 1
Mon May  2 00:54:59 CEST 2022
CPU time: 15.9142549038 seconds
end 23
Mon May  2 00:54:59 CEST 2022
CPU time: 16.1646590233 seconds
end 14
Mon May  2 00:54:59 CEST 2022
CPU time: 16.4439749718 seconds
end 6
Mon May  2 00:54:59 CEST 2022
CPU time: 16.4465880394 seconds
end 22
Mon May  2 00:54:59 CEST 2022
CPU time: 16.7854549885 seconds
end 2
Mon May  2 00:54:59 CEST 2022
CPU time: 17.1633319855 seconds
CPU time: 17.1375851631 seconds
end 5
end 19
Mon May  2 00:55:00 CEST 2022
Mon May  2 00:55:00 CEST 2022
CPU time: 17.6582009792 seconds
end 4
Mon May  2 00:55:00 CEST 2022
CPU time: 17.7476499081 seconds
end 24
Mon May  2 00:55:00 CEST 2022
CPU time: 18.1866269112 seconds
end 16
Mon May  2 00:55:01 CEST 2022
CPU time: 19.2687032223 seconds
end 18
Mon May  2 00:55:02 CEST 2022
chunk_n=24
372.30user 4.41system 0:20.87elapsed 1804%CPU (0avgtext+0avgdata 9016maxresident)k
2144760inputs+124494outputs (87major+206491minor)pagefaults 0swaps
Running swipe_xargs...
start 1
start 2
start 3
start 4
Mon May  2 00:55:02 CEST 2022
Mon May  2 00:55:02 CEST 2022
start 5
start 6
start 7
Mon May  2 00:55:02 CEST 2022
Mon May  2 00:55:02 CEST 2022
start 8
start 9
Mon May  2 00:55:02 CEST 2022
start 10
Mon May  2 00:55:02 CEST 2022
start 11
Mon May  2 00:55:02 CEST 2022
Mon May  2 00:55:02 CEST 2022
Mon May  2 00:55:02 CEST 2022
start 13
start 12
start 14
Mon May  2 00:55:02 CEST 2022
start 15
Mon May  2 00:55:02 CEST 2022
start 16
Mon May  2 00:55:02 CEST 2022
Mon May  2 00:55:02 CEST 2022
start 17
start 18
start 19
Mon May  2 00:55:02 CEST 2022
start 20
Mon May  2 00:55:02 CEST 2022
Mon May  2 00:55:02 CEST 2022
start 21
start 22
Mon May  2 00:55:02 CEST 2022
Mon May  2 00:55:02 CEST 2022
start 23
Mon May  2 00:55:02 CEST 2022
Mon May  2 00:55:02 CEST 2022
start 24
Mon May  2 00:55:02 CEST 2022
Mon May  2 00:55:02 CEST 2022
Mon May  2 00:55:02 CEST 2022
Mon May  2 00:55:02 CEST 2022
slurmstepd: error: *** JOB 2795698 ON nodee01 CANCELLED AT 2022-05-02T00:55:38 ***
