

Building a new DB, current time: 04/28/2022 13:04:12
New DB name:   /scratch/cube/tuechler/program_out/sp_n2828_10_500.sp_n2828_10_500/data/query.fasta
New DB title:  ../program_out/sp_n2828_10_500.sp_n2828_10_500/data/query.fasta
Sequence type: Protein
Keep MBits: T
Maximum file size: 1000000000B
Adding sequences from FASTA; added 2828 sequences in 0.118625 seconds.




Building a new DB, current time: 04/28/2022 13:04:13
New DB name:   /scratch/cube/tuechler/program_out/sp_n2828_10_500.sp_n2828_10_500/data/db.fasta
New DB title:  ../program_out/sp_n2828_10_500.sp_n2828_10_500/data/db.fasta
Sequence type: Protein
Keep MBits: T
Maximum file size: 1000000000B
Adding sequences from FASTA; added 2828 sequences in 0.106837 seconds.




Building a new DB, current time: 04/28/2022 13:04:14
New DB name:   /scratch/cube/tuechler/program_out/sp_n2828_10_500.sp_n2828_10_500/data/qchunks/q_1
New DB title:  ../program_out/sp_n2828_10_500.sp_n2828_10_500/data/qchunks/q_1
Sequence type: Protein
Keep MBits: T
Maximum file size: 1000000000B
Adding sequences from FASTA; added 235 sequences in 0.013644 seconds.




Building a new DB, current time: 04/28/2022 13:04:15
New DB name:   /scratch/cube/tuechler/program_out/sp_n2828_10_500.sp_n2828_10_500/data/qchunks/q_2
New DB title:  ../program_out/sp_n2828_10_500.sp_n2828_10_500/data/qchunks/q_2
Sequence type: Protein
Keep MBits: T
Maximum file size: 1000000000B
Adding sequences from FASTA; added 235 sequences in 0.011919 seconds.




Building a new DB, current time: 04/28/2022 13:04:16
New DB name:   /scratch/cube/tuechler/program_out/sp_n2828_10_500.sp_n2828_10_500/data/qchunks/q_3
New DB title:  ../program_out/sp_n2828_10_500.sp_n2828_10_500/data/qchunks/q_3
Sequence type: Protein
Keep MBits: T
Maximum file size: 1000000000B
Adding sequences from FASTA; added 235 sequences in 0.0127749 seconds.




Building a new DB, current time: 04/28/2022 13:04:17
New DB name:   /scratch/cube/tuechler/program_out/sp_n2828_10_500.sp_n2828_10_500/data/qchunks/q_4
New DB title:  ../program_out/sp_n2828_10_500.sp_n2828_10_500/data/qchunks/q_4
Sequence type: Protein
Keep MBits: T
Maximum file size: 1000000000B
Adding sequences from FASTA; added 235 sequences in 0.0132048 seconds.




Building a new DB, current time: 04/28/2022 13:04:17
New DB name:   /scratch/cube/tuechler/program_out/sp_n2828_10_500.sp_n2828_10_500/data/qchunks/q_5
New DB title:  ../program_out/sp_n2828_10_500.sp_n2828_10_500/data/qchunks/q_5
Sequence type: Protein
Keep MBits: T
Maximum file size: 1000000000B
Adding sequences from FASTA; added 235 sequences in 0.012831 seconds.




Building a new DB, current time: 04/28/2022 13:04:18
New DB name:   /scratch/cube/tuechler/program_out/sp_n2828_10_500.sp_n2828_10_500/data/qchunks/q_6
New DB title:  ../program_out/sp_n2828_10_500.sp_n2828_10_500/data/qchunks/q_6
Sequence type: Protein
Keep MBits: T
Maximum file size: 1000000000B
Adding sequences from FASTA; added 235 sequences in 0.013515 seconds.




Building a new DB, current time: 04/28/2022 13:04:19
New DB name:   /scratch/cube/tuechler/program_out/sp_n2828_10_500.sp_n2828_10_500/data/qchunks/q_7
New DB title:  ../program_out/sp_n2828_10_500.sp_n2828_10_500/data/qchunks/q_7
Sequence type: Protein
Keep MBits: T
Maximum file size: 1000000000B
Adding sequences from FASTA; added 235 sequences in 0.0136659 seconds.




Building a new DB, current time: 04/28/2022 13:04:20
New DB name:   /scratch/cube/tuechler/program_out/sp_n2828_10_500.sp_n2828_10_500/data/qchunks/q_8
New DB title:  ../program_out/sp_n2828_10_500.sp_n2828_10_500/data/qchunks/q_8
Sequence type: Protein
Keep MBits: T
Maximum file size: 1000000000B
Adding sequences from FASTA; added 235 sequences in 0.0122809 seconds.




Building a new DB, current time: 04/28/2022 13:04:20
New DB name:   /scratch/cube/tuechler/program_out/sp_n2828_10_500.sp_n2828_10_500/data/qchunks/q_9
New DB title:  ../program_out/sp_n2828_10_500.sp_n2828_10_500/data/qchunks/q_9
Sequence type: Protein
Keep MBits: T
Maximum file size: 1000000000B
Adding sequences from FASTA; added 235 sequences in 0.012306 seconds.




Building a new DB, current time: 04/28/2022 13:04:21
New DB name:   /scratch/cube/tuechler/program_out/sp_n2828_10_500.sp_n2828_10_500/data/qchunks/q_10
New DB title:  ../program_out/sp_n2828_10_500.sp_n2828_10_500/data/qchunks/q_10
Sequence type: Protein
Keep MBits: T
Maximum file size: 1000000000B
Adding sequences from FASTA; added 235 sequences in 0.0121989 seconds.




Building a new DB, current time: 04/28/2022 13:04:22
New DB name:   /scratch/cube/tuechler/program_out/sp_n2828_10_500.sp_n2828_10_500/data/qchunks/q_11
New DB title:  ../program_out/sp_n2828_10_500.sp_n2828_10_500/data/qchunks/q_11
Sequence type: Protein
Keep MBits: T
Maximum file size: 1000000000B
Adding sequences from FASTA; added 235 sequences in 0.0137091 seconds.




Building a new DB, current time: 04/28/2022 13:04:23
New DB name:   /scratch/cube/tuechler/program_out/sp_n2828_10_500.sp_n2828_10_500/data/qchunks/q_12
New DB title:  ../program_out/sp_n2828_10_500.sp_n2828_10_500/data/qchunks/q_12
Sequence type: Protein
Keep MBits: T
Maximum file size: 1000000000B
Adding sequences from FASTA; added 243 sequences in 0.0139079 seconds.


Creating output directory: /scratch/cube/tuechler/protein_alignment/scripts/program_out/sp_n2828_10_500.sp_n2828_10_500
Running prepare_database.py...
Writing parameters to parameters.txt
Start calling of alignment programs
Running cudasw_xargs...
Thu Apr 28 13:04:24 CEST 2022
Thu Apr 28 13:04:24 CEST 2022
Thu Apr 28 13:04:24 CEST 2022
chunk_n=3
224.71user 163.86system 2:27.45elapsed 263%CPU (0avgtext+0avgdata 233044maxresident)k
31690inputs+42657outputs (99major+209023minor)pagefaults 0swaps
Running ssw_xargs...
Thu Apr 28 13:06:51 CEST 2022
Thu Apr 28 13:06:51 CEST 2022
Thu Apr 28 13:06:51 CEST 2022
Thu Apr 28 13:06:51 CEST 2022
Thu Apr 28 13:06:51 CEST 2022
Thu Apr 28 13:06:51 CEST 2022
Thu Apr 28 13:06:51 CEST 2022
Thu Apr 28 13:06:51 CEST 2022
Thu Apr 28 13:06:51 CEST 2022
Thu Apr 28 13:06:51 CEST 2022
Thu Apr 28 13:06:51 CEST 2022
Thu Apr 28 13:06:51 CEST 2022
CPU time: 58.5122981071 seconds
CPU time: 59.7658469677 seconds
CPU time: 60.0096828938 seconds
CPU time: 60.6628859043 seconds
CPU time: 61.8093929291 seconds
CPU time: 62.5348329544 seconds
CPU time: 63.4751498699 seconds
CPU time: 64.0109438896 seconds
CPU time: 64.7976298332 seconds
CPU time: 64.8903539181 seconds
CPU time: 64.9747068882 seconds
CPU time: 66.0239210129 seconds
chunk_n=12
712.32user 6.44system 1:06.93elapsed 1073%CPU (0avgtext+0avgdata 9008maxresident)k
4192506inputs+241481outputs (63major+142545minor)pagefaults 0swaps
Running swipe_xargs...
Thu Apr 28 13:07:58 CEST 2022
Thu Apr 28 13:07:58 CEST 2022
Thu Apr 28 13:07:58 CEST 2022
Thu Apr 28 13:07:58 CEST 2022
Thu Apr 28 13:07:58 CEST 2022
Thu Apr 28 13:07:58 CEST 2022
Thu Apr 28 13:07:58 CEST 2022
Thu Apr 28 13:07:58 CEST 2022
Thu Apr 28 13:07:58 CEST 2022
Thu Apr 28 13:07:58 CEST 2022
Thu Apr 28 13:07:58 CEST 2022
Thu Apr 28 13:07:58 CEST 2022
chunk_n=12
302.89user 77.38system 1:52.16elapsed 339%CPU (0avgtext+0avgdata 9040maxresident)k
37457inputs+831430outputs (189major+3369347minor)pagefaults 0swaps
Running adept_as_xargs...
Thu Apr 28 13:09:51 CEST 2022
Thu Apr 28 13:09:51 CEST 2022
Thu Apr 28 13:09:51 CEST 2022

------------------------------
     PYTHON ASYNC PROTEIN     
------------------------------

STATUS: Reading ref and query files

------------------------------
     PYTHON ASYNC PROTEIN     
------------------------------

STATUS: Reading ref and query files

------------------------------
     PYTHON ASYNC PROTEIN     
------------------------------

STATUS: Reading ref and query files
STATUS: Launching driver
STATUS: Launching driver
STATUS: Launching driver
0
50000
100000
150000
200000
250000
300000
350000
400000
450000
500000
550000
600000
650000
700000
750000
800000
850000
900000
950000
1000000
1050000
1100000
1150000
1200000
1250000
1300000
1350000
1400000
1450000
1500000
1550000
1600000
1650000
1700000
1750000
1800000
1850000
1900000
1950000
2000000
2050000
2100000
2150000
2200000
2250000
2300000
2350000
2400000
2450000
2500000
2550000
2600000
2650000

STATUS: PyADEPT Alignments completed
--- Elapsed: 46.2823 seconds ---
0
50000
100000
150000
200000
250000
300000
350000
400000
450000
500000
550000
600000
650000
700000
750000
800000
850000
900000
950000
1000000
1050000
1100000
1150000
1200000
1250000
1300000
1350000
1400000
1450000
1500000
1550000
1600000
1650000
1700000
1750000
1800000
1850000
1900000
1950000
2000000
2050000
2100000
2150000
2200000
2250000
2300000
2350000
2400000
2450000
2500000
2550000
2600000
2650000

STATUS: PyADEPT Alignments completed
--- Elapsed: 46.7788 seconds ---
0
50000
100000
150000
200000
250000
300000
350000
400000
450000
500000
550000
600000
650000
700000
750000
800000
850000
900000
950000
1000000
1050000
1100000
1150000
1200000
1250000
1300000
1350000
1400000
1450000
1500000
1550000
1600000
1650000
1700000
1750000
1800000
1850000
1900000
1950000
2000000
2050000
2100000
2150000
2200000
2250000
2300000
2350000
2400000
2450000
2500000
2550000
2600000
2650000

STATUS: PyADEPT Alignments completed
--- Elapsed: 47.9236 seconds ---
       alignment_scores  reference_begin_location  ...  reference_header  query_header
0                  1078                         0  ...       IQCF3_HUMAN   IQCF3_HUMAN
1                    29                        62  ...        RS21_DROPS   IQCF3_HUMAN
2                    36                       262  ...         ENO_ECOBW   IQCF3_HUMAN
3                    39                       105  ...       MLP3A_HUMAN   IQCF3_HUMAN
4                    36                       198  ...        COBS_PSEA7   IQCF3_HUMAN
...                 ...                       ...  ...               ...           ...
13971                47                        52  ...       RL303_ARATH     RL3_PYRAB
13972                49                       112  ...        CYAB_AERHY     RL3_PYRAB
13973                45                        68  ...         PCL_HALHA     RL3_PYRAB
13974                24                         3  ...        GRA3_POGPU     RL3_PYRAB
13975                34                        74  ...        ATP6_PETMA     RL3_PYRAB

[2663976 rows x 7 columns]

STATUS: Writing results...
--- Elapsed: 8.3213 seconds ---
 total CPU work (counts) done while GPU was busy: 13536384

INFO: Correctness test skipped...

STATUS: Done
       alignment_scores  reference_begin_location  ...  reference_header  query_header
0                    39                       117  ...       IQCF3_HUMAN   F16PA_NEIM0
1                    35                        34  ...        RS21_DROPS   F16PA_NEIM0
2                    48                        65  ...         ENO_ECOBW   F16PA_NEIM0
3                    43                        45  ...       MLP3A_HUMAN   F16PA_NEIM0
4                    47                        11  ...        COBS_PSEA7   F16PA_NEIM0
...                 ...                       ...  ...               ...           ...
13971                30                        21  ...       RL303_ARATH    MUTT_BUCAI
13972                28                        72  ...        CYAB_AERHY    MUTT_BUCAI
13973                36                       200  ...         PCL_HALHA    MUTT_BUCAI
13974                23                         1  ...        GRA3_POGPU    MUTT_BUCAI
13975                36                        77  ...        ATP6_PETMA    MUTT_BUCAI

[2663976 rows x 7 columns]

STATUS: Writing results...
--- Elapsed: 9.0806 seconds ---
 total CPU work (counts) done while GPU was busy: 13560029

INFO: Correctness test skipped...

STATUS: Done
       alignment_scores  reference_begin_location  ...  reference_header  query_header
0                    30                       101  ...       IQCF3_HUMAN    YERA_YERPE
1                    26                        31  ...        RS21_DROPS    YERA_YERPE
2                    33                       160  ...         ENO_ECOBW    YERA_YERPE
3                    35                        17  ...       MLP3A_HUMAN    YERA_YERPE
4                    37                        38  ...        COBS_PSEA7    YERA_YERPE
...                 ...                       ...  ...               ...           ...
19627                35                        17  ...       RL303_ARATH    ATP6_PETMA
19628                40                        38  ...        CYAB_AERHY    ATP6_PETMA
19629                53                       115  ...         PCL_HALHA    ATP6_PETMA
19630                31                        10  ...        GRA3_POGPU    ATP6_PETMA
19631              1503                         0  ...        ATP6_PETMA    ATP6_PETMA

[2669632 rows x 7 columns]

STATUS: Writing results...
--- Elapsed: 8.3534 seconds ---
 total CPU work (counts) done while GPU was busy: 13035834

INFO: Correctness test skipped...

STATUS: Done
chunk_n=3
max_query=500
max_ref=500
132.57user 47.17system 1:15.01elapsed 239%CPU (0avgtext+0avgdata 847516maxresident)k
209375inputs+606469outputs (736major+3195899minor)pagefaults 0swaps
Start parsing of output files
Running cudasw_xargs_parser...
2.66user 0.20system 0:03.07elapsed 93%CPU (0avgtext+0avgdata 196952maxresident)k
52278inputs+38271outputs (29major+97040minor)pagefaults 0swaps
Running ssw_xargs_parser...
3.40user 0.27system 0:04.07elapsed 90%CPU (0avgtext+0avgdata 197016maxresident)k
251108inputs+38271outputs (29major+91171minor)pagefaults 0swaps
Running swipe_xargs_parser...
6.21user 0.44system 0:07.60elapsed 87%CPU (0avgtext+0avgdata 196972maxresident)k
841061inputs+38271outputs (29major+92154minor)pagefaults 0swaps
Running adept_as_xargs_parser...
41.19user 2.08system 0:44.06elapsed 98%CPU (0avgtext+0avgdata 1687404maxresident)k
616080inputs+344319outputs (29major+975050minor)pagefaults 0swaps
Matplotlib created a temporary config/cache directory at /tmp/slurm-2704301/matplotlib-17bw86gz because the default path (/home/user/tuechler/.config/matplotlib) is not a writable directory; it is highly recommended to set the MPLCONFIGDIR environment variable to a writable directory, in particular to speed up the import of Matplotlib and to better support multiprocessing.
Runtimes of programs (in seconds):
ssw_xargs:      66.698
swipe_xargs:    111.914
cudasw_xargs:   147.203
adept_as_xargs: 74.692
Plot of runtime comparison saved to /scratch/cube/tuechler/program_out/sp_n2828_10_500.sp_n2828_10_500/runtimes.png
Finished parsing output.
1433.45user 309.38system 8:18.12elapsed 349%CPU (0avgtext+0avgdata 1687404maxresident)k
7953592inputs+2197243outputs (4915major+8324091minor)pagefaults 0swaps


Building a new DB, current time: 04/28/2022 13:12:20
New DB name:   /scratch/cube/tuechler/program_out/sp_n200_10_500.sp_n40000_10_500/data/query.fasta
New DB title:  ../program_out/sp_n200_10_500.sp_n40000_10_500/data/query.fasta
Sequence type: Protein
Keep MBits: T
Maximum file size: 1000000000B
Adding sequences from FASTA; added 200 sequences in 0.0108521 seconds.




Building a new DB, current time: 04/28/2022 13:12:21
New DB name:   /scratch/cube/tuechler/program_out/sp_n200_10_500.sp_n40000_10_500/data/db.fasta
New DB title:  ../program_out/sp_n200_10_500.sp_n40000_10_500/data/db.fasta
Sequence type: Protein
Keep MBits: T
Maximum file size: 1000000000B
Adding sequences from FASTA; added 40000 sequences in 1.32229 seconds.




Building a new DB, current time: 04/28/2022 13:12:23
New DB name:   /scratch/cube/tuechler/program_out/sp_n200_10_500.sp_n40000_10_500/data/qchunks/q_1
New DB title:  ../program_out/sp_n200_10_500.sp_n40000_10_500/data/qchunks/q_1
Sequence type: Protein
Keep MBits: T
Maximum file size: 1000000000B
Adding sequences from FASTA; added 16 sequences in 0.004318 seconds.




Building a new DB, current time: 04/28/2022 13:12:24
New DB name:   /scratch/cube/tuechler/program_out/sp_n200_10_500.sp_n40000_10_500/data/qchunks/q_2
New DB title:  ../program_out/sp_n200_10_500.sp_n40000_10_500/data/qchunks/q_2
Sequence type: Protein
Keep MBits: T
Maximum file size: 1000000000B
Adding sequences from FASTA; added 16 sequences in 0.00416613 seconds.




Building a new DB, current time: 04/28/2022 13:12:25
New DB name:   /scratch/cube/tuechler/program_out/sp_n200_10_500.sp_n40000_10_500/data/qchunks/q_3
New DB title:  ../program_out/sp_n200_10_500.sp_n40000_10_500/data/qchunks/q_3
Sequence type: Protein
Keep MBits: T
Maximum file size: 1000000000B
Adding sequences from FASTA; added 16 sequences in 0.00462794 seconds.




Building a new DB, current time: 04/28/2022 13:12:26
New DB name:   /scratch/cube/tuechler/program_out/sp_n200_10_500.sp_n40000_10_500/data/qchunks/q_4
New DB title:  ../program_out/sp_n200_10_500.sp_n40000_10_500/data/qchunks/q_4
Sequence type: Protein
Keep MBits: T
Maximum file size: 1000000000B
Adding sequences from FASTA; added 16 sequences in 0.00460196 seconds.




Building a new DB, current time: 04/28/2022 13:12:26
New DB name:   /scratch/cube/tuechler/program_out/sp_n200_10_500.sp_n40000_10_500/data/qchunks/q_5
New DB title:  ../program_out/sp_n200_10_500.sp_n40000_10_500/data/qchunks/q_5
Sequence type: Protein
Keep MBits: T
Maximum file size: 1000000000B
Adding sequences from FASTA; added 16 sequences in 0.00455689 seconds.




Building a new DB, current time: 04/28/2022 13:12:27
New DB name:   /scratch/cube/tuechler/program_out/sp_n200_10_500.sp_n40000_10_500/data/qchunks/q_6
New DB title:  ../program_out/sp_n200_10_500.sp_n40000_10_500/data/qchunks/q_6
Sequence type: Protein
Keep MBits: T
Maximum file size: 1000000000B
Adding sequences from FASTA; added 16 sequences in 0.00443196 seconds.




Building a new DB, current time: 04/28/2022 13:12:28
New DB name:   /scratch/cube/tuechler/program_out/sp_n200_10_500.sp_n40000_10_500/data/qchunks/q_7
New DB title:  ../program_out/sp_n200_10_500.sp_n40000_10_500/data/qchunks/q_7
Sequence type: Protein
Keep MBits: T
Maximum file size: 1000000000B
Adding sequences from FASTA; added 16 sequences in 0.00474906 seconds.




Building a new DB, current time: 04/28/2022 13:12:29
New DB name:   /scratch/cube/tuechler/program_out/sp_n200_10_500.sp_n40000_10_500/data/qchunks/q_8
New DB title:  ../program_out/sp_n200_10_500.sp_n40000_10_500/data/qchunks/q_8
Sequence type: Protein
Keep MBits: T
Maximum file size: 1000000000B
Adding sequences from FASTA; added 16 sequences in 0.00452614 seconds.




Building a new DB, current time: 04/28/2022 13:12:29
New DB name:   /scratch/cube/tuechler/program_out/sp_n200_10_500.sp_n40000_10_500/data/qchunks/q_9
New DB title:  ../program_out/sp_n200_10_500.sp_n40000_10_500/data/qchunks/q_9
Sequence type: Protein
Keep MBits: T
Maximum file size: 1000000000B
Adding sequences from FASTA; added 16 sequences in 0.004462 seconds.




Building a new DB, current time: 04/28/2022 13:12:30
New DB name:   /scratch/cube/tuechler/program_out/sp_n200_10_500.sp_n40000_10_500/data/qchunks/q_10
New DB title:  ../program_out/sp_n200_10_500.sp_n40000_10_500/data/qchunks/q_10
Sequence type: Protein
Keep MBits: T
Maximum file size: 1000000000B
Adding sequences from FASTA; added 16 sequences in 0.00437498 seconds.




Building a new DB, current time: 04/28/2022 13:12:31
New DB name:   /scratch/cube/tuechler/program_out/sp_n200_10_500.sp_n40000_10_500/data/qchunks/q_11
New DB title:  ../program_out/sp_n200_10_500.sp_n40000_10_500/data/qchunks/q_11
Sequence type: Protein
Keep MBits: T
Maximum file size: 1000000000B
Adding sequences from FASTA; added 16 sequences in 0.00457501 seconds.




Building a new DB, current time: 04/28/2022 13:12:32
New DB name:   /scratch/cube/tuechler/program_out/sp_n200_10_500.sp_n40000_10_500/data/qchunks/q_12
New DB title:  ../program_out/sp_n200_10_500.sp_n40000_10_500/data/qchunks/q_12
Sequence type: Protein
Keep MBits: T
Maximum file size: 1000000000B
Adding sequences from FASTA; added 24 sequences in 0.00455713 seconds.


Creating output directory: /scratch/cube/tuechler/protein_alignment/scripts/program_out/sp_n200_10_500.sp_n40000_10_500
Running prepare_database.py...
Writing parameters to parameters.txt
Start calling of alignment programs
Running cudasw_xargs...
Thu Apr 28 13:12:33 CEST 2022
Thu Apr 28 13:12:33 CEST 2022
Thu Apr 28 13:12:33 CEST 2022
chunk_n=3
26.22user 21.43system 0:30.82elapsed 154%CPU (0avgtext+0avgdata 257636maxresident)k
80832inputs+43173outputs (71major+204789minor)pagefaults 0swaps
Running ssw_xargs...
Thu Apr 28 13:13:04 CEST 2022
Thu Apr 28 13:13:04 CEST 2022
Thu Apr 28 13:13:04 CEST 2022
Thu Apr 28 13:13:04 CEST 2022
Thu Apr 28 13:13:04 CEST 2022
Thu Apr 28 13:13:04 CEST 2022
Thu Apr 28 13:13:04 CEST 2022
Thu Apr 28 13:13:04 CEST 2022
Thu Apr 28 13:13:04 CEST 2022
Thu Apr 28 13:13:04 CEST 2022
Thu Apr 28 13:13:04 CEST 2022
Thu Apr 28 13:13:04 CEST 2022
CPU time: 79.7716519833 seconds
CPU time: 81.1352939606 seconds
CPU time: 81.1286180019 seconds
CPU time: 84.0892460346 seconds
CPU time: 84.148720026 seconds
CPU time: 84.3033690453 seconds
CPU time: 84.4438860416 seconds
CPU time: 85.0002779961 seconds
CPU time: 85.2903008461 seconds
CPU time: 87.0179920197 seconds
CPU time: 88.9784550667 seconds
CPU time: 112.535293102 seconds
chunk_n=12
968.61user 6.44system 1:53.59elapsed 858%CPU (0avgtext+0avgdata 9008maxresident)k
4166952inputs+249964outputs (59major+214753minor)pagefaults 0swaps
Running swipe_xargs...
Thu Apr 28 13:14:58 CEST 2022
Thu Apr 28 13:14:58 CEST 2022
Thu Apr 28 13:14:58 CEST 2022
Thu Apr 28 13:14:58 CEST 2022
Thu Apr 28 13:14:58 CEST 2022
Thu Apr 28 13:14:58 CEST 2022
Thu Apr 28 13:14:58 CEST 2022
Thu Apr 28 13:14:58 CEST 2022
Thu Apr 28 13:14:58 CEST 2022
Thu Apr 28 13:14:58 CEST 2022
Thu Apr 28 13:14:58 CEST 2022
Thu Apr 28 13:14:58 CEST 2022
chunk_n=12
264.50user 77.06system 7:54.33elapsed 72%CPU (0avgtext+0avgdata 13708maxresident)k
82654inputs+858080outputs (224major+3623570minor)pagefaults 0swaps
Running adept_as_xargs...
Thu Apr 28 13:22:54 CEST 2022
Thu Apr 28 13:22:54 CEST 2022
Thu Apr 28 13:22:54 CEST 2022

------------------------------
     PYTHON ASYNC PROTEIN     
------------------------------


------------------------------
     PYTHON ASYNC PROTEIN     
------------------------------

STATUS: Reading ref and query files

------------------------------
     PYTHON ASYNC PROTEIN     
------------------------------

STATUS: Reading ref and query files
STATUS: Reading ref and query files
STATUS: Launching driver
STATUS: Launching driver
STATUS: Launching driver
0
50000
100000
150000
200000
250000
300000
350000
400000
450000
500000
550000
600000
650000
700000
750000
800000
850000
900000
950000
1000000
1050000
1100000
1150000
1200000
1250000
1300000
1350000
1400000
1450000
1500000
1550000
1600000
1650000
1700000
1750000
1800000
1850000
1900000
1950000
2000000
2050000
2100000
2150000
2200000
2250000
2300000
2350000
2400000
2450000
2500000
2550000
2600000

STATUS: PyADEPT Alignments completed
--- Elapsed: 77.1883 seconds ---
0
50000
100000
150000
200000
250000
300000
350000
400000
450000
500000
550000
600000
650000
700000
750000
800000
850000
900000
950000
1000000
1050000
1100000
1150000
1200000
1250000
1300000
1350000
1400000
1450000
1500000
1550000
1600000
1650000
1700000
1750000
1800000
1850000
1900000
1950000
2000000
2050000
2100000
2150000
2200000
2250000
2300000
2350000
2400000
2450000
2500000
2550000
2600000
2650000
2700000

STATUS: PyADEPT Alignments completed
--- Elapsed: 77.2513 seconds ---
0
50000
100000
150000
200000
250000
300000
350000
400000
450000
500000
550000
600000
650000
700000
750000
800000
850000
900000
950000
1000000
1050000
1100000
1150000
1200000
1250000
1300000
1350000
1400000
1450000
1500000
1550000
1600000
1650000
1700000
1750000
1800000
1850000
1900000
1950000
2000000
2050000
2100000
2150000
2200000
2250000
2300000
2350000
2400000
2450000
2500000
2550000
2600000

STATUS: PyADEPT Alignments completed
--- Elapsed: 79.311 seconds ---
       alignment_scores  reference_begin_location  ...  reference_header  query_header
0                    36                         2  ...        NUOB_SALA4    SPEH_BACSU
1                    31                        31  ...        DAPE_BUCBP    SPEH_BACSU
2                    34                        41  ...        RS27_METHJ    SPEH_BACSU
3                    49                        52  ...       EFTU1_PHOLL    SPEH_BACSU
4                    34                       207  ...       SEPT3_BOVIN    SPEH_BACSU
...                 ...                       ...  ...               ...           ...
39995                44                        59  ...        FGF3_MOUSE    RBSD_STRA1
39996                29                        40  ...        RL23_FRATM    RBSD_STRA1
39997                38                        55  ...        IBPB_SALCH    RBSD_STRA1
39998                41                        52  ...        SECB_ERWT9    RBSD_STRA1
39999                33                       324  ...        BRX1_BOVIN    RBSD_STRA1

[2640000 rows x 7 columns]

STATUS: Writing results...
--- Elapsed: 24.3345 seconds ---
 total CPU work (counts) done while GPU was busy: 4168659

INFO: Correctness test skipped...

STATUS: Done
       alignment_scores  reference_begin_location  ...  reference_header  query_header
0                    37                       108  ...        NUOB_SALA4    LPXH_ALIF1
1                    39                       142  ...        DAPE_BUCBP    LPXH_ALIF1
2                    25                        34  ...        RS27_METHJ    LPXH_ALIF1
3                    37                       248  ...       EFTU1_PHOLL    LPXH_ALIF1
4                    50                       204  ...       SEPT3_BOVIN    LPXH_ALIF1
...                 ...                       ...  ...               ...           ...
19995                38                        77  ...        FGF3_MOUSE    AROQ_SALTO
19996                25                         1  ...        RL23_FRATM    AROQ_SALTO
19997                35                        61  ...        IBPB_SALCH    AROQ_SALTO
19998                40                        81  ...        SECB_ERWT9    AROQ_SALTO
19999                33                       136  ...        BRX1_BOVIN    AROQ_SALTO

[2720000 rows x 7 columns]

STATUS: Writing results...
--- Elapsed: 24.3734 seconds ---
 total CPU work (counts) done while GPU was busy: 3634308

INFO: Correctness test skipped...

STATUS: Done
       alignment_scores  reference_begin_location  ...  reference_header  query_header
0                    40                       131  ...        NUOB_SALA4    FLGI_SINMW
1                    61                       102  ...        DAPE_BUCBP    FLGI_SINMW
2                    28                        36  ...        RS27_METHJ    FLGI_SINMW
3                    53                       191  ...       EFTU1_PHOLL    FLGI_SINMW
4                    40                        64  ...       SEPT3_BOVIN    FLGI_SINMW
...                 ...                       ...  ...               ...           ...
39995                45                        77  ...        FGF3_MOUSE     NMO_STAA2
39996                41                        34  ...        RL23_FRATM     NMO_STAA2
39997                35                        72  ...        IBPB_SALCH     NMO_STAA2
39998                33                        21  ...        SECB_ERWT9     NMO_STAA2
39999                39                       122  ...        BRX1_BOVIN     NMO_STAA2

[2640000 rows x 7 columns]

STATUS: Writing results...
--- Elapsed: 23.6948 seconds ---
 total CPU work (counts) done while GPU was busy: 3885337

INFO: Correctness test skipped...

STATUS: Done
chunk_n=3
max_query=492
max_ref=500
130.11user 24.02system 1:56.36elapsed 132%CPU (0avgtext+0avgdata 861936maxresident)k
270356inputs+607614outputs (625major+2773692minor)pagefaults 0swaps
Start parsing of output files
Running cudasw_xargs_parser...
13.43user 0.61system 0:30.71elapsed 45%CPU (0avgtext+0avgdata 202596maxresident)k
52795inputs+39512outputs (29major+103070minor)pagefaults 0swaps
Running ssw_xargs_parser...
15.95user 0.83system 0:39.84elapsed 42%CPU (0avgtext+0avgdata 202824maxresident)k
259588inputs+39512outputs (29major+132435minor)pagefaults 0swaps
Running swipe_xargs_parser...
20.78user 1.20system 0:53.24elapsed 41%CPU (0avgtext+0avgdata 202792maxresident)k
867708inputs+39512outputs (29major+108945minor)pagefaults 0swaps
Running adept_as_xargs_parser...
698.30user 7.73system 15:54.92elapsed 73%CPU (0avgtext+0avgdata 1688048maxresident)k
617225inputs+344270outputs (29major+925418minor)pagefaults 0swaps
Matplotlib created a temporary config/cache directory at /tmp/slurm-2704301/matplotlib-1qdyc_yn because the default path (/home/user/tuechler/.config/matplotlib) is not a writable directory; it is highly recommended to set the MPLCONFIGDIR environment variable to a writable directory, in particular to speed up the import of Matplotlib and to better support multiprocessing.
Runtimes of programs (in seconds):
ssw_xargs:      113.318
swipe_xargs:    473.973
cudasw_xargs:   30.578
adept_as_xargs: 114.516
Plot of runtime comparison saved to /scratch/cube/tuechler/program_out/sp_n200_10_500.sp_n40000_10_500/runtimes.png
Finished parsing output.
2146.81user 147.68system 30:41.72elapsed 124%CPU (0avgtext+0avgdata 1688048maxresident)k
8047502inputs+2291137outputs (4809major+8236898minor)pagefaults 0swaps
