

Building a new DB, current time: 04/27/2022 17:02:15
New DB name:   /scratch/cube/tuechler/program_out/sp_n2000_10_500.sp_n2000_10_500/data/query.fasta
New DB title:  ../program_out/sp_n2000_10_500.sp_n2000_10_500/data/query.fasta
Sequence type: Protein
Keep MBits: T
Maximum file size: 1000000000B
Adding sequences from FASTA; added 2000 sequences in 0.052717 seconds.




Building a new DB, current time: 04/27/2022 17:02:16
New DB name:   /scratch/cube/tuechler/program_out/sp_n2000_10_500.sp_n2000_10_500/data/db.fasta
New DB title:  ../program_out/sp_n2000_10_500.sp_n2000_10_500/data/db.fasta
Sequence type: Protein
Keep MBits: T
Maximum file size: 1000000000B
Adding sequences from FASTA; added 2000 sequences in 0.071805 seconds.




Building a new DB, current time: 04/27/2022 17:02:17
New DB name:   /scratch/cube/tuechler/program_out/sp_n2000_10_500.sp_n2000_10_500/data/qchunks/q_1
New DB title:  ../program_out/sp_n2000_10_500.sp_n2000_10_500/data/qchunks/q_1
Sequence type: Protein
Keep MBits: T
Maximum file size: 1000000000B
Adding sequences from FASTA; added 166 sequences in 0.00873709 seconds.




Building a new DB, current time: 04/27/2022 17:02:18
New DB name:   /scratch/cube/tuechler/program_out/sp_n2000_10_500.sp_n2000_10_500/data/qchunks/q_2
New DB title:  ../program_out/sp_n2000_10_500.sp_n2000_10_500/data/qchunks/q_2
Sequence type: Protein
Keep MBits: T
Maximum file size: 1000000000B
Adding sequences from FASTA; added 166 sequences in 0.00983 seconds.




Building a new DB, current time: 04/27/2022 17:02:18
New DB name:   /scratch/cube/tuechler/program_out/sp_n2000_10_500.sp_n2000_10_500/data/qchunks/q_3
New DB title:  ../program_out/sp_n2000_10_500.sp_n2000_10_500/data/qchunks/q_3
Sequence type: Protein
Keep MBits: T
Maximum file size: 1000000000B
Adding sequences from FASTA; added 166 sequences in 0.0100839 seconds.




Building a new DB, current time: 04/27/2022 17:02:19
New DB name:   /scratch/cube/tuechler/program_out/sp_n2000_10_500.sp_n2000_10_500/data/qchunks/q_4
New DB title:  ../program_out/sp_n2000_10_500.sp_n2000_10_500/data/qchunks/q_4
Sequence type: Protein
Keep MBits: T
Maximum file size: 1000000000B
Adding sequences from FASTA; added 166 sequences in 0.0100741 seconds.




Building a new DB, current time: 04/27/2022 17:02:20
New DB name:   /scratch/cube/tuechler/program_out/sp_n2000_10_500.sp_n2000_10_500/data/qchunks/q_5
New DB title:  ../program_out/sp_n2000_10_500.sp_n2000_10_500/data/qchunks/q_5
Sequence type: Protein
Keep MBits: T
Maximum file size: 1000000000B
Adding sequences from FASTA; added 166 sequences in 0.00890398 seconds.




Building a new DB, current time: 04/27/2022 17:02:20
New DB name:   /scratch/cube/tuechler/program_out/sp_n2000_10_500.sp_n2000_10_500/data/qchunks/q_6
New DB title:  ../program_out/sp_n2000_10_500.sp_n2000_10_500/data/qchunks/q_6
Sequence type: Protein
Keep MBits: T
Maximum file size: 1000000000B
Adding sequences from FASTA; added 166 sequences in 0.0105309 seconds.




Building a new DB, current time: 04/27/2022 17:02:21
New DB name:   /scratch/cube/tuechler/program_out/sp_n2000_10_500.sp_n2000_10_500/data/qchunks/q_7
New DB title:  ../program_out/sp_n2000_10_500.sp_n2000_10_500/data/qchunks/q_7
Sequence type: Protein
Keep MBits: T
Maximum file size: 1000000000B
Adding sequences from FASTA; added 166 sequences in 0.010874 seconds.




Building a new DB, current time: 04/27/2022 17:02:22
New DB name:   /scratch/cube/tuechler/program_out/sp_n2000_10_500.sp_n2000_10_500/data/qchunks/q_8
New DB title:  ../program_out/sp_n2000_10_500.sp_n2000_10_500/data/qchunks/q_8
Sequence type: Protein
Keep MBits: T
Maximum file size: 1000000000B
Adding sequences from FASTA; added 166 sequences in 0.010658 seconds.




Building a new DB, current time: 04/27/2022 17:02:23
New DB name:   /scratch/cube/tuechler/program_out/sp_n2000_10_500.sp_n2000_10_500/data/qchunks/q_9
New DB title:  ../program_out/sp_n2000_10_500.sp_n2000_10_500/data/qchunks/q_9
Sequence type: Protein
Keep MBits: T
Maximum file size: 1000000000B
Adding sequences from FASTA; added 166 sequences in 0.00901389 seconds.




Building a new DB, current time: 04/27/2022 17:02:23
New DB name:   /scratch/cube/tuechler/program_out/sp_n2000_10_500.sp_n2000_10_500/data/qchunks/q_10
New DB title:  ../program_out/sp_n2000_10_500.sp_n2000_10_500/data/qchunks/q_10
Sequence type: Protein
Keep MBits: T
Maximum file size: 1000000000B
Adding sequences from FASTA; added 166 sequences in 0.00998497 seconds.




Building a new DB, current time: 04/27/2022 17:02:24
New DB name:   /scratch/cube/tuechler/program_out/sp_n2000_10_500.sp_n2000_10_500/data/qchunks/q_11
New DB title:  ../program_out/sp_n2000_10_500.sp_n2000_10_500/data/qchunks/q_11
Sequence type: Protein
Keep MBits: T
Maximum file size: 1000000000B
Adding sequences from FASTA; added 166 sequences in 0.00994396 seconds.




Building a new DB, current time: 04/27/2022 17:02:25
New DB name:   /scratch/cube/tuechler/program_out/sp_n2000_10_500.sp_n2000_10_500/data/qchunks/q_12
New DB title:  ../program_out/sp_n2000_10_500.sp_n2000_10_500/data/qchunks/q_12
Sequence type: Protein
Keep MBits: T
Maximum file size: 1000000000B
Adding sequences from FASTA; added 174 sequences in 0.010705 seconds.


Creating output directory: /scratch/cube/tuechler/protein_alignment/scripts/program_out/sp_n2000_10_500.sp_n2000_10_500
Running prepare_database.py...
Writing parameters to parameters.txt
Start calling of alignment programs
Running blast...
260.30user 1.11system 0:42.97elapsed 608%CPU (0avgtext+0avgdata 93820maxresident)k
74832inputs+56167outputs (317major+243934minor)pagefaults 0swaps
Running mmseqs...
createdb ../program_out/sp_n2000_10_500.sp_n2000_10_500/data/query.fasta /tmp/18443776543463687454/query --dbtype 0 --shuffle 1 --createdb-mode 0 --id-offset 0 --compressed 0 -v 3 

Converting sequences
[
Time for merging to query_h: 0h 0m 0s 101ms
Time for merging to query: 0h 0m 0s 3ms
Database type: Aminoacid
Time for merging to query.lookup: 0h 0m 0s 0ms
Time for processing: 0h 0m 0s 157ms
createdb ../program_out/sp_n2000_10_500.sp_n2000_10_500/data/db.fasta /tmp/18443776543463687454/target --dbtype 0 --shuffle 1 --createdb-mode 0 --id-offset 0 --compressed 0 -v 3 

Converting sequences
[
Time for merging to target_h: 0h 0m 0s 42ms
Time for merging to target: 0h 0m 0s 3ms
Database type: Aminoacid
Time for merging to target.lookup: 0h 0m 0s 0ms
Time for processing: 0h 0m 0s 92ms
Tmp /tmp/18443776543463687454/search_tmp folder does not exist or is not a directory.
prefilter /tmp/18443776543463687454/query /tmp/18443776543463687454/target /tmp/18443776543463687454/search_tmp/6075654590489006737/pref_0 --sub-mat /apps/mmseqs2/11-e1a1c/matrices/blosum50.out --seed-sub-mat nucl:nucleotide.out,aa:VTML80.out -k 0 --k-score 2147483647 --alph-size 21 --max-seq-len 65535 --max-seqs 300 --split 0 --split-mode 2 --split-memory-limit 0 -c 0 --cov-mode 0 --comp-bias-corr 1 --diag-score 1 --exact-kmer-matching 0 --mask 1 --mask-lower-case 0 --min-ungapped-score 15 --add-self-matches 0 --spaced-kmer-mode 1 --db-load-mode 0 --pca 1 --pcb 1.5 --threads 12 --compressed 0 -v 3 -s 7.5 

Query database size: 2000 type: Aminoacid
Estimated memory consumption: 982M
Target database size: 2000 type: Aminoacid
Index table k-mer threshold: 96 at k-mer size 6 
Index table: counting k-mers
[=================================================================] 2.00K 0s 30ms
Index table: Masked residues: 5443
Index table: fill
[=================================================================] 2.00K 0s 33ms
Index statistics
Entries:          484840
DB size:          491 MB
Avg k-mer size:   0.007576
Top 10 k-mers
    IKEYFA	10
    PWQSGA	10
    LGPNPA	10
    ATINSA	10
    PEYLYA	10
    TLRFHF	10
    HIPWLF	10
    YVPGSF	10
    LRINGG	10
    ILSPLG	10
Time for index table init: 0h 0m 0s 596ms
Process prefiltering step 1 of 1

k-mer similarity threshold: 96
Starting prefiltering scores calculation (step 1 of 1)
Query db start 1 to 2000
Target db start 1 to 2000
[=================================================================] 2.00K 3s 835ms

1471.918884 k-mers per position
3505 DB matches per sequence
0 overflows
0 queries produce too much hits (truncated result)
50 sequences passed prefiltering per query sequence
46 median result list length
4 sequences with 0 size result lists
Time for merging to pref_0: 0h 0m 0s 1ms
Time for processing: 0h 0m 4s 927ms
align /tmp/18443776543463687454/query /tmp/18443776543463687454/target /tmp/18443776543463687454/search_tmp/6075654590489006737/pref_0 /tmp/18443776543463687454/result --sub-mat /apps/mmseqs2/11-e1a1c/matrices/blosum50.out -a 0 --alignment-mode 3 --wrapped-scoring 0 -e 20 --min-seq-id 0 --min-aln-len 0 --seq-id-mode 0 --alt-ali 0 -c 0 --cov-mode 0 --max-seq-len 65535 --comp-bias-corr 1 --realign 0 --max-rejected 2147483647 --max-accept 2147483647 --add-self-matches 0 --db-load-mode 0 --pca 1 --pcb 1.5 --score-bias 0 --gap-open 15 --gap-extend 2 --zdrop 40 --threads 12 --compressed 0 -v 3 

Compute score, coverage and sequence identity
Query database size: 2000 type: Aminoacid
Target database size: 2000 type: Aminoacid
Calculation of alignments
[=================================================================] 2.00K 0s 258ms
Time for merging to result: 0h 0m 0s 1ms

100851 alignments calculated.
11233 sequence pairs passed the thresholds (0.111382 of overall calculated).
5.616500 hits per query sequence.
Time for processing: 0h 0m 0s 462ms
Remove temporary files
rmdb /tmp/18443776543463687454/search_tmp/6075654590489006737/pref_0 -v 3 

Time for processing: 0h 0m 0s 1ms
rmdb /tmp/18443776543463687454/search_tmp/6075654590489006737/aln_0 -v 3 

Time for processing: 0h 0m 0s 1ms
rmdb /tmp/18443776543463687454/search_tmp/6075654590489006737/input_0 -v 3 

Time for processing: 0h 0m 0s 1ms
rmdb /tmp/18443776543463687454/search_tmp/6075654590489006737/aln_merge -v 3 

Time for processing: 0h 0m 0s 1ms
convertalis /tmp/18443776543463687454/query /tmp/18443776543463687454/target /tmp/18443776543463687454/result ../program_out/sp_n2000_10_500.sp_n2000_10_500/mmseqs/sp_n2000_10_500.sp_n2000_10_500.mmseqs --sub-mat /apps/mmseqs2/11-e1a1c/matrices/blosum50.out --format-mode 0 --format-output query,target,raw --translation-table 1 --gap-open 15 --gap-extend 2 --db-output 0 --db-load-mode 0 --search-type 0 --threads 12 --compressed 0 -v 3 

[=================================================================] 2.00K 0s 29ms
Time for merging to sp_n2000_10_500.sp_n2000_10_500.mmseqs: 0h 0m 0s 74ms
Time for processing: 0h 0m 0s 490ms
Removing temporary files
rmdb /tmp/18443776543463687454/result 

Time for processing: 0h 0m 0s 1ms
rmdb /tmp/18443776543463687454/target 

Time for processing: 0h 0m 0s 1ms
rmdb /tmp/18443776543463687454/target_h 

Time for processing: 0h 0m 0s 1ms
rmdb /tmp/18443776543463687454/query 

Time for processing: 0h 0m 0s 1ms
rmdb /tmp/18443776543463687454/query_h 

Time for processing: 0h 0m 0s 1ms
64.13user 0.77system 0:07.30elapsed 888%CPU (0avgtext+0avgdata 1161444maxresident)k
142612inputs+11844outputs (646major+32394minor)pagefaults 0swaps
Running cudasw...
160.46user 115.20system 4:37.14elapsed 99%CPU (0avgtext+0avgdata 451816maxresident)k
16645inputs+22839outputs (50major+2197384minor)pagefaults 0swaps
Running cudasw_xargs...
Wed Apr 27 17:07:54 CEST 2022
Wed Apr 27 17:07:54 CEST 2022
Wed Apr 27 17:07:54 CEST 2022
chunk_n=3
156.55user 113.85system 1:47.26elapsed 252%CPU (0avgtext+0avgdata 232960maxresident)k
22063inputs+22171outputs (74major+181245minor)pagefaults 0swaps
Running ssw...
CPU time: 327.525489092 seconds
314.84user 1.00system 5:28.10elapsed 96%CPU (0avgtext+0avgdata 9000maxresident)k
2141660inputs+124502outputs (32major+21607minor)pagefaults 0swaps
Running ssw_xargs...
Wed Apr 27 17:15:10 CEST 2022
Wed Apr 27 17:15:10 CEST 2022
Wed Apr 27 17:15:10 CEST 2022
Wed Apr 27 17:15:10 CEST 2022
Wed Apr 27 17:15:10 CEST 2022
Wed Apr 27 17:15:10 CEST 2022
Wed Apr 27 17:15:10 CEST 2022
Wed Apr 27 17:15:10 CEST 2022
Wed Apr 27 17:15:10 CEST 2022
Wed Apr 27 17:15:10 CEST 2022
Wed Apr 27 17:15:10 CEST 2022
Wed Apr 27 17:15:10 CEST 2022
CPU time: 29.9412760735 seconds
CPU time: 30.5277330875 seconds
CPU time: 30.6556231976 seconds
CPU time: 30.9243090153 seconds
CPU time: 30.8995428085 seconds
CPU time: 31.314250946 seconds
CPU time: 32.170552969 seconds
CPU time: 32.4116899967 seconds
CPU time: 31.8245248795 seconds
CPU time: 33.2011890411 seconds
CPU time: 34.9812459946 seconds
CPU time: 31.5793781281 seconds
chunk_n=12
363.32user 3.48system 0:37.19elapsed 986%CPU (0avgtext+0avgdata 9008maxresident)k
2143274inputs+124497outputs (61major+122578minor)pagefaults 0swaps
Running swipe...
207.54user 95.87system 3:13.28elapsed 156%CPU (0avgtext+0avgdata 9024maxresident)k
15531inputs+431930outputs (43major+1790704minor)pagefaults 0swaps
Running swipe_xargs...
Wed Apr 27 17:19:01 CEST 2022
Wed Apr 27 17:19:01 CEST 2022
Wed Apr 27 17:19:01 CEST 2022
Wed Apr 27 17:19:01 CEST 2022
Wed Apr 27 17:19:01 CEST 2022
Wed Apr 27 17:19:01 CEST 2022
Wed Apr 27 17:19:01 CEST 2022
Wed Apr 27 17:19:01 CEST 2022
Wed Apr 27 17:19:01 CEST 2022
Wed Apr 27 17:19:01 CEST 2022
Wed Apr 27 17:19:01 CEST 2022
Wed Apr 27 17:19:01 CEST 2022
chunk_n=12
162.10user 37.59system 1:00.15elapsed 331%CPU (0avgtext+0avgdata 9036maxresident)k
37369inputs+431923outputs (170major+1788402minor)pagefaults 0swaps
Running adept...

---------------------------------
     PYTHON MULTIGPU PROTEIN     
---------------------------------

STATUS: Reading ref and query files
STATUS: Launching driver

STATUS: PyADEPT Alignments completed
--- Elapsed: 35.4925 seconds ---
         alignment_scores  ...  query_header
0                    2829  ...   GCSPA_CHLL2
1                      51  ...   GCSPA_CHLL2
2                      50  ...   GCSPA_CHLL2
3                      53  ...   GCSPA_CHLL2
4                      47  ...   GCSPA_CHLL2
...                   ...  ...           ...
3999995                41  ...    RL19_BRUSI
3999996                35  ...    RL19_BRUSI
3999997                33  ...    RL19_BRUSI
3999998                34  ...    RL19_BRUSI
3999999               905  ...    RL19_BRUSI

[4000000 rows x 7 columns]

STATUS: Writing results...
--- Elapsed: 9.3265 seconds ---

INFO: Correctness test skipped...

STATUS: Done
74.11user 49.93system 1:42.63elapsed 120%CPU (0avgtext+0avgdata 8693600maxresident)k
94221inputs+303340outputs (320major+5103095minor)pagefaults 0swaps
Running adept_as...

------------------------------
     PYTHON ASYNC PROTEIN     
------------------------------

STATUS: Reading ref and query files
STATUS: Launching driver
0
50000
100000
150000
200000
250000
300000
350000
400000
450000
500000
550000
600000
650000
700000
750000
800000
850000
900000
950000
1000000
1050000
1100000
1150000
1200000
1250000
1300000
1350000
1400000
1450000
1500000
1550000
1600000
1650000
1700000
1750000
1800000
1850000
1900000
1950000
2000000
2050000
2100000
2150000
2200000
2250000
2300000
2350000
2400000
2450000
2500000
2550000
2600000
2650000
2700000
2750000
2800000
2850000
2900000
2950000
3000000
3050000
3100000
3150000
3200000
3250000
3300000
3350000
3400000
3450000
3500000
3550000
3600000
3650000
3700000
3750000
3800000
3850000
3900000
3950000

STATUS: PyADEPT Alignments completed
--- Elapsed: 101.3987 seconds ---
       alignment_scores  reference_begin_location  ...  reference_header  query_header
0                  2829                         0  ...       GCSPA_CHLL2   GCSPA_CHLL2
1                    51                       310  ...        HISX_DEHM1   GCSPA_CHLL2
2                    50                       279  ...        ARGJ_COCP7   GCSPA_CHLL2
3                    53                       221  ...        HEM1_RICTY   GCSPA_CHLL2
4                    47                       240  ...        ASSY_POLAQ   GCSPA_CHLL2
...                 ...                       ...  ...               ...           ...
49995                41                       210  ...        DNAA_DESVM    RL19_BRUSI
49996                35                       265  ...         PSD_SHIDS    RL19_BRUSI
49997                33                        50  ...        RL23_MOUSE    RL19_BRUSI
49998                34                        49  ...        RS18_GEOSM    RL19_BRUSI
49999               905                         0  ...        RL19_BRUSI    RL19_BRUSI

[4000000 rows x 7 columns]

STATUS: Writing results...
--- Elapsed: 9.9974 seconds ---
 total CPU work (counts) done while GPU was busy: 22381995

INFO: Correctness test skipped...

STATUS: Done
78.85user 40.65system 2:11.27elapsed 91%CPU (0avgtext+0avgdata 1038012maxresident)k
93374inputs+303342outputs (317major+1212977minor)pagefaults 0swaps
Running adept_as_xargs...
Wed Apr 27 17:23:55 CEST 2022
Wed Apr 27 17:23:55 CEST 2022
Wed Apr 27 17:23:55 CEST 2022

------------------------------
     PYTHON ASYNC PROTEIN     
------------------------------


------------------------------
     PYTHON ASYNC PROTEIN     
------------------------------


------------------------------
     PYTHON ASYNC PROTEIN     
------------------------------

STATUS: Reading ref and query files
STATUS: Reading ref and query files
STATUS: Reading ref and query files
STATUS: Launching driver
STATUS: Launching driver
STATUS: Launching driver
0
50000
100000
150000
200000
250000
300000
350000
400000
450000
500000
550000
600000
650000
700000
750000
800000
850000
900000
950000
1000000
1050000
1100000
1150000
1200000
1250000
1300000

STATUS: PyADEPT Alignments completed
--- Elapsed: 33.744 seconds ---
0
50000
100000
150000
200000
250000
300000
350000
400000
450000
500000
550000
600000
650000
700000
750000
800000
850000
900000
950000
1000000
1050000
1100000
1150000
1200000
1250000
1300000

STATUS: PyADEPT Alignments completed
--- Elapsed: 34.2055 seconds ---
0
50000
100000
150000
200000
250000
300000
350000
400000
450000
500000
550000
600000
650000
700000
750000
800000
850000
900000
950000
1000000
1050000
1100000
1150000
1200000
1250000
1300000

STATUS: PyADEPT Alignments completed
--- Elapsed: 35.9227 seconds ---
       alignment_scores  reference_begin_location  ...  reference_header  query_header
0                    43                       400  ...       GCSPA_CHLL2   IEND1_WICCA
1                    40                       225  ...        HISX_DEHM1   IEND1_WICCA
2                    36                       103  ...        ARGJ_COCP7   IEND1_WICCA
3                    48                       168  ...        HEM1_RICTY   IEND1_WICCA
4                    53                       131  ...        ASSY_POLAQ   IEND1_WICCA
...                 ...                       ...  ...               ...           ...
35995                41                       210  ...        DNAA_DESVM    RL19_BRUSI
35996                35                       265  ...         PSD_SHIDS    RL19_BRUSI
35997                33                        50  ...        RL23_MOUSE    RL19_BRUSI
35998                34                        49  ...        RS18_GEOSM    RL19_BRUSI
35999               905                         0  ...        RL19_BRUSI    RL19_BRUSI

[1336000 rows x 7 columns]

STATUS: Writing results...
--- Elapsed: 3.4957 seconds ---
 total CPU work (counts) done while GPU was busy: 7507057

INFO: Correctness test skipped...

STATUS: Done
       alignment_scores  reference_begin_location  ...  reference_header  query_header
0                    33                       420  ...       GCSPA_CHLL2    RPOZ_BACP2
1                    30                       310  ...        HISX_DEHM1    RPOZ_BACP2
2                    30                        35  ...        ARGJ_COCP7    RPOZ_BACP2
3                    34                       281  ...        HEM1_RICTY    RPOZ_BACP2
4                    35                       368  ...        ASSY_POLAQ    RPOZ_BACP2
...                 ...                       ...  ...               ...           ...
31995                44                       330  ...        DNAA_DESVM    DAPF_ACIBT
31996                46                       255  ...         PSD_SHIDS    DAPF_ACIBT
31997                33                        75  ...        RL23_MOUSE    DAPF_ACIBT
31998                35                        39  ...        RS18_GEOSM    DAPF_ACIBT
31999                41                         2  ...        RL19_BRUSI    DAPF_ACIBT

[1332000 rows x 7 columns]

STATUS: Writing results...
--- Elapsed: 4.7638 seconds ---
 total CPU work (counts) done while GPU was busy: 7281051

INFO: Correctness test skipped...

STATUS: Done
       alignment_scores  reference_begin_location  ...  reference_header  query_header
0                  2829                         0  ...       GCSPA_CHLL2   GCSPA_CHLL2
1                    51                       310  ...        HISX_DEHM1   GCSPA_CHLL2
2                    50                       279  ...        ARGJ_COCP7   GCSPA_CHLL2
3                    53                       221  ...        HEM1_RICTY   GCSPA_CHLL2
4                    47                       240  ...        ASSY_POLAQ   GCSPA_CHLL2
...                 ...                       ...  ...               ...           ...
31995                37                       168  ...        DNAA_DESVM   M1110_ARATH
31996                52                        68  ...         PSD_SHIDS   M1110_ARATH
31997                38                        26  ...        RL23_MOUSE   M1110_ARATH
31998                36                        13  ...        RS18_GEOSM   M1110_ARATH
31999                32                        51  ...        RL19_BRUSI   M1110_ARATH

[1332000 rows x 7 columns]

STATUS: Writing results...
--- Elapsed: 4.0118 seconds ---
 total CPU work (counts) done while GPU was busy: 5682762

INFO: Correctness test skipped...

STATUS: Done
chunk_n=3
84.97user 43.50system 1:06.26elapsed 193%CPU (0avgtext+0avgdata 627104maxresident)k
135836inputs+303348outputs (480major+1594356minor)pagefaults 0swaps
Start parsing of output files
Running blast_parser...
0.80user 0.07system 0:01.24elapsed 70%CPU (0avgtext+0avgdata 22296maxresident)k
65786inputs+2430outputs (29major+7556minor)pagefaults 0swaps
Running mmseqs_parser...
0.10user 0.03system 0:00.40elapsed 35%CPU (0avgtext+0avgdata 13664maxresident)k
10178inputs+556outputs (29major+3777minor)pagefaults 0swaps
Running cudasw_parser...
1.66user 0.12system 0:01.96elapsed 91%CPU (0avgtext+0avgdata 105988maxresident)k
32463inputs+19733outputs (29major+37732minor)pagefaults 0swaps
Running cudasw_xargs_parser...
1.67user 0.12system 0:01.96elapsed 91%CPU (0avgtext+0avgdata 106004maxresident)k
31794inputs+19733outputs (29major+37543minor)pagefaults 0swaps
Running ssw_parser...
2.99user 0.15system 0:03.36elapsed 93%CPU (0avgtext+0avgdata 106276maxresident)k
134122inputs+19733outputs (29major+49331minor)pagefaults 0swaps
Running ssw_xargs_parser...
2.93user 0.20system 0:03.34elapsed 94%CPU (0avgtext+0avgdata 106060maxresident)k
134124inputs+19733outputs (29major+53615minor)pagefaults 0swaps
Running swipe_parser...
4.38user 0.20system 0:04.88elapsed 94%CPU (0avgtext+0avgdata 105992maxresident)k
441551inputs+19733outputs (29major+57628minor)pagefaults 0swaps
Running swipe_xargs_parser...
3.88user 0.25system 0:04.42elapsed 93%CPU (0avgtext+0avgdata 106044maxresident)k
441552inputs+19733outputs (29major+68003minor)pagefaults 0swaps
Running adept_parser...
15.91user 0.61system 0:16.76elapsed 98%CPU (0avgtext+0avgdata 848972maxresident)k
312958inputs+172145outputs (29major+411857minor)pagefaults 0swaps
Running adept_as_parser...
15.40user 0.64system 0:16.37elapsed 97%CPU (0avgtext+0avgdata 848976maxresident)k
312957inputs+172145outputs (29major+450271minor)pagefaults 0swaps
Running adept_as_xargs_parser...
16.32user 0.61system 0:19.93elapsed 84%CPU (0avgtext+0avgdata 849052maxresident)k
312959inputs+172145outputs (29major+464302minor)pagefaults 0swaps
Matplotlib created a temporary config/cache directory at /tmp/slurm-2684162/matplotlib-755wnmdg because the default path (/home/user/tuechler/.config/matplotlib) is not a writable directory; it is highly recommended to set the MPLCONFIGDIR environment variable to a writable directory, in particular to speed up the import of Matplotlib and to better support multiprocessing.
Runtimes of programs (in seconds):
blast:          42.725
mmseqs:         6.985
cudasw:         276.889
cudasw_xargs:   106.959
ssw:            327.843
ssw_xargs:      36.039
swipe:          192.416
swipe_xargs:    58.554
adept:          102.187
adept_as:       130.382
adept_as_xargs: 64.699
Plot of runtime comparison saved to /scratch/cube/tuechler/program_out/sp_n2000_10_500.sp_n2000_10_500/runtimes.png
Finished parsing output.
2000.85user 518.57system 24:33.42elapsed 170%CPU (0avgtext+0avgdata 8693600maxresident)k
9252705inputs+2785320outputs (6542major+16089046minor)pagefaults 0swaps


Building a new DB, current time: 04/27/2022 17:26:43
New DB name:   /scratch/cube/tuechler/program_out/sp_n100_10_500.sp_n40000_10_500/data/query.fasta
New DB title:  ../program_out/sp_n100_10_500.sp_n40000_10_500/data/query.fasta
Sequence type: Protein
Keep MBits: T
Maximum file size: 1000000000B
Adding sequences from FASTA; added 100 sequences in 0.00686693 seconds.




Building a new DB, current time: 04/27/2022 17:26:44
New DB name:   /scratch/cube/tuechler/program_out/sp_n100_10_500.sp_n40000_10_500/data/db.fasta
New DB title:  ../program_out/sp_n100_10_500.sp_n40000_10_500/data/db.fasta
Sequence type: Protein
Keep MBits: T
Maximum file size: 1000000000B
Adding sequences from FASTA; added 40000 sequences in 1.0821 seconds.




Building a new DB, current time: 04/27/2022 17:26:46
New DB name:   /scratch/cube/tuechler/program_out/sp_n100_10_500.sp_n40000_10_500/data/qchunks/q_1
New DB title:  ../program_out/sp_n100_10_500.sp_n40000_10_500/data/qchunks/q_1
Sequence type: Protein
Keep MBits: T
Maximum file size: 1000000000B
Adding sequences from FASTA; added 8 sequences in 0.00623584 seconds.




Building a new DB, current time: 04/27/2022 17:26:46
New DB name:   /scratch/cube/tuechler/program_out/sp_n100_10_500.sp_n40000_10_500/data/qchunks/q_2
New DB title:  ../program_out/sp_n100_10_500.sp_n40000_10_500/data/qchunks/q_2
Sequence type: Protein
Keep MBits: T
Maximum file size: 1000000000B
Adding sequences from FASTA; added 8 sequences in 0.00626206 seconds.




Building a new DB, current time: 04/27/2022 17:26:47
New DB name:   /scratch/cube/tuechler/program_out/sp_n100_10_500.sp_n40000_10_500/data/qchunks/q_3
New DB title:  ../program_out/sp_n100_10_500.sp_n40000_10_500/data/qchunks/q_3
Sequence type: Protein
Keep MBits: T
Maximum file size: 1000000000B
Adding sequences from FASTA; added 8 sequences in 0.00550008 seconds.




Building a new DB, current time: 04/27/2022 17:26:48
New DB name:   /scratch/cube/tuechler/program_out/sp_n100_10_500.sp_n40000_10_500/data/qchunks/q_4
New DB title:  ../program_out/sp_n100_10_500.sp_n40000_10_500/data/qchunks/q_4
Sequence type: Protein
Keep MBits: T
Maximum file size: 1000000000B
Adding sequences from FASTA; added 8 sequences in 0.00660396 seconds.




Building a new DB, current time: 04/27/2022 17:26:49
New DB name:   /scratch/cube/tuechler/program_out/sp_n100_10_500.sp_n40000_10_500/data/qchunks/q_5
New DB title:  ../program_out/sp_n100_10_500.sp_n40000_10_500/data/qchunks/q_5
Sequence type: Protein
Keep MBits: T
Maximum file size: 1000000000B
Adding sequences from FASTA; added 8 sequences in 0.00630498 seconds.




Building a new DB, current time: 04/27/2022 17:26:49
New DB name:   /scratch/cube/tuechler/program_out/sp_n100_10_500.sp_n40000_10_500/data/qchunks/q_6
New DB title:  ../program_out/sp_n100_10_500.sp_n40000_10_500/data/qchunks/q_6
Sequence type: Protein
Keep MBits: T
Maximum file size: 1000000000B
Adding sequences from FASTA; added 8 sequences in 0.00573301 seconds.




Building a new DB, current time: 04/27/2022 17:26:50
New DB name:   /scratch/cube/tuechler/program_out/sp_n100_10_500.sp_n40000_10_500/data/qchunks/q_7
New DB title:  ../program_out/sp_n100_10_500.sp_n40000_10_500/data/qchunks/q_7
Sequence type: Protein
Keep MBits: T
Maximum file size: 1000000000B
Adding sequences from FASTA; added 8 sequences in 0.00583196 seconds.




Building a new DB, current time: 04/27/2022 17:26:51
New DB name:   /scratch/cube/tuechler/program_out/sp_n100_10_500.sp_n40000_10_500/data/qchunks/q_8
New DB title:  ../program_out/sp_n100_10_500.sp_n40000_10_500/data/qchunks/q_8
Sequence type: Protein
Keep MBits: T
Maximum file size: 1000000000B
Adding sequences from FASTA; added 8 sequences in 0.00634313 seconds.




Building a new DB, current time: 04/27/2022 17:26:52
New DB name:   /scratch/cube/tuechler/program_out/sp_n100_10_500.sp_n40000_10_500/data/qchunks/q_9
New DB title:  ../program_out/sp_n100_10_500.sp_n40000_10_500/data/qchunks/q_9
Sequence type: Protein
Keep MBits: T
Maximum file size: 1000000000B
Adding sequences from FASTA; added 8 sequences in 0.00609994 seconds.




Building a new DB, current time: 04/27/2022 17:26:53
New DB name:   /scratch/cube/tuechler/program_out/sp_n100_10_500.sp_n40000_10_500/data/qchunks/q_10
New DB title:  ../program_out/sp_n100_10_500.sp_n40000_10_500/data/qchunks/q_10
Sequence type: Protein
Keep MBits: T
Maximum file size: 1000000000B
Adding sequences from FASTA; added 8 sequences in 0.00619602 seconds.




Building a new DB, current time: 04/27/2022 17:26:53
New DB name:   /scratch/cube/tuechler/program_out/sp_n100_10_500.sp_n40000_10_500/data/qchunks/q_11
New DB title:  ../program_out/sp_n100_10_500.sp_n40000_10_500/data/qchunks/q_11
Sequence type: Protein
Keep MBits: T
Maximum file size: 1000000000B
Adding sequences from FASTA; added 8 sequences in 0.00666499 seconds.




Building a new DB, current time: 04/27/2022 17:26:54
New DB name:   /scratch/cube/tuechler/program_out/sp_n100_10_500.sp_n40000_10_500/data/qchunks/q_12
New DB title:  ../program_out/sp_n100_10_500.sp_n40000_10_500/data/qchunks/q_12
Sequence type: Protein
Keep MBits: T
Maximum file size: 1000000000B
Adding sequences from FASTA; added 12 sequences in 0.006356 seconds.


Creating output directory: /scratch/cube/tuechler/protein_alignment/scripts/program_out/sp_n100_10_500.sp_n40000_10_500
Running prepare_database.py...
Writing parameters to parameters.txt
Start calling of alignment programs
Running blast...
87.22user 0.26system 0:11.17elapsed 782%CPU (0avgtext+0avgdata 82000maxresident)k
98757inputs+12372outputs (391major+42746minor)pagefaults 0swaps
Running mmseqs...
createdb ../program_out/sp_n100_10_500.sp_n40000_10_500/data/query.fasta /tmp/6132619403231555464/query --dbtype 0 --shuffle 1 --createdb-mode 0 --id-offset 0 --compressed 0 -v 3 

Converting sequences
[
Time for merging to query_h: 0h 0m 0s 2ms
Time for merging to query: 0h 0m 0s 1ms
Database type: Aminoacid
Time for merging to query.lookup: 0h 0m 0s 0ms
Time for processing: 0h 0m 0s 35ms
createdb ../program_out/sp_n100_10_500.sp_n40000_10_500/data/db.fasta /tmp/6132619403231555464/target --dbtype 0 --shuffle 1 --createdb-mode 0 --id-offset 0 --compressed 0 -v 3 

Converting sequences
[===
Time for merging to target_h: 0h 0m 0s 40ms
Time for merging to target: 0h 0m 0s 32ms
Database type: Aminoacid
Time for merging to target.lookup: 0h 0m 0s 0ms
Time for processing: 0h 0m 0s 255ms
Tmp /tmp/6132619403231555464/search_tmp folder does not exist or is not a directory.
prefilter /tmp/6132619403231555464/query /tmp/6132619403231555464/target /tmp/6132619403231555464/search_tmp/896087861445224853/pref_0 --sub-mat /apps/mmseqs2/11-e1a1c/matrices/blosum50.out --seed-sub-mat nucl:nucleotide.out,aa:VTML80.out -k 0 --k-score 2147483647 --alph-size 21 --max-seq-len 65535 --max-seqs 300 --split 0 --split-mode 2 --split-memory-limit 0 -c 0 --cov-mode 0 --comp-bias-corr 1 --diag-score 1 --exact-kmer-matching 0 --mask 1 --mask-lower-case 0 --min-ungapped-score 15 --add-self-matches 0 --spaced-kmer-mode 1 --db-load-mode 0 --pca 1 --pcb 1.5 --threads 12 --compressed 0 -v 3 -s 7.5 

Query database size: 100 type: Aminoacid
Estimated memory consumption: 1G
Target database size: 40000 type: Aminoacid
Index table k-mer threshold: 96 at k-mer size 6 
Index table: counting k-mers
[=================================================================] 40.00K 0s 409ms
Index table: Masked residues: 90055
Index table: fill
[=================================================================] 40.00K 0s 398ms
Index statistics
Entries:          9605982
DB size:          543 MB
Avg k-mer size:   0.150093
Top 10 k-mers
    GQSWTV	148
    WGMFAT	141
    VLWQFW	139
    ATFGLP	137
    TVTLAI	135
    QMFGVI	133
    PNLGAL	133
    RSPKGV	132
    KPWFAY	132
    AYIRPN	131
Time for index table init: 0h 0m 1s 494ms
Process prefiltering step 1 of 1

k-mer similarity threshold: 96
Starting prefiltering scores calculation (step 1 of 1)
Query db start 1 to 100
Target db start 1 to 40000
[=================================================================] 100 0s 271ms

1453.367171 k-mers per position
67217 DB matches per sequence
0 overflows
0 queries produce too much hits (truncated result)
286 sequences passed prefiltering per query sequence
300 median result list length
0 sequences with 0 size result lists
Time for merging to pref_0: 0h 0m 0s 0ms
Time for processing: 0h 0m 2s 294ms
align /tmp/6132619403231555464/query /tmp/6132619403231555464/target /tmp/6132619403231555464/search_tmp/896087861445224853/pref_0 /tmp/6132619403231555464/result --sub-mat /apps/mmseqs2/11-e1a1c/matrices/blosum50.out -a 0 --alignment-mode 3 --wrapped-scoring 0 -e 20 --min-seq-id 0 --min-aln-len 0 --seq-id-mode 0 --alt-ali 0 -c 0 --cov-mode 0 --max-seq-len 65535 --comp-bias-corr 1 --realign 0 --max-rejected 2147483647 --max-accept 2147483647 --add-self-matches 0 --db-load-mode 0 --pca 1 --pcb 1.5 --score-bias 0 --gap-open 15 --gap-extend 2 --zdrop 40 --threads 12 --compressed 0 -v 3 

Compute score, coverage and sequence identity
Query database size: 100 type: Aminoacid
Target database size: 40000 type: Aminoacid
Calculation of alignments
[=================================================================] 100 0s 195ms
Time for merging to result: 0h 0m 0s 0ms

28690 alignments calculated.
4713 sequence pairs passed the thresholds (0.164273 of overall calculated).
47.130001 hits per query sequence.
Time for processing: 0h 0m 0s 525ms
Remove temporary files
rmdb /tmp/6132619403231555464/search_tmp/896087861445224853/pref_0 -v 3 

Time for processing: 0h 0m 0s 1ms
rmdb /tmp/6132619403231555464/search_tmp/896087861445224853/aln_0 -v 3 

Time for processing: 0h 0m 0s 1ms
rmdb /tmp/6132619403231555464/search_tmp/896087861445224853/input_0 -v 3 

Time for processing: 0h 0m 0s 1ms
rmdb /tmp/6132619403231555464/search_tmp/896087861445224853/aln_merge -v 3 

Time for processing: 0h 0m 0s 1ms
convertalis /tmp/6132619403231555464/query /tmp/6132619403231555464/target /tmp/6132619403231555464/result ../program_out/sp_n100_10_500.sp_n40000_10_500/mmseqs/sp_n100_10_500.sp_n40000_10_500.mmseqs --sub-mat /apps/mmseqs2/11-e1a1c/matrices/blosum50.out --format-mode 0 --format-output query,target,raw --translation-table 1 --gap-open 15 --gap-extend 2 --db-output 0 --db-load-mode 0 --search-type 0 --threads 12 --compressed 0 -v 3 

[=================================================================] 100 0s 24ms
Time for merging to sp_n100_10_500.sp_n40000_10_500.mmseqs: 0h 0m 0s 50ms
Time for processing: 0h 0m 0s 514ms
Removing temporary files
rmdb /tmp/6132619403231555464/result 

Time for processing: 0h 0m 0s 1ms
rmdb /tmp/6132619403231555464/target 

Time for processing: 0h 0m 0s 5ms
rmdb /tmp/6132619403231555464/target_h 

Time for processing: 0h 0m 0s 1ms
rmdb /tmp/6132619403231555464/query 

Time for processing: 0h 0m 0s 1ms
rmdb /tmp/6132619403231555464/query_h 

Time for processing: 0h 0m 0s 1ms
24.39user 0.72system 0:04.90elapsed 512%CPU (0avgtext+0avgdata 1251632maxresident)k
160594inputs+56753outputs (643major+42015minor)pagefaults 0swaps
Running cudasw...
15.32user 15.08system 0:40.52elapsed 75%CPU (0avgtext+0avgdata 474200maxresident)k
35359inputs+22104outputs (50major+249974minor)pagefaults 0swaps
Running cudasw_xargs...
Wed Apr 27 17:27:53 CEST 2022
Wed Apr 27 17:27:53 CEST 2022
Wed Apr 27 17:27:53 CEST 2022
chunk_n=3
18.16user 16.23system 0:27.51elapsed 125%CPU (0avgtext+0avgdata 257536maxresident)k
77966inputs+22109outputs (68major+238707minor)pagefaults 0swaps
Running ssw...
CPU time: 314.220708847 seconds
312.48user 0.74system 5:14.77elapsed 99%CPU (0avgtext+0avgdata 9000maxresident)k
2087832inputs+127717outputs (32major+17661minor)pagefaults 0swaps
Running ssw_xargs...
Wed Apr 27 17:33:35 CEST 2022
Wed Apr 27 17:33:35 CEST 2022
Wed Apr 27 17:33:35 CEST 2022
Wed Apr 27 17:33:35 CEST 2022
Wed Apr 27 17:33:35 CEST 2022
Wed Apr 27 17:33:35 CEST 2022
Wed Apr 27 17:33:35 CEST 2022
Wed Apr 27 17:33:35 CEST 2022
Wed Apr 27 17:33:35 CEST 2022
Wed Apr 27 17:33:35 CEST 2022
Wed Apr 27 17:33:35 CEST 2022
Wed Apr 27 17:33:35 CEST 2022
CPU time: 29.8331818581 seconds
CPU time: 31.1959459782 seconds
CPU time: 31.7665338516 seconds
CPU time: 32.2958228588 seconds
CPU time: 33.0283050537 seconds
CPU time: 33.7328631878 seconds
CPU time: 34.1727571487 seconds
CPU time: 34.3760380745 seconds
CPU time: 35.0807380676 seconds
CPU time: 36.130368948 seconds
CPU time: 36.9812328815 seconds
CPU time: 45.7821118832 seconds
chunk_n=12
397.48user 3.09system 0:46.73elapsed 857%CPU (0avgtext+0avgdata 9008maxresident)k
2089262inputs+127713outputs (58major+131384minor)pagefaults 0swaps
Running swipe...
204.98user 75.06system 2:48.74elapsed 165%CPU (0avgtext+0avgdata 16600maxresident)k
34246inputs+436905outputs (43major+1773215minor)pagefaults 0swaps
Running swipe_xargs...
Wed Apr 27 17:37:11 CEST 2022
Wed Apr 27 17:37:11 CEST 2022
Wed Apr 27 17:37:11 CEST 2022
Wed Apr 27 17:37:11 CEST 2022
Wed Apr 27 17:37:11 CEST 2022
Wed Apr 27 17:37:11 CEST 2022
Wed Apr 27 17:37:11 CEST 2022
Wed Apr 27 17:37:11 CEST 2022
Wed Apr 27 17:37:11 CEST 2022
Wed Apr 27 17:37:11 CEST 2022
Wed Apr 27 17:37:11 CEST 2022
Wed Apr 27 17:37:11 CEST 2022
chunk_n=12
158.80user 37.11system 1:09.30elapsed 282%CPU (0avgtext+0avgdata 14032maxresident)k
56340inputs+436905outputs (206major+1886213minor)pagefaults 0swaps
Running adept...

---------------------------------
     PYTHON MULTIGPU PROTEIN     
---------------------------------

STATUS: Reading ref and query files
STATUS: Launching driver

STATUS: PyADEPT Alignments completed
--- Elapsed: 36.2456 seconds ---
         alignment_scores  ...  query_header
0                      33  ...    RS24_HALS3
1                      50  ...    RS24_HALS3
2                      24  ...    RS24_HALS3
3                      37  ...    RS24_HALS3
4                      32  ...    RS24_HALS3
...                   ...  ...           ...
3999995                48  ...     H2A_CAEEL
3999996                38  ...     H2A_CAEEL
3999997                33  ...     H2A_CAEEL
3999998                28  ...     H2A_CAEEL
3999999                44  ...     H2A_CAEEL

[4000000 rows x 7 columns]

STATUS: Writing results...
--- Elapsed: 10.5286 seconds ---

INFO: Correctness test skipped...

STATUS: Done
79.58user 51.54system 1:46.41elapsed 123%CPU (0avgtext+0avgdata 8683204maxresident)k
112936inputs+303434outputs (320major+6371173minor)pagefaults 0swaps
Running adept_as...

------------------------------
     PYTHON ASYNC PROTEIN     
------------------------------

STATUS: Reading ref and query files
STATUS: Launching driver
0
50000
100000
150000
200000
250000
300000
350000
400000
450000
500000
550000
600000
650000
700000
750000
800000
850000
900000
950000
1000000
1050000
1100000
1150000
1200000
1250000
1300000
1350000
1400000
1450000
1500000
1550000
1600000
1650000
1700000
1750000
1800000
1850000
1900000
1950000
2000000
2050000
2100000
2150000
2200000
2250000
2300000
2350000
2400000
2450000
2500000
2550000
2600000
2650000
2700000
2750000
2800000
2850000
2900000
2950000
3000000
3050000
3100000
3150000
3200000
3250000
3300000
3350000
3400000
3450000
3500000
3550000
3600000
3650000
3700000
3750000
3800000
3850000
3900000
3950000

STATUS: PyADEPT Alignments completed
--- Elapsed: 100.2769 seconds ---
       alignment_scores  reference_begin_location  ...  reference_header  query_header
0                    33                       173  ...        NUOB_SALA4    RS24_HALS3
1                    50                       235  ...        DAPE_BUCBP    RS24_HALS3
2                    24                        46  ...        RS27_METHJ    RS24_HALS3
3                    37                       241  ...       EFTU1_PHOLL    RS24_HALS3
4                    32                        83  ...       SEPT3_BOVIN    RS24_HALS3
...                 ...                       ...  ...               ...           ...
49995                48                       119  ...        FGF3_MOUSE     H2A_CAEEL
49996                38                        64  ...        RL23_FRATM     H2A_CAEEL
49997                33                        40  ...        IBPB_SALCH     H2A_CAEEL
49998                28                       106  ...        SECB_ERWT9     H2A_CAEEL
49999                44                         2  ...        BRX1_BOVIN     H2A_CAEEL

[4000000 rows x 7 columns]

STATUS: Writing results...
--- Elapsed: 10.0903 seconds ---
 total CPU work (counts) done while GPU was busy: 18508472

INFO: Correctness test skipped...

STATUS: Done
77.60user 41.13system 2:08.10elapsed 92%CPU (0avgtext+0avgdata 1100156maxresident)k
112089inputs+303433outputs (317major+1212650minor)pagefaults 0swaps
Running adept_as_xargs...
Wed Apr 27 17:42:15 CEST 2022
Wed Apr 27 17:42:15 CEST 2022
Wed Apr 27 17:42:15 CEST 2022

------------------------------
     PYTHON ASYNC PROTEIN     
------------------------------


------------------------------
     PYTHON ASYNC PROTEIN     
------------------------------


------------------------------
     PYTHON ASYNC PROTEIN     
------------------------------

STATUS: Reading ref and query files
STATUS: Reading ref and query files
STATUS: Reading ref and query files
STATUS: Launching driver
STATUS: Launching driver
STATUS: Launching driver
0
50000
100000
150000
200000
250000
300000
350000
400000
450000
500000
550000
600000
650000
700000
750000
800000
850000
900000
950000
1000000
1050000
1100000
1150000
1200000
1250000
1300000

STATUS: PyADEPT Alignments completed
--- Elapsed: 32.7207 seconds ---
0
50000
100000
150000
200000
250000
300000
350000
400000
450000
500000
550000
600000
650000
700000
750000
800000
850000
900000
950000
1000000
1050000
1100000
1150000
1200000
1250000
1300000

STATUS: PyADEPT Alignments completed
--- Elapsed: 33.1486 seconds ---
0
50000
100000
150000
200000
250000
300000
350000
400000
450000
500000
550000
600000
650000
700000
750000
800000
850000
900000
950000
1000000
1050000
1100000
1150000
1200000
1250000
1300000
1350000

STATUS: PyADEPT Alignments completed
--- Elapsed: 35.259 seconds ---
       alignment_scores  reference_begin_location  ...  reference_header  query_header
0                    33                       173  ...        NUOB_SALA4    RS24_HALS3
1                    50                       235  ...        DAPE_BUCBP    RS24_HALS3
2                    24                        46  ...        RS27_METHJ    RS24_HALS3
3                    37                       241  ...       EFTU1_PHOLL    RS24_HALS3
4                    32                        83  ...       SEPT3_BOVIN    RS24_HALS3
...                 ...                       ...  ...               ...           ...
19995                34                       158  ...        FGF3_MOUSE     DUT_MYCMM
19996                28                        12  ...        RL23_FRATM     DUT_MYCMM
19997                30                       111  ...        IBPB_SALCH     DUT_MYCMM
19998                30                       120  ...        SECB_ERWT9     DUT_MYCMM
19999                33                        27  ...        BRX1_BOVIN     DUT_MYCMM

[1320000 rows x 7 columns]

STATUS: Writing results...
--- Elapsed: 4.0009 seconds ---
 total CPU work (counts) done while GPU was busy: 5838017

INFO: Correctness test skipped...

STATUS: Done
       alignment_scores  reference_begin_location  ...  reference_header  query_header
0                    46                        66  ...        NUOB_SALA4    MTLD_SHISS
1                    41                       272  ...        DAPE_BUCBP    MTLD_SHISS
2                    39                        31  ...        RS27_METHJ    MTLD_SHISS
3                    67                       167  ...       EFTU1_PHOLL    MTLD_SHISS
4                    43                       273  ...       SEPT3_BOVIN    MTLD_SHISS
...                 ...                       ...  ...               ...           ...
19995                25                        84  ...        FGF3_MOUSE    FLHD_NITEC
19996                33                         4  ...        RL23_FRATM    FLHD_NITEC
19997                30                         0  ...        IBPB_SALCH    FLHD_NITEC
19998                38                        47  ...        SECB_ERWT9    FLHD_NITEC
19999                30                       220  ...        BRX1_BOVIN    FLHD_NITEC

[1320000 rows x 7 columns]

STATUS: Writing results...
--- Elapsed: 4.0921 seconds ---
 total CPU work (counts) done while GPU was busy: 5058422

INFO: Correctness test skipped...

STATUS: Done
      alignment_scores  reference_begin_location  ...  reference_header  query_header
0                   34                       108  ...        NUOB_SALA4    CLPS_BRUC2
1                   39                       107  ...        DAPE_BUCBP    CLPS_BRUC2
2                   29                        32  ...        RS27_METHJ    CLPS_BRUC2
3                   33                        32  ...       EFTU1_PHOLL    CLPS_BRUC2
4                   37                       237  ...       SEPT3_BOVIN    CLPS_BRUC2
...                ...                       ...  ...               ...           ...
9995                48                       119  ...        FGF3_MOUSE     H2A_CAEEL
9996                38                        64  ...        RL23_FRATM     H2A_CAEEL
9997                33                        40  ...        IBPB_SALCH     H2A_CAEEL
9998                28                       106  ...        SECB_ERWT9     H2A_CAEEL
9999                44                         2  ...        BRX1_BOVIN     H2A_CAEEL

[1360000 rows x 7 columns]

STATUS: Writing results...
--- Elapsed: 3.1647 seconds ---
 total CPU work (counts) done while GPU was busy: 6677466

INFO: Correctness test skipped...

STATUS: Done
chunk_n=3
80.66user 44.80system 0:57.23elapsed 219%CPU (0avgtext+0avgdata 660576maxresident)k
198116inputs+303437outputs (512major+1939751minor)pagefaults 0swaps
Start parsing of output files
Running blast_parser...
0.21user 0.04system 0:00.40elapsed 61%CPU (0avgtext+0avgdata 11292maxresident)k
21992inputs+339outputs (29major+3206minor)pagefaults 0swaps
Running mmseqs_parser...
0.07user 0.03system 0:00.20elapsed 48%CPU (0avgtext+0avgdata 10496maxresident)k
9854inputs+211outputs (29major+2934minor)pagefaults 0swaps
Running cudasw_parser...
5.29user 0.12system 0:05.55elapsed 97%CPU (0avgtext+0avgdata 108704maxresident)k
31727inputs+20231outputs (29major+52647minor)pagefaults 0swaps
Running cudasw_xargs_parser...
4.17user 0.11system 0:04.41elapsed 97%CPU (0avgtext+0avgdata 108720maxresident)k
31731inputs+20231outputs (29major+58895minor)pagefaults 0swaps
Running ssw_parser...
5.05user 0.14system 0:05.35elapsed 97%CPU (0avgtext+0avgdata 108612maxresident)k
137337inputs+20231outputs (29major+54402minor)pagefaults 0swaps
Running ssw_xargs_parser...
5.05user 0.14system 0:05.39elapsed 96%CPU (0avgtext+0avgdata 108692maxresident)k
137338inputs+20231outputs (29major+54523minor)pagefaults 0swaps
Running swipe_parser...
6.59user 0.20system 0:06.99elapsed 97%CPU (0avgtext+0avgdata 108680maxresident)k
446527inputs+20231outputs (29major+50873minor)pagefaults 0swaps
Running swipe_xargs_parser...
6.66user 0.21system 0:07.12elapsed 96%CPU (0avgtext+0avgdata 108700maxresident)k
446532inputs+20231outputs (29major+50714minor)pagefaults 0swaps
Running adept_parser...
227.65user 0.79system 3:48.73elapsed 99%CPU (0avgtext+0avgdata 849600maxresident)k
313052inputs+172136outputs (29major+379577minor)pagefaults 0swaps
Running adept_as_parser...
228.81user 0.72system 3:50.05elapsed 99%CPU (0avgtext+0avgdata 849600maxresident)k
313048inputs+172136outputs (29major+413461minor)pagefaults 0swaps
Running adept_as_xargs_parser...
242.50user 0.69system 4:03.62elapsed 99%CPU (0avgtext+0avgdata 850428maxresident)k
313051inputs+172136outputs (29major+394110minor)pagefaults 0swaps
Matplotlib created a temporary config/cache directory at /tmp/slurm-2684162/matplotlib-pac3ii_b because the default path (/home/user/tuechler/.config/matplotlib) is not a writable directory; it is highly recommended to set the MPLCONFIGDIR environment variable to a writable directory, in particular to speed up the import of Matplotlib and to better support multiprocessing.
Runtimes of programs (in seconds):
blast:          10.942
mmseqs:         4.502
cudasw:         40.249
cudasw_xargs:   27.227
ssw:            314.514
ssw_xargs:      46.410
swipe:          168.445
swipe_xargs:    68.933
adept:          106.188
adept_as:       127.836
adept_as_xargs: 56.920
Plot of runtime comparison saved to /scratch/cube/tuechler/program_out/sp_n100_10_500.sp_n40000_10_500/runtimes.png
Finished parsing output.
2198.60user 300.90system 29:12.72elapsed 142%CPU (0avgtext+0avgdata 8683204maxresident)k
9409985inputs+2860355outputs (6672major+15585255minor)pagefaults 0swaps


Building a new DB, current time: 04/27/2022 17:57:48
New DB name:   /scratch/cube/tuechler/program_out/sp_n40000_10_500.sp_n100_10_500/data/query.fasta
New DB title:  ../program_out/sp_n40000_10_500.sp_n100_10_500/data/query.fasta
Sequence type: Protein
Keep MBits: T
Maximum file size: 1000000000B
Adding sequences from FASTA; added 40000 sequences in 1.05267 seconds.




Building a new DB, current time: 04/27/2022 17:57:50
New DB name:   /scratch/cube/tuechler/program_out/sp_n40000_10_500.sp_n100_10_500/data/db.fasta
New DB title:  ../program_out/sp_n40000_10_500.sp_n100_10_500/data/db.fasta
Sequence type: Protein
Keep MBits: T
Maximum file size: 1000000000B
Adding sequences from FASTA; added 100 sequences in 0.005723 seconds.




Building a new DB, current time: 04/27/2022 17:57:51
New DB name:   /scratch/cube/tuechler/program_out/sp_n40000_10_500.sp_n100_10_500/data/qchunks/q_1
New DB title:  ../program_out/sp_n40000_10_500.sp_n100_10_500/data/qchunks/q_1
Sequence type: Protein
Keep MBits: T
Maximum file size: 1000000000B
Adding sequences from FASTA; added 3333 sequences in 0.119264 seconds.




Building a new DB, current time: 04/27/2022 17:57:52
New DB name:   /scratch/cube/tuechler/program_out/sp_n40000_10_500.sp_n100_10_500/data/qchunks/q_2
New DB title:  ../program_out/sp_n40000_10_500.sp_n100_10_500/data/qchunks/q_2
Sequence type: Protein
Keep MBits: T
Maximum file size: 1000000000B
Adding sequences from FASTA; added 3333 sequences in 0.111691 seconds.




Building a new DB, current time: 04/27/2022 17:57:53
New DB name:   /scratch/cube/tuechler/program_out/sp_n40000_10_500.sp_n100_10_500/data/qchunks/q_3
New DB title:  ../program_out/sp_n40000_10_500.sp_n100_10_500/data/qchunks/q_3
Sequence type: Protein
Keep MBits: T
Maximum file size: 1000000000B
Adding sequences from FASTA; added 3333 sequences in 0.123921 seconds.




Building a new DB, current time: 04/27/2022 17:57:53
New DB name:   /scratch/cube/tuechler/program_out/sp_n40000_10_500.sp_n100_10_500/data/qchunks/q_4
New DB title:  ../program_out/sp_n40000_10_500.sp_n100_10_500/data/qchunks/q_4
Sequence type: Protein
Keep MBits: T
Maximum file size: 1000000000B
Adding sequences from FASTA; added 3333 sequences in 0.122615 seconds.




Building a new DB, current time: 04/27/2022 17:57:54
New DB name:   /scratch/cube/tuechler/program_out/sp_n40000_10_500.sp_n100_10_500/data/qchunks/q_5
New DB title:  ../program_out/sp_n40000_10_500.sp_n100_10_500/data/qchunks/q_5
Sequence type: Protein
Keep MBits: T
Maximum file size: 1000000000B
Adding sequences from FASTA; added 3333 sequences in 0.112017 seconds.




Building a new DB, current time: 04/27/2022 17:57:55
New DB name:   /scratch/cube/tuechler/program_out/sp_n40000_10_500.sp_n100_10_500/data/qchunks/q_6
New DB title:  ../program_out/sp_n40000_10_500.sp_n100_10_500/data/qchunks/q_6
Sequence type: Protein
Keep MBits: T
Maximum file size: 1000000000B
Adding sequences from FASTA; added 3333 sequences in 0.124013 seconds.




Building a new DB, current time: 04/27/2022 17:57:56
New DB name:   /scratch/cube/tuechler/program_out/sp_n40000_10_500.sp_n100_10_500/data/qchunks/q_7
New DB title:  ../program_out/sp_n40000_10_500.sp_n100_10_500/data/qchunks/q_7
Sequence type: Protein
Keep MBits: T
Maximum file size: 1000000000B
Adding sequences from FASTA; added 3333 sequences in 0.123867 seconds.




Building a new DB, current time: 04/27/2022 17:57:57
New DB name:   /scratch/cube/tuechler/program_out/sp_n40000_10_500.sp_n100_10_500/data/qchunks/q_8
New DB title:  ../program_out/sp_n40000_10_500.sp_n100_10_500/data/qchunks/q_8
Sequence type: Protein
Keep MBits: T
Maximum file size: 1000000000B
Adding sequences from FASTA; added 3333 sequences in 0.101424 seconds.




Building a new DB, current time: 04/27/2022 17:57:58
New DB name:   /scratch/cube/tuechler/program_out/sp_n40000_10_500.sp_n100_10_500/data/qchunks/q_9
New DB title:  ../program_out/sp_n40000_10_500.sp_n100_10_500/data/qchunks/q_9
Sequence type: Protein
Keep MBits: T
Maximum file size: 1000000000B
Adding sequences from FASTA; added 3333 sequences in 0.08939 seconds.




Building a new DB, current time: 04/27/2022 17:57:58
New DB name:   /scratch/cube/tuechler/program_out/sp_n40000_10_500.sp_n100_10_500/data/qchunks/q_10
New DB title:  ../program_out/sp_n40000_10_500.sp_n100_10_500/data/qchunks/q_10
Sequence type: Protein
Keep MBits: T
Maximum file size: 1000000000B
Adding sequences from FASTA; added 3333 sequences in 0.095552 seconds.




Building a new DB, current time: 04/27/2022 17:57:59
New DB name:   /scratch/cube/tuechler/program_out/sp_n40000_10_500.sp_n100_10_500/data/qchunks/q_11
New DB title:  ../program_out/sp_n40000_10_500.sp_n100_10_500/data/qchunks/q_11
Sequence type: Protein
Keep MBits: T
Maximum file size: 1000000000B
Adding sequences from FASTA; added 3333 sequences in 0.0853689 seconds.




Building a new DB, current time: 04/27/2022 17:58:00
New DB name:   /scratch/cube/tuechler/program_out/sp_n40000_10_500.sp_n100_10_500/data/qchunks/q_12
New DB title:  ../program_out/sp_n40000_10_500.sp_n100_10_500/data/qchunks/q_12
Sequence type: Protein
Keep MBits: T
Maximum file size: 1000000000B
Adding sequences from FASTA; added 3337 sequences in 0.087836 seconds.


Creating output directory: /scratch/cube/tuechler/protein_alignment/scripts/program_out/sp_n40000_10_500.sp_n100_10_500
Running prepare_database.py...
Writing parameters to parameters.txt
Start calling of alignment programs
Running blast...
2048.97user 13.50system 7:02.91elapsed 487%CPU (0avgtext+0avgdata 455080maxresident)k
93286inputs+650574outputs (316major+3597669minor)pagefaults 0swaps
Running mmseqs...
createdb ../program_out/sp_n40000_10_500.sp_n100_10_500/data/query.fasta /tmp/14858020545031698836/query --dbtype 0 --shuffle 1 --createdb-mode 0 --id-offset 0 --compressed 0 -v 3 

Converting sequences
[===
Time for merging to query_h: 0h 0m 0s 79ms
Time for merging to query: 0h 0m 0s 30ms
Database type: Aminoacid
Time for merging to query.lookup: 0h 0m 0s 0ms
Time for processing: 0h 0m 0s 291ms
createdb ../program_out/sp_n40000_10_500.sp_n100_10_500/data/db.fasta /tmp/14858020545031698836/target --dbtype 0 --shuffle 1 --createdb-mode 0 --id-offset 0 --compressed 0 -v 3 

Converting sequences
[
Time for merging to target_h: 0h 0m 0s 1ms
Time for merging to target: 0h 0m 0s 1ms
Database type: Aminoacid
Time for merging to target.lookup: 0h 0m 0s 0ms
Time for processing: 0h 0m 0s 36ms
Tmp /tmp/14858020545031698836/search_tmp folder does not exist or is not a directory.
prefilter /tmp/14858020545031698836/query /tmp/14858020545031698836/target /tmp/14858020545031698836/search_tmp/2629633601638710607/pref_0 --sub-mat /apps/mmseqs2/11-e1a1c/matrices/blosum50.out --seed-sub-mat nucl:nucleotide.out,aa:VTML80.out -k 0 --k-score 2147483647 --alph-size 21 --max-seq-len 65535 --max-seqs 300 --split 0 --split-mode 2 --split-memory-limit 0 -c 0 --cov-mode 0 --comp-bias-corr 1 --diag-score 1 --exact-kmer-matching 0 --mask 1 --mask-lower-case 0 --min-ungapped-score 15 --add-self-matches 0 --spaced-kmer-mode 1 --db-load-mode 0 --pca 1 --pcb 1.5 --threads 12 --compressed 0 -v 3 -s 7.5 

Query database size: 40000 type: Aminoacid
Estimated memory consumption: 978M
Target database size: 100 type: Aminoacid
Index table k-mer threshold: 96 at k-mer size 6 
Index table: counting k-mers
[=================================================================] 100 0s 34ms
Index table: Masked residues: 190
Index table: fill
[=================================================================] 100 0s 28ms
Index statistics
Entries:          25024
DB size:          488 MB
Avg k-mer size:   0.000391
Top 10 k-mers
    AARADA	2
    QAVDGA	2
    LAAAAE	2
    IAAAKG	2
    LKEYVG	2
    RLGEAI	2
    ILAALI	2
    MELMAL	2
    DHEIIL	2
    TILKIL	2
Time for index table init: 0h 0m 0s 454ms
Process prefiltering step 1 of 1

k-mer similarity threshold: 96
Starting prefiltering scores calculation (step 1 of 1)
Query db start 1 to 40000
Target db start 1 to 100
[=================================================================] 40.00K 1m 9s 624ms

1461.826208 k-mers per position
166 DB matches per sequence
0 overflows
0 queries produce too much hits (truncated result)
2 sequences passed prefiltering per query sequence
2 median result list length
8060 sequences with 0 size result lists
Time for merging to pref_0: 0h 0m 0s 10ms
Time for processing: 0h 1m 10s 628ms
align /tmp/14858020545031698836/query /tmp/14858020545031698836/target /tmp/14858020545031698836/search_tmp/2629633601638710607/pref_0 /tmp/14858020545031698836/result --sub-mat /apps/mmseqs2/11-e1a1c/matrices/blosum50.out -a 0 --alignment-mode 3 --wrapped-scoring 0 -e 20 --min-seq-id 0 --min-aln-len 0 --seq-id-mode 0 --alt-ali 0 -c 0 --cov-mode 0 --max-seq-len 65535 --comp-bias-corr 1 --realign 0 --max-rejected 2147483647 --max-accept 2147483647 --add-self-matches 0 --db-load-mode 0 --pca 1 --pcb 1.5 --score-bias 0 --gap-open 15 --gap-extend 2 --zdrop 40 --threads 12 --compressed 0 -v 3 

Compute score, coverage and sequence identity
Query database size: 40000 type: Aminoacid
Target database size: 100 type: Aminoacid
Calculation of alignments
[=================================================================] 40.00K 0s 452ms
Time for merging to result: 0h 0m 0s 11ms

102004 alignments calculated.
45762 sequence pairs passed the thresholds (0.448629 of overall calculated).
1.144050 hits per query sequence.
Time for processing: 0h 0m 0s 669ms
Remove temporary files
rmdb /tmp/14858020545031698836/search_tmp/2629633601638710607/pref_0 -v 3 

Time for processing: 0h 0m 0s 1ms
rmdb /tmp/14858020545031698836/search_tmp/2629633601638710607/aln_0 -v 3 

Time for processing: 0h 0m 0s 1ms
rmdb /tmp/14858020545031698836/search_tmp/2629633601638710607/input_0 -v 3 

Time for processing: 0h 0m 0s 1ms
rmdb /tmp/14858020545031698836/search_tmp/2629633601638710607/aln_merge -v 3 

Time for processing: 0h 0m 0s 1ms
convertalis /tmp/14858020545031698836/query /tmp/14858020545031698836/target /tmp/14858020545031698836/result ../program_out/sp_n40000_10_500.sp_n100_10_500/mmseqs/sp_n40000_10_500.sp_n100_10_500.mmseqs --sub-mat /apps/mmseqs2/11-e1a1c/matrices/blosum50.out --format-mode 0 --format-output query,target,raw --translation-table 1 --gap-open 15 --gap-extend 2 --db-output 0 --db-load-mode 0 --search-type 0 --threads 12 --compressed 0 -v 3 

[=================================================================] 40.00K 0s 27ms
Time for merging to sp_n40000_10_500.sp_n100_10_500.mmseqs: 0h 0m 0s 93ms
Time for processing: 0h 0m 0s 428ms
Removing temporary files
rmdb /tmp/14858020545031698836/result 

Time for processing: 0h 0m 0s 2ms
rmdb /tmp/14858020545031698836/target 

Time for processing: 0h 0m 0s 1ms
rmdb /tmp/14858020545031698836/target_h 

Time for processing: 0h 0m 0s 1ms
rmdb /tmp/14858020545031698836/query 

Time for processing: 0h 0m 0s 5ms
rmdb /tmp/14858020545031698836/query_h 

Time for processing: 0h 0m 0s 1ms
850.97user 1.01system 1:14.19elapsed 1148%CPU (0avgtext+0avgdata 1199716maxresident)k
164873inputs+75955outputs (645major+55785minor)pagefaults 0swaps
Running cudasw...
/bin/sh: line 1: 48909 Aborted                 ../cudasw++v3.1.2/cudasw -qprf 1 -query ../program_out/sp_n40000_10_500.sp_n100_10_500/data/query.fasta -db ../program_out/sp_n40000_10_500.sp_n100_10_500/data/db.fasta -mat blosum50 -gapo 13 -gape 2 -num_threads 12 -num_gpus 3 -topscore_num 1000000 -min_score 50 &>../program_out/sp_n40000_10_500.sp_n100_10_500/cudasw/sp_n40000_10_500.sp_n100_10_500.cudasw
1.32user 4.80system 0:18.97elapsed 32%CPU (0avgtext+0avgdata 233024maxresident)k
14672inputs+23outputs (49major+70158minor)pagefaults 0swaps
Running cudasw_xargs...
Wed Apr 27 18:06:38 CEST 2022
Wed Apr 27 18:06:38 CEST 2022
Wed Apr 27 18:06:38 CEST 2022
chunk_n=3
3045.49user 2110.80system 29:07.38elapsed 295%CPU (0avgtext+0avgdata 234548maxresident)k
37092inputs+36229outputs (70major+210935minor)pagefaults 0swaps
Running ssw...
CPU time: 618.71600008 seconds
508.54user 7.06system 10:20.87elapsed 83%CPU (0avgtext+0avgdata 8996maxresident)k
2824987inputs+128583outputs (32major+95091minor)pagefaults 0swaps
Running ssw_xargs...
Wed Apr 27 18:46:06 CEST 2022
Wed Apr 27 18:46:06 CEST 2022
Wed Apr 27 18:46:06 CEST 2022
Wed Apr 27 18:46:06 CEST 2022
Wed Apr 27 18:46:06 CEST 2022
Wed Apr 27 18:46:06 CEST 2022
Wed Apr 27 18:46:06 CEST 2022
Wed Apr 27 18:46:06 CEST 2022
Wed Apr 27 18:46:06 CEST 2022
Wed Apr 27 18:46:06 CEST 2022
Wed Apr 27 18:46:06 CEST 2022
Wed Apr 27 18:46:06 CEST 2022
CPU time: 40.2739920616 seconds
CPU time: 42.0376780033 seconds
CPU time: 42.727367878 seconds
CPU time: 43.4497580528 seconds
CPU time: 43.5889070034 seconds
CPU time: 43.5624339581 seconds
CPU time: 43.6490159035 seconds
CPU time: 44.5629389286 seconds
CPU time: 44.9159638882 seconds
CPU time: 45.2087042332 seconds
CPU time: 45.5535030365 seconds
CPU time: 46.4464418888 seconds
chunk_n=12
448.01user 11.48system 0:47.55elapsed 966%CPU (0avgtext+0avgdata 9004maxresident)k
2826609inputs+128578outputs (55major+183339minor)pagefaults 0swaps
Running swipe...
454.73user 213.54system 4:28.03elapsed 249%CPU (0avgtext+0avgdata 9020maxresident)k
34246inputs+527720outputs (43major+3116584minor)pagefaults 0swaps
Running swipe_xargs...
Wed Apr 27 18:51:23 CEST 2022
Wed Apr 27 18:51:23 CEST 2022
Wed Apr 27 18:51:23 CEST 2022
Wed Apr 27 18:51:23 CEST 2022
Wed Apr 27 18:51:23 CEST 2022
Wed Apr 27 18:51:23 CEST 2022
Wed Apr 27 18:51:23 CEST 2022
Wed Apr 27 18:51:23 CEST 2022
Wed Apr 27 18:51:23 CEST 2022
Wed Apr 27 18:51:23 CEST 2022
Wed Apr 27 18:51:23 CEST 2022
Wed Apr 27 18:51:23 CEST 2022
chunk_n=12
209.95user 61.85system 1:18.36elapsed 346%CPU (0avgtext+0avgdata 9040maxresident)k
58184inputs+527701outputs (193major+2206901minor)pagefaults 0swaps
Running adept...

---------------------------------
     PYTHON MULTIGPU PROTEIN     
---------------------------------

STATUS: Reading ref and query files
STATUS: Launching driver

STATUS: PyADEPT Alignments completed
--- Elapsed: 37.3035 seconds ---
         alignment_scores  ...  query_header
0                      33  ...    NUOB_SALA4
1                      42  ...    NUOB_SALA4
2                      36  ...    NUOB_SALA4
3                      36  ...    NUOB_SALA4
4                      48  ...    NUOB_SALA4
...                   ...  ...           ...
3999995                48  ...    BRX1_BOVIN
3999996                42  ...    BRX1_BOVIN
3999997                44  ...    BRX1_BOVIN
3999998                34  ...    BRX1_BOVIN
3999999                44  ...    BRX1_BOVIN

[4000000 rows x 7 columns]

STATUS: Writing results...
--- Elapsed: 9.2233 seconds ---

INFO: Correctness test skipped...

STATUS: Done
74.47user 53.34system 1:40.68elapsed 126%CPU (0avgtext+0avgdata 8758564maxresident)k
112936inputs+303430outputs (320major+5326416minor)pagefaults 0swaps
Running adept_as...

------------------------------
     PYTHON ASYNC PROTEIN     
------------------------------

STATUS: Reading ref and query files
STATUS: Launching driver
0
50000
100000
150000
200000
250000
300000
350000
400000
450000
500000
550000
600000
650000
700000
750000
800000
850000
900000
950000
1000000
1050000
1100000
1150000
1200000
1250000
1300000
1350000
1400000
1450000
1500000
1550000
1600000
1650000
1700000
1750000
1800000
1850000
1900000
1950000
2000000
2050000
2100000
2150000
2200000
2250000
2300000
2350000
2400000
2450000
2500000
2550000
2600000
2650000
2700000
2750000
2800000
2850000
2900000
2950000
3000000
3050000
3100000
3150000
3200000
3250000
3300000
3350000
3400000
3450000
3500000
3550000
3600000
3650000
3700000
3750000
3800000
3850000
3900000
3950000

STATUS: PyADEPT Alignments completed
--- Elapsed: 104.9356 seconds ---
       alignment_scores  reference_begin_location  ...  reference_header  query_header
0                    33                         3  ...        RS24_HALS3    NUOB_SALA4
1                    42                       196  ...        SPEE_SALSV    NUOB_SALA4
2                    36                        86  ...        LEU3_BUCUN    NUOB_SALA4
3                    36                       165  ...        CFAD_ECOLX    NUOB_SALA4
4                    48                       192  ...        NCAP_IBVBU    NUOB_SALA4
...                 ...                       ...  ...               ...           ...
49995                48                        22  ...        LIPA_VIBVY    BRX1_BOVIN
49996                42                       324  ...        MLC1_HUMAN    BRX1_BOVIN
49997                44                       257  ...       UBP12_HUMAN    BRX1_BOVIN
49998                34                        94  ...        AROQ_HELHP    BRX1_BOVIN
49999                44                        15  ...         H2A_CAEEL    BRX1_BOVIN

[4000000 rows x 7 columns]

STATUS: Writing results...
--- Elapsed: 9.9667 seconds ---
 total CPU work (counts) done while GPU was busy: 20843616

INFO: Correctness test skipped...

STATUS: Done
81.99user 41.13system 2:12.65elapsed 92%CPU (0avgtext+0avgdata 948716maxresident)k
112089inputs+303432outputs (317major+1257058minor)pagefaults 0swaps
Running adept_as_xargs...
Wed Apr 27 18:56:34 CEST 2022
Wed Apr 27 18:56:34 CEST 2022
Wed Apr 27 18:56:34 CEST 2022

------------------------------
     PYTHON ASYNC PROTEIN     
------------------------------


------------------------------
     PYTHON ASYNC PROTEIN     
------------------------------


------------------------------
     PYTHON ASYNC PROTEIN     
------------------------------

STATUS: Reading ref and query files
STATUS: Reading ref and query files
STATUS: Reading ref and query files
STATUS: Launching driver
STATUS: Launching driver
STATUS: Launching driver
0
50000
100000
150000
200000
250000
300000
350000
400000
450000
500000
550000
600000
650000
700000
750000
800000
850000
900000
950000
1000000
1050000
1100000
1150000
1200000
1250000
1300000

STATUS: PyADEPT Alignments completed
--- Elapsed: 33.6528 seconds ---
0
50000
100000
150000
200000
250000
300000
350000
400000
450000
500000
550000
600000
650000
700000
750000
800000
850000
900000
950000
1000000
1050000
1100000
1150000
1200000
1250000
1300000

STATUS: PyADEPT Alignments completed
--- Elapsed: 34.3433 seconds ---
0
50000
100000
150000
200000
250000
300000
350000
400000
450000
500000
550000
600000
650000
700000
750000
800000
850000
900000
950000
1000000
1050000
1100000
1150000
1200000
1250000
1300000

STATUS: PyADEPT Alignments completed
--- Elapsed: 35.4688 seconds ---
       alignment_scores  reference_begin_location  ...  reference_header  query_header
0                    41                        69  ...        RS24_HALS3    KITM_MOUSE
1                    37                       184  ...        SPEE_SALSV    KITM_MOUSE
2                    34                        20  ...        LEU3_BUCUN    KITM_MOUSE
3                    36                       203  ...        CFAD_ECOLX    KITM_MOUSE
4                    50                       163  ...        NCAP_IBVBU    KITM_MOUSE
...                 ...                       ...  ...               ...           ...
33395                48                        22  ...        LIPA_VIBVY    BRX1_BOVIN
33396                42                       324  ...        MLC1_HUMAN    BRX1_BOVIN
33397                44                       257  ...       UBP12_HUMAN    BRX1_BOVIN
33398                34                        94  ...        AROQ_HELHP    BRX1_BOVIN
33399                44                        15  ...         H2A_CAEEL    BRX1_BOVIN

[1333400 rows x 7 columns]

STATUS: Writing results...
--- Elapsed: 3.6096 seconds ---
 total CPU work (counts) done while GPU was busy: 7084195

INFO: Correctness test skipped...

STATUS: Done
       alignment_scores  reference_begin_location  ...  reference_header  query_header
0                    35                        84  ...        RS24_HALS3    HSLV_PECAS
1                    45                        81  ...        SPEE_SALSV    HSLV_PECAS
2                    40                       323  ...        LEU3_BUCUN    HSLV_PECAS
3                    42                       180  ...        CFAD_ECOLX    HSLV_PECAS
4                    33                       191  ...        NCAP_IBVBU    HSLV_PECAS
...                 ...                       ...  ...               ...           ...
33295                29                       199  ...        LIPA_VIBVY     H2A_BUFGR
33296                27                       278  ...        MLC1_HUMAN     H2A_BUFGR
33297                32                       236  ...       UBP12_HUMAN     H2A_BUFGR
33298                29                        34  ...        AROQ_HELHP     H2A_BUFGR
33299               191                         1  ...         H2A_CAEEL     H2A_BUFGR

[1333300 rows x 7 columns]

STATUS: Writing results...
--- Elapsed: 5.0717 seconds ---
 total CPU work (counts) done while GPU was busy: 7402037

INFO: Correctness test skipped...

STATUS: Done
       alignment_scores  reference_begin_location  ...  reference_header  query_header
0                    33                         3  ...        RS24_HALS3    NUOB_SALA4
1                    42                       196  ...        SPEE_SALSV    NUOB_SALA4
2                    36                        86  ...        LEU3_BUCUN    NUOB_SALA4
3                    36                       165  ...        CFAD_ECOLX    NUOB_SALA4
4                    48                       192  ...        NCAP_IBVBU    NUOB_SALA4
...                 ...                       ...  ...               ...           ...
33295                40                       134  ...        LIPA_VIBVY   TRAH1_ECOLI
33296                48                       141  ...        MLC1_HUMAN   TRAH1_ECOLI
33297                42                       153  ...       UBP12_HUMAN   TRAH1_ECOLI
33298                39                       130  ...        AROQ_HELHP   TRAH1_ECOLI
33299                33                        88  ...         H2A_CAEEL   TRAH1_ECOLI

[1333300 rows x 7 columns]

STATUS: Writing results...
--- Elapsed: 4.0659 seconds ---
 total CPU work (counts) done while GPU was busy: 6224001

INFO: Correctness test skipped...

STATUS: Done
chunk_n=3
84.13user 44.76system 0:57.55elapsed 223%CPU (0avgtext+0avgdata 613124maxresident)k
156370inputs+303438outputs (474major+1523994minor)pagefaults 0swaps
Start parsing of output files
Running blast_parser...
7.73user 0.46system 0:11.17elapsed 73%CPU (0avgtext+0avgdata 184532maxresident)k
660193inputs+35086outputs (29major+121776minor)pagefaults 0swaps
Running mmseqs_parser...
0.22user 0.04system 0:00.37elapsed 71%CPU (0avgtext+0avgdata 26396maxresident)k
11853inputs+2719outputs (29major+8860minor)pagefaults 0swaps
Running cudasw_parser...
0.07user 0.02system 0:00.20elapsed 49%CPU (0avgtext+0avgdata 8788maxresident)k
9647inputs+0outputs (29major+2468minor)pagefaults 0swaps
Running cudasw_xargs_parser...
1.76user 0.12system 0:02.02elapsed 93%CPU (0avgtext+0avgdata 116532maxresident)k
45851inputs+21381outputs (29major+40333minor)pagefaults 0swaps
Running ssw_parser...
2.61user 0.18system 0:02.94elapsed 94%CPU (0avgtext+0avgdata 116700maxresident)k
138203inputs+21381outputs (29major+58054minor)pagefaults 0swaps
Running ssw_xargs_parser...
2.93user 0.18system 0:03.32elapsed 93%CPU (0avgtext+0avgdata 117420maxresident)k
138204inputs+21381outputs (29major+56576minor)pagefaults 0swaps
Running swipe_parser...
5.34user 0.28system 0:05.84elapsed 96%CPU (0avgtext+0avgdata 116708maxresident)k
537342inputs+21381outputs (29major+63264minor)pagefaults 0swaps
Running swipe_xargs_parser...
4.93user 0.26system 0:05.49elapsed 94%CPU (0avgtext+0avgdata 116536maxresident)k
537330inputs+21381outputs (29major+65210minor)pagefaults 0swaps
Running adept_parser...
9.18user 0.72system 0:10.11elapsed 97%CPU (0avgtext+0avgdata 856880maxresident)k
313048inputs+173137outputs (29major+481509minor)pagefaults 0swaps
Running adept_as_parser...
9.92user 0.71system 0:10.86elapsed 97%CPU (0avgtext+0avgdata 856712maxresident)k
313048inputs+173137outputs (29major+501811minor)pagefaults 0swaps
Running adept_as_xargs_parser...
9.52user 0.66system 0:10.41elapsed 97%CPU (0avgtext+0avgdata 856844maxresident)k
313050inputs+173137outputs (29major+507011minor)pagefaults 0swaps
Matplotlib created a temporary config/cache directory at /tmp/slurm-2684162/matplotlib-upoyxum3 because the default path (/home/user/tuechler/.config/matplotlib) is not a writable directory; it is highly recommended to set the MPLCONFIGDIR environment variable to a writable directory, in particular to speed up the import of Matplotlib and to better support multiprocessing.
Runtimes of programs (in seconds):
blast:          422.692
mmseqs:         72.829
cudasw:         18.713
cudasw_xargs:   1747.168
ssw:            619.096
ssw_xargs:      47.223
swipe:          267.732
swipe_xargs:    76.999
adept:          100.167
adept_as:       132.403
adept_as_xargs: 57.313
Plot of runtime comparison saved to /scratch/cube/tuechler/program_out/sp_n40000_10_500.sp_n100_10_500/runtimes.png
Finished parsing output.
7878.53user 2582.32system 1:02:53elapsed 277%CPU (0avgtext+0avgdata 8758564maxresident)k
11730254inputs+3807479outputs (6546major+19714730minor)pagefaults 0swaps
