

Building a new DB, current time: 05/02/2022 11:23:36
New DB name:   /scratch/cube/tuechler/program_out/sp_n2000_10_500_b/data/query.fasta
New DB title:  ../program_out/sp_n2000_10_500_b/data/query.fasta
Sequence type: Protein
Keep MBits: T
Maximum file size: 1000000000B
Adding sequences from FASTA; added 2000 sequences in 0.084619 seconds.




Building a new DB, current time: 05/02/2022 11:23:37
New DB name:   /scratch/cube/tuechler/program_out/sp_n2000_10_500_b/data/db.fasta
New DB title:  ../program_out/sp_n2000_10_500_b/data/db.fasta
Sequence type: Protein
Keep MBits: T
Maximum file size: 1000000000B
Adding sequences from FASTA; added 2000 sequences in 0.070699 seconds.




Building a new DB, current time: 05/02/2022 11:23:39
New DB name:   /scratch/cube/tuechler/program_out/sp_n2000_10_500_b/data/qchunks/q_1
New DB title:  ../program_out/sp_n2000_10_500_b/data/qchunks/q_1
Sequence type: Protein
Keep MBits: T
Maximum file size: 1000000000B
Adding sequences from FASTA; added 83 sequences in 0.00900102 seconds.




Building a new DB, current time: 05/02/2022 11:23:39
New DB name:   /scratch/cube/tuechler/program_out/sp_n2000_10_500_b/data/qchunks/q_2
New DB title:  ../program_out/sp_n2000_10_500_b/data/qchunks/q_2
Sequence type: Protein
Keep MBits: T
Maximum file size: 1000000000B
Adding sequences from FASTA; added 83 sequences in 0.00925398 seconds.




Building a new DB, current time: 05/02/2022 11:23:40
New DB name:   /scratch/cube/tuechler/program_out/sp_n2000_10_500_b/data/qchunks/q_3
New DB title:  ../program_out/sp_n2000_10_500_b/data/qchunks/q_3
Sequence type: Protein
Keep MBits: T
Maximum file size: 1000000000B
Adding sequences from FASTA; added 83 sequences in 0.00865412 seconds.




Building a new DB, current time: 05/02/2022 11:23:41
New DB name:   /scratch/cube/tuechler/program_out/sp_n2000_10_500_b/data/qchunks/q_4
New DB title:  ../program_out/sp_n2000_10_500_b/data/qchunks/q_4
Sequence type: Protein
Keep MBits: T
Maximum file size: 1000000000B
Adding sequences from FASTA; added 83 sequences in 0.00996113 seconds.




Building a new DB, current time: 05/02/2022 11:23:42
New DB name:   /scratch/cube/tuechler/program_out/sp_n2000_10_500_b/data/qchunks/q_5
New DB title:  ../program_out/sp_n2000_10_500_b/data/qchunks/q_5
Sequence type: Protein
Keep MBits: T
Maximum file size: 1000000000B
Adding sequences from FASTA; added 83 sequences in 0.00897694 seconds.




Building a new DB, current time: 05/02/2022 11:23:43
New DB name:   /scratch/cube/tuechler/program_out/sp_n2000_10_500_b/data/qchunks/q_6
New DB title:  ../program_out/sp_n2000_10_500_b/data/qchunks/q_6
Sequence type: Protein
Keep MBits: T
Maximum file size: 1000000000B
Adding sequences from FASTA; added 83 sequences in 0.00892711 seconds.




Building a new DB, current time: 05/02/2022 11:23:43
New DB name:   /scratch/cube/tuechler/program_out/sp_n2000_10_500_b/data/qchunks/q_7
New DB title:  ../program_out/sp_n2000_10_500_b/data/qchunks/q_7
Sequence type: Protein
Keep MBits: T
Maximum file size: 1000000000B
Adding sequences from FASTA; added 83 sequences in 0.00920296 seconds.




Building a new DB, current time: 05/02/2022 11:23:44
New DB name:   /scratch/cube/tuechler/program_out/sp_n2000_10_500_b/data/qchunks/q_8
New DB title:  ../program_out/sp_n2000_10_500_b/data/qchunks/q_8
Sequence type: Protein
Keep MBits: T
Maximum file size: 1000000000B
Adding sequences from FASTA; added 83 sequences in 0.00784087 seconds.




Building a new DB, current time: 05/02/2022 11:23:45
New DB name:   /scratch/cube/tuechler/program_out/sp_n2000_10_500_b/data/qchunks/q_9
New DB title:  ../program_out/sp_n2000_10_500_b/data/qchunks/q_9
Sequence type: Protein
Keep MBits: T
Maximum file size: 1000000000B
Adding sequences from FASTA; added 83 sequences in 0.00945687 seconds.




Building a new DB, current time: 05/02/2022 11:23:46
New DB name:   /scratch/cube/tuechler/program_out/sp_n2000_10_500_b/data/qchunks/q_10
New DB title:  ../program_out/sp_n2000_10_500_b/data/qchunks/q_10
Sequence type: Protein
Keep MBits: T
Maximum file size: 1000000000B
Adding sequences from FASTA; added 83 sequences in 0.00804687 seconds.




Building a new DB, current time: 05/02/2022 11:23:46
New DB name:   /scratch/cube/tuechler/program_out/sp_n2000_10_500_b/data/qchunks/q_11
New DB title:  ../program_out/sp_n2000_10_500_b/data/qchunks/q_11
Sequence type: Protein
Keep MBits: T
Maximum file size: 1000000000B
Adding sequences from FASTA; added 83 sequences in 0.00895309 seconds.




Building a new DB, current time: 05/02/2022 11:23:47
New DB name:   /scratch/cube/tuechler/program_out/sp_n2000_10_500_b/data/qchunks/q_12
New DB title:  ../program_out/sp_n2000_10_500_b/data/qchunks/q_12
Sequence type: Protein
Keep MBits: T
Maximum file size: 1000000000B
Adding sequences from FASTA; added 83 sequences in 0.00821996 seconds.




Building a new DB, current time: 05/02/2022 11:23:48
New DB name:   /scratch/cube/tuechler/program_out/sp_n2000_10_500_b/data/qchunks/q_13
New DB title:  ../program_out/sp_n2000_10_500_b/data/qchunks/q_13
Sequence type: Protein
Keep MBits: T
Maximum file size: 1000000000B
Adding sequences from FASTA; added 83 sequences in 0.00906491 seconds.




Building a new DB, current time: 05/02/2022 11:23:49
New DB name:   /scratch/cube/tuechler/program_out/sp_n2000_10_500_b/data/qchunks/q_14
New DB title:  ../program_out/sp_n2000_10_500_b/data/qchunks/q_14
Sequence type: Protein
Keep MBits: T
Maximum file size: 1000000000B
Adding sequences from FASTA; added 83 sequences in 0.00881481 seconds.




Building a new DB, current time: 05/02/2022 11:23:49
New DB name:   /scratch/cube/tuechler/program_out/sp_n2000_10_500_b/data/qchunks/q_15
New DB title:  ../program_out/sp_n2000_10_500_b/data/qchunks/q_15
Sequence type: Protein
Keep MBits: T
Maximum file size: 1000000000B
Adding sequences from FASTA; added 83 sequences in 0.00896287 seconds.




Building a new DB, current time: 05/02/2022 11:23:50
New DB name:   /scratch/cube/tuechler/program_out/sp_n2000_10_500_b/data/qchunks/q_16
New DB title:  ../program_out/sp_n2000_10_500_b/data/qchunks/q_16
Sequence type: Protein
Keep MBits: T
Maximum file size: 1000000000B
Adding sequences from FASTA; added 83 sequences in 0.00806808 seconds.




Building a new DB, current time: 05/02/2022 11:23:51
New DB name:   /scratch/cube/tuechler/program_out/sp_n2000_10_500_b/data/qchunks/q_17
New DB title:  ../program_out/sp_n2000_10_500_b/data/qchunks/q_17
Sequence type: Protein
Keep MBits: T
Maximum file size: 1000000000B
Adding sequences from FASTA; added 83 sequences in 0.00865793 seconds.




Building a new DB, current time: 05/02/2022 11:23:52
New DB name:   /scratch/cube/tuechler/program_out/sp_n2000_10_500_b/data/qchunks/q_18
New DB title:  ../program_out/sp_n2000_10_500_b/data/qchunks/q_18
Sequence type: Protein
Keep MBits: T
Maximum file size: 1000000000B
Adding sequences from FASTA; added 83 sequences in 0.00795007 seconds.




Building a new DB, current time: 05/02/2022 11:23:52
New DB name:   /scratch/cube/tuechler/program_out/sp_n2000_10_500_b/data/qchunks/q_19
New DB title:  ../program_out/sp_n2000_10_500_b/data/qchunks/q_19
Sequence type: Protein
Keep MBits: T
Maximum file size: 1000000000B
Adding sequences from FASTA; added 83 sequences in 0.00899386 seconds.




Building a new DB, current time: 05/02/2022 11:23:53
New DB name:   /scratch/cube/tuechler/program_out/sp_n2000_10_500_b/data/qchunks/q_20
New DB title:  ../program_out/sp_n2000_10_500_b/data/qchunks/q_20
Sequence type: Protein
Keep MBits: T
Maximum file size: 1000000000B
Adding sequences from FASTA; added 83 sequences in 0.00865006 seconds.




Building a new DB, current time: 05/02/2022 11:23:54
New DB name:   /scratch/cube/tuechler/program_out/sp_n2000_10_500_b/data/qchunks/q_21
New DB title:  ../program_out/sp_n2000_10_500_b/data/qchunks/q_21
Sequence type: Protein
Keep MBits: T
Maximum file size: 1000000000B
Adding sequences from FASTA; added 83 sequences in 0.00892019 seconds.




Building a new DB, current time: 05/02/2022 11:23:55
New DB name:   /scratch/cube/tuechler/program_out/sp_n2000_10_500_b/data/qchunks/q_22
New DB title:  ../program_out/sp_n2000_10_500_b/data/qchunks/q_22
Sequence type: Protein
Keep MBits: T
Maximum file size: 1000000000B
Adding sequences from FASTA; added 83 sequences in 0.00925803 seconds.




Building a new DB, current time: 05/02/2022 11:23:56
New DB name:   /scratch/cube/tuechler/program_out/sp_n2000_10_500_b/data/qchunks/q_23
New DB title:  ../program_out/sp_n2000_10_500_b/data/qchunks/q_23
Sequence type: Protein
Keep MBits: T
Maximum file size: 1000000000B
Adding sequences from FASTA; added 83 sequences in 0.00840712 seconds.




Building a new DB, current time: 05/02/2022 11:23:56
New DB name:   /scratch/cube/tuechler/program_out/sp_n2000_10_500_b/data/qchunks/q_24
New DB title:  ../program_out/sp_n2000_10_500_b/data/qchunks/q_24
Sequence type: Protein
Keep MBits: T
Maximum file size: 1000000000B
Adding sequences from FASTA; added 91 sequences in 0.00914216 seconds.


Creating output directory: /scratch/cube/tuechler/protein_alignment/scripts/program_out/sp_n2000_10_500_b
Running prepare_database.py...
Writing parameters to parameters.txt
Start calling of alignment programs
Running cudasw_xargs...
start 1
start 2
Mon May  2 11:23:58 CEST 2022
start 3
start 4
Mon May  2 11:23:58 CEST 2022
Mon May  2 11:23:58 CEST 2022
start 6
Mon May  2 11:23:58 CEST 2022
Mon May  2 11:23:58 CEST 2022
start 5
Mon May  2 11:23:58 CEST 2022
end 3
Mon May  2 11:24:57 CEST 2022
end 1
Mon May  2 11:24:58 CEST 2022
end 2
Mon May  2 11:24:59 CEST 2022
end 5
Mon May  2 11:25:00 CEST 2022
end 4
Mon May  2 11:25:00 CEST 2022
end 6
Mon May  2 11:25:03 CEST 2022
chunk_n=6
168.03user 116.08system 1:05.93elapsed 430%CPU (0avgtext+0avgdata 234728maxresident)k
27112inputs+22188outputs (121major+309560minor)pagefaults 0swaps
Running ssw_xargs...
start 1
start 2
Mon May  2 11:25:04 CEST 2022
start 3
start 4
start 5
start 6
Mon May  2 11:25:04 CEST 2022
Mon May  2 11:25:04 CEST 2022
start 7
start 8
Mon May  2 11:25:04 CEST 2022
Mon May  2 11:25:04 CEST 2022
Mon May  2 11:25:04 CEST 2022
Mon May  2 11:25:04 CEST 2022
Mon May  2 11:25:04 CEST 2022
start 9
start 10
start 12
start 11
start 13
start 14
Mon May  2 11:25:04 CEST 2022
Mon May  2 11:25:04 CEST 2022
start 15
Mon May  2 11:25:04 CEST 2022
start 19
start 16
start 17
Mon May  2 11:25:04 CEST 2022
Mon May  2 11:25:04 CEST 2022
Mon May  2 11:25:04 CEST 2022
start 21
start 20
start 18
Mon May  2 11:25:04 CEST 2022
Mon May  2 11:25:04 CEST 2022
start 24
start 22
Mon May  2 11:25:04 CEST 2022
Mon May  2 11:25:04 CEST 2022
start 23
Mon May  2 11:25:04 CEST 2022
Mon May  2 11:25:04 CEST 2022
Mon May  2 11:25:04 CEST 2022
Mon May  2 11:25:04 CEST 2022
Mon May  2 11:25:04 CEST 2022
Mon May  2 11:25:04 CEST 2022
CPU time: 14.786039114 seconds
end 14
Mon May  2 11:25:19 CEST 2022
CPU time: 14.9153699875 seconds
end 2
Mon May  2 11:25:20 CEST 2022
CPU time: 14.9006969929 seconds
end 12
Mon May  2 11:25:20 CEST 2022
CPU time: 15.2548251152 seconds
end 9
Mon May  2 11:25:20 CEST 2022
CPU time: 15.3030071259 seconds
end 18
Mon May  2 11:25:20 CEST 2022
CPU time: 15.1976110935 seconds
end 8
CPU time: 15.1971101761 seconds
Mon May  2 11:25:20 CEST 2022
end 6
Mon May  2 11:25:20 CEST 2022
CPU time: 15.2555041313 seconds
end 22
Mon May  2 11:25:20 CEST 2022
CPU time: 15.5250189304 seconds
end 10
Mon May  2 11:25:20 CEST 2022
CPU time: 15.8204381466 seconds
end 5
Mon May  2 11:25:20 CEST 2022
CPU time: 15.761838913 seconds
end 1
Mon May  2 11:25:20 CEST 2022
CPU time: 16.0849971771 seconds
end 20
Mon May  2 11:25:21 CEST 2022
CPU time: 16.0400810242 seconds
end 7
Mon May  2 11:25:21 CEST 2022
CPU time: 16.2107720375 seconds
end 13
Mon May  2 11:25:21 CEST 2022
CPU time: 16.2680959702 seconds
end 3
Mon May  2 11:25:21 CEST 2022
CPU time: 16.3092329502 seconds
end 23
Mon May  2 11:25:21 CEST 2022
CPU time: 16.400496006 seconds
end 15
Mon May  2 11:25:21 CEST 2022
CPU time: 16.7058401108 seconds
end 11
Mon May  2 11:25:21 CEST 2022
CPU time: 16.479049921 seconds
end 19
Mon May  2 11:25:21 CEST 2022
CPU time: 16.6431310177 seconds
end 17
Mon May  2 11:25:21 CEST 2022
CPU time: 16.7900509834 seconds
end 16
Mon May  2 11:25:22 CEST 2022
CPU time: 17.1842908859 seconds
end 4
Mon May  2 11:25:22 CEST 2022
CPU time: 17.3554739952 seconds
end 21
Mon May  2 11:25:22 CEST 2022
CPU time: 18.8680398464 seconds
end 24
Mon May  2 11:25:24 CEST 2022
chunk_n=24
370.28user 4.48system 0:20.27elapsed 1848%CPU (0avgtext+0avgdata 9020maxresident)k
2145048inputs+124494outputs (117major+206508minor)pagefaults 0swaps
Running swipe_xargs...
start 1
start 2
start 3
start 4
Mon May  2 11:25:24 CEST 2022
start 5
Mon May  2 11:25:24 CEST 2022
start 6
Mon May  2 11:25:24 CEST 2022
start 7
start 8
Mon May  2 11:25:24 CEST 2022
Mon May  2 11:25:24 CEST 2022
start 9
Mon May  2 11:25:24 CEST 2022
start 10
start 11
Mon May  2 11:25:24 CEST 2022
Mon May  2 11:25:24 CEST 2022
start 12
start 13
Mon May  2 11:25:24 CEST 2022
Mon May  2 11:25:24 CEST 2022
start 14
Mon May  2 11:25:24 CEST 2022
start 15
Mon May  2 11:25:24 CEST 2022
start 16
Mon May  2 11:25:24 CEST 2022
start 17
Mon May  2 11:25:24 CEST 2022
start 19
start 18
Mon May  2 11:25:24 CEST 2022
start 20
Mon May  2 11:25:24 CEST 2022
Mon May  2 11:25:24 CEST 2022
start 22
start 21
Mon May  2 11:25:24 CEST 2022
Mon May  2 11:25:24 CEST 2022
start 23
Mon May  2 11:25:24 CEST 2022
start 24
Mon May  2 11:25:24 CEST 2022
Mon May  2 11:25:24 CEST 2022
Mon May  2 11:25:24 CEST 2022
Mon May  2 11:25:24 CEST 2022
end 2
Mon May  2 11:26:21 CEST 2022
end 3
Mon May  2 11:26:22 CEST 2022
end 10
Mon May  2 11:26:23 CEST 2022
end 9
Mon May  2 11:26:23 CEST 2022
end 21
Mon May  2 11:26:25 CEST 2022
end 12
Mon May  2 11:26:25 CEST 2022
end 15
Mon May  2 11:26:25 CEST 2022
end 23
Mon May  2 11:26:25 CEST 2022
end 6
Mon May  2 11:26:25 CEST 2022
end 8
Mon May  2 11:26:26 CEST 2022
end 11
Mon May  2 11:26:27 CEST 2022
end 17
Mon May  2 11:26:27 CEST 2022
end 19
Mon May  2 11:26:27 CEST 2022
end 4
Mon May  2 11:26:27 CEST 2022
end 20
Mon May  2 11:26:27 CEST 2022
end 14
Mon May  2 11:26:27 CEST 2022
end 7
Mon May  2 11:26:28 CEST 2022
end 5
Mon May  2 11:26:28 CEST 2022
end 22
Mon May  2 11:26:28 CEST 2022
end 1
Mon May  2 11:26:28 CEST 2022
end 18
Mon May  2 11:26:28 CEST 2022
end 16
Mon May  2 11:26:28 CEST 2022
end 13
Mon May  2 11:26:28 CEST 2022
end 24
Mon May  2 11:26:29 CEST 2022
chunk_n=24
170.57user 44.33system 1:05.79elapsed 326%CPU (0avgtext+0avgdata 9040maxresident)k
50187inputs+431759outputs (269major+1813429minor)pagefaults 0swaps
Running adept_as_xargs...
start 1
start 2
start 3
start 4
Mon May  2 11:26:30 CEST 2022
start 5
Mon May  2 11:26:30 CEST 2022
start 6
Mon May  2 11:26:30 CEST 2022
Mon May  2 11:26:30 CEST 2022
Mon May  2 11:26:30 CEST 2022
Mon May  2 11:26:30 CEST 2022

------------------------------
     PYTHON ASYNC PROTEIN     
------------------------------


------------------------------
     PYTHON ASYNC PROTEIN     
------------------------------


------------------------------
     PYTHON ASYNC PROTEIN     
------------------------------


------------------------------
     PYTHON ASYNC PROTEIN     
------------------------------


------------------------------
     PYTHON ASYNC PROTEIN     
------------------------------


------------------------------
     PYTHON ASYNC PROTEIN     
------------------------------

STATUS: Reading ref and query files
STATUS: Reading ref and query files
STATUS: Reading ref and query files
STATUS: Reading ref and query files
STATUS: Reading ref and query files
STATUS: Reading ref and query files
STATUS: Launching driver
STATUS: Launching driver
STATUS: Launching driver
STATUS: Launching driver
STATUS: Launching driver
STATUS: Launching driver
0
50000
100000
150000
200000
250000
300000
350000
400000
450000
500000
550000
600000
650000

STATUS: PyADEPT Alignments completed
--- Elapsed: 12.1773 seconds ---
0
50000
100000
150000
200000
250000
300000
350000
400000
450000
500000
550000
600000
650000

STATUS: PyADEPT Alignments completed
--- Elapsed: 11.5467 seconds ---
0
50000
100000
150000
200000
250000
300000
350000
400000
450000
500000
550000
600000
650000

STATUS: PyADEPT Alignments completed
--- Elapsed: 11.665 seconds ---
0
50000
100000
150000
200000
250000
300000
350000
400000
450000
500000
550000
600000
650000

STATUS: PyADEPT Alignments completed
--- Elapsed: 11.6707 seconds ---
0
50000
100000
150000
200000
250000
300000
350000
400000
450000
500000
550000
600000
650000

STATUS: PyADEPT Alignments completed
--- Elapsed: 12.1003 seconds ---
0
50000
100000
150000
200000
250000
300000
350000
400000
450000
500000
550000
600000
650000

STATUS: PyADEPT Alignments completed
--- Elapsed: 12.5121 seconds ---
       alignment_scores  reference_begin_location  ...  reference_header  query_header
0                    38                       401  ...       GCSPA_CHLL2    KCY1_BORBU
1                    38                       162  ...        HISX_DEHM1    KCY1_BORBU
2                    34                       463  ...        ARGJ_COCP7    KCY1_BORBU
3                    38                       159  ...        HEM1_RICTY    KCY1_BORBU
4                    53                       125  ...        ASSY_POLAQ    KCY1_BORBU
...                 ...                       ...  ...               ...           ...
15995                37                       168  ...        DNAA_DESVM   M1110_ARATH
15996                52                        68  ...         PSD_SHIDS   M1110_ARATH
15997                38                        26  ...        RL23_MOUSE   M1110_ARATH
15998                36                        13  ...        RS18_GEOSM   M1110_ARATH
15999                32                        51  ...        RL19_BRUSI   M1110_ARATH

[666000 rows x 7 columns]

STATUS: Writing results...
--- Elapsed: 1.5526 seconds ---
 total CPU work (counts) done while GPU was busy: 3343451

INFO: Correctness test skipped...

STATUS: Done
end 2
Mon May  2 11:27:10 CEST 2022
       alignment_scores  reference_begin_location  ...  reference_header  query_header
0                    43                       400  ...       GCSPA_CHLL2   IEND1_WICCA
1                    40                       225  ...        HISX_DEHM1   IEND1_WICCA
2                    36                       103  ...        ARGJ_COCP7   IEND1_WICCA
3                    48                       168  ...        HEM1_RICTY   IEND1_WICCA
4                    53                       131  ...        ASSY_POLAQ   IEND1_WICCA
...                 ...                       ...  ...               ...           ...
15995                49                       106  ...        DNAA_DESVM    MSRA_STRGG
15996                49                        87  ...         PSD_SHIDS    MSRA_STRGG
15997                44                         5  ...        RL23_MOUSE    MSRA_STRGG
15998                33                        63  ...        RS18_GEOSM    MSRA_STRGG
15999                39                        24  ...        RL19_BRUSI    MSRA_STRGG

[666000 rows x 7 columns]

STATUS: Writing results...
--- Elapsed: 1.9838 seconds ---
 total CPU work (counts) done while GPU was busy: 3737357

INFO: Correctness test skipped...

STATUS: Done
       alignment_scores  reference_begin_location  ...  reference_header  query_header
0                    33                       420  ...       GCSPA_CHLL2    RPOZ_BACP2
1                    30                       310  ...        HISX_DEHM1    RPOZ_BACP2
2                    30                        35  ...        ARGJ_COCP7    RPOZ_BACP2
3                    34                       281  ...        HEM1_RICTY    RPOZ_BACP2
4                    35                       368  ...        ASSY_POLAQ    RPOZ_BACP2
...                 ...                       ...  ...               ...           ...
15995                39                         7  ...        DNAA_DESVM     FIS_BUCAI
15996                40                        92  ...         PSD_SHIDS     FIS_BUCAI
15997                38                        90  ...        RL23_MOUSE     FIS_BUCAI
15998                31                        41  ...        RS18_GEOSM     FIS_BUCAI
15999                45                        96  ...        RL19_BRUSI     FIS_BUCAI

[666000 rows x 7 columns]

STATUS: Writing results...
--- Elapsed: 1.5906 seconds ---
 total CPU work (counts) done while GPU was busy: 3105766

INFO: Correctness test skipped...

STATUS: Done
end 5
Mon May  2 11:27:10 CEST 2022
       alignment_scores  reference_begin_location  ...  reference_header  query_header
0                  2829                         0  ...       GCSPA_CHLL2   GCSPA_CHLL2
1                    51                       310  ...        HISX_DEHM1   GCSPA_CHLL2
2                    50                       279  ...        ARGJ_COCP7   GCSPA_CHLL2
3                    53                       221  ...        HEM1_RICTY   GCSPA_CHLL2
4                    47                       240  ...        ASSY_POLAQ   GCSPA_CHLL2
...                 ...                       ...  ...               ...           ...
15995                45                       442  ...        DNAA_DESVM    GPMA_BORBR
15996                40                       279  ...         PSD_SHIDS    GPMA_BORBR
15997                40                        46  ...        RL23_MOUSE    GPMA_BORBR
15998                40                        35  ...        RS18_GEOSM    GPMA_BORBR
15999                33                        41  ...        RL19_BRUSI    GPMA_BORBR

[666000 rows x 7 columns]

STATUS: Writing results...
--- Elapsed: 2.7624 seconds ---
       alignment_scores  reference_begin_location  ...  reference_header  query_header
0                    31                       318  ...       GCSPA_CHLL2    RS18_LACAC
1                    45                       389  ...        HISX_DEHM1    RS18_LACAC
2                    33                       392  ...        ARGJ_COCP7    RS18_LACAC
3                    36                         4  ...        HEM1_RICTY    RS18_LACAC
4                    33                       376  ...        ASSY_POLAQ    RS18_LACAC
...                 ...                       ...  ...               ...           ...
15995                44                       330  ...        DNAA_DESVM    DAPF_ACIBT
15996                46                       255  ...         PSD_SHIDS    DAPF_ACIBT
15997                33                        75  ...        RL23_MOUSE    DAPF_ACIBT
15998                35                        39  ...        RS18_GEOSM    DAPF_ACIBT
15999                41                         2  ...        RL19_BRUSI    DAPF_ACIBT

[666000 rows x 7 columns]

STATUS: Writing results...
--- Elapsed: 2.6635 seconds ---
 total CPU work (counts) done while GPU was busy: 2834275

INFO: Correctness test skipped...

STATUS: Done
 total CPU work (counts) done while GPU was busy: 3645553

INFO: Correctness test skipped...

STATUS: Done
end 3
Mon May  2 11:27:10 CEST 2022
       alignment_scores  reference_begin_location  ...  reference_header  query_header
0                    36                         6  ...       GCSPA_CHLL2    RL17_JANMA
1                    39                       277  ...        HISX_DEHM1    RL17_JANMA
2                    34                       462  ...        ARGJ_COCP7    RL17_JANMA
3                    47                       260  ...        HEM1_RICTY    RL17_JANMA
4                    45                       299  ...        ASSY_POLAQ    RL17_JANMA
...                 ...                       ...  ...               ...           ...
19995                41                       210  ...        DNAA_DESVM    RL19_BRUSI
19996                35                       265  ...         PSD_SHIDS    RL19_BRUSI
19997                33                        50  ...        RL23_MOUSE    RL19_BRUSI
19998                34                        49  ...        RS18_GEOSM    RL19_BRUSI
19999               905                         0  ...        RL19_BRUSI    RL19_BRUSI

[670000 rows x 7 columns]

STATUS: Writing results...
--- Elapsed: 2.0275 seconds ---
 total CPU work (counts) done while GPU was busy: 3038482

INFO: Correctness test skipped...

STATUS: Done
end 1
Mon May  2 11:27:11 CEST 2022
end 4
Mon May  2 11:27:11 CEST 2022
end 6
Mon May  2 11:27:13 CEST 2022
chunk_n=6
max_query=500
max_ref=500
68.54user 39.57system 0:43.88elapsed 246%CPU (0avgtext+0avgdata 487440maxresident)k
266519inputs+303355outputs (1234major+1975735minor)pagefaults 0swaps
Start parsing of output files
Running cudasw_xargs_parser...
1.64user 0.12system 0:04.13elapsed 42%CPU (0avgtext+0avgdata 106000maxresident)k
31812inputs+19733outputs (29major+37737minor)pagefaults 0swaps
Running ssw_xargs_parser...
2.36user 0.15system 0:02.74elapsed 91%CPU (0avgtext+0avgdata 106024maxresident)k
134124inputs+19733outputs (29major+55569minor)pagefaults 0swaps
Running swipe_xargs_parser...
3.24user 0.20system 0:03.79elapsed 90%CPU (0avgtext+0avgdata 106012maxresident)k
441394inputs+19733outputs (29major+50546minor)pagefaults 0swaps
Running adept_as_xargs_parser...
15.64user 0.62system 0:16.53elapsed 98%CPU (0avgtext+0avgdata 848996maxresident)k
312960inputs+172145outputs (29major+415724minor)pagefaults 0swaps
Matplotlib created a temporary config/cache directory at /tmp/slurm-2799365/matplotlib-bpi9t1c3 because the default path (/home/user/tuechler/.config/matplotlib) is not a writable directory; it is highly recommended to set the MPLCONFIGDIR environment variable to a writable directory, in particular to speed up the import of Matplotlib and to better support multiprocessing.
Runtimes of programs (in seconds):
ssw_xargs:      20.015
swipe_xargs:    65.506
cudasw_xargs:   65.638
adept_as_xargs: 43.639
Plot of runtime comparison saved to /scratch/cube/tuechler/program_out/sp_n2000_10_500_b/runtimes.png
Finished parsing output.
807.81user 217.84system 4:30.45elapsed 379%CPU (0avgtext+0avgdata 848996maxresident)k
5689092inputs+1124726outputs (8270major+5038741minor)pagefaults 0swaps


Building a new DB, current time: 05/02/2022 11:27:57
New DB name:   /scratch/cube/tuechler/program_out/sp_n2828_10_500_b/data/query.fasta
New DB title:  ../program_out/sp_n2828_10_500_b/data/query.fasta
Sequence type: Protein
Keep MBits: T
Maximum file size: 1000000000B
Adding sequences from FASTA; added 2828 sequences in 0.0960801 seconds.




Building a new DB, current time: 05/02/2022 11:27:58
New DB name:   /scratch/cube/tuechler/program_out/sp_n2828_10_500_b/data/db.fasta
New DB title:  ../program_out/sp_n2828_10_500_b/data/db.fasta
Sequence type: Protein
Keep MBits: T
Maximum file size: 1000000000B
Adding sequences from FASTA; added 2828 sequences in 0.0978529 seconds.




Building a new DB, current time: 05/02/2022 11:27:59
New DB name:   /scratch/cube/tuechler/program_out/sp_n2828_10_500_b/data/qchunks/q_1
New DB title:  ../program_out/sp_n2828_10_500_b/data/qchunks/q_1
Sequence type: Protein
Keep MBits: T
Maximum file size: 1000000000B
Adding sequences from FASTA; added 117 sequences in 0.00760102 seconds.




Building a new DB, current time: 05/02/2022 11:28:00
New DB name:   /scratch/cube/tuechler/program_out/sp_n2828_10_500_b/data/qchunks/q_2
New DB title:  ../program_out/sp_n2828_10_500_b/data/qchunks/q_2
Sequence type: Protein
Keep MBits: T
Maximum file size: 1000000000B
Adding sequences from FASTA; added 117 sequences in 0.0075469 seconds.




Building a new DB, current time: 05/02/2022 11:28:01
New DB name:   /scratch/cube/tuechler/program_out/sp_n2828_10_500_b/data/qchunks/q_3
New DB title:  ../program_out/sp_n2828_10_500_b/data/qchunks/q_3
Sequence type: Protein
Keep MBits: T
Maximum file size: 1000000000B
Adding sequences from FASTA; added 117 sequences in 0.00735593 seconds.




Building a new DB, current time: 05/02/2022 11:28:02
New DB name:   /scratch/cube/tuechler/program_out/sp_n2828_10_500_b/data/qchunks/q_4
New DB title:  ../program_out/sp_n2828_10_500_b/data/qchunks/q_4
Sequence type: Protein
Keep MBits: T
Maximum file size: 1000000000B
Adding sequences from FASTA; added 117 sequences in 0.00750685 seconds.




Building a new DB, current time: 05/02/2022 11:28:03
New DB name:   /scratch/cube/tuechler/program_out/sp_n2828_10_500_b/data/qchunks/q_5
New DB title:  ../program_out/sp_n2828_10_500_b/data/qchunks/q_5
Sequence type: Protein
Keep MBits: T
Maximum file size: 1000000000B
Adding sequences from FASTA; added 117 sequences in 0.00723696 seconds.




Building a new DB, current time: 05/02/2022 11:28:03
New DB name:   /scratch/cube/tuechler/program_out/sp_n2828_10_500_b/data/qchunks/q_6
New DB title:  ../program_out/sp_n2828_10_500_b/data/qchunks/q_6
Sequence type: Protein
Keep MBits: T
Maximum file size: 1000000000B
Adding sequences from FASTA; added 117 sequences in 0.00819898 seconds.




Building a new DB, current time: 05/02/2022 11:28:04
New DB name:   /scratch/cube/tuechler/program_out/sp_n2828_10_500_b/data/qchunks/q_7
New DB title:  ../program_out/sp_n2828_10_500_b/data/qchunks/q_7
Sequence type: Protein
Keep MBits: T
Maximum file size: 1000000000B
Adding sequences from FASTA; added 117 sequences in 0.00743389 seconds.




Building a new DB, current time: 05/02/2022 11:28:05
New DB name:   /scratch/cube/tuechler/program_out/sp_n2828_10_500_b/data/qchunks/q_8
New DB title:  ../program_out/sp_n2828_10_500_b/data/qchunks/q_8
Sequence type: Protein
Keep MBits: T
Maximum file size: 1000000000B
Adding sequences from FASTA; added 117 sequences in 0.00823903 seconds.




Building a new DB, current time: 05/02/2022 11:28:06
New DB name:   /scratch/cube/tuechler/program_out/sp_n2828_10_500_b/data/qchunks/q_9
New DB title:  ../program_out/sp_n2828_10_500_b/data/qchunks/q_9
Sequence type: Protein
Keep MBits: T
Maximum file size: 1000000000B
Adding sequences from FASTA; added 117 sequences in 0.00813699 seconds.




Building a new DB, current time: 05/02/2022 11:28:06
New DB name:   /scratch/cube/tuechler/program_out/sp_n2828_10_500_b/data/qchunks/q_10
New DB title:  ../program_out/sp_n2828_10_500_b/data/qchunks/q_10
Sequence type: Protein
Keep MBits: T
Maximum file size: 1000000000B
Adding sequences from FASTA; added 117 sequences in 0.00751805 seconds.




Building a new DB, current time: 05/02/2022 11:28:07
New DB name:   /scratch/cube/tuechler/program_out/sp_n2828_10_500_b/data/qchunks/q_11
New DB title:  ../program_out/sp_n2828_10_500_b/data/qchunks/q_11
Sequence type: Protein
Keep MBits: T
Maximum file size: 1000000000B
Adding sequences from FASTA; added 117 sequences in 0.00846791 seconds.




Building a new DB, current time: 05/02/2022 11:28:08
New DB name:   /scratch/cube/tuechler/program_out/sp_n2828_10_500_b/data/qchunks/q_12
New DB title:  ../program_out/sp_n2828_10_500_b/data/qchunks/q_12
Sequence type: Protein
Keep MBits: T
Maximum file size: 1000000000B
Adding sequences from FASTA; added 117 sequences in 0.00825906 seconds.




Building a new DB, current time: 05/02/2022 11:28:09
New DB name:   /scratch/cube/tuechler/program_out/sp_n2828_10_500_b/data/qchunks/q_13
New DB title:  ../program_out/sp_n2828_10_500_b/data/qchunks/q_13
Sequence type: Protein
Keep MBits: T
Maximum file size: 1000000000B
Adding sequences from FASTA; added 117 sequences in 0.00790596 seconds.




Building a new DB, current time: 05/02/2022 11:28:09
New DB name:   /scratch/cube/tuechler/program_out/sp_n2828_10_500_b/data/qchunks/q_14
New DB title:  ../program_out/sp_n2828_10_500_b/data/qchunks/q_14
Sequence type: Protein
Keep MBits: T
Maximum file size: 1000000000B
Adding sequences from FASTA; added 117 sequences in 0.008497 seconds.




Building a new DB, current time: 05/02/2022 11:28:10
New DB name:   /scratch/cube/tuechler/program_out/sp_n2828_10_500_b/data/qchunks/q_15
New DB title:  ../program_out/sp_n2828_10_500_b/data/qchunks/q_15
Sequence type: Protein
Keep MBits: T
Maximum file size: 1000000000B
Adding sequences from FASTA; added 117 sequences in 0.00715303 seconds.




Building a new DB, current time: 05/02/2022 11:28:11
New DB name:   /scratch/cube/tuechler/program_out/sp_n2828_10_500_b/data/qchunks/q_16
New DB title:  ../program_out/sp_n2828_10_500_b/data/qchunks/q_16
Sequence type: Protein
Keep MBits: T
Maximum file size: 1000000000B
Adding sequences from FASTA; added 117 sequences in 0.00820613 seconds.




Building a new DB, current time: 05/02/2022 11:28:12
New DB name:   /scratch/cube/tuechler/program_out/sp_n2828_10_500_b/data/qchunks/q_17
New DB title:  ../program_out/sp_n2828_10_500_b/data/qchunks/q_17
Sequence type: Protein
Keep MBits: T
Maximum file size: 1000000000B
Adding sequences from FASTA; added 117 sequences in 0.00850701 seconds.




Building a new DB, current time: 05/02/2022 11:28:13
New DB name:   /scratch/cube/tuechler/program_out/sp_n2828_10_500_b/data/qchunks/q_18
New DB title:  ../program_out/sp_n2828_10_500_b/data/qchunks/q_18
Sequence type: Protein
Keep MBits: T
Maximum file size: 1000000000B
Adding sequences from FASTA; added 117 sequences in 0.00838804 seconds.




Building a new DB, current time: 05/02/2022 11:28:13
New DB name:   /scratch/cube/tuechler/program_out/sp_n2828_10_500_b/data/qchunks/q_19
New DB title:  ../program_out/sp_n2828_10_500_b/data/qchunks/q_19
Sequence type: Protein
Keep MBits: T
Maximum file size: 1000000000B
Adding sequences from FASTA; added 117 sequences in 0.00811481 seconds.




Building a new DB, current time: 05/02/2022 11:28:14
New DB name:   /scratch/cube/tuechler/program_out/sp_n2828_10_500_b/data/qchunks/q_20
New DB title:  ../program_out/sp_n2828_10_500_b/data/qchunks/q_20
Sequence type: Protein
Keep MBits: T
Maximum file size: 1000000000B
Adding sequences from FASTA; added 117 sequences in 0.00867915 seconds.




Building a new DB, current time: 05/02/2022 11:28:15
New DB name:   /scratch/cube/tuechler/program_out/sp_n2828_10_500_b/data/qchunks/q_21
New DB title:  ../program_out/sp_n2828_10_500_b/data/qchunks/q_21
Sequence type: Protein
Keep MBits: T
Maximum file size: 1000000000B
Adding sequences from FASTA; added 117 sequences in 0.008564 seconds.




Building a new DB, current time: 05/02/2022 11:28:15
New DB name:   /scratch/cube/tuechler/program_out/sp_n2828_10_500_b/data/qchunks/q_22
New DB title:  ../program_out/sp_n2828_10_500_b/data/qchunks/q_22
Sequence type: Protein
Keep MBits: T
Maximum file size: 1000000000B
Adding sequences from FASTA; added 117 sequences in 0.0085001 seconds.




Building a new DB, current time: 05/02/2022 11:28:16
New DB name:   /scratch/cube/tuechler/program_out/sp_n2828_10_500_b/data/qchunks/q_23
New DB title:  ../program_out/sp_n2828_10_500_b/data/qchunks/q_23
Sequence type: Protein
Keep MBits: T
Maximum file size: 1000000000B
Adding sequences from FASTA; added 117 sequences in 0.00851417 seconds.




Building a new DB, current time: 05/02/2022 11:28:17
New DB name:   /scratch/cube/tuechler/program_out/sp_n2828_10_500_b/data/qchunks/q_24
New DB title:  ../program_out/sp_n2828_10_500_b/data/qchunks/q_24
Sequence type: Protein
Keep MBits: T
Maximum file size: 1000000000B
Adding sequences from FASTA; added 137 sequences in 0.00935411 seconds.


Creating output directory: /scratch/cube/tuechler/protein_alignment/scripts/program_out/sp_n2828_10_500_b
Running prepare_database.py...
Writing parameters to parameters.txt
Start calling of alignment programs
Running cudasw_xargs...
start 1
start 2
start 3
start 4
Mon May  2 11:28:18 CEST 2022
start 5
Mon May  2 11:28:18 CEST 2022
Mon May  2 11:28:18 CEST 2022
start 6
Mon May  2 11:28:18 CEST 2022
Mon May  2 11:28:18 CEST 2022
Mon May  2 11:28:18 CEST 2022
end 2
Mon May  2 11:29:38 CEST 2022
end 3
Mon May  2 11:29:38 CEST 2022
end 4
Mon May  2 11:29:39 CEST 2022
end 1
Mon May  2 11:29:40 CEST 2022
end 5
Mon May  2 11:29:40 CEST 2022
end 6
Mon May  2 11:29:44 CEST 2022
chunk_n=6
241.89user 164.09system 1:26.53elapsed 469%CPU (0avgtext+0avgdata 234972maxresident)k
35719inputs+42672outputs (138major+317315minor)pagefaults 0swaps
Running ssw_xargs...
start 1
start 2
start 3
start 4
Mon May  2 11:29:45 CEST 2022
start 5
start 7
Mon May  2 11:29:45 CEST 2022
start 6
Mon May  2 11:29:45 CEST 2022
Mon May  2 11:29:45 CEST 2022
Mon May  2 11:29:45 CEST 2022
start 9
start 11
start 8
start 12
start 14
start 15
Mon May  2 11:29:45 CEST 2022
Mon May  2 11:29:45 CEST 2022
Mon May  2 11:29:45 CEST 2022
start 13
start 16
start 10
start 17
start 18
start 20
start 19
start 21
Mon May  2 11:29:45 CEST 2022
Mon May  2 11:29:45 CEST 2022
start 22
Mon May  2 11:29:45 CEST 2022
Mon May  2 11:29:45 CEST 2022
Mon May  2 11:29:45 CEST 2022
start 23
Mon May  2 11:29:45 CEST 2022
Mon May  2 11:29:45 CEST 2022
Mon May  2 11:29:45 CEST 2022
Mon May  2 11:29:45 CEST 2022
Mon May  2 11:29:45 CEST 2022
start 24
Mon May  2 11:29:45 CEST 2022
Mon May  2 11:29:45 CEST 2022
Mon May  2 11:29:45 CEST 2022
Mon May  2 11:29:45 CEST 2022
Mon May  2 11:29:45 CEST 2022
Mon May  2 11:29:45 CEST 2022
CPU time: 29.5530819893 seconds
end 5
Mon May  2 11:30:15 CEST 2022
CPU time: 30.1120820045 seconds
end 19
Mon May  2 11:30:16 CEST 2022
CPU time: 30.3561420441 seconds
end 6
Mon May  2 11:30:16 CEST 2022
CPU time: 30.647701025 seconds
end 3
Mon May  2 11:30:16 CEST 2022
CPU time: 30.6106410027 seconds
end 21
CPU time: 30.8355360031 seconds
end 1
Mon May  2 11:30:17 CEST 2022
Mon May  2 11:30:17 CEST 2022
CPU time: 30.7878520489 seconds
end 9
Mon May  2 11:30:17 CEST 2022
CPU time: 30.9387600422 seconds
end 20
Mon May  2 11:30:17 CEST 2022
CPU time: 31.0439250469 seconds
end 14
Mon May  2 11:30:17 CEST 2022
CPU time: 31.5763249397 seconds
end 17
Mon May  2 11:30:18 CEST 2022
CPU time: 31.6872169971 seconds
end 12
Mon May  2 11:30:18 CEST 2022
CPU time: 31.978041172 seconds
end 7
Mon May  2 11:30:18 CEST 2022
CPU time: 32.0773499012 seconds
end 11
Mon May  2 11:30:18 CEST 2022
CPU time: 32.3580620289 seconds
end 13
Mon May  2 11:30:18 CEST 2022
CPU time: 32.5934391022 seconds
end 2
Mon May  2 11:30:18 CEST 2022
CPU time: 32.7051589489 seconds
end 4
Mon May  2 11:30:19 CEST 2022
CPU time: 33.281717062 seconds
end 22
Mon May  2 11:30:19 CEST 2022
CPU time: 33.4370920658 seconds
end 8
Mon May  2 11:30:19 CEST 2022
CPU time: 33.4821062088 seconds
end 10
Mon May  2 11:30:19 CEST 2022
CPU time: 34.5115430355 seconds
end 15
Mon May  2 11:30:20 CEST 2022
CPU time: 34.5775220394 seconds
end 16
Mon May  2 11:30:21 CEST 2022
CPU time: 35.4271979332 seconds
end 18
Mon May  2 11:30:21 CEST 2022
CPU time: 36.4698979855 seconds
end 24
Mon May  2 11:30:22 CEST 2022
CPU time: 36.933344841 seconds
end 23
Mon May  2 11:30:23 CEST 2022
chunk_n=24
748.49user 7.19system 0:38.29elapsed 1973%CPU (0avgtext+0avgdata 9020maxresident)k
4194215inputs+241477outputs (95major+262663minor)pagefaults 0swaps
Running swipe_xargs...
start 1
start 2
start 3
start 4
Mon May  2 11:30:23 CEST 2022
start 5
Mon May  2 11:30:23 CEST 2022
start 6
Mon May  2 11:30:23 CEST 2022
start 7
Mon May  2 11:30:23 CEST 2022
start 8
Mon May  2 11:30:23 CEST 2022
start 9
start 10
Mon May  2 11:30:23 CEST 2022
start 11
Mon May  2 11:30:23 CEST 2022
start 12
Mon May  2 11:30:23 CEST 2022
start 13
Mon May  2 11:30:23 CEST 2022
Mon May  2 11:30:23 CEST 2022
start 14
start 15
start 16
Mon May  2 11:30:23 CEST 2022
start 17
Mon May  2 11:30:23 CEST 2022
Mon May  2 11:30:23 CEST 2022
start 18
start 19
Mon May  2 11:30:23 CEST 2022
start 20
start 22
start 21
Mon May  2 11:30:23 CEST 2022
Mon May  2 11:30:23 CEST 2022
Mon May  2 11:30:23 CEST 2022
Mon May  2 11:30:23 CEST 2022
start 23
Mon May  2 11:30:23 CEST 2022
Mon May  2 11:30:23 CEST 2022
start 24
Mon May  2 11:30:23 CEST 2022
Mon May  2 11:30:23 CEST 2022
Mon May  2 11:30:23 CEST 2022
Mon May  2 11:30:23 CEST 2022
end 5
Mon May  2 11:32:12 CEST 2022
end 17
Mon May  2 11:32:14 CEST 2022
end 7
Mon May  2 11:32:15 CEST 2022
end 3
Mon May  2 11:32:17 CEST 2022
end 11
Mon May  2 11:32:17 CEST 2022
end 13
Mon May  2 11:32:17 CEST 2022
end 15
Mon May  2 11:32:18 CEST 2022
end 16
Mon May  2 11:32:19 CEST 2022
end 21
Mon May  2 11:32:19 CEST 2022
end 12
Mon May  2 11:32:19 CEST 2022
end 18
Mon May  2 11:32:19 CEST 2022
end 10
Mon May  2 11:32:19 CEST 2022
end 19
Mon May  2 11:32:20 CEST 2022
end 6
end 9
Mon May  2 11:32:20 CEST 2022
Mon May  2 11:32:20 CEST 2022
end 2
Mon May  2 11:32:20 CEST 2022
end 4
Mon May  2 11:32:20 CEST 2022
end 1
Mon May  2 11:32:21 CEST 2022
end 8
Mon May  2 11:32:21 CEST 2022
end 14
Mon May  2 11:32:21 CEST 2022
end 22
Mon May  2 11:32:21 CEST 2022
end 23
Mon May  2 11:32:22 CEST 2022
end 20
Mon May  2 11:32:23 CEST 2022
end 24
Mon May  2 11:32:24 CEST 2022
chunk_n=24
318.82user 83.31system 2:01.15elapsed 331%CPU (0avgtext+0avgdata 9032maxresident)k
77898inputs+831202outputs (979major+3403292minor)pagefaults 0swaps
Running adept_as_xargs...
start 1
start 2
start 3
start 4
start 5
Mon May  2 11:32:24 CEST 2022
start 6
Mon May  2 11:32:24 CEST 2022
Mon May  2 11:32:24 CEST 2022
Mon May  2 11:32:24 CEST 2022
Mon May  2 11:32:24 CEST 2022
Mon May  2 11:32:24 CEST 2022

------------------------------
     PYTHON ASYNC PROTEIN     
------------------------------

STATUS: Reading ref and query files

------------------------------
     PYTHON ASYNC PROTEIN     
------------------------------


------------------------------
     PYTHON ASYNC PROTEIN     
------------------------------


------------------------------
     PYTHON ASYNC PROTEIN     
------------------------------

STATUS: Reading ref and query files
STATUS: Reading ref and query files
STATUS: Reading ref and query files

------------------------------
     PYTHON ASYNC PROTEIN     
------------------------------

STATUS: Reading ref and query files

------------------------------
     PYTHON ASYNC PROTEIN     
------------------------------

STATUS: Reading ref and query files
STATUS: Launching driver
STATUS: Launching driver
STATUS: Launching driver
STATUS: Launching driver
STATUS: Launching driver
STATUS: Launching driver
0
50000
100000
150000
200000
250000
300000
350000
400000
450000
500000
550000
600000
650000
700000
750000
800000
850000
900000
950000
1000000
1050000
1100000
1150000
1200000
1250000
1300000

STATUS: PyADEPT Alignments completed
--- Elapsed: 22.1069 seconds ---
0
50000
100000
150000
200000
250000
300000
350000
400000
450000
500000
550000
600000
650000
700000
750000
800000
850000
900000
950000
1000000
1050000
1100000
1150000
1200000
1250000
1300000

STATUS: PyADEPT Alignments completed
--- Elapsed: 22.3269 seconds ---
0
50000
100000
150000
200000
250000
300000
350000
400000
450000
500000
550000
600000
650000
700000
750000
800000
850000
900000
950000
1000000
1050000
1100000
1150000
1200000
1250000
1300000

STATUS: PyADEPT Alignments completed
--- Elapsed: 22.494 seconds ---
0
50000
100000
150000
200000
250000
300000
350000
400000
450000
500000
550000
600000
650000
700000
750000
800000
850000
900000
950000
1000000
1050000
1100000
1150000
1200000
1250000
1300000

STATUS: PyADEPT Alignments completed
--- Elapsed: 23.5968 seconds ---
0
50000
100000
150000
200000
250000
300000
350000
400000
450000
500000
550000
600000
650000
700000
750000
800000
850000
900000
950000
1000000
1050000
1100000
1150000
1200000
1250000
1300000

STATUS: PyADEPT Alignments completed
--- Elapsed: 22.6297 seconds ---
0
50000
100000
150000
200000
250000
300000
350000
400000
450000
500000
550000
600000
650000
700000
750000
800000
850000
900000
950000
1000000
1050000
1100000
1150000
1200000
1250000
1300000

STATUS: PyADEPT Alignments completed
--- Elapsed: 23.5556 seconds ---
       alignment_scores  reference_begin_location  ...  reference_header  query_header
0                    34                        65  ...       IQCF3_HUMAN    HB2F_MOUSE
1                    34                        58  ...        RS21_DROPS    HB2F_MOUSE
2                    39                       395  ...         ENO_ECOBW    HB2F_MOUSE
3                    46                        13  ...       MLP3A_HUMAN    HB2F_MOUSE
4                    36                       212  ...        COBS_PSEA7    HB2F_MOUSE
...                 ...                       ...  ...               ...           ...
31983                47                        52  ...       RL303_ARATH     RL3_PYRAB
31984                49                       112  ...        CYAB_AERHY     RL3_PYRAB
31985                45                        68  ...         PCL_HALHA     RL3_PYRAB
31986                24                         3  ...        GRA3_POGPU     RL3_PYRAB
31987                34                        74  ...        ATP6_PETMA     RL3_PYRAB

[1331988 rows x 7 columns]

STATUS: Writing results...
--- Elapsed: 3.1007 seconds ---
 total CPU work (counts) done while GPU was busy: 7042701

INFO: Correctness test skipped...

STATUS: Done
       alignment_scores  reference_begin_location  ...  reference_header  query_header
0                    16                        34  ...       IQCF3_HUMAN    DNAK_MYCAV
1                    17                         8  ...        RS21_DROPS    DNAK_MYCAV
2                    33                        62  ...         ENO_ECOBW    DNAK_MYCAV
3                    16                        70  ...       MLP3A_HUMAN    DNAK_MYCAV
4                    28                       217  ...        COBS_PSEA7    DNAK_MYCAV
...                 ...                       ...  ...               ...           ...
31983                30                        21  ...       RL303_ARATH    MUTT_BUCAI
31984                28                        72  ...        CYAB_AERHY    MUTT_BUCAI
31985                36                       200  ...         PCL_HALHA    MUTT_BUCAI
31986                23                         1  ...        GRA3_POGPU    MUTT_BUCAI
31987                36                        77  ...        ATP6_PETMA    MUTT_BUCAI

[1331988 rows x 7 columns]

STATUS: Writing results...
--- Elapsed: 3.1718 seconds ---
 total CPU work (counts) done while GPU was busy: 6974915

INFO: Correctness test skipped...

STATUS: Done
end 2
Mon May  2 11:33:07 CEST 2022
end 4
Mon May  2 11:33:07 CEST 2022
       alignment_scores  reference_begin_location  ...  reference_header  query_header
0                    34                        77  ...       IQCF3_HUMAN    RPOA_CLOBH
1                    28                        25  ...        RS21_DROPS    RPOA_CLOBH
2                    48                       355  ...         ENO_ECOBW    RPOA_CLOBH
3                    41                        96  ...       MLP3A_HUMAN    RPOA_CLOBH
4                    36                       161  ...        COBS_PSEA7    RPOA_CLOBH
...                 ...                       ...  ...               ...           ...
37639                35                        17  ...       RL303_ARATH    ATP6_PETMA
37640                40                        38  ...        CYAB_AERHY    ATP6_PETMA
37641                53                       115  ...         PCL_HALHA    ATP6_PETMA
37642                31                        10  ...        GRA3_POGPU    ATP6_PETMA
37643              1503                         0  ...        ATP6_PETMA    ATP6_PETMA

[1337644 rows x 7 columns]

STATUS: Writing results...
--- Elapsed: 3.8595 seconds ---
       alignment_scores  reference_begin_location  ...  reference_header  query_header
0                    39                       117  ...       IQCF3_HUMAN   F16PA_NEIM0
1                    35                        34  ...        RS21_DROPS   F16PA_NEIM0
2                    48                        65  ...         ENO_ECOBW   F16PA_NEIM0
3                    43                        45  ...       MLP3A_HUMAN   F16PA_NEIM0
4                    47                        11  ...        COBS_PSEA7   F16PA_NEIM0
...                 ...                       ...  ...               ...           ...
31983                37                        38  ...       RL303_ARATH    CH10_ACTP7
31984                39                       102  ...        CYAB_AERHY    CH10_ACTP7
31985                44                       199  ...         PCL_HALHA    CH10_ACTP7
31986                37                         6  ...        GRA3_POGPU    CH10_ACTP7
31987                36                       187  ...        ATP6_PETMA    CH10_ACTP7

[1331988 rows x 7 columns]

STATUS: Writing results...
--- Elapsed: 4.0317 seconds ---
 total CPU work (counts) done while GPU was busy: 7199486

INFO: Correctness test skipped...

STATUS: Done
 total CPU work (counts) done while GPU was busy: 6688398

INFO: Correctness test skipped...

STATUS: Done
       alignment_scores  reference_begin_location  ...  reference_header  query_header
0                  1078                         0  ...       IQCF3_HUMAN   IQCF3_HUMAN
1                    29                        62  ...        RS21_DROPS   IQCF3_HUMAN
2                    36                       262  ...         ENO_ECOBW   IQCF3_HUMAN
3                    39                       105  ...       MLP3A_HUMAN   IQCF3_HUMAN
4                    36                       198  ...        COBS_PSEA7   IQCF3_HUMAN
...                 ...                       ...  ...               ...           ...
31983                35                        43  ...       RL303_ARATH    LACD_LISMC
31984                40                        80  ...        CYAB_AERHY    LACD_LISMC
31985                41                       296  ...         PCL_HALHA    LACD_LISMC
31986                30                        12  ...        GRA3_POGPU    LACD_LISMC
31987                33                       147  ...        ATP6_PETMA    LACD_LISMC

[1331988 rows x 7 columns]

STATUS: Writing results...
--- Elapsed: 4.0716 seconds ---
 total CPU work (counts) done while GPU was busy: 6215237

INFO: Correctness test skipped...

STATUS: Done
end 6
Mon May  2 11:33:08 CEST 2022
end 1
Mon May  2 11:33:09 CEST 2022
end 3
Mon May  2 11:33:09 CEST 2022
       alignment_scores  reference_begin_location  ...  reference_header  query_header
0                    30                       101  ...       IQCF3_HUMAN    YERA_YERPE
1                    26                        31  ...        RS21_DROPS    YERA_YERPE
2                    33                       160  ...         ENO_ECOBW    YERA_YERPE
3                    35                        17  ...       MLP3A_HUMAN    YERA_YERPE
4                    37                        38  ...        COBS_PSEA7    YERA_YERPE
...                 ...                       ...  ...               ...           ...
31983                39                         0  ...       RL303_ARATH     F13_VACCP
31984                40                        45  ...        CYAB_AERHY     F13_VACCP
31985                34                        30  ...         PCL_HALHA     F13_VACCP
31986                30                         1  ...        GRA3_POGPU     F13_VACCP
31987                35                        48  ...        ATP6_PETMA     F13_VACCP

[1331988 rows x 7 columns]

STATUS: Writing results...
--- Elapsed: 4.3125 seconds ---
 total CPU work (counts) done while GPU was busy: 6416320

INFO: Correctness test skipped...

STATUS: Done
end 5
Mon May  2 11:33:12 CEST 2022
chunk_n=6
max_query=500
max_ref=500
129.13user 55.83system 0:48.29elapsed 382%CPU (0avgtext+0avgdata 586132maxresident)k
375184inputs+606476outputs (1487major+3102588minor)pagefaults 0swaps
Start parsing of output files
Running cudasw_xargs_parser...
2.41user 0.20system 0:02.79elapsed 93%CPU (0avgtext+0avgdata 196940maxresident)k
52296inputs+38271outputs (29major+103935minor)pagefaults 0swaps
Running ssw_xargs_parser...
4.64user 0.23system 0:05.15elapsed 94%CPU (0avgtext+0avgdata 196996maxresident)k
251108inputs+38271outputs (29major+113268minor)pagefaults 0swaps
Running swipe_xargs_parser...
7.52user 0.42system 0:08.40elapsed 94%CPU (0avgtext+0avgdata 196892maxresident)k
840835inputs+38271outputs (29major+121041minor)pagefaults 0swaps
Running adept_as_xargs_parser...
37.66user 1.37system 0:39.36elapsed 99%CPU (0avgtext+0avgdata 1687480maxresident)k
616081inputs+344319outputs (29major+913339minor)pagefaults 0swaps
Matplotlib created a temporary config/cache directory at /tmp/slurm-2799365/matplotlib-ycty3_70 because the default path (/home/user/tuechler/.config/matplotlib) is not a writable directory; it is highly recommended to set the MPLCONFIGDIR environment variable to a writable directory, in particular to speed up the import of Matplotlib and to better support multiprocessing.
Runtimes of programs (in seconds):
ssw_xargs:      38.057
swipe_xargs:    120.877
cudasw_xargs:   86.299
adept_as_xargs: 47.961
Plot of runtime comparison saved to /scratch/cube/tuechler/program_out/sp_n2828_10_500_b/runtimes.png
Finished parsing output.
1498.47user 325.03system 6:27.43elapsed 470%CPU (0avgtext+0avgdata 1687480maxresident)k
8690832inputs+2197031outputs (9228major+8514121minor)pagefaults 0swaps
