

Building a new DB, current time: 05/10/2022 15:27:49
New DB name:   /scratch/cube/tuechler/program_out/ad_9_1/data/db.fasta
New DB title:  ../program_out/ad_9_1/data/db.fasta
Sequence type: Protein
Keep MBits: T
Maximum file size: 1000000000B
Adding sequences from FASTA; added 453314 sequences in 8.3572 seconds.


Creating output directory: /scratch/cube/tuechler/protein_alignment/scripts/program_out/ad_9_1
Writing parameters to parameters.txt
Running prepare_database.py...
Start calling of alignment programs
Running adept_as_xargs...
start 1
start 2
start 3
Tue May 10 15:28:01 CEST 2022
Tue May 10 15:28:01 CEST 2022
Tue May 10 15:28:01 CEST 2022
 15:28:01 up 5 days,  6:41,  0 users,  load average: 0.56, 1.86, 2.17
 15:28:01 up 5 days,  6:41,  0 users,  load average: 0.56, 1.86, 2.17
 15:28:01 up 5 days,  6:41,  0 users,  load average: 0.56, 1.86, 2.17
Tue May 10 15:28:13 2022       
+-----------------------------------------------------------------------------+
| NVIDIA-SMI 510.47.03    Driver Version: 510.47.03    CUDA Version: 11.6     |
|-------------------------------+----------------------+----------------------+
| GPU  Name        Persistence-M| Bus-Id        Disp.A | Volatile Uncorr. ECC |
| Fan  Temp  Perf  Pwr:Usage/Cap|         Memory-Usage | GPU-Util  Compute M. |
|                               |                      |               MIG M. |
|===============================+======================+======================|
Tue May 10 15:28:13 2022       
+-----------------------------------------------------------------------------+
| NVIDIA-SMI 510.47.03    Driver Version: 510.47.03    CUDA Version: 11.6     |
|-------------------------------+----------------------+----------------------+
| GPU  Name        Persistence-M| Bus-Id        Disp.A | Volatile Uncorr. ECC |
| Fan  Temp  Perf  Pwr:Usage/Cap|         Memory-Usage | GPU-Util  Compute M. |
|                               |                      |               MIG M. |
|===============================+======================+======================|
Tue May 10 15:28:13 2022       
+-----------------------------------------------------------------------------+
| NVIDIA-SMI 510.47.03    Driver Version: 510.47.03    CUDA Version: 11.6     |
|-------------------------------+----------------------+----------------------+
| GPU  Name        Persistence-M| Bus-Id        Disp.A | Volatile Uncorr. ECC |
| Fan  Temp  Perf  Pwr:Usage/Cap|         Memory-Usage | GPU-Util  Compute M. |
|                               |                      |               MIG M. |
|===============================+======================+======================|
|   0  Tesla T4            Off  | 00000000:41:00.0 Off |                    0 |
| N/A   51C    P0    28W /  70W |      0MiB / 15360MiB |      0%      Default |
|                               |                      |                  N/A |
+-------------------------------+----------------------+----------------------+
|   0  Tesla T4            Off  | 00000000:41:00.0 Off |                    0 |
| N/A   50C    P0    28W /  70W |      0MiB / 15360MiB |      0%      Default |
|                               |                      |                  N/A |
+-------------------------------+----------------------+----------------------+
|   0  Tesla T4            Off  | 00000000:41:00.0 Off |                    0 |
| N/A   51C    P0    28W /  70W |      0MiB / 15360MiB |      0%      Default |
|                               |                      |                  N/A |
+-------------------------------+----------------------+----------------------+
|   1  Tesla T4            Off  | 00000000:61:00.0 Off |                    0 |
| N/A   51C    P0    28W /  70W |      0MiB / 15360MiB |      0%      Default |
|                               |                      |                  N/A |
+-------------------------------+----------------------+----------------------+
|   1  Tesla T4            Off  | 00000000:61:00.0 Off |                    0 |
| N/A   52C    P0    28W /  70W |      0MiB / 15360MiB |      0%      Default |
|                               |                      |                  N/A |
+-------------------------------+----------------------+----------------------+
|   1  Tesla T4            Off  | 00000000:61:00.0 Off |                    0 |
| N/A   52C    P0    28W /  70W |      0MiB / 15360MiB |      0%      Default |
|                               |                      |                  N/A |
+-------------------------------+----------------------+----------------------+
|   2  Tesla T4            Off  | 00000000:81:00.0 Off |                    0 |
| N/A   48C    P0    28W /  70W |      0MiB / 15360MiB |      0%      Default |
|                               |                      |                  N/A |
+-------------------------------+----------------------+----------------------+
|   2  Tesla T4            Off  | 00000000:81:00.0 Off |                    0 |
| N/A   48C    P0    28W /  70W |      0MiB / 15360MiB |      0%      Default |
|                               |                      |                  N/A |
+-------------------------------+----------------------+----------------------+
|   2  Tesla T4            Off  | 00000000:81:00.0 Off |                    0 |
| N/A   48C    P0    28W /  70W |      0MiB / 15360MiB |      0%      Default |
|                               |                      |                  N/A |
+-------------------------------+----------------------+----------------------+
|   3  Tesla T4            Off  | 00000000:82:00.0 Off |                    0 |
| N/A   48C    P0    28W /  70W |      0MiB / 15360MiB |      0%      Default |
|                               |                      |                  N/A |
+-------------------------------+----------------------+----------------------+
|   3  Tesla T4            Off  | 00000000:82:00.0 Off |                    0 |
| N/A   48C    P0    28W /  70W |      0MiB / 15360MiB |      0%      Default |
|                               |                      |                  N/A |
+-------------------------------+----------------------+----------------------+
|   3  Tesla T4            Off  | 00000000:82:00.0 Off |                    0 |
| N/A   48C    P0    28W /  70W |      0MiB / 15360MiB |      0%      Default |
|                               |                      |                  N/A |
+-------------------------------+----------------------+----------------------+
|   4  Tesla T4            Off  | 00000000:A1:00.0 Off |                    0 |
| N/A   46C    P0    28W /  70W |      0MiB / 15360MiB |      0%      Default |
|                               |                      |                  N/A |
+-------------------------------+----------------------+----------------------+
|   4  Tesla T4            Off  | 00000000:A1:00.0 Off |                    0 |
| N/A   46C    P0    28W /  70W |      0MiB / 15360MiB |      0%      Default |
|                               |                      |                  N/A |
+-------------------------------+----------------------+----------------------+
|   4  Tesla T4            Off  | 00000000:A1:00.0 Off |                    0 |
| N/A   46C    P0    28W /  70W |      0MiB / 15360MiB |      0%      Default |
|                               |                      |                  N/A |
+-------------------------------+----------------------+----------------------+
|   5  Tesla T4            Off  | 00000000:C1:00.0 Off |                    0 |
| N/A   49C    P0    28W /  70W |      0MiB / 15360MiB |      0%      Default |
|                               |                      |                  N/A |
+-------------------------------+----------------------+----------------------+
                                                                               
+-----------------------------------------------------------------------------+
| Processes:                                                                  |
|  GPU   GI   CI        PID   Type   Process name                  GPU Memory |
|        ID   ID                                                   Usage      |
|=============================================================================|
|   5  Tesla T4            Off  | 00000000:C1:00.0 Off |                    0 |
| N/A   49C    P0    28W /  70W |      0MiB / 15360MiB |      0%      Default |
|                               |                      |                  N/A |
+-------------------------------+----------------------+----------------------+
                                                                               
+-----------------------------------------------------------------------------+
| Processes:                                                                  |
|  GPU   GI   CI        PID   Type   Process name                  GPU Memory |
|        ID   ID                                                   Usage      |
|=============================================================================|
|   5  Tesla T4            Off  | 00000000:C1:00.0 Off |                    0 |
| N/A   49C    P0    28W /  70W |      0MiB / 15360MiB |      0%      Default |
|                               |                      |                  N/A |
+-------------------------------+----------------------+----------------------+
                                                                               
+-----------------------------------------------------------------------------+
| Processes:                                                                  |
|  GPU   GI   CI        PID   Type   Process name                  GPU Memory |
|        ID   ID                                                   Usage      |
|=============================================================================|
|  No running processes found                                                 |
+-----------------------------------------------------------------------------+
|  No running processes found                                                 |
+-----------------------------------------------------------------------------+
|  No running processes found                                                 |
+-----------------------------------------------------------------------------+

------------------------------
     PYTHON ASYNC PROTEIN     
------------------------------


------------------------------
     PYTHON ASYNC PROTEIN     
------------------------------

STATUS: Reading ref and query files
STATUS: Reading ref and query files

------------------------------
     PYTHON ASYNC PROTEIN     
------------------------------

STATUS: Reading ref and query files
STATUS: Launching driver
STATUS: Launching driver
STATUS: Launching driver
0
## 4995 50000 49990
50000
## 5011 50000 49969
100000
## 5003 50000 49992
150000
## 4967 50000 49993
200000
## 4350 50000 49990
250000
## 3846 50000 49983
300000
## 3640 50000 49962
350000
## 5473 50000 49988
400000
## 3956 50000 49997
450000
## 2936 50000 49977
500000
## 2358 50000 49991
550000
## 2930 50000 49965
600000
## 2361 50000 49994
650000
## 2313 50000 49996
700000
## 2116 50000 49991
750000
## 1466 50000 49997
800000
## 3006 50000 49876
850000
## 1981 50000 49973
900000
## 7901 50000 49999
950000
## 6219 50000 49998
1000000
## 8272 50000 49971
1050000
## 7116 50000 49978
1100000
## 6339 50000 49965
1150000
## 7421 50000 49958
1200000
## 4834 50000 49978
1250000
## 8284 50000 49996
1300000
## 4853 50000 49989
1350000
## 9190 50000 49997
1400000
## 10734 50000 49973
1450000
## 10666 50000 49996
1500000
## 11577 50000 49999
1550000
## 11361 50000 49999
1600000
## 8530 50000 49993
1650000
## 4936 50000 49998
1700000
## 12348 50000 49996
1750000
## 8962 50000 49999
1800000
## 3713 50000 49994
1850000
## 1669 50000 49922
1900000
## 1533 50000 49873
1950000
## 1818 50000 49975
2000000
## 1571 50000 49553
2050000
## 1132 50000 48401
2100000
## 463 50000 49891
2150000
## 1439 50000 49953
2200000
## 1656 50000 49996
2250000
## 4283 50000 49998
2300000
## 5334 50000 49980
2350000
## 6613 50000 49980
2400000
## 6313 50000 49984
2450000
## 5618 50000 49989
2500000
## 5005 50000 49697
2550000
## 2152 50000 49969
2600000
## 4877 50000 49996
2650000
## 5601 50000 49993
2700000
## 3766 50000 49880
2750000
## 3428 50000 49992
2800000
## 4169 50000 49992
2850000
## 4558 50000 49987
2900000
## 4110 50000 49960
2950000
## 3921 50000 49956
3000000
## 2413 50000 49826
3050000
## 3296 50000 49964
3100000
## 3772 50000 49976
3150000
## 3090 50000 49970
3200000
## 3836 50000 49997
3250000
## 4807 50000 49998
3300000
## 3527 50000 49986
3350000
## 3854 50000 49968
3400000
## 4306 50000 49999
3450000
## 2597 50000 49969
3500000
## 3952 50000 49967
3550000
## 3913 50000 49992
3600000
## 5107 50000 49994
3650000
## 7241 50000 49947
3700000
## 8666 50000 49995
3750000
## 7616 50000 49992
3800000
## 6581 50000 49936
3850000
## 7318 50000 49992
3900000
## 4617 50000 49981
3950000
## 5346 50000 49993
4000000
## 6785 50000 49979
4050000
## 7799 50000 49999
4100000
## 9705 50000 49999
4150000
## 11675 50000 49999
4200000
## 10984 50000 49970
4250000
## 10281 50000 49955
4300000
## 10045 50000 49999
4350000
## 6786 50000 49992
4400000
## 8525 50000 49999
4450000
## 9331 50000 49975
4500000
## 4394 50000 49905
4550000
## 696 50000 49152
4600000
## 755 50000 49990
4650000
## 957 50000 49884
4700000
## 911 50000 49994
4750000
## 846 50000 49829
4800000
## 783 50000 49991
4850000
## 1431 50000 49546
4900000
## 1304 50000 49909
4950000
## 2423 50000 49996
5000000
## 6635 50000 49998
5050000
## 7170 50000 49990
5100000
## 5962 50000 49992
5150000
## 7032 50000 49916
5200000
## 6152 50000 49988
5250000
## 4655 50000 49997
5300000
## 4548 50000 49996
5350000
## 6601 50000 49948
5400000
## 3920 50000 49936
5450000
## 1718 50000 49864
5500000
## 1281 50000 49957
5550000
## 1589 50000 49933
5600000
## 1430 50000 49828
5650000
## 1005 50000 49953
5700000
## 876 50000 49301
5750000
## 1235 50000 49962
5800000
## 1679 50000 49813
5850000
## 1485 50000 49899
5900000
## 4432 50000 49993
5950000
## 3358 50000 49986
6000000
## 4105 50000 49871
6050000
## 3961 50000 49911
6100000
## 3293 50000 49967
6150000
## 2855 50000 49822
6200000
## 5140 50000 49942
6250000
## 5346 50000 49933
6300000
## 4175 50000 49991
6350000
## 7210 50000 49999
6400000
## 6067 50000 49948
6450000
## 6381 50000 49997
6500000
## 7085 50000 49998
6550000
## 5450 50000 49727
6600000
## 4789 50000 48359
6650000
## 4356 50000 49995
6700000
## 6119 50000 49954
6750000
## 3952 50000 49949
6800000
## 4772 50000 49999
6850000
## 5353 50000 49930
6900000
## 5130 50000 49952
6950000
## 4687 50000 49997
7000000
## 3814 50000 49959
7050000
## 4005 50000 49818
7100000
## 4858 50000 49986
7150000
## 5000 50000 49865
7200000
## 3422 50000 49957
7250000
## 2576 50000 49982
7300000
## 2394 50000 49986
7350000
## 3410 50000 49959
7400000
## 3049 50000 49947
7450000
## 2497 50000 49983
7500000
## 1678 50000 49848
7550000
## 1630 50000 49986
7600000
## 3140 50000 49917
7650000
## 2225 50000 49986
7700000
## 7159 50000 49998
7750000
## 7230 50000 49998
7800000
## 7751 50000 49985
7850000
## 7905 50000 49983
7900000
## 6712 50000 49996
7950000
## 6109 50000 49936
8000000
## 4299 50000 49999
8050000
## 9736 50000 49998
8100000
## 6559 50000 49995
8150000
## 2501 50000 49951
8200000
## 2199 50000 49979
8250000
## 1778 50000 49884
8300000
## 1673 50000 49872
8350000
## 2161 50000 49944
8400000
## 1438 50000 48770
8450000
## 962 50000 49546
8500000
## 1865 50000 49940
8550000
## 1276 50000 49975
8600000
## 5167 50000 49977
8650000
## 5341 50000 49990
8700000
## 6544 50000 49998
8750000
## 5723 50000 49989
8800000
## 5715 50000 49989
8850000
## 5216 50000 49964
8900000
## 2806 50000 49998
8950000
## 5824 50000 49992
9000000
## 5260 50000 49925
9050000
## 1671 50000 49911
9100000
## 577 50000 49313
9150000
## 851 50000 49938
9200000
## 712 50000 49961
9250000
## 535 50000 49977
9300000
## 706 50000 49999
9350000
## 2330 50000 49981
9400000
## 1076 50000 49990
9450000
## 614 50000 49885
9500000
## 7297 50000 49999
9550000
## 9012 50000 49999
9600000
## 10717 50000 49998
9650000
## 10264 50000 49999
9700000
## 9636 50000 49987
9750000
## 9752 50000 49998
9800000
## 4260 50000 49681
9850000
## 7659 50000 49992
9900000
## 8876 50000 49985
9950000
## 2899 50000 49957
10000000
## 1121 50000 49999
10050000
## 1212 50000 49854
10100000
## 1178 50000 49949
10150000
## 967 50000 49772
10200000
## 1166 50000 49953
10250000
## 1333 50000 49990
10300000
## 2029 50000 49924
10350000
## 1143 50000 49931
10400000
## 1583 50000 49965
10450000
## 2039 50000 49976
10500000
## 2246 50000 49962
10550000
## 1955 50000 49926
10600000
## 1916 50000 49503
10650000
## 1975 50000 49977
10700000
## 2401 50000 49988
10750000
## 2858 50000 49939
10800000
## 2155 50000 49973
10850000
## 6336 50000 49999
10900000
## 10963 50000 49990
10950000
## 13189 50000 49999
11000000
## 12032 50000 49972
11050000
## 12093 50000 49972
11100000
## 11958 50000 49992
11150000
## 8093 50000 49998
11200000
## 9087 50000 49994
11250000
## 11632 50000 49996
11300000
## 6948 50000 49959
11350000
## 5640 50000 49941
11400000
## 6005 50000 49953
11450000
## 6030 50000 49971
11500000
## 5844 50000 49967
11550000
## 4674 50000 49999
11600000
## 4738 50000 49998
11650000
## 4637 50000 49947
11700000
## 6193 50000 49977
11750000
## 4978 50000 49999
11800000
## 5576 50000 49760
11850000
## 5628 50000 49996
11900000
## 5317 50000 49999
11950000
## 5311 50000 49993
12000000
## 4472 50000 49987
12050000
## 3094 50000 49998
12100000
## 3631 50000 49974
12150000
## 6303 50000 49999
12200000
## 5026 50000 49991
12250000
## 7704 50000 49992
12300000
## 8007 50000 49998
12350000
## 9165 50000 49909
12400000
## 9319 50000 49941
12450000
## 7717 50000 49999
12500000
## 5563 50000 49990
12550000
## 5223 50000 49942
12600000
## 8382 50000 49999
12650000
## 4202 50000 49835
12700000
## 2307 50000 49986
12750000
## 2091 50000 49987
12800000
## 2563 50000 49994
12850000
## 2282 50000 49998
12900000
## 1939 50000 49960
12950000
## 1611 50000 49973
13000000
## 2717 50000 49977
13050000
## 2494 50000 49897
13100000
## 1621 50000 49963
13150000
## 1383 50000 49975
13200000
## 2124 50000 49985
13250000
## 1369 50000 49926
13300000
## 2182 50000 48802
13350000
## 1667 50000 49067
13400000
## 607 50000 48579
13450000
## 855 50000 49775
13500000
## 1607 50000 49833
13550000
## 1433 50000 49865
13600000
## 591 50000 49904
13650000
## 679 50000 49925
13700000
## 372 50000 49598
13750000
## 532 50000 49981
13800000
## 924 50000 49792
13850000
## 360 50000 48756
13900000
## 255 50000 49959
13950000
## 681 50000 49985
14000000
## 666 50000 49898
14050000
## 8554 50000 49999
14100000
## 8405 50000 49999
14150000
## 9278 50000 49977
14200000
## 9178 50000 49941
14250000
## 8743 50000 49999
14300000
## 9355 50000 49885
14350000
## 5596 50000 49972
14400000
## 8630 50000 49986
14450000
## 5995 50000 49993
14500000
## 13661 50000 49999
14550000
## 15157 50000 49997
14600000
## 14396 50000 49975
14650000
## 14475 50000 49998
14700000
## 12912 50000 49999
14750000
## 12470 50000 49923
14800000
## 8221 50000 49975
14850000
## 13892 50000 49994
14900000
## 9941 50000 49980
14950000
## 11515 50000 49999
15000000
## 11700 50000 49898
15050000
## 11748 50000 49999
15100000
## 12240 50000 49988
15150000
## 12646 50000 49999
15200000
## 9307 50000 49949
15250000
## 4048 50000 49997
15300000
## 11040 50000 49993
15350000
## 9729 50000 49996
15400000
## 4476 50000 49922
15450000
## 2704 50000 49972
15500000
## 2991 50000 49977
15550000
## 2562 50000 49962
15600000
## 2321 50000 49991
15650000
## 3401 50000 49944
15700000
## 1679 50000 49964
15750000
## 3057 50000 49903
15800000
## 2654 50000 49992
15850000
## 7443 50000 49999
15900000
## 9382 50000 49996
15950000
## 8730 50000 49986
16000000
## 10246 50000 49985
16050000
## 9825 50000 49985
16100000
## 9404 50000 49970
16150000
## 5688 50000 49977
16200000
## 9718 50000 49977
16250000
## 7797 50000 49997
16300000
## 2081 50000 35878
16350000
## 12 50000 44887
16400000
## 2 50000 21645
16450000
## 4 50000 31047
16500000
## 10 50000 43240
16550000
## 25 50000 45111
16600000
Traceback (most recent call last):
  File "/scratch/cube/tuechler/protein_alignment/../adept/build2/examples/py_examples/py_asynch_protein5", line 414, in <module>
    main()
  File "/scratch/cube/tuechler/protein_alignment/../adept/build2/examples/py_examples/py_asynch_protein5", line 360, in main
    print("##", len(ts), len(ali_qheaders), np.max(indices))
  File "<__array_function__ internals>", line 180, in amax
  File "/apps/python3/3.9.0/lib/python3.9/site-packages/numpy/core/fromnumeric.py", line 2791, in amax
    return _wrapreduction(a, np.maximum, 'max', axis, None, out,
  File "/apps/python3/3.9.0/lib/python3.9/site-packages/numpy/core/fromnumeric.py", line 86, in _wrapreduction
    return ufunc.reduce(obj, axis, dtype, out, **passkwargs)
ValueError: zero-size array to reduction operation maximum which has no identity
end 3
Tue May 10 15:32:22 CEST 2022
 15:32:22 up 5 days,  6:45,  0 users,  load average: 2.94, 2.52, 2.38
Tue May 10 15:32:22 2022       
+-----------------------------------------------------------------------------+
| NVIDIA-SMI 510.47.03    Driver Version: 510.47.03    CUDA Version: 11.6     |
|-------------------------------+----------------------+----------------------+
| GPU  Name        Persistence-M| Bus-Id        Disp.A | Volatile Uncorr. ECC |
| Fan  Temp  Perf  Pwr:Usage/Cap|         Memory-Usage | GPU-Util  Compute M. |
|                               |                      |               MIG M. |
|===============================+======================+======================|
|   0  Tesla T4            Off  | 00000000:41:00.0 Off |                    0 |
| N/A   75C    P0    49W /  70W |    252MiB / 15360MiB |    100%      Default |
|                               |                      |                  N/A |
+-------------------------------+----------------------+----------------------+
|   1  Tesla T4            Off  | 00000000:61:00.0 Off |                    0 |
| N/A   74C    P0    68W /  70W |    151MiB / 15360MiB |    100%      Default |
|                               |                      |                  N/A |
+-------------------------------+----------------------+----------------------+
|   2  Tesla T4            Off  | 00000000:81:00.0 Off |                    0 |
| N/A   69C    P0    31W /  70W |      2MiB / 15360MiB |      0%      Default |
|                               |                      |                  N/A |
+-------------------------------+----------------------+----------------------+
|   3  Tesla T4            Off  | 00000000:82:00.0 Off |                    0 |
| N/A   40C    P8    14W /  70W |      2MiB / 15360MiB |      0%      Default |
|                               |                      |                  N/A |
+-------------------------------+----------------------+----------------------+
|   4  Tesla T4            Off  | 00000000:A1:00.0 Off |                    0 |
| N/A   38C    P8    15W /  70W |      2MiB / 15360MiB |      0%      Default |
|                               |                      |                  N/A |
+-------------------------------+----------------------+----------------------+
|   5  Tesla T4            Off  | 00000000:C1:00.0 Off |                    0 |
| N/A   40C    P8    15W /  70W |      2MiB / 15360MiB |      0%      Default |
|                               |                      |                  N/A |
+-------------------------------+----------------------+----------------------+
                                                                               
+-----------------------------------------------------------------------------+
| Processes:                                                                  |
|  GPU   GI   CI        PID   Type   Process name                  GPU Memory |
|        ID   ID                                                   Usage      |
|=============================================================================|
|    0   N/A  N/A     42225      C   ...thon3/3.9.0/bin/python3.9       99MiB |
|    0   N/A  N/A     42340      C   ...thon3/3.9.0/bin/python3.9      149MiB |
|    1   N/A  N/A     42225      C   ...thon3/3.9.0/bin/python3.9      149MiB |
+-----------------------------------------------------------------------------+
slurmstepd: error: *** JOB 2897046 ON nodee01 CANCELLED AT 2022-05-10T15:35:17 ***
