

Building a new DB, current time: 04/14/2022 12:33:44
New DB name:   /scratch/cube/tuechler/program_out/sp_n400_0_600/data/sp_n400_0_600
New DB title:  ../program_out/sp_n400_0_600/data/sp_n400_0_600
Sequence type: Protein
Keep MBits: T
Maximum file size: 1000000000B
Adding sequences from FASTA; added 400 sequences in 0.01949 seconds.




Building a new DB, current time: 04/14/2022 12:33:46
New DB name:   /scratch/cube/tuechler/program_out/sp_n400_0_600/data/qchunks/q_1
New DB title:  ../program_out/sp_n400_0_600/data/qchunks/q_1
Sequence type: Protein
Keep MBits: T
Maximum file size: 1000000000B
Adding sequences from FASTA; added 133 sequences in 0.00781202 seconds.




Building a new DB, current time: 04/14/2022 12:33:47
New DB name:   /scratch/cube/tuechler/program_out/sp_n400_0_600/data/qchunks/q_2
New DB title:  ../program_out/sp_n400_0_600/data/qchunks/q_2
Sequence type: Protein
Keep MBits: T
Maximum file size: 1000000000B
Adding sequences from FASTA; added 133 sequences in 0.0076921 seconds.




Building a new DB, current time: 04/14/2022 12:33:48
New DB name:   /scratch/cube/tuechler/program_out/sp_n400_0_600/data/qchunks/q_3
New DB title:  ../program_out/sp_n400_0_600/data/qchunks/q_3
Sequence type: Protein
Keep MBits: T
Maximum file size: 1000000000B
Adding sequences from FASTA; added 134 sequences in 0.00842094 seconds.


Creating output directory: /scratch/cube/tuechler/protein_alignment/scripts/program_out/sp_n400_0_600
Running prepare_database.py...
Writing parameters to parameters.txt
Start calling of alignment programs
Running cudasw...
44.75user 37.39system 1:34.96elapsed 86%CPU (0avgtext+0avgdata 429068maxresident)k
14984inputs+1231outputs (50major+531187minor)pagefaults 0swaps
Running cudasw_xargs...
chunk_n=3
125.95user 94.25system 1:30.68elapsed 242%CPU (0avgtext+0avgdata 233724maxresident)k
20077inputs+1101outputs (76major+181774minor)pagefaults 0swaps
Running ssw...
CPU time: 16.8525669575 seconds
15.28user 0.14system 0:19.08elapsed 80%CPU (0avgtext+0avgdata 8980maxresident)k
104987inputs+42601outputs (32major+11552minor)pagefaults 0swaps
Running ssw_xargs...
CPU time: 7.46053385735 seconds
CPU time: 7.92656207085 seconds
CPU time: 7.9508228302 seconds
chunk_n=3
21.74user 0.40system 0:08.90elapsed 248%CPU (0avgtext+0avgdata 8988maxresident)k
108815inputs+42600outputs (40major+30979minor)pagefaults 0swaps
Running swipe...
10.24user 2.31system 0:10.62elapsed 118%CPU (0avgtext+0avgdata 8988maxresident)k
13906inputs+20425outputs (49major+93891minor)pagefaults 0swaps
Running swipe_xargs...
chunk_n=3
8.32user 1.55system 0:06.19elapsed 159%CPU (0avgtext+0avgdata 8980maxresident)k
19226inputs+20424outputs (69major+98773minor)pagefaults 0swaps
Running adept...

---------------------------------
     PYTHON MULTIGPU PROTEIN     
---------------------------------

STATUS: Reading ref and query files
STATUS: Launching driver

STATUS: PyADEPT Alignments completed
--- Elapsed: 2.6102 seconds ---
        alignment_scores  ...  query_header
0                   1242  ...    NFUA_VESOH
1                     45  ...    NFUA_VESOH
2                     38  ...    NFUA_VESOH
3                     45  ...    NFUA_VESOH
4                     39  ...    NFUA_VESOH
...                  ...  ...           ...
159995                27  ...     247L_IIV6
159996                35  ...     247L_IIV6
159997                34  ...     247L_IIV6
159998                33  ...     247L_IIV6
159999               771  ...     247L_IIV6

[160000 rows x 7 columns]

STATUS: Writing results...
--- Elapsed: 0.7998 seconds ---

INFO: Correctness test skipped...

STATUS: Done
2.72user 10.69system 0:32.32elapsed 41%CPU (0avgtext+0avgdata 974272maxresident)k
92560inputs+12117outputs (320major+302876minor)pagefaults 0swaps
Running adept_as...

------------------------------
     PYTHON ASYNC PROTEIN     
------------------------------

STATUS: Reading ref and query files
STATUS: Launching driver
0
50000
100000
150000

STATUS: PyADEPT Alignments completed
--- Elapsed: 5.3751 seconds ---
      alignment_scores  reference_begin_location  ...  reference_header  query_header
0                 1242                         0  ...        NFUA_VESOH    NFUA_VESOH
1                   45                        26  ...        RS17_BORT9    NFUA_VESOH
2                   38                        56  ...        NUCS_CORDI    NFUA_VESOH
3                   45                        76  ...       AN32B_HUMAN    NFUA_VESOH
4                   39                       139  ...         APT_GEOSW    NFUA_VESOH
...                ...                       ...  ...               ...           ...
9995                27                       193  ...        LPXA_ECOSE     247L_IIV6
9996                35                        28  ...        CAPS1_PFV2     247L_IIV6
9997                34                        59  ...         ISCA1_RAT     247L_IIV6
9998                33                         8  ...       RL37A_METKA     247L_IIV6
9999               771                         0  ...         247L_IIV6     247L_IIV6

[160000 rows x 7 columns]

STATUS: Writing results...
--- Elapsed: 0.7252 seconds ---
 total CPU work (counts) done while GPU was busy: 1044230

INFO: Correctness test skipped...

STATUS: Done
3.09user 9.82system 0:24.54elapsed 52%CPU (0avgtext+0avgdata 324536maxresident)k
91713inputs+12118outputs (317major+126896minor)pagefaults 0swaps
Running adept_as_xargs...

------------------------------
     PYTHON ASYNC PROTEIN     
------------------------------


------------------------------
     PYTHON ASYNC PROTEIN     
------------------------------


------------------------------
     PYTHON ASYNC PROTEIN     
------------------------------

STATUS: Reading ref and query files
STATUS: Reading ref and query files
STATUS: Reading ref and query files
STATUS: Launching driver
STATUS: Launching driver
STATUS: Launching driver
0
50000

STATUS: PyADEPT Alignments completed
--- Elapsed: 1.7967 seconds ---
      alignment_scores  reference_begin_location  ...  reference_header  query_header
0                 1242                         0  ...        NFUA_VESOH    NFUA_VESOH
1                   45                        26  ...        RS17_BORT9    NFUA_VESOH
2                   38                        56  ...        NUCS_CORDI    NFUA_VESOH
3                   45                        76  ...       AN32B_HUMAN    NFUA_VESOH
4                   39                       139  ...         APT_GEOSW    NFUA_VESOH
...                ...                       ...  ...               ...           ...
3195                33                        56  ...        LPXA_ECOSE    RS11_ACIBS
3196                32                         5  ...        CAPS1_PFV2    RS11_ACIBS
3197                28                        48  ...         ISCA1_RAT    RS11_ACIBS
3198                37                        47  ...       RL37A_METKA    RS11_ACIBS
3199                30                        72  ...         247L_IIV6    RS11_ACIBS

[53200 rows x 7 columns]

STATUS: Writing results...
--- Elapsed: 0.2641 seconds ---
 total CPU work (counts) done while GPU was busy: 339201

INFO: Correctness test skipped...

STATUS: Done
0
50000

STATUS: PyADEPT Alignments completed
--- Elapsed: 1.8716 seconds ---
0
50000

STATUS: PyADEPT Alignments completed
--- Elapsed: 1.9114 seconds ---
      alignment_scores  reference_begin_location  ...  reference_header  query_header
0                   41                        51  ...        NFUA_VESOH     IF6_SULIN
1                   33                         2  ...        RS17_BORT9     IF6_SULIN
2                   39                       151  ...        NUCS_CORDI     IF6_SULIN
3                   43                        64  ...       AN32B_HUMAN     IF6_SULIN
4                   36                       129  ...         APT_GEOSW     IF6_SULIN
...                ...                       ...  ...               ...           ...
3595                27                       193  ...        LPXA_ECOSE     247L_IIV6
3596                35                        28  ...        CAPS1_PFV2     247L_IIV6
3597                34                        59  ...         ISCA1_RAT     247L_IIV6
3598                33                         8  ...       RL37A_METKA     247L_IIV6
3599               771                         0  ...         247L_IIV6     247L_IIV6

[53600 rows x 7 columns]

STATUS: Writing results...
--- Elapsed: 0.2498 seconds ---
 total CPU work (counts) done while GPU was busy: 429412

INFO: Correctness test skipped...

STATUS: Done
      alignment_scores  reference_begin_location  ...  reference_header  query_header
0                   41                       149  ...        NFUA_VESOH    DNAJ_BURM7
1                   37                         0  ...        RS17_BORT9    DNAJ_BURM7
2                   48                       184  ...        NUCS_CORDI    DNAJ_BURM7
3                   56                       199  ...       AN32B_HUMAN    DNAJ_BURM7
4                   33                       103  ...         APT_GEOSW    DNAJ_BURM7
...                ...                       ...  ...               ...           ...
3195                37                        24  ...        LPXA_ECOSE    MOAC_METKA
3196                33                        32  ...        CAPS1_PFV2    MOAC_METKA
3197                68                        71  ...         ISCA1_RAT    MOAC_METKA
3198                49                        23  ...       RL37A_METKA    MOAC_METKA
3199                33                        79  ...         247L_IIV6    MOAC_METKA

[53200 rows x 7 columns]

STATUS: Writing results...
--- Elapsed: 0.2396 seconds ---
 total CPU work (counts) done while GPU was busy: 307461

INFO: Correctness test skipped...

STATUS: Done
chunk_n=3
4.30user 13.31system 0:20.85elapsed 84%CPU (0avgtext+0avgdata 407060maxresident)k
143251inputs+12124outputs (509major+274906minor)pagefaults 0swaps
Start parsing of output files
Running cudasw_parser...
0.12user 0.02system 0:00.42elapsed 36%CPU (0avgtext+0avgdata 15248maxresident)k
10855inputs+885outputs (29major+4319minor)pagefaults 0swaps
Running cudasw_xargs_parser...
0.05user 0.03system 0:00.30elapsed 31%CPU (0avgtext+0avgdata 8812maxresident)k
9621inputs+0outputs (29major+2477minor)pagefaults 0swaps
Running ssw_parser...
1.12user 0.06system 0:01.39elapsed 85%CPU (0avgtext+0avgdata 43344maxresident)k
52221inputs+6884outputs (29major+15203minor)pagefaults 0swaps
Running ssw_xargs_parser...
1.12user 0.08system 0:01.44elapsed 83%CPU (0avgtext+0avgdata 43460maxresident)k
52222inputs+6884outputs (29major+15214minor)pagefaults 0swaps
Running swipe_parser...
0.30user 0.05system 0:00.67elapsed 53%CPU (0avgtext+0avgdata 15248maxresident)k
30047inputs+885outputs (29major+4318minor)pagefaults 0swaps
Running swipe_xargs_parser...
0.33user 0.04system 0:00.58elapsed 64%CPU (0avgtext+0avgdata 15792maxresident)k
30048inputs+885outputs (29major+4508minor)pagefaults 0swaps
Running adept_parser...
0.65user 0.06system 0:01.08elapsed 66%CPU (0avgtext+0avgdata 43340maxresident)k
21736inputs+6884outputs (29major+15202minor)pagefaults 0swaps
Running adept_as_parser...
0.66user 0.06system 0:01.00elapsed 72%CPU (0avgtext+0avgdata 43348maxresident)k
21735inputs+6884outputs (29major+14693minor)pagefaults 0swaps
Running adept_as_xargs_parser...
0.58user 0.04system 0:00.85elapsed 74%CPU (0avgtext+0avgdata 43400maxresident)k
21737inputs+6884outputs (29major+15414minor)pagefaults 0swaps
Matplotlib created a temporary config/cache directory at /tmp/slurm-2573091/matplotlib-8gl9099a because the default path (/home/user/tuechler/.config/matplotlib) is not a writable directory; it is highly recommended to set the MPLCONFIGDIR environment variable to a writable directory, in particular to speed up the import of Matplotlib and to better support multiprocessing.
Runtimes of programs (in seconds):
cudasw:   94.682
cudasw_xargs:89.530
ssw:      17.390
ssw_xargs:8.562
swipe:    10.289
swipe_xargs:5.715
adept:    31.892
adept_as: 23.121
adept_as_xargs:20.580
Plot of runtime comparison saved to /scratch/cube/tuechler/program_out/sp_n400_0_600/runtimes.png
Finished parsing output.
247.79user 181.88system 5:47.60elapsed 123%CPU (0avgtext+0avgdata 974272maxresident)k
1771624inputs+203634outputs (3185major+1867849minor)pagefaults 0swaps
