

Building a new DB, current time: 04/14/2022 12:47:56
New DB name:   /scratch/cube/tuechler/program_out/sp_n400_0_600/data/sp_n400_0_600
New DB title:  ../program_out/sp_n400_0_600/data/sp_n400_0_600
Sequence type: Protein
Keep MBits: T
Maximum file size: 1000000000B
Adding sequences from FASTA; added 400 sequences in 0.0211432 seconds.




Building a new DB, current time: 04/14/2022 12:47:57
New DB name:   /scratch/cube/tuechler/program_out/sp_n400_0_600/data/qchunks/q_1
New DB title:  ../program_out/sp_n400_0_600/data/qchunks/q_1
Sequence type: Protein
Keep MBits: T
Maximum file size: 1000000000B
Adding sequences from FASTA; added 133 sequences in 0.0111499 seconds.




Building a new DB, current time: 04/14/2022 12:47:58
New DB name:   /scratch/cube/tuechler/program_out/sp_n400_0_600/data/qchunks/q_2
New DB title:  ../program_out/sp_n400_0_600/data/qchunks/q_2
Sequence type: Protein
Keep MBits: T
Maximum file size: 1000000000B
Adding sequences from FASTA; added 133 sequences in 0.010453 seconds.




Building a new DB, current time: 04/14/2022 12:47:58
New DB name:   /scratch/cube/tuechler/program_out/sp_n400_0_600/data/qchunks/q_3
New DB title:  ../program_out/sp_n400_0_600/data/qchunks/q_3
Sequence type: Protein
Keep MBits: T
Maximum file size: 1000000000B
Adding sequences from FASTA; added 134 sequences in 0.011302 seconds.


Creating output directory: /scratch/cube/tuechler/protein_alignment/scripts/program_out/sp_n400_0_600
Running prepare_database.py...
Writing parameters to parameters.txt
Start calling of alignment programs
Running cudasw...
45.24user 37.15system 1:35.33elapsed 86%CPU (0avgtext+0avgdata 426752maxresident)k
14984inputs+1231outputs (50major+528925minor)pagefaults 0swaps
Running cudasw_xargs...
chunk_n=3
130.33user 94.84system 1:32.96elapsed 242%CPU (0avgtext+0avgdata 233104maxresident)k
19261inputs+1101outputs (69major+198524minor)pagefaults 0swaps
Running ssw...
CPU time: 18.4211502075 seconds
16.85user 0.16system 0:21.51elapsed 79%CPU (0avgtext+0avgdata 8980maxresident)k
104987inputs+42601outputs (32major+11553minor)pagefaults 0swaps
Running ssw_xargs...
CPU time: 6.65133905411 seconds
CPU time: 6.74698185921 seconds
CPU time: 7.34950613976 seconds
chunk_n=3
19.22user 0.37system 0:08.05elapsed 243%CPU (0avgtext+0avgdata 8996maxresident)k
108775inputs+42600outputs (39major+28601minor)pagefaults 0swaps
Running swipe...
slurmstepd: error: *** JOB 2573094 ON nodee01 CANCELLED AT 2022-04-14T12:51:48 ***
