

Building a new DB, current time: 04/14/2022 12:59:55
New DB name:   /scratch/cube/tuechler/program_out/sp_n400_0_600/data/sp_n400_0_600
New DB title:  ../program_out/sp_n400_0_600/data/sp_n400_0_600
Sequence type: Protein
Keep MBits: T
Maximum file size: 1000000000B
Adding sequences from FASTA; added 400 sequences in 0.0201762 seconds.




Building a new DB, current time: 04/14/2022 12:59:56
New DB name:   /scratch/cube/tuechler/program_out/sp_n400_0_600/data/qchunks/q_1
New DB title:  ../program_out/sp_n400_0_600/data/qchunks/q_1
Sequence type: Protein
Keep MBits: T
Maximum file size: 1000000000B
Adding sequences from FASTA; added 133 sequences in 0.00787807 seconds.




Building a new DB, current time: 04/14/2022 12:59:57
New DB name:   /scratch/cube/tuechler/program_out/sp_n400_0_600/data/qchunks/q_2
New DB title:  ../program_out/sp_n400_0_600/data/qchunks/q_2
Sequence type: Protein
Keep MBits: T
Maximum file size: 1000000000B
Adding sequences from FASTA; added 133 sequences in 0.00750804 seconds.




Building a new DB, current time: 04/14/2022 12:59:58
New DB name:   /scratch/cube/tuechler/program_out/sp_n400_0_600/data/qchunks/q_3
New DB title:  ../program_out/sp_n400_0_600/data/qchunks/q_3
Sequence type: Protein
Keep MBits: T
Maximum file size: 1000000000B
Adding sequences from FASTA; added 134 sequences in 0.00813699 seconds.


Creating output directory: /scratch/cube/tuechler/protein_alignment/scripts/program_out/sp_n400_0_600
Running prepare_database.py...
Writing parameters to parameters.txt
Start calling of alignment programs
Running cudasw...
slurmstepd: error: *** JOB 2573097 ON nodee01 CANCELLED AT 2022-04-14T13:01:13 ***
