

Building a new DB, current time: 04/14/2022 13:09:45
New DB name:   /scratch/cube/tuechler/program_out/sp_n400_0_600/data/sp_n400_0_600
New DB title:  ../program_out/sp_n400_0_600/data/sp_n400_0_600
Sequence type: Protein
Keep MBits: T
Maximum file size: 1000000000B
Adding sequences from FASTA; added 400 sequences in 0.0139751 seconds.




Building a new DB, current time: 04/14/2022 13:09:46
New DB name:   /scratch/cube/tuechler/program_out/sp_n400_0_600/data/qchunks/q_1
New DB title:  ../program_out/sp_n400_0_600/data/qchunks/q_1
Sequence type: Protein
Keep MBits: T
Maximum file size: 1000000000B
Adding sequences from FASTA; added 133 sequences in 0.00632691 seconds.




Building a new DB, current time: 04/14/2022 13:09:47
New DB name:   /scratch/cube/tuechler/program_out/sp_n400_0_600/data/qchunks/q_2
New DB title:  ../program_out/sp_n400_0_600/data/qchunks/q_2
Sequence type: Protein
Keep MBits: T
Maximum file size: 1000000000B
Adding sequences from FASTA; added 133 sequences in 0.0078671 seconds.




Building a new DB, current time: 04/14/2022 13:09:47
New DB name:   /scratch/cube/tuechler/program_out/sp_n400_0_600/data/qchunks/q_3
New DB title:  ../program_out/sp_n400_0_600/data/qchunks/q_3
Sequence type: Protein
Keep MBits: T
Maximum file size: 1000000000B
Adding sequences from FASTA; added 134 sequences in 0.00684309 seconds.


Creating output directory: /scratch/cube/tuechler/protein_alignment/scripts/program_out/sp_n400_0_600
Running prepare_database.py...
Writing parameters to parameters.txt
Start calling of alignment programs
Running cudasw...
44.57user 37.98system 1:35.20elapsed 86%CPU (0avgtext+0avgdata 426944maxresident)k
14986inputs+1231outputs (50major+522890minor)pagefaults 0swaps
Running cudasw_xargs...
chunk_n=3
126.83user 94.82system 1:30.54elapsed 244%CPU (0avgtext+0avgdata 233244maxresident)k
19005inputs+1104outputs (70major+158959minor)pagefaults 0swaps
Running ssw...
CPU time: 20.2490718365 seconds
19.06user 0.18system 0:22.11elapsed 87%CPU (0avgtext+0avgdata 8980maxresident)k
104987inputs+42601outputs (32major+11550minor)pagefaults 0swaps
Running ssw_xargs...
CPU time: 8.16593718529 seconds
CPU time: 8.16398406029 seconds
CPU time: 8.54777884483 seconds
chunk_n=3
23.85user 0.38system 0:09.28elapsed 261%CPU (0avgtext+0avgdata 8992maxresident)k
108855inputs+42600outputs (41major+30571minor)pagefaults 0swaps
Start parsing of output files
Running cudasw_parser...
0.09user 0.02system 0:00.50elapsed 24%CPU (0avgtext+0avgdata 15252maxresident)k
10855inputs+886outputs (29major+4321minor)pagefaults 0swaps
Running cudasw_xargs_parser...
0.04user 0.02system 0:00.17elapsed 39%CPU (0avgtext+0avgdata 8808maxresident)k
9621inputs+0outputs (29major+2478minor)pagefaults 0swaps
Running ssw_parser...
0.81user 0.06system 0:01.00elapsed 87%CPU (0avgtext+0avgdata 43344maxresident)k
52221inputs+6884outputs (29major+14691minor)pagefaults 0swaps
Running ssw_xargs_parser...
0.84user 0.06system 0:01.06elapsed 84%CPU (0avgtext+0avgdata 43468maxresident)k
52222inputs+6884outputs (29major+15216minor)pagefaults 0swaps
Matplotlib created a temporary config/cache directory at /tmp/slurm-2573099/matplotlib-l4wuxwb2 because the default path (/home/user/tuechler/.config/matplotlib) is not a writable directory; it is highly recommended to set the MPLCONFIGDIR environment variable to a writable directory, in particular to speed up the import of Matplotlib and to better support multiprocessing.
Runtimes of programs (in seconds):
cudasw:   95.034
cudasw_xargs:89.820
ssw:      20.576
ssw_xargs:9.014
Plot of runtime comparison saved to /scratch/cube/tuechler/program_out/sp_n400_0_600/runtimes.png
Finished parsing output.
222.41user 145.01system 4:18.08elapsed 142%CPU (0avgtext+0avgdata 426944maxresident)k
1102714inputs+104002outputs (1771major+875617minor)pagefaults 0swaps
