

Building a new DB, current time: 03/25/2022 13:58:27
New DB name:   /scratch/cube/tuechler/protein_alignment/program_out/sp_n1000_0_600_b/data/sp_n1000_0_600_b
New DB title:  program_out/sp_n1000_0_600_b/data/sp_n1000_0_600_b
Sequence type: Protein
Keep MBits: T
Maximum file size: 1000000000B
Adding sequences from FASTA; added 1000 sequences in 0.0384512 seconds.


Running ssw...
Running swipe...
Running adept...

---------------------------------
     PYTHON MULTIGPU PROTEIN     
---------------------------------

STATUS: Reading ref and query files
STATUS: Launching driver

STATUS: PyADEPT Alignments completed
--- Elapsed: 10.3704 seconds ---

STATUS: Writing results...

INFO: Correctness test skipped...

STATUS: Done
