

Building a new DB, current time: 04/05/2022 22:08:16
New DB name:   /scratch/cube/tuechler/program_out/sp_n4000_10_500_b/data/sp_n4000_10_500_b
New DB title:  ../program_out/sp_n4000_10_500_b/data/sp_n4000_10_500_b
Sequence type: Protein
Keep MBits: T
Maximum file size: 1000000000B
Adding sequences from FASTA; added 4000 sequences in 0.173956 seconds.


Creating output directory: /scratch/cube/tuechler/protein_alignment/scripts/program_out/sp_n4000_10_500_b
Running prepare_database.py...
Writing parameters to parameters.txt
Start calling of alignment programs
Running blast...
688.83user 2.27system 1:47.04elapsed 645%CPU (0avgtext+0avgdata 124776maxresident)k
77114inputs+132534outputs (323major+636176minor)pagefaults 0swaps
Running mmseqs...
createdb ../program_out/sp_n4000_10_500_b/data/sp_n4000_10_500_b /tmp/16960954931456159728/query --dbtype 0 --shuffle 1 --createdb-mode 0 --id-offset 0 --compressed 0 -v 3 

Converting sequences
[
Time for merging to query_h: 0h 0m 0s 139ms
Time for merging to query: 0h 0m 0s 117ms
Database type: Aminoacid
Time for merging to query.lookup: 0h 0m 0s 0ms
Time for processing: 0h 0m 0s 534ms
createdb ../program_out/sp_n4000_10_500_b/data/sp_n4000_10_500_b /tmp/16960954931456159728/target --dbtype 0 --shuffle 1 --createdb-mode 0 --id-offset 0 --compressed 0 -v 3 

Converting sequences
[
Time for merging to target_h: 0h 0m 0s 146ms
Time for merging to target: 0h 0m 0s 126ms
Database type: Aminoacid
Time for merging to target.lookup: 0h 0m 0s 0ms
Time for processing: 0h 0m 0s 523ms
Tmp /tmp/16960954931456159728/search_tmp folder does not exist or is not a directory.
prefilter /tmp/16960954931456159728/query /tmp/16960954931456159728/target /tmp/16960954931456159728/search_tmp/12253868953277401543/pref_0 --sub-mat /apps/mmseqs2/11-e1a1c/matrices/blosum50.out --seed-sub-mat nucl:nucleotide.out,aa:VTML80.out -k 0 --k-score 2147483647 --alph-size 21 --max-seq-len 65535 --max-seqs 300 --split 0 --split-mode 2 --split-memory-limit 0 -c 0 --cov-mode 0 --comp-bias-corr 1 --diag-score 1 --exact-kmer-matching 0 --mask 1 --mask-lower-case 0 --min-ungapped-score 15 --add-self-matches 0 --spaced-kmer-mode 1 --db-load-mode 0 --pca 1 --pcb 1.5 --threads 12 --compressed 0 -v 3 -s 7.5 

Query database size: 4000 type: Aminoacid
Estimated memory consumption: 986M
Target database size: 4000 type: Aminoacid
Index table k-mer threshold: 96 at k-mer size 6 
Index table: counting k-mers
[=================================================================] 4.00K 0s 53ms
Index table: Masked residues: 8970
Index table: fill
[=================================================================] 4.00K 0s 46ms
Index statistics
Entries:          949456
DB size:          493 MB
Avg k-mer size:   0.014835
Top 10 k-mers
    GPGGTL	18
    VGPVST	16
    NANTLD	11
    YVPGSF	11
    AVLDDG	11
    AFGVWG	11
    TVTLAI	11
    GLGPGK	11
    VNTGGL	11
    GRNGTL	11
Time for index table init: 0h 0m 0s 580ms
Process prefiltering step 1 of 1

k-mer similarity threshold: 96
Starting prefiltering scores calculation (step 1 of 1)
Query db start 1 to 4000
Target db start 1 to 4000
[=================================================================] 4.00K 7s 262ms

1461.561772 k-mers per position
6429 DB matches per sequence
0 overflows
0 queries produce too much hits (truncated result)
94 sequences passed prefiltering per query sequence
85 median result list length
3 sequences with 0 size result lists
Time for merging to pref_0: 0h 0m 0s 1ms
Time for processing: 0h 0m 8s 326ms
align /tmp/16960954931456159728/query /tmp/16960954931456159728/target /tmp/16960954931456159728/search_tmp/12253868953277401543/pref_0 /tmp/16960954931456159728/result --sub-mat /apps/mmseqs2/11-e1a1c/matrices/blosum50.out -a 0 --alignment-mode 3 --wrapped-scoring 0 -e 20 --min-seq-id 0 --min-aln-len 0 --seq-id-mode 0 --alt-ali 0 -c 0 --cov-mode 0 --max-seq-len 65535 --comp-bias-corr 1 --realign 0 --max-rejected 2147483647 --max-accept 2147483647 --add-self-matches 0 --db-load-mode 0 --pca 1 --pcb 1.5 --score-bias 0 --gap-open 15 --gap-extend 2 --zdrop 40 --threads 12 --compressed 0 -v 3 

Compute score, coverage and sequence identity
Query database size: 4000 type: Aminoacid
Target database size: 4000 type: Aminoacid
Calculation of alignments
[=================================================================] 4.00K 0s 880ms
Time for merging to result: 0h 0m 0s 1ms

376650 alignments calculated.
32055 sequence pairs passed the thresholds (0.085106 of overall calculated).
8.013750 hits per query sequence.
Time for processing: 0h 0m 1s 92ms
Remove temporary files
rmdb /tmp/16960954931456159728/search_tmp/12253868953277401543/pref_0 -v 3 

Time for processing: 0h 0m 0s 3ms
rmdb /tmp/16960954931456159728/search_tmp/12253868953277401543/aln_0 -v 3 

Time for processing: 0h 0m 0s 1ms
rmdb /tmp/16960954931456159728/search_tmp/12253868953277401543/input_0 -v 3 

Time for processing: 0h 0m 0s 1ms
rmdb /tmp/16960954931456159728/search_tmp/12253868953277401543/aln_merge -v 3 

Time for processing: 0h 0m 0s 1ms
convertalis /tmp/16960954931456159728/query /tmp/16960954931456159728/target /tmp/16960954931456159728/result ../program_out/sp_n4000_10_500_b/mmseqs/sp_n4000_10_500_b.mmseqs --sub-mat /apps/mmseqs2/11-e1a1c/matrices/blosum50.out --format-mode 0 --format-output query,target,raw --translation-table 1 --gap-open 15 --gap-extend 2 --db-output 0 --db-load-mode 0 --search-type 0 --threads 12 --compressed 0 -v 3 

[=================================================================] 4.00K 0s 32ms
Time for merging to sp_n4000_10_500_b.mmseqs: 0h 0m 0s 236ms
Time for processing: 0h 0m 0s 948ms
Removing temporary files
rmdb /tmp/16960954931456159728/result 

Time for processing: 0h 0m 0s 2ms
rmdb /tmp/16960954931456159728/target 

Time for processing: 0h 0m 0s 1ms
rmdb /tmp/16960954931456159728/target_h 

Time for processing: 0h 0m 0s 1ms
rmdb /tmp/16960954931456159728/query 

Time for processing: 0h 0m 0s 1ms
rmdb /tmp/16960954931456159728/query_h 

Time for processing: 0h 0m 0s 1ms
149.23user 0.88system 0:12.33elapsed 1217%CPU (0avgtext+0avgdata 1163344maxresident)k
145746inputs+27364outputs (646major+39383minor)pagefaults 0swaps
Running cudasw...
slurmstepd: error: *** JOB 2538693 ON nodee01 CANCELLED AT 2022-04-05T22:10:33 ***
