

Building a new DB, current time: 04/05/2022 22:11:59
New DB name:   /scratch/cube/tuechler/program_out/sp_n4000_10_500_b/data/sp_n4000_10_500_b
New DB title:  ../program_out/sp_n4000_10_500_b/data/sp_n4000_10_500_b
Sequence type: Protein
Deleted existing Protein BLAST database named /scratch/cube/tuechler/program_out/sp_n4000_10_500_b/data/sp_n4000_10_500_b
Keep MBits: T
Maximum file size: 1000000000B
Adding sequences from FASTA; added 4000 sequences in 0.216363 seconds.


Creating output directory: /scratch/cube/tuechler/protein_alignment/scripts/program_out/sp_n4000_10_500_b
Running prepare_database.py...
Writing parameters to parameters.txt
Start calling of alignment programs
Running blast...
685.59user 2.02system 1:46.30elapsed 646%CPU (0avgtext+0avgdata 125356maxresident)k
77114inputs+132534outputs (325major+607937minor)pagefaults 0swaps
Running mmseqs...
../program_out/sp_n4000_10_500_b/mmseqs/sp_n4000_10_500_b.mmseqs exists and will be overwritten.
createdb ../program_out/sp_n4000_10_500_b/data/sp_n4000_10_500_b /tmp/16960954931456159728/query --dbtype 0 --shuffle 1 --createdb-mode 0 --id-offset 0 --compressed 0 -v 3 

Converting sequences
[
Time for merging to query_h: 0h 0m 0s 112ms
Time for merging to query: 0h 0m 0s 85ms
Database type: Aminoacid
Time for merging to query.lookup: 0h 0m 0s 0ms
Time for processing: 0h 0m 0s 417ms
createdb ../program_out/sp_n4000_10_500_b/data/sp_n4000_10_500_b /tmp/16960954931456159728/target --dbtype 0 --shuffle 1 --createdb-mode 0 --id-offset 0 --compressed 0 -v 3 

Converting sequences
[
Time for merging to target_h: 0h 0m 0s 101ms
Time for merging to target: 0h 0m 0s 81ms
Database type: Aminoacid
Time for merging to target.lookup: 0h 0m 0s 0ms
Time for processing: 0h 0m 0s 403ms
Tmp /tmp/16960954931456159728/search_tmp folder does not exist or is not a directory.
prefilter /tmp/16960954931456159728/query /tmp/16960954931456159728/target /tmp/16960954931456159728/search_tmp/12253868953277401543/pref_0 --sub-mat /apps/mmseqs2/11-e1a1c/matrices/blosum50.out --seed-sub-mat nucl:nucleotide.out,aa:VTML80.out -k 0 --k-score 2147483647 --alph-size 21 --max-seq-len 65535 --max-seqs 300 --split 0 --split-mode 2 --split-memory-limit 0 -c 0 --cov-mode 0 --comp-bias-corr 1 --diag-score 1 --exact-kmer-matching 0 --mask 1 --mask-lower-case 0 --min-ungapped-score 15 --add-self-matches 0 --spaced-kmer-mode 1 --db-load-mode 0 --pca 1 --pcb 1.5 --threads 12 --compressed 0 -v 3 -s 7.5 

Query database size: 4000 type: Aminoacid
Estimated memory consumption: 986M
Target database size: 4000 type: Aminoacid
Index table k-mer threshold: 96 at k-mer size 6 
Index table: counting k-mers
[=================================================================] 4.00K 0s 43ms
Index table: Masked residues: 8970
Index table: fill
[=================================================================] 4.00K 0s 39ms
Index statistics
Entries:          949456
DB size:          493 MB
Avg k-mer size:   0.014835
Top 10 k-mers
    GPGGTL	18
    VGPVST	16
    NANTLD	11
    YVPGSF	11
    AVLDDG	11
    AFGVWG	11
    TVTLAI	11
    GLGPGK	11
    VNTGGL	11
    GRNGTL	11
Time for index table init: 0h 0m 0s 493ms
Process prefiltering step 1 of 1

k-mer similarity threshold: 96
Starting prefiltering scores calculation (step 1 of 1)
Query db start 1 to 4000
Target db start 1 to 4000
[=================================================================] 4.00K 7s 114ms

1461.561772 k-mers per position
6429 DB matches per sequence
0 overflows
0 queries produce too much hits (truncated result)
94 sequences passed prefiltering per query sequence
85 median result list length
3 sequences with 0 size result lists
Time for merging to pref_0: 0h 0m 0s 2ms
Time for processing: 0h 0m 8s 74ms
align /tmp/16960954931456159728/query /tmp/16960954931456159728/target /tmp/16960954931456159728/search_tmp/12253868953277401543/pref_0 /tmp/16960954931456159728/result --sub-mat /apps/mmseqs2/11-e1a1c/matrices/blosum50.out -a 0 --alignment-mode 3 --wrapped-scoring 0 -e 20 --min-seq-id 0 --min-aln-len 0 --seq-id-mode 0 --alt-ali 0 -c 0 --cov-mode 0 --max-seq-len 65535 --comp-bias-corr 1 --realign 0 --max-rejected 2147483647 --max-accept 2147483647 --add-self-matches 0 --db-load-mode 0 --pca 1 --pcb 1.5 --score-bias 0 --gap-open 15 --gap-extend 2 --zdrop 40 --threads 12 --compressed 0 -v 3 

Compute score, coverage and sequence identity
Query database size: 4000 type: Aminoacid
Target database size: 4000 type: Aminoacid
Calculation of alignments
[=================================================================] 4.00K 0s 762ms
Time for merging to result: 0h 0m 0s 1ms

376650 alignments calculated.
32055 sequence pairs passed the thresholds (0.085106 of overall calculated).
8.013750 hits per query sequence.
Time for processing: 0h 0m 0s 973ms
Remove temporary files
rmdb /tmp/16960954931456159728/search_tmp/12253868953277401543/pref_0 -v 3 

Time for processing: 0h 0m 0s 3ms
rmdb /tmp/16960954931456159728/search_tmp/12253868953277401543/aln_0 -v 3 

Time for processing: 0h 0m 0s 1ms
rmdb /tmp/16960954931456159728/search_tmp/12253868953277401543/input_0 -v 3 

Time for processing: 0h 0m 0s 1ms
rmdb /tmp/16960954931456159728/search_tmp/12253868953277401543/aln_merge -v 3 

Time for processing: 0h 0m 0s 1ms
../program_out/sp_n4000_10_500_b/mmseqs/sp_n4000_10_500_b.mmseqs exists and will be overwritten.
convertalis /tmp/16960954931456159728/query /tmp/16960954931456159728/target /tmp/16960954931456159728/result ../program_out/sp_n4000_10_500_b/mmseqs/sp_n4000_10_500_b.mmseqs --sub-mat /apps/mmseqs2/11-e1a1c/matrices/blosum50.out --format-mode 0 --format-output query,target,raw --translation-table 1 --gap-open 15 --gap-extend 2 --db-output 0 --db-load-mode 0 --search-type 0 --threads 12 --compressed 0 -v 3 

[=================================================================] 4.00K 0s 26ms
Time for merging to sp_n4000_10_500_b.mmseqs: 0h 0m 0s 92ms
Time for processing: 0h 0m 0s 861ms
Removing temporary files
rmdb /tmp/16960954931456159728/result 

Time for processing: 0h 0m 0s 2ms
rmdb /tmp/16960954931456159728/target 

Time for processing: 0h 0m 0s 1ms
rmdb /tmp/16960954931456159728/target_h 

Time for processing: 0h 0m 0s 1ms
rmdb /tmp/16960954931456159728/query 

Time for processing: 0h 0m 0s 1ms
rmdb /tmp/16960954931456159728/query_h 

Time for processing: 0h 0m 0s 1ms
134.42user 0.74system 0:11.60elapsed 1164%CPU (0avgtext+0avgdata 1165308maxresident)k
145754inputs+27402outputs (647major+38804minor)pagefaults 0swaps
Running cudasw...
315.90user 215.34system 8:33.89elapsed 103%CPU (0avgtext+0avgdata 220880maxresident)k
21387inputs+752366outputs (50major+2104900minor)pagefaults 0swaps
Running ssw...
CPU time: 1517.59311485 seconds
1447.52user 9.22system 25:18.53elapsed 95%CPU (0avgtext+0avgdata 8952maxresident)k
8292191inputs+4275215outputs (32major+89132minor)pagefaults 0swaps
Running swipe...
2845.08user 3489.39system 2:02:20elapsed 86%CPU (0avgtext+0avgdata 8952maxresident)k
14938inputs+12013327outputs (42major+51484584minor)pagefaults 0swaps
Running adept...

---------------------------------
     PYTHON MULTIGPU PROTEIN     
---------------------------------

STATUS: Reading ref and query files
STATUS: Launching driver

STATUS: PyADEPT Alignments completed
--- Elapsed: 190.9959 seconds ---
          alignment_scores  ...  query_header
0                      898  ...   UMAD1_HUMAN
1                       41  ...   UMAD1_HUMAN
2                       29  ...   UMAD1_HUMAN
3                       48  ...   UMAD1_HUMAN
4                       38  ...   UMAD1_HUMAN
...                    ...  ...           ...
15999995                54  ...    SFSA_SALDC
15999996                36  ...    SFSA_SALDC
15999997                47  ...    SFSA_SALDC
15999998                39  ...    SFSA_SALDC
15999999              1529  ...    SFSA_SALDC

[16000000 rows x 7 columns]

STATUS: Writing results...
--- Elapsed: 39.1768 seconds ---

INFO: Correctness test skipped...

STATUS: Done
300.32user 154.30system 6:41.12elapsed 113%CPU (0avgtext+0avgdata 34832320maxresident)k
97043inputs+1211610outputs (322major+24304771minor)pagefaults 0swaps
Running adept_as...

------------------------------
     PYTHON ASYNC PROTEIN     
------------------------------

STATUS: Reading ref and query files
STATUS: Launching driver
0
50000
100000
150000
200000
250000
300000
350000
400000
450000
500000
550000
600000
650000
700000
750000
800000
850000
900000
950000
1000000
1050000
1100000
1150000
1200000
1250000
1300000
1350000
1400000
1450000
1500000
1550000
1600000
1650000
1700000
1750000
1800000
1850000
1900000
1950000
2000000
2050000
2100000
2150000
2200000
2250000
2300000
2350000
2400000
2450000
2500000
2550000
2600000
2650000
2700000
2750000
2800000
2850000
2900000
2950000
3000000
3050000
3100000
3150000
3200000
3250000
3300000
3350000
3400000
3450000
3500000
3550000
3600000
3650000
3700000
3750000
3800000
3850000
3900000
3950000
4000000
4050000
4100000
4150000
4200000
4250000
4300000
4350000
4400000
4450000
4500000
4550000
4600000
4650000
4700000
4750000
4800000
4850000
4900000
4950000
5000000
5050000
5100000
5150000
5200000
5250000
5300000
5350000
5400000
5450000
5500000
5550000
5600000
5650000
5700000
5750000
5800000
5850000
5900000
5950000
6000000
6050000
6100000
6150000
6200000
6250000
6300000
6350000
6400000
6450000
6500000
6550000
6600000
6650000
6700000
6750000
6800000
6850000
6900000
6950000
7000000
7050000
7100000
7150000
7200000
7250000
7300000
7350000
7400000
7450000
7500000
7550000
7600000
7650000
7700000
7750000
7800000
7850000
7900000
7950000
8000000
8050000
8100000
8150000
8200000
8250000
8300000
8350000
8400000
8450000
8500000
8550000
8600000
8650000
8700000
8750000
8800000
8850000
8900000
8950000
9000000
9050000
9100000
9150000
9200000
9250000
9300000
9350000
9400000
9450000
9500000
9550000
9600000
9650000
9700000
9750000
9800000
9850000
9900000
9950000
10000000
10050000
10100000
10150000
10200000
10250000
10300000
10350000
10400000
10450000
10500000
10550000
10600000
10650000
10700000
10750000
10800000
10850000
10900000
10950000
11000000
11050000
11100000
11150000
11200000
11250000
11300000
11350000
11400000
11450000
11500000
11550000
11600000
11650000
11700000
11750000
11800000
11850000
11900000
11950000
12000000
12050000
12100000
12150000
12200000
12250000
12300000
12350000
12400000
12450000
12500000
12550000
12600000
12650000
12700000
12750000
12800000
12850000
12900000
12950000
13000000
13050000
13100000
13150000
13200000
13250000
13300000
13350000
13400000
13450000
13500000
13550000
13600000
13650000
13700000
13750000
13800000
13850000
13900000
13950000
14000000
14050000
14100000
14150000
14200000
14250000
14300000
14350000
14400000
14450000
14500000
14550000
14600000
14650000
14700000
14750000
14800000
14850000
14900000
14950000
15000000
15050000
15100000
15150000
15200000
15250000
15300000
15350000
15400000
15450000
15500000
15550000
15600000
15650000
15700000
15750000
15800000
15850000
15900000
15950000

STATUS: PyADEPT Alignments completed
--- Elapsed: 329.6373 seconds ---
          alignment_scores  ...  query_header
0                      898  ...   UMAD1_HUMAN
1                       41  ...   UMAD1_HUMAN
2                       29  ...   UMAD1_HUMAN
3                       48  ...   UMAD1_HUMAN
4                       38  ...   UMAD1_HUMAN
...                    ...  ...           ...
15999995                54  ...    SFSA_SALDC
15999996                36  ...    SFSA_SALDC
15999997                47  ...    SFSA_SALDC
15999998                39  ...    SFSA_SALDC
15999999              1529  ...    SFSA_SALDC

[16000000 rows x 7 columns]

STATUS: Writing results...
--- Elapsed: 38.0867 seconds ---
 total CPU work (counts) done while GPU was busy: 76176130

INFO: Correctness test skipped...

STATUS: Done
356.12user 128.16system 8:37.67elapsed 93%CPU (0avgtext+0avgdata 17065860maxresident)k
95833inputs+1211609outputs (319major+12808804minor)pagefaults 0swaps
Start parsing of output files
Running blast_parser...
1.66user 0.11system 0:03.41elapsed 52%CPU (0avgtext+0avgdata 36112maxresident)k
142154inputs+5299outputs (29major+12267minor)pagefaults 0swaps
Running mmseqs_parser...
0.16user 0.03system 0:02.09elapsed 9%CPU (0avgtext+0avgdata 18652maxresident)k
11212inputs+1535outputs (29major+5702minor)pagefaults 0swaps
Running cudasw_parser...
98.63user 2.38system 1:42.70elapsed 98%CPU (0avgtext+0avgdata 3364768maxresident)k
761990inputs+688191outputs (29major+1652687minor)pagefaults 0swaps
Running ssw_parser...
127.98user 4.72system 2:15.56elapsed 97%CPU (0avgtext+0avgdata 3364644maxresident)k
4284835inputs+688191outputs (29major+2880825minor)pagefaults 0swaps
Running swipe_parser...
181.82user 6.92system 3:23.27elapsed 92%CPU (0avgtext+0avgdata 3364884maxresident)k
12022949inputs+688191outputs (29major+2608908minor)pagefaults 0swaps
Running adept_parser...
102.49user 3.69system 1:48.93elapsed 97%CPU (0avgtext+0avgdata 3364716maxresident)k
1223372inputs+688191outputs (45major+1926751minor)pagefaults 0swaps
Running adept_as_parser...
101.84user 2.47system 1:46.35elapsed 98%CPU (0avgtext+0avgdata 3365484maxresident)k
1218533inputs+688191outputs (21major+1717489minor)pagefaults 0swaps
Runtimes of programs (in seconds):
blast:    105.837
mmseqs:   11.202
ssw:      1518.050
swipe:    7339.968
cudasw:   513.419
adept:    393.568
adept_as: 516.624
Plot of runtime comparison saved to /scratch/cube/tuechler/program_out/sp_n4000_10_500_b/runtimes.png
Finished parsing output.
6704.54user 4027.71system 3:05:53elapsed 96%CPU (0avgtext+0avgdata 34832320maxresident)k
28996810inputs+23080755outputs (2649major+102315436minor)pagefaults 0swaps


Building a new DB, current time: 04/06/2022 01:18:06
New DB name:   /scratch/cube/tuechler/program_out/sp_n4000_10_1000_b/data/sp_n4000_10_1000_b
New DB title:  ../program_out/sp_n4000_10_1000_b/data/sp_n4000_10_1000_b
Sequence type: Protein
Keep MBits: T
Maximum file size: 1000000000B
Adding sequences from FASTA; added 4000 sequences in 0.106959 seconds.


Creating output directory: /scratch/cube/tuechler/protein_alignment/scripts/program_out/sp_n4000_10_1000_b
Running prepare_database.py...
Writing parameters to parameters.txt
Start calling of alignment programs
Running blast...
903.05user 2.43system 2:15.34elapsed 669%CPU (0avgtext+0avgdata 123176maxresident)k
78221inputs+132080outputs (328major+691726minor)pagefaults 0swaps
Running mmseqs...
createdb ../program_out/sp_n4000_10_1000_b/data/sp_n4000_10_1000_b /tmp/17919874680580679042/query --dbtype 0 --shuffle 1 --createdb-mode 0 --id-offset 0 --compressed 0 -v 3 

Converting sequences
[
Time for merging to query_h: 0h 0m 0s 179ms
Time for merging to query: 0h 0m 0s 128ms
Database type: Aminoacid
Time for merging to query.lookup: 0h 0m 0s 0ms
Time for processing: 0h 0m 0s 529ms
createdb ../program_out/sp_n4000_10_1000_b/data/sp_n4000_10_1000_b /tmp/17919874680580679042/target --dbtype 0 --shuffle 1 --createdb-mode 0 --id-offset 0 --compressed 0 -v 3 

Converting sequences
[
Time for merging to target_h: 0h 0m 0s 107ms
Time for merging to target: 0h 0m 0s 68ms
Database type: Aminoacid
Time for merging to target.lookup: 0h 0m 0s 0ms
Time for processing: 0h 0m 0s 378ms
Tmp /tmp/17919874680580679042/search_tmp folder does not exist or is not a directory.
prefilter /tmp/17919874680580679042/query /tmp/17919874680580679042/target /tmp/17919874680580679042/search_tmp/15896638792626191269/pref_0 --sub-mat /apps/mmseqs2/11-e1a1c/matrices/blosum50.out --seed-sub-mat nucl:nucleotide.out,aa:VTML80.out -k 0 --k-score 2147483647 --alph-size 21 --max-seq-len 65535 --max-seqs 300 --split 0 --split-mode 2 --split-memory-limit 0 -c 0 --cov-mode 0 --comp-bias-corr 1 --diag-score 1 --exact-kmer-matching 0 --mask 1 --mask-lower-case 0 --min-ungapped-score 15 --add-self-matches 0 --spaced-kmer-mode 1 --db-load-mode 0 --pca 1 --pcb 1.5 --threads 12 --compressed 0 -v 3 -s 7.5 

Query database size: 4000 type: Aminoacid
Estimated memory consumption: 988M
Target database size: 4000 type: Aminoacid
Index table k-mer threshold: 96 at k-mer size 6 
Index table: counting k-mers
[=================================================================] 4.00K 0s 66ms
Index table: Masked residues: 16283
Index table: fill
[=================================================================] 4.00K 0s 49ms
Index statistics
Entries:          1224063
DB size:          495 MB
Avg k-mer size:   0.019126
Top 10 k-mers
    PWQSGA	16
    LGPNPA	16
    YVPGSF	16
    AFGVWG	16
    TVTLAI	16
    QMFGVI	16
    GGSDTL	16
    WGMFAT	16
    MSWAIT	16
    PGVFEV	16
Time for index table init: 0h 0m 0s 656ms
Process prefiltering step 1 of 1

k-mer similarity threshold: 96
Starting prefiltering scores calculation (step 1 of 1)
Query db start 1 to 4000
Target db start 1 to 4000
[=================================================================] 4.00K 9s 605ms

1474.633481 k-mers per position
10400 DB matches per sequence
0 overflows
0 queries produce too much hits (truncated result)
139 sequences passed prefiltering per query sequence
129 median result list length
4 sequences with 0 size result lists
Time for merging to pref_0: 0h 0m 0s 1ms
Time for processing: 0h 0m 11s 240ms
align /tmp/17919874680580679042/query /tmp/17919874680580679042/target /tmp/17919874680580679042/search_tmp/15896638792626191269/pref_0 /tmp/17919874680580679042/result --sub-mat /apps/mmseqs2/11-e1a1c/matrices/blosum50.out -a 0 --alignment-mode 3 --wrapped-scoring 0 -e 20 --min-seq-id 0 --min-aln-len 0 --seq-id-mode 0 --alt-ali 0 -c 0 --cov-mode 0 --max-seq-len 65535 --comp-bias-corr 1 --realign 0 --max-rejected 2147483647 --max-accept 2147483647 --add-self-matches 0 --db-load-mode 0 --pca 1 --pcb 1.5 --score-bias 0 --gap-open 15 --gap-extend 2 --zdrop 40 --threads 12 --compressed 0 -v 3 

Compute score, coverage and sequence identity
Query database size: 4000 type: Aminoacid
Target database size: 4000 type: Aminoacid
Calculation of alignments
[=================================================================] 4.00K 1s 850ms
Time for merging to result: 0h 0m 0s 1ms

559282 alignments calculated.
32628 sequence pairs passed the thresholds (0.058339 of overall calculated).
8.157000 hits per query sequence.
Time for processing: 0h 0m 2s 222ms
Remove temporary files
rmdb /tmp/17919874680580679042/search_tmp/15896638792626191269/pref_0 -v 3 

Time for processing: 0h 0m 0s 3ms
rmdb /tmp/17919874680580679042/search_tmp/15896638792626191269/aln_0 -v 3 

Time for processing: 0h 0m 0s 1ms
rmdb /tmp/17919874680580679042/search_tmp/15896638792626191269/input_0 -v 3 

Time for processing: 0h 0m 0s 0ms
rmdb /tmp/17919874680580679042/search_tmp/15896638792626191269/aln_merge -v 3 

Time for processing: 0h 0m 0s 1ms
convertalis /tmp/17919874680580679042/query /tmp/17919874680580679042/target /tmp/17919874680580679042/result ../program_out/sp_n4000_10_1000_b/mmseqs/sp_n4000_10_1000_b.mmseqs --sub-mat /apps/mmseqs2/11-e1a1c/matrices/blosum50.out --format-mode 0 --format-output query,target,raw --translation-table 1 --gap-open 15 --gap-extend 2 --db-output 0 --db-load-mode 0 --search-type 0 --threads 12 --compressed 0 -v 3 

[=================================================================] 4.00K 0s 34ms
Time for merging to sp_n4000_10_1000_b.mmseqs: 0h 0m 0s 48ms
Time for processing: 0h 0m 0s 449ms
Removing temporary files
rmdb /tmp/17919874680580679042/result 

Time for processing: 0h 0m 0s 2ms
rmdb /tmp/17919874680580679042/target 

Time for processing: 0h 0m 0s 1ms
rmdb /tmp/17919874680580679042/target_h 

Time for processing: 0h 0m 0s 1ms
rmdb /tmp/17919874680580679042/query 

Time for processing: 0h 0m 0s 1ms
rmdb /tmp/17919874680580679042/query_h 

Time for processing: 0h 0m 0s 1ms
181.67user 0.76system 0:17.28elapsed 1055%CPU (0avgtext+0avgdata 1209048maxresident)k
144822inputs+34079outputs (643major+45267minor)pagefaults 0swaps
Running cudasw...
688.30user 461.01system 18:34.45elapsed 103%CPU (0avgtext+0avgdata 260368maxresident)k
23058inputs+752556outputs (49major+2087346minor)pagefaults 0swaps
Running ssw...
CPU time: 1731.63510704 seconds
1656.78user 9.04system 28:52.81elapsed 96%CPU (0avgtext+0avgdata 8900maxresident)k
10510158inputs+4257188outputs (22major+71096minor)pagefaults 0swaps
Running swipe...
3959.46user 2254.12system 1:34:36elapsed 109%CPU (0avgtext+0avgdata 8952maxresident)k
16005inputs+12408795outputs (44major+52310563minor)pagefaults 0swaps
Running adept...

---------------------------------
     PYTHON MULTIGPU PROTEIN     
---------------------------------

STATUS: Reading ref and query files
STATUS: Launching driver

STATUS: PyADEPT Alignments completed
--- Elapsed: 274.0184 seconds ---
          alignment_scores  ...  query_header
0                     1565  ...     RS2_SALPB
1                       40  ...     RS2_SALPB
2                       49  ...     RS2_SALPB
3                       38  ...     RS2_SALPB
4                       45  ...     RS2_SALPB
...                    ...  ...           ...
15999995                38  ...    RL19_YERPY
15999996                35  ...    RL19_YERPY
15999997                38  ...    RL19_YERPY
15999998                33  ...    RL19_YERPY
15999999               733  ...    RL19_YERPY

[16000000 rows x 7 columns]

STATUS: Writing results...
--- Elapsed: 37.6195 seconds ---

INFO: Correctness test skipped...

STATUS: Done
342.53user 189.00system 7:43.21elapsed 114%CPU (0avgtext+0avgdata 41388684maxresident)k
97338inputs+1221127outputs (320major+27060702minor)pagefaults 0swaps
Running adept_as...

------------------------------
     PYTHON ASYNC PROTEIN     
------------------------------

STATUS: Reading ref and query files
STATUS: Launching driver
0
50000
100000
150000
200000
250000
300000
350000
400000
450000
500000
550000
600000
650000
700000
750000
800000
850000
900000
950000
1000000
1050000
1100000
1150000
1200000
1250000
1300000
1350000
1400000
1450000
1500000
1550000
1600000
1650000
1700000
1750000
1800000
1850000
1900000
1950000
2000000
2050000
2100000
2150000
2200000
2250000
2300000
2350000
2400000
2450000
2500000
2550000
2600000
2650000
2700000
2750000
2800000
2850000
2900000
2950000
3000000
3050000
3100000
3150000
3200000
3250000
3300000
3350000
3400000
3450000
3500000
3550000
3600000
3650000
3700000
3750000
3800000
3850000
3900000
3950000
4000000
4050000
4100000
4150000
4200000
4250000
4300000
4350000
4400000
4450000
4500000
4550000
4600000
4650000
4700000
4750000
4800000
4850000
4900000
4950000
5000000
5050000
5100000
5150000
5200000
5250000
5300000
5350000
5400000
5450000
5500000
5550000
5600000
5650000
5700000
5750000
5800000
5850000
5900000
5950000
6000000
6050000
6100000
6150000
6200000
6250000
6300000
6350000
6400000
6450000
6500000
6550000
6600000
6650000
6700000
6750000
6800000
6850000
6900000
6950000
7000000
7050000
7100000
7150000
7200000
7250000
7300000
7350000
7400000
7450000
7500000
7550000
7600000
7650000
7700000
7750000
7800000
7850000
7900000
7950000
8000000
8050000
8100000
8150000
8200000
8250000
8300000
8350000
8400000
8450000
8500000
8550000
8600000
8650000
8700000
8750000
8800000
8850000
8900000
8950000
9000000
9050000
9100000
9150000
9200000
9250000
9300000
9350000
9400000
9450000
9500000
9550000
9600000
9650000
9700000
9750000
9800000
9850000
9900000
9950000
10000000
10050000
10100000
10150000
10200000
10250000
10300000
10350000
10400000
10450000
10500000
10550000
10600000
10650000
10700000
10750000
10800000
10850000
10900000
10950000
11000000
11050000
11100000
11150000
11200000
11250000
11300000
11350000
11400000
11450000
11500000
11550000
11600000
11650000
11700000
11750000
11800000
11850000
11900000
11950000
12000000
12050000
12100000
12150000
12200000
12250000
12300000
12350000
12400000
12450000
12500000
12550000
12600000
12650000
12700000
12750000
12800000
12850000
12900000
12950000
13000000
13050000
13100000
13150000
13200000
13250000
13300000
13350000
13400000
13450000
13500000
13550000
13600000
13650000
13700000
13750000
13800000
13850000
13900000
13950000
14000000
14050000
14100000
14150000
14200000
14250000
14300000
14350000
14400000
14450000
14500000
14550000
14600000
14650000
14700000
14750000
14800000
14850000
14900000
14950000
15000000
15050000
15100000
15150000
15200000
15250000
15300000
15350000
15400000
15450000
15500000
15550000
15600000
15650000
15700000
15750000
15800000
15850000
15900000
15950000

STATUS: PyADEPT Alignments completed
--- Elapsed: 484.0416 seconds ---
          alignment_scores  ...  query_header
0                     1565  ...     RS2_SALPB
1                       40  ...     RS2_SALPB
2                       49  ...     RS2_SALPB
3                       38  ...     RS2_SALPB
4                       45  ...     RS2_SALPB
...                    ...  ...           ...
15999995                38  ...    RL19_YERPY
15999996                35  ...    RL19_YERPY
15999997                38  ...    RL19_YERPY
15999998                33  ...    RL19_YERPY
15999999               733  ...    RL19_YERPY

[16000000 rows x 7 columns]

STATUS: Writing results...
--- Elapsed: 37.8744 seconds ---
 total CPU work (counts) done while GPU was busy: 213130870

INFO: Correctness test skipped...

STATUS: Done
488.02user 153.97system 11:05.91elapsed 96%CPU (0avgtext+0avgdata 19267360maxresident)k
97343inputs+1221124outputs (320major+14855152minor)pagefaults 0swaps
Start parsing of output files
Running blast_parser...
1.62user 0.11system 0:02.80elapsed 62%CPU (0avgtext+0avgdata 34544maxresident)k
141700inputs+4969outputs (29major+11747minor)pagefaults 0swaps
Running mmseqs_parser...
0.16user 0.04system 0:00.80elapsed 26%CPU (0avgtext+0avgdata 18772maxresident)k
11240inputs+1559outputs (29major+5739minor)pagefaults 0swaps
Running cudasw_parser...
96.50user 2.14system 1:40.14elapsed 98%CPU (0avgtext+0avgdata 3366208maxresident)k
762180inputs+688383outputs (29major+1719079minor)pagefaults 0swaps
Running ssw_parser...
121.95user 3.43system 2:07.64elapsed 98%CPU (0avgtext+0avgdata 3365512maxresident)k
4266808inputs+688383outputs (29major+1749042minor)pagefaults 0swaps
Running swipe_parser...
172.21user 6.48system 3:05.93elapsed 96%CPU (0avgtext+0avgdata 3365260maxresident)k
12418416inputs+688383outputs (29major+1701705minor)pagefaults 0swaps
Running adept_parser...
100.05user 2.45system 1:43.75elapsed 98%CPU (0avgtext+0avgdata 3366328maxresident)k
1230745inputs+688383outputs (29major+1753020minor)pagefaults 0swaps
Running adept_as_parser...
99.87user 3.19system 1:44.34elapsed 98%CPU (0avgtext+0avgdata 3365156maxresident)k
1230737inputs+688383outputs (29major+1724140minor)pagefaults 0swaps
Runtimes of programs (in seconds):
blast:    135.030
mmseqs:   16.860
ssw:      1732.393
swipe:    5672.998
cudasw:   1114.104
adept:    459.498
adept_as: 665.323
Plot of runtime comparison saved to /scratch/cube/tuechler/program_out/sp_n4000_10_1000_b/runtimes.png
Finished parsing output.
8817.10user 3096.26system 2:54:54elapsed 113%CPU (0avgtext+0avgdata 41388684maxresident)k
31604162inputs+23486520outputs (2636major+105855618minor)pagefaults 0swaps


Building a new DB, current time: 04/06/2022 04:12:54
New DB name:   /scratch/cube/tuechler/program_out/sp_n4000_501_1000_b/data/sp_n4000_501_1000_b
New DB title:  ../program_out/sp_n4000_501_1000_b/data/sp_n4000_501_1000_b
Sequence type: Protein
Keep MBits: T
Maximum file size: 1000000000B
Adding sequences from FASTA; added 4000 sequences in 0.195121 seconds.


Creating output directory: /scratch/cube/tuechler/protein_alignment/scripts/program_out/sp_n4000_501_1000_b
Running prepare_database.py...
Writing parameters to parameters.txt
Start calling of alignment programs
Running blast...
2823.58user 4.43system 5:37.15elapsed 838%CPU (0avgtext+0avgdata 173216maxresident)k
83549inputs+390955outputs (341major+994589minor)pagefaults 0swaps
Running mmseqs...
createdb ../program_out/sp_n4000_501_1000_b/data/sp_n4000_501_1000_b /tmp/5058282692513457168/query --dbtype 0 --shuffle 1 --createdb-mode 0 --id-offset 0 --compressed 0 -v 3 

Converting sequences
[
Time for merging to query_h: 0h 0m 0s 152ms
Time for merging to query: 0h 0m 0s 7ms
Database type: Aminoacid
Time for merging to query.lookup: 0h 0m 0s 0ms
Time for processing: 0h 0m 0s 228ms
createdb ../program_out/sp_n4000_501_1000_b/data/sp_n4000_501_1000_b /tmp/5058282692513457168/target --dbtype 0 --shuffle 1 --createdb-mode 0 --id-offset 0 --compressed 0 -v 3 

Converting sequences
[
Time for merging to target_h: 0h 0m 0s 23ms
Time for merging to target: 0h 0m 0s 6ms
Database type: Aminoacid
Time for merging to target.lookup: 0h 0m 0s 0ms
Time for processing: 0h 0m 0s 91ms
Tmp /tmp/5058282692513457168/search_tmp folder does not exist or is not a directory.
prefilter /tmp/5058282692513457168/query /tmp/5058282692513457168/target /tmp/5058282692513457168/search_tmp/17819679604164777959/pref_0 --sub-mat /apps/mmseqs2/11-e1a1c/matrices/blosum50.out --seed-sub-mat nucl:nucleotide.out,aa:VTML80.out -k 0 --k-score 2147483647 --alph-size 21 --max-seq-len 65535 --max-seqs 300 --split 0 --split-mode 2 --split-memory-limit 0 -c 0 --cov-mode 0 --comp-bias-corr 1 --diag-score 1 --exact-kmer-matching 0 --mask 1 --mask-lower-case 0 --min-ungapped-score 15 --add-self-matches 0 --spaced-kmer-mode 1 --db-load-mode 0 --pca 1 --pcb 1.5 --threads 12 --compressed 0 -v 3 -s 7.5 

Query database size: 4000 type: Aminoacid
Estimated memory consumption: 997M
Target database size: 4000 type: Aminoacid
Index table k-mer threshold: 96 at k-mer size 6 
Index table: counting k-mers
[=================================================================] 4.00K 0s 130ms
Index table: Masked residues: 49923
Index table: fill
[=================================================================] 4.00K 0s 118ms
Index statistics
Entries:          2538962
DB size:          502 MB
Avg k-mer size:   0.039671
Top 10 k-mers
    PGVFEV	62
    IDPHFT	48
    ERALGV	48
    AVAGDR	44
    NETAAY	44
    VKTGGR	42
    APGPEV	42
    AGGTTV	42
    TLPGVV	39
    QFRYPY	39
Time for index table init: 0h 0m 0s 877ms
Process prefiltering step 1 of 1

k-mer similarity threshold: 96
Starting prefiltering scores calculation (step 1 of 1)
Query db start 1 to 4000
Target db start 1 to 4000
[=================================================================] 4.00K 20s 532ms

1582.472738 k-mers per position
44411 DB matches per sequence
0 overflows
0 queries produce too much hits (truncated result)
295 sequences passed prefiltering per query sequence
300 median result list length
0 sequences with 0 size result lists
Time for merging to pref_0: 0h 0m 0s 1ms
Time for processing: 0h 0m 22s 271ms
align /tmp/5058282692513457168/query /tmp/5058282692513457168/target /tmp/5058282692513457168/search_tmp/17819679604164777959/pref_0 /tmp/5058282692513457168/result --sub-mat /apps/mmseqs2/11-e1a1c/matrices/blosum50.out -a 0 --alignment-mode 3 --wrapped-scoring 0 -e 20 --min-seq-id 0 --min-aln-len 0 --seq-id-mode 0 --alt-ali 0 -c 0 --cov-mode 0 --max-seq-len 65535 --comp-bias-corr 1 --realign 0 --max-rejected 2147483647 --max-accept 2147483647 --add-self-matches 0 --db-load-mode 0 --pca 1 --pcb 1.5 --score-bias 0 --gap-open 15 --gap-extend 2 --zdrop 40 --threads 12 --compressed 0 -v 3 

Compute score, coverage and sequence identity
Query database size: 4000 type: Aminoacid
Target database size: 4000 type: Aminoacid
Calculation of alignments
[=================================================================] 4.00K 7s 742ms
Time for merging to result: 0h 0m 0s 1ms

1180276 alignments calculated.
106019 sequence pairs passed the thresholds (0.089826 of overall calculated).
26.504749 hits per query sequence.
Time for processing: 0h 0m 8s 3ms
Remove temporary files
rmdb /tmp/5058282692513457168/search_tmp/17819679604164777959/pref_0 -v 3 

Time for processing: 0h 0m 0s 5ms
rmdb /tmp/5058282692513457168/search_tmp/17819679604164777959/aln_0 -v 3 

Time for processing: 0h 0m 0s 1ms
rmdb /tmp/5058282692513457168/search_tmp/17819679604164777959/input_0 -v 3 

Time for processing: 0h 0m 0s 2ms
rmdb /tmp/5058282692513457168/search_tmp/17819679604164777959/aln_merge -v 3 

Time for processing: 0h 0m 0s 1ms
convertalis /tmp/5058282692513457168/query /tmp/5058282692513457168/target /tmp/5058282692513457168/result ../program_out/sp_n4000_501_1000_b/mmseqs/sp_n4000_501_1000_b.mmseqs --sub-mat /apps/mmseqs2/11-e1a1c/matrices/blosum50.out --format-mode 0 --format-output query,target,raw --translation-table 1 --gap-open 15 --gap-extend 2 --db-output 0 --db-load-mode 0 --search-type 0 --threads 12 --compressed 0 -v 3 

[=================================================================] 4.00K 0s 33ms
Time for merging to sp_n4000_501_1000_b.mmseqs: 0h 0m 0s 77ms
Time for processing: 0h 0m 0s 444ms
Removing temporary files
rmdb /tmp/5058282692513457168/result 

Time for processing: 0h 0m 0s 3ms
rmdb /tmp/5058282692513457168/target 

Time for processing: 0h 0m 0s 2ms
rmdb /tmp/5058282692513457168/target_h 

Time for processing: 0h 0m 0s 1ms
rmdb /tmp/5058282692513457168/query 

Time for processing: 0h 0m 0s 2ms
rmdb /tmp/5058282692513457168/query_h 

Time for processing: 0h 0m 0s 1ms
353.35user 0.83system 0:33.73elapsed 1049%CPU (0avgtext+0avgdata 1207744maxresident)k
155957inputs+73651outputs (646major+62679minor)pagefaults 0swaps
Running cudasw...
1684.79user 1059.67system 42:58.84elapsed 106%CPU (0avgtext+0avgdata 260796maxresident)k
28569inputs+754712outputs (50major+2093194minor)pagefaults 0swaps
Running ssw...
CPU time: 3297.17542315 seconds
3131.46user 13.85system 54:58.53elapsed 95%CPU (0avgtext+0avgdata 8944maxresident)k
21171886inputs+4490450outputs (32major+73037minor)pagefaults 0swaps
Running swipe...
10838.62user 2635.60system 2:00:42elapsed 186%CPU (0avgtext+0avgdata 8964maxresident)k
18669inputs+14969055outputs (44major+56305191minor)pagefaults 0swaps
Running adept...

---------------------------------
     PYTHON MULTIGPU PROTEIN     
---------------------------------

STATUS: Reading ref and query files
STATUS: Launching driver

STATUS: PyADEPT Alignments completed
--- Elapsed: 583.0014 seconds ---
          alignment_scores  ...  query_header
0                     3522  ...    CAIC_ECOSE
1                       46  ...    CAIC_ECOSE
2                       40  ...    CAIC_ECOSE
3                       53  ...    CAIC_ECOSE
4                       47  ...    CAIC_ECOSE
...                    ...  ...           ...
15999995                55  ...    MUTL_SALHS
15999996                45  ...    MUTL_SALHS
15999997                46  ...    MUTL_SALHS
15999998                50  ...    MUTL_SALHS
15999999              4081  ...    MUTL_SALHS

[16000000 rows x 7 columns]

STATUS: Writing results...
--- Elapsed: 40.8465 seconds ---

INFO: Correctness test skipped...

STATUS: Done
594.10user 381.46system 13:14.61elapsed 122%CPU (0avgtext+0avgdata 72818548maxresident)k
102666inputs+1266523outputs (320major+47530578minor)pagefaults 0swaps
Running adept_as...

------------------------------
     PYTHON ASYNC PROTEIN     
------------------------------

STATUS: Reading ref and query files
STATUS: Launching driver
0
50000
100000
150000
200000
250000
300000
350000
400000
450000
500000
550000
600000
650000
700000
750000
800000
850000
900000
950000
1000000
1050000
1100000
1150000
1200000
1250000
1300000
1350000
1400000
1450000
1500000
1550000
1600000
1650000
1700000
1750000
1800000
1850000
1900000
1950000
2000000
2050000
2100000
2150000
2200000
2250000
2300000
2350000
2400000
2450000
2500000
2550000
2600000
2650000
2700000
2750000
2800000
2850000
2900000
2950000
3000000
3050000
3100000
3150000
3200000
3250000
3300000
3350000
3400000
3450000
3500000
3550000
3600000
3650000
3700000
3750000
3800000
3850000
3900000
3950000
4000000
4050000
4100000
4150000
4200000
4250000
4300000
4350000
4400000
4450000
4500000
4550000
4600000
4650000
4700000
4750000
4800000
4850000
4900000
4950000
5000000
5050000
5100000
5150000
5200000
5250000
5300000
5350000
5400000
5450000
5500000
5550000
5600000
5650000
5700000
5750000
5800000
5850000
5900000
5950000
6000000
6050000
6100000
6150000
6200000
6250000
6300000
6350000
6400000
6450000
6500000
6550000
6600000
6650000
6700000
6750000
6800000
6850000
6900000
6950000
7000000
7050000
7100000
7150000
7200000
7250000
7300000
7350000
7400000
7450000
7500000
7550000
7600000
7650000
7700000
7750000
7800000
7850000
7900000
7950000
8000000
8050000
8100000
8150000
8200000
8250000
8300000
8350000
8400000
8450000
8500000
8550000
8600000
8650000
8700000
8750000
8800000
8850000
8900000
8950000
9000000
9050000
9100000
9150000
9200000
9250000
9300000
9350000
9400000
9450000
9500000
9550000
9600000
9650000
9700000
9750000
9800000
9850000
9900000
9950000
10000000
10050000
10100000
10150000
10200000
10250000
10300000
10350000
10400000
10450000
10500000
10550000
10600000
10650000
10700000
10750000
10800000
10850000
10900000
10950000
11000000
11050000
11100000
11150000
11200000
11250000
11300000
11350000
11400000
11450000
11500000
11550000
11600000
11650000
11700000
11750000
11800000
11850000
11900000
11950000
12000000
12050000
12100000
12150000
12200000
12250000
12300000
12350000
12400000
12450000
12500000
12550000
12600000
12650000
12700000
12750000
12800000
12850000
12900000
12950000
13000000
13050000
13100000
13150000
13200000
13250000
13300000
13350000
13400000
13450000
13500000
13550000
13600000
13650000
13700000
13750000
13800000
13850000
13900000
13950000
14000000
14050000
14100000
14150000
14200000
14250000
14300000
14350000
14400000
14450000
14500000
14550000
14600000
14650000
14700000
14750000
14800000
14850000
14900000
14950000
15000000
15050000
15100000
15150000
15200000
15250000
15300000
15350000
15400000
15450000
15500000
15550000
15600000
15650000
15700000
15750000
15800000
15850000
15900000
15950000

STATUS: PyADEPT Alignments completed
--- Elapsed: 1065.3661 seconds ---
          alignment_scores  ...  query_header
0                     3522  ...    CAIC_ECOSE
1                       46  ...    CAIC_ECOSE
2                       40  ...    CAIC_ECOSE
3                       53  ...    CAIC_ECOSE
4                       47  ...    CAIC_ECOSE
...                    ...  ...           ...
15999995                55  ...    MUTL_SALHS
15999996                45  ...    MUTL_SALHS
15999997                46  ...    MUTL_SALHS
15999998                50  ...    MUTL_SALHS
15999999              4081  ...    MUTL_SALHS

[16000000 rows x 7 columns]

STATUS: Writing results...
--- Elapsed: 40.0149 seconds ---
 total CPU work (counts) done while GPU was busy: 493769219

INFO: Correctness test skipped...

STATUS: Done
913.00user 335.46system 21:05.59elapsed 98%CPU (0avgtext+0avgdata 31272068maxresident)k
102671inputs+1266527outputs (320major+26707570minor)pagefaults 0swaps
Start parsing of output files
Running blast_parser...
3.50user 0.19system 0:04.53elapsed 81%CPU (0avgtext+0avgdata 49308maxresident)k
400575inputs+8158outputs (29major+22662minor)pagefaults 0swaps
Running mmseqs_parser...
0.35user 0.05system 0:01.05elapsed 39%CPU (0avgtext+0avgdata 33288maxresident)k
14935inputs+4845outputs (29major+11915minor)pagefaults 0swaps
Running cudasw_parser...
98.34user 2.15system 1:41.50elapsed 99%CPU (0avgtext+0avgdata 3367196maxresident)k
764335inputs+690535outputs (29major+1725074minor)pagefaults 0swaps
Running ssw_parser...
124.80user 3.51system 2:10.26elapsed 98%CPU (0avgtext+0avgdata 3367396maxresident)k
4500070inputs+690535outputs (29major+1801598minor)pagefaults 0swaps
Running swipe_parser...
179.10user 7.68system 3:12.22elapsed 97%CPU (0avgtext+0avgdata 3368264maxresident)k
14978677inputs+690535outputs (29major+1785862minor)pagefaults 0swaps
Running adept_parser...
100.40user 2.69system 1:43.97elapsed 99%CPU (0avgtext+0avgdata 3367380maxresident)k
1276141inputs+690535outputs (29major+1727552minor)pagefaults 0swaps
Running adept_as_parser...
97.79user 2.81system 1:41.51elapsed 99%CPU (0avgtext+0avgdata 3367516maxresident)k
1276140inputs+690535outputs (29major+1730899minor)pagefaults 0swaps
Runtimes of programs (in seconds):
blast:    336.739
mmseqs:   33.060
ssw:      3297.864
swipe:    7241.846
cudasw:   2578.379
adept:    793.915
adept_as: 1265.039
Plot of runtime comparison saved to /scratch/cube/tuechler/program_out/sp_n4000_501_1000_b/runtimes.png
Finished parsing output.
20948.42user 4458.97system 4:30:24elapsed 156%CPU (0avgtext+0avgdata 72818548maxresident)k
45465263inputs+26699379outputs (2677major+142644427minor)pagefaults 0swaps
