

Building a new DB, current time: 05/13/2022 15:17:33
New DB name:   /scratch/cube/tuechler/program_out/sp_n2000_0_600.sp_n2000_0_600/data/db.fasta
New DB title:  ../program_out/sp_n2000_0_600.sp_n2000_0_600/data/db.fasta
Sequence type: Protein
Keep MBits: T
Maximum file size: 1000000000B
Adding sequences from FASTA; added 2000 sequences in 1.38433 seconds.


Creating output directory: /scratch/cube/tuechler/protein_alignment/scripts/program_out/sp_n2000_0_600.sp_n2000_0_600
Writing parameters to parameters.txt
Running prepare_database.py...
Start calling of alignment programs
Running ssw_xargs...
start 1
start 3
start 4
start 2
Fri May 13 15:17:39 CEST 2022
Fri May 13 15:17:39 CEST 2022
start 7
start 5
Fri May 13 15:17:39 CEST 2022
Fri May 13 15:17:39 CEST 2022
start 9
start 6
start 8
start 10
start 11
start 12
Fri May 13 15:17:39 CEST 2022
Fri May 13 15:17:39 CEST 2022
Fri May 13 15:17:39 CEST 2022
Fri May 13 15:17:39 CEST 2022
Fri May 13 15:17:39 CEST 2022
Fri May 13 15:17:39 CEST 2022
 15:17:39 up 8 days,  6:34,  0 users,  load average: 0.74, 0.38, 0.21
Fri May 13 15:17:39 CEST 2022
Fri May 13 15:17:39 CEST 2022
 15:17:39 up 8 days,  6:34,  0 users,  load average: 0.74, 0.38, 0.21
 15:17:39 up 8 days,  6:34,  0 users,  load average: 0.74, 0.38, 0.21
 15:17:39 up 8 days,  6:34,  0 users,  load average: 0.74, 0.38, 0.21
 15:17:39 up 8 days,  6:34,  0 users,  load average: 0.74, 0.38, 0.21
 15:17:39 up 8 days,  6:34,  0 users,  load average: 0.74, 0.38, 0.21
 15:17:39 up 8 days,  6:34,  0 users,  load average: 0.74, 0.38, 0.21
 15:17:39 up 8 days,  6:34,  0 users,  load average: 0.74, 0.38, 0.21
 15:17:39 up 8 days,  6:34,  0 users,  load average: 0.74, 0.38, 0.21
 15:17:39 up 8 days,  6:34,  0 users,  load average: 0.74, 0.38, 0.21
 15:17:39 up 8 days,  6:34,  0 users,  load average: 0.74, 0.38, 0.21
 15:17:39 up 8 days,  6:34,  0 users,  load average: 0.74, 0.38, 0.21
CPU time: 507.08378911 seconds
CPU time: 508.218795061 seconds
CPU time: 507.084378958 seconds
end 10
end 4
end 9
Fri May 13 15:26:09 CEST 2022
Fri May 13 15:26:09 CEST 2022
Fri May 13 15:26:09 CEST 2022
 15:26:09 up 8 days,  6:42,  0 users,  load average: 2.19, 2.38, 1.41
 15:26:09 up 8 days,  6:42,  0 users,  load average: 2.19, 2.38, 1.41
 15:26:09 up 8 days,  6:42,  0 users,  load average: 2.19, 2.38, 1.41
CPU time: 507.467321873 seconds
CPU time: 507.468439102 seconds
end 11
end 12
Fri May 13 15:26:09 CEST 2022
Fri May 13 15:26:09 CEST 2022
 15:26:09 up 8 days,  6:42,  0 users,  load average: 2.19, 2.38, 1.41
 15:26:09 up 8 days,  6:42,  0 users,  load average: 2.19, 2.38, 1.41
CPU time: 509.555685997 seconds
CPU time: 510.444371939 seconds
CPU time: 510.195501804 secondsCPU time: 510.195503235 seconds
CPU time: 510.444529772 seconds

CPU time: 510.455841064 seconds
end 3
end 5
end 6
Fri May 13 15:26:12 CEST 2022
Fri May 13 15:26:12 CEST 2022
Fri May 13 15:26:12 CEST 2022
 15:26:12 up 8 days,  6:42,  0 users,  load average: 2.02, 2.34, 1.40
 15:26:12 up 8 days,  6:42,  0 users,  load average: 2.02, 2.34, 1.40
 15:26:12 up 8 days,  6:42,  0 users,  load average: 2.02, 2.34, 1.40
CPU time: 509.700995922 seconds
end 7
end 1
Fri May 13 15:26:13 CEST 2022
Fri May 13 15:26:13 CEST 2022
 15:26:13 up 8 days,  6:42,  0 users,  load average: 2.02, 2.34, 1.40
 15:26:13 up 8 days,  6:42,  0 users,  load average: 2.02, 2.34, 1.40
end 8
Fri May 13 15:26:13 CEST 2022
 15:26:13 up 8 days,  6:42,  0 users,  load average: 2.02, 2.34, 1.40
end 2
Fri May 13 15:26:13 CEST 2022
 15:26:13 up 8 days,  6:42,  0 users,  load average: 2.02, 2.34, 1.40
chunk_n=12
647.96user 6.38system 8:35.58elapsed 126%CPU (0avgtext+0avgdata 9020maxresident)k
2258557inputs+135997outputs (81major+149084minor)pagefaults 0swaps
Running swipe_xargs...
db.fasta
db.fasta.phr
db.fasta.pin
db.fasta.psq
qchunks_cpu
qchunks_gpu
query.fasta
start 1
start 2
start 3
start 4
start 5
Fri May 13 15:26:18 CEST 2022
start 6
Fri May 13 15:26:18 CEST 2022
start 7
Fri May 13 15:26:18 CEST 2022
Fri May 13 15:26:18 CEST 2022
start 8
start 9
Fri May 13 15:26:18 CEST 2022
start 10
Fri May 13 15:26:18 CEST 2022
Fri May 13 15:26:18 CEST 2022
start 11
start 12
Fri May 13 15:26:18 CEST 2022
Fri May 13 15:26:18 CEST 2022
Fri May 13 15:26:18 CEST 2022
Fri May 13 15:26:18 CEST 2022
Fri May 13 15:26:18 CEST 2022
 15:26:18 up 8 days,  6:42,  0 users,  load average: 1.85, 2.30, 1.39
 15:26:18 up 8 days,  6:42,  0 users,  load average: 1.85, 2.30, 1.39
 15:26:18 up 8 days,  6:42,  0 users,  load average: 1.85, 2.30, 1.39
 15:26:18 up 8 days,  6:42,  0 users,  load average: 1.85, 2.30, 1.39
 15:26:18 up 8 days,  6:42,  0 users,  load average: 1.85, 2.30, 1.39
 15:26:18 up 8 days,  6:42,  0 users,  load average: 1.85, 2.30, 1.39
 15:26:18 up 8 days,  6:42,  0 users,  load average: 1.85, 2.30, 1.39
 15:26:18 up 8 days,  6:42,  0 users,  load average: 1.85, 2.30, 1.39
 15:26:18 up 8 days,  6:42,  0 users,  load average: 1.85, 2.30, 1.39
 15:26:18 up 8 days,  6:42,  0 users,  load average: 1.85, 2.30, 1.39
 15:26:18 up 8 days,  6:42,  0 users,  load average: 1.85, 2.30, 1.39
 15:26:18 up 8 days,  6:42,  0 users,  load average: 1.85, 2.30, 1.39
end 8
Fri May 13 15:26:29 CEST 2022
 15:26:29 up 8 days,  6:43,  0 users,  load average: 2.58, 2.44, 1.45
end 4
Fri May 13 15:26:29 CEST 2022
 15:26:29 up 8 days,  6:43,  0 users,  load average: 2.58, 2.44, 1.45
end 9
Fri May 13 15:26:29 CEST 2022
 15:26:30 up 8 days,  6:43,  0 users,  load average: 2.58, 2.44, 1.45
end 10
Fri May 13 15:26:30 CEST 2022
 15:26:30 up 8 days,  6:43,  0 users,  load average: 2.58, 2.44, 1.45
end 5
Fri May 13 15:26:30 CEST 2022
 15:26:30 up 8 days,  6:43,  0 users,  load average: 2.58, 2.44, 1.45
end 7
Fri May 13 15:26:30 CEST 2022
 15:26:30 up 8 days,  6:43,  0 users,  load average: 2.58, 2.44, 1.45
end 3
Fri May 13 15:26:30 CEST 2022
 15:26:30 up 8 days,  6:43,  0 users,  load average: 2.58, 2.44, 1.45
end 12
Fri May 13 15:26:31 CEST 2022
 15:26:31 up 8 days,  6:43,  0 users,  load average: 2.58, 2.44, 1.45
end 11
Fri May 13 15:26:31 CEST 2022
 15:26:31 up 8 days,  6:43,  0 users,  load average: 2.58, 2.44, 1.45
end 2
Fri May 13 15:26:31 CEST 2022
 15:26:31 up 8 days,  6:43,  0 users,  load average: 2.58, 2.44, 1.45
end 1
Fri May 13 15:26:41 CEST 2022
 15:26:41 up 8 days,  6:43,  0 users,  load average: 2.34, 2.39, 1.44
end 6
Fri May 13 15:26:42 CEST 2022
 15:26:42 up 8 days,  6:43,  0 users,  load average: 2.15, 2.35, 1.43
chunk_n=12
136.15user 7.74system 0:28.50elapsed 504%CPU (0avgtext+0avgdata 9032maxresident)k
47490inputs+480350outputs (255major+1974901minor)pagefaults 0swaps
Start parsing of output files
Running ssw_xargs_parser...
4.04user 0.27system 0:19.95elapsed 21%CPU (0avgtext+0avgdata 115248maxresident)k
145622inputs+21636outputs (29major+73707minor)pagefaults 0swaps
Running swipe_xargs_parser...
5.41user 0.34system 0:16.14elapsed 35%CPU (0avgtext+0avgdata 115444maxresident)k
484124inputs+21638outputs (29major+60001minor)pagefaults 0swaps
Matplotlib created a temporary config/cache directory at /tmp/slurm-2904489/matplotlib-zt74syul because the default path (/home/user/tuechler/.config/matplotlib) is not a writable directory; it is highly recommended to set the MPLCONFIGDIR environment variable to a writable directory, in particular to speed up the import of Matplotlib and to better support multiprocessing.
Comparing results:
Checking equivalence of results:
exact_programs=['swipe_xargs', 'ssw_xargs']
swipe_xargs  Y14E_BPLZ4    62.0
ssw_xargs    Y14E_BPLZ4    63.0
Name: PUR1_STAAM, dtype: float64
swipe_xargs  Y14E_BPLZ4    56.0
ssw_xargs    Y14E_BPLZ4    57.0
Name: RECX_FINM2, dtype: float64
swipe_xargs  Y14E_BPLZ4    54.0
ssw_xargs    Y14E_BPLZ4    55.0
Name: PAX_I80A4, dtype: float64
swipe_xargs  Y14E_BPLZ4    51.0
ssw_xargs    Y14E_BPLZ4    52.0
Name: TIG_YERE8, dtype: float64
swipe_xargs  Y14E_BPLZ4    51.0
ssw_xargs    Y14E_BPLZ4    50.0
Name: AT17_ACTDE, dtype: float64
swipe_xargs  Y14E_BPLZ4    66.0
ssw_xargs    Y14E_BPLZ4    67.0
Name: WNT3_EVATR, dtype: float64
swipe_xargs  CCNL2_XENTR    54.0
ssw_xargs    CCNL2_XENTR    51.0
Name: SELK_DICDI, dtype: float64
swipe_xargs  PGK_LACP3    51.0
ssw_xargs    PGK_LACP3     NaN
Name: GPX_MCV1, dtype: float64
swipe_xargs  RECA_MYCFV    52.0
ssw_xargs    RECA_MYCFV    53.0
Name: SYS_CLOPE, dtype: float64
swipe_xargs  RECA_MYCFV    56.0
ssw_xargs    RECA_MYCFV    57.0
Name: SOX9_MOUSE, dtype: float64
swipe_xargs  FDL25_ARATH    54.0
ssw_xargs    FDL25_ARATH    50.0
Name: GPX_MCV1, dtype: float64
swipe_xargs  TRPF_BACAC    58.0
ssw_xargs    TRPF_BACAC    56.0
Name: GPX_MCV1, dtype: float64
swipe_xargs  TBA2_ANEPH    51.0
ssw_xargs    TBA2_ANEPH     NaN
Name: GPX_MCV1, dtype: float64
swipe_xargs  TIG_ALISL    62.0
ssw_xargs    TIG_ALISL    58.0
Name: GPX_MCV1, dtype: float64
swipe_xargs  SYS_CLOPE    52.0
ssw_xargs    SYS_CLOPE    53.0
Name: RECA_MYCFV, dtype: float64
swipe_xargs  PNCB_DANRE    60.0
ssw_xargs    PNCB_DANRE    56.0
Name: GPX_MCV1, dtype: float64
swipe_xargs  SOX9_MOUSE    56.0
ssw_xargs    SOX9_MOUSE    57.0
Name: RECA_MYCFV, dtype: float64
swipe_xargs  LPOA_HAEIN    58.0
ssw_xargs    LPOA_HAEIN    54.0
Name: GPX_MCV1, dtype: float64
swipe_xargs  ASSY_RENSM    60.0
ssw_xargs    ASSY_RENSM    57.0
Name: GPX_MCV1, dtype: float64
swipe_xargs  RS13_MICLC    57.0
ssw_xargs    RS13_MICLC    58.0
Name: RECA_TREPS, dtype: float64
swipe_xargs  GATA_MYCPA    62.0
ssw_xargs    GATA_MYCPA    58.0
Name: SELK_DICDI, dtype: float64
swipe_xargs  FLA1_SPIAU    167.0
ssw_xargs    FLA1_SPIAU    168.0
Name: FLA1_SPIAU, dtype: float64
swipe_xargs  RECA_BORHE    51.0
ssw_xargs    RECA_BORHE     NaN
Name: GPX_MCV1, dtype: float64
swipe_xargs  SLAP_LACAC    51.0
ssw_xargs    SLAP_LACAC    52.0
Name: CITE2_SAGLB, dtype: float64
swipe_xargs  ACCD_NANDO    51.0
ssw_xargs    ACCD_NANDO     NaN
Name: GPX_MCV1, dtype: float64
swipe_xargs  PSBA_PHATC    53.0
ssw_xargs    PSBA_PHATC     NaN
Name: GPX_MCV1, dtype: float64
swipe_xargs  PUR1_STAAM    62.0
ssw_xargs    PUR1_STAAM    63.0
Name: Y14E_BPLZ4, dtype: float64
swipe_xargs  RECA_TREPS    57.0
ssw_xargs    RECA_TREPS    58.0
Name: RS13_MICLC, dtype: float64
swipe_xargs  RECA_TREPS    51.0
ssw_xargs    RECA_TREPS    50.0
Name: ASTE_ACIAD, dtype: float64
swipe_xargs  RECA_TREPS    56.0
ssw_xargs    RECA_TREPS    57.0
Name: RL22_DEIRA, dtype: float64
swipe_xargs  RECA_TREPS    58.0
ssw_xargs    RECA_TREPS    60.0
Name: SOC1_ARATH, dtype: float64
swipe_xargs  RECA_TREPS    63.0
ssw_xargs    RECA_TREPS    64.0
Name: REX_KOSOT, dtype: float64
swipe_xargs  RECA_TREPS    54.0
ssw_xargs    RECA_TREPS    55.0
Name: RS13_MYCPA, dtype: float64
swipe_xargs  FTSW_THISK    64.0
ssw_xargs    FTSW_THISK    60.0
Name: GPX_MCV1, dtype: float64
swipe_xargs  GPX_MCV1    51.0
ssw_xargs    GPX_MCV1     NaN
Name: PGK_LACP3, dtype: float64
swipe_xargs  GPX_MCV1    54.0
ssw_xargs    GPX_MCV1    50.0
Name: FDL25_ARATH, dtype: float64
swipe_xargs  GPX_MCV1    58.0
ssw_xargs    GPX_MCV1    56.0
Name: TRPF_BACAC, dtype: float64
swipe_xargs  GPX_MCV1    51.0
ssw_xargs    GPX_MCV1     NaN
Name: TBA2_ANEPH, dtype: float64
swipe_xargs  GPX_MCV1    62.0
ssw_xargs    GPX_MCV1    58.0
Name: TIG_ALISL, dtype: float64
swipe_xargs  GPX_MCV1    60.0
ssw_xargs    GPX_MCV1    56.0
Name: PNCB_DANRE, dtype: float64
swipe_xargs  GPX_MCV1    58.0
ssw_xargs    GPX_MCV1    54.0
Name: LPOA_HAEIN, dtype: float64
swipe_xargs  GPX_MCV1    60.0
ssw_xargs    GPX_MCV1    57.0
Name: ASSY_RENSM, dtype: float64
swipe_xargs  GPX_MCV1    51.0
ssw_xargs    GPX_MCV1     NaN
Name: RECA_BORHE, dtype: float64
swipe_xargs  GPX_MCV1    51.0
ssw_xargs    GPX_MCV1     NaN
Name: ACCD_NANDO, dtype: float64
swipe_xargs  GPX_MCV1    53.0
ssw_xargs    GPX_MCV1     NaN
Name: PSBA_PHATC, dtype: float64
swipe_xargs  GPX_MCV1    64.0
ssw_xargs    GPX_MCV1    60.0
Name: FTSW_THISK, dtype: float64
swipe_xargs  GPX_MCV1    1487.0
ssw_xargs    GPX_MCV1    1489.0
Name: GPX_MCV1, dtype: float64
swipe_xargs  GPX_MCV1    53.0
ssw_xargs    GPX_MCV1     NaN
Name: FBID_MYCTK, dtype: float64
swipe_xargs  GPX_MCV1    52.0
ssw_xargs    GPX_MCV1     NaN
Name: ASSY_RIPO1, dtype: float64
swipe_xargs  GPX_MCV1    65.0
ssw_xargs    GPX_MCV1    64.0
Name: PYRE_YERPG, dtype: float64
swipe_xargs  GPX_MCV1    54.0
ssw_xargs    GPX_MCV1    50.0
Name: Y2226_MYCBO, dtype: float64
swipe_xargs  GPX_MCV1    56.0
ssw_xargs    GPX_MCV1    55.0
Name: DAPE_CAUVC, dtype: float64
swipe_xargs  GPX_MCV1    58.0
ssw_xargs    GPX_MCV1    54.0
Name: RL29_MYCGA, dtype: float64
swipe_xargs  GPX_MCV1    52.0
ssw_xargs    GPX_MCV1    50.0
Name: BUK_DESAG, dtype: float64
swipe_xargs  GPX_MCV1    55.0
ssw_xargs    GPX_MCV1    51.0
Name: DEOB_EXIS2, dtype: float64
swipe_xargs  GPX_MCV1    55.0
ssw_xargs    GPX_MCV1    51.0
Name: KDPA_METC4, dtype: float64
swipe_xargs  GPX_MCV1    53.0
ssw_xargs    GPX_MCV1     NaN
Name: FPG_LACLC, dtype: float64
swipe_xargs  GPX_MCV1    62.0
ssw_xargs    GPX_MCV1    58.0
Name: HEM2_MACFA, dtype: float64
swipe_xargs  GPX_MCV1    62.0
ssw_xargs    GPX_MCV1    58.0
Name: ABAH4_ARATH, dtype: float64
swipe_xargs  GPX_MCV1    55.0
ssw_xargs    GPX_MCV1    51.0
Name: ODBB_BOVIN, dtype: float64
swipe_xargs  GPX_MCV1    52.0
ssw_xargs    GPX_MCV1    50.0
Name: ACCD_PHYPA, dtype: float64
swipe_xargs  GPX_MCV1    58.0
ssw_xargs    GPX_MCV1    54.0
Name: PURA_SORC5, dtype: float64
swipe_xargs  GPX_MCV1    55.0
ssw_xargs    GPX_MCV1    51.0
Name: ACCD_CICAR, dtype: float64
swipe_xargs  GPX_MCV1    51.0
ssw_xargs    GPX_MCV1     NaN
Name: MPK17_ARATH, dtype: float64
swipe_xargs  GPX_MCV1    54.0
ssw_xargs    GPX_MCV1    50.0
Name: PGK_WOLWR, dtype: float64
swipe_xargs  GPX_MCV1    52.0
ssw_xargs    GPX_MCV1    51.0
Name: CYSG_ECOSM, dtype: float64
swipe_xargs  GPX_MCV1    53.0
ssw_xargs    GPX_MCV1     NaN
Name: TESP1_HUMAN, dtype: float64
swipe_xargs  GPX_MCV1    52.0
ssw_xargs    GPX_MCV1     NaN
Name: SYR_NITEU, dtype: float64
swipe_xargs  GPX_MCV1    52.0
ssw_xargs    GPX_MCV1     NaN
Name: RRAA_ECO81, dtype: float64
swipe_xargs  GPX_MCV1    53.0
ssw_xargs    GPX_MCV1     NaN
Name: VATB_CHLTB, dtype: float64
swipe_xargs  GPX_MCV1    61.0
ssw_xargs    GPX_MCV1    57.0
Name: EX7L_HELPY, dtype: float64
swipe_xargs  GPX_MCV1    56.0
ssw_xargs    GPX_MCV1    52.0
Name: PIFC_ECOLI, dtype: float64
swipe_xargs  GPX_MCV1    51.0
ssw_xargs    GPX_MCV1     NaN
Name: AROA_CAMJD, dtype: float64
swipe_xargs  GPX_MCV1    51.0
ssw_xargs    GPX_MCV1     NaN
Name: FRDC_VIBVY, dtype: float64
swipe_xargs  GPX_MCV1    51.0
ssw_xargs    GPX_MCV1     NaN
Name: PURA_STRPF, dtype: float64
swipe_xargs  GPX_MCV1    61.0
ssw_xargs    GPX_MCV1    57.0
Name: MURA_VIBA3, dtype: float64
swipe_xargs  GPX_MCV1    52.0
ssw_xargs    GPX_MCV1     NaN
Name: NU4C1_SYNP2, dtype: float64
swipe_xargs  GPX_MCV1    70.0
ssw_xargs    GPX_MCV1    66.0
Name: ZIPA_ECOLI, dtype: float64
swipe_xargs  SIGD_ARATH    51.0
ssw_xargs    SIGD_ARATH    50.0
Name: RSMH_AYWBP, dtype: float64
swipe_xargs  CP26B_XENTR    58.0
ssw_xargs    CP26B_XENTR    59.0
Name: RSMH_AYWBP, dtype: float64
swipe_xargs  FBID_MYCTK    53.0
ssw_xargs    FBID_MYCTK     NaN
Name: GPX_MCV1, dtype: float64
swipe_xargs  ASSY_RIPO1    52.0
ssw_xargs    ASSY_RIPO1     NaN
Name: GPX_MCV1, dtype: float64
swipe_xargs  PYRE_YERPG    65.0
ssw_xargs    PYRE_YERPG    64.0
Name: GPX_MCV1, dtype: float64
swipe_xargs  ASTE_ACIAD    51.0
ssw_xargs    ASTE_ACIAD    50.0
Name: RECA_TREPS, dtype: float64
swipe_xargs  Y2226_MYCBO    54.0
ssw_xargs    Y2226_MYCBO    50.0
Name: GPX_MCV1, dtype: float64
swipe_xargs  Y2226_MYCBO    55.0
ssw_xargs    Y2226_MYCBO    52.0
Name: SELK_DICDI, dtype: float64
swipe_xargs  DAPE_CAUVC    56.0
ssw_xargs    DAPE_CAUVC    55.0
Name: GPX_MCV1, dtype: float64
swipe_xargs  RL29_MYCGA    58.0
ssw_xargs    RL29_MYCGA    54.0
Name: GPX_MCV1, dtype: float64
swipe_xargs  RECX_FINM2    56.0
ssw_xargs    RECX_FINM2    57.0
Name: Y14E_BPLZ4, dtype: float64
swipe_xargs  BUK_DESAG    52.0
ssw_xargs    BUK_DESAG    50.0
Name: GPX_MCV1, dtype: float64
swipe_xargs  DEOB_EXIS2    55.0
ssw_xargs    DEOB_EXIS2    51.0
Name: GPX_MCV1, dtype: float64
swipe_xargs  SAT_CHLCH    52.0
ssw_xargs    SAT_CHLCH     NaN
Name: SELK_DICDI, dtype: float64
swipe_xargs  PAX_I80A4    54.0
ssw_xargs    PAX_I80A4    55.0
Name: Y14E_BPLZ4, dtype: float64
swipe_xargs  TIG_YERE8    51.0
ssw_xargs    TIG_YERE8    52.0
Name: Y14E_BPLZ4, dtype: float64
swipe_xargs  RL14_LACAC    51.0
ssw_xargs    RL14_LACAC     NaN
Name: SELK_DICDI, dtype: float64
swipe_xargs  KDPA_METC4    55.0
ssw_xargs    KDPA_METC4    51.0
Name: GPX_MCV1, dtype: float64
swipe_xargs  FPG_LACLC    53.0
ssw_xargs    FPG_LACLC     NaN
Name: GPX_MCV1, dtype: float64
swipe_xargs  HEM2_MACFA    62.0
ssw_xargs    HEM2_MACFA    58.0
Name: GPX_MCV1, dtype: float64
swipe_xargs  ABAH4_ARATH    62.0
ssw_xargs    ABAH4_ARATH    58.0
Name: GPX_MCV1, dtype: float64
swipe_xargs  BSHC_CHLT3    58.0
ssw_xargs    BSHC_CHLT3    59.0
Name: RSMH_AYWBP, dtype: float64
swipe_xargs  AT17_ACTDE    51.0
ssw_xargs    AT17_ACTDE    50.0
Name: Y14E_BPLZ4, dtype: float64
swipe_xargs  SYFA_STAA8    62.0
ssw_xargs    SYFA_STAA8    63.0
Name: CITE2_SAGLB, dtype: float64
swipe_xargs  SYFA_ACIBS    52.0
ssw_xargs    SYFA_ACIBS    53.0
Name: CITE2_SAGLB, dtype: float64
swipe_xargs  ODBB_BOVIN    55.0
ssw_xargs    ODBB_BOVIN    51.0
Name: GPX_MCV1, dtype: float64
swipe_xargs  ACCD_PHYPA    52.0
ssw_xargs    ACCD_PHYPA    50.0
Name: GPX_MCV1, dtype: float64
swipe_xargs  PURA_SORC5    58.0
ssw_xargs    PURA_SORC5    54.0
Name: GPX_MCV1, dtype: float64
swipe_xargs  ACCD_CICAR    55.0
ssw_xargs    ACCD_CICAR    51.0
Name: GPX_MCV1, dtype: float64
swipe_xargs  SYFA_RICB8    51.0
ssw_xargs    SYFA_RICB8    52.0
Name: CITE2_SAGLB, dtype: float64
swipe_xargs  MPK17_ARATH    51.0
ssw_xargs    MPK17_ARATH     NaN
Name: GPX_MCV1, dtype: float64
swipe_xargs  CITE2_SAGLB    51.0
ssw_xargs    CITE2_SAGLB    52.0
Name: SLAP_LACAC, dtype: float64
swipe_xargs  CITE2_SAGLB    62.0
ssw_xargs    CITE2_SAGLB    63.0
Name: SYFA_STAA8, dtype: float64
swipe_xargs  CITE2_SAGLB    52.0
ssw_xargs    CITE2_SAGLB    53.0
Name: SYFA_ACIBS, dtype: float64
swipe_xargs  CITE2_SAGLB    51.0
ssw_xargs    CITE2_SAGLB    52.0
Name: SYFA_RICB8, dtype: float64
swipe_xargs  CITE2_SAGLB    62.0
ssw_xargs    CITE2_SAGLB    61.0
Name: FRDC_VIBVY, dtype: float64
swipe_xargs  CITE2_SAGLB    51.0
ssw_xargs    CITE2_SAGLB    50.0
Name: RS11_RHOSK, dtype: float64
swipe_xargs  PGK_WOLWR    54.0
ssw_xargs    PGK_WOLWR    50.0
Name: GPX_MCV1, dtype: float64
swipe_xargs  CYSG_ECOSM    52.0
ssw_xargs    CYSG_ECOSM    51.0
Name: GPX_MCV1, dtype: float64
swipe_xargs  CYSG_ECOSM    52.0
ssw_xargs    CYSG_ECOSM    53.0
Name: RSMH_AYWBP, dtype: float64
swipe_xargs  SYE2_HELPG    61.0
ssw_xargs    SYE2_HELPG    62.0
Name: RSMH_AYWBP, dtype: float64
swipe_xargs  EXOW_RHIME    56.0
ssw_xargs    EXOW_RHIME    55.0
Name: SELK_DICDI, dtype: float64
swipe_xargs  RSMH_AYWBP    51.0
ssw_xargs    RSMH_AYWBP    50.0
Name: SIGD_ARATH, dtype: float64
swipe_xargs  RSMH_AYWBP    58.0
ssw_xargs    RSMH_AYWBP    59.0
Name: CP26B_XENTR, dtype: float64
swipe_xargs  RSMH_AYWBP    58.0
ssw_xargs    RSMH_AYWBP    59.0
Name: BSHC_CHLT3, dtype: float64
swipe_xargs  RSMH_AYWBP    52.0
ssw_xargs    RSMH_AYWBP    53.0
Name: CYSG_ECOSM, dtype: float64
swipe_xargs  RSMH_AYWBP    61.0
ssw_xargs    RSMH_AYWBP    62.0
Name: SYE2_HELPG, dtype: float64
swipe_xargs  RSMH_AYWBP    53.0
ssw_xargs    RSMH_AYWBP    54.0
Name: CDPKE_ARATH, dtype: float64
swipe_xargs  TESP1_HUMAN    53.0
ssw_xargs    TESP1_HUMAN     NaN
Name: GPX_MCV1, dtype: float64
swipe_xargs  SYR_NITEU    52.0
ssw_xargs    SYR_NITEU     NaN
Name: GPX_MCV1, dtype: float64
swipe_xargs  RRAA_ECO81    52.0
ssw_xargs    RRAA_ECO81     NaN
Name: GPX_MCV1, dtype: float64
swipe_xargs  VATB_CHLTB    53.0
ssw_xargs    VATB_CHLTB     NaN
Name: GPX_MCV1, dtype: float64
swipe_xargs  EX7L_HELPY    61.0
ssw_xargs    EX7L_HELPY    57.0
Name: GPX_MCV1, dtype: float64
swipe_xargs  PIFC_ECOLI    56.0
ssw_xargs    PIFC_ECOLI    52.0
Name: GPX_MCV1, dtype: float64
swipe_xargs  RL22_DEIRA    56.0
ssw_xargs    RL22_DEIRA    57.0
Name: RECA_TREPS, dtype: float64
swipe_xargs  AROA_CAMJD    51.0
ssw_xargs    AROA_CAMJD     NaN
Name: GPX_MCV1, dtype: float64
swipe_xargs  FRDC_VIBVY    51.0
ssw_xargs    FRDC_VIBVY     NaN
Name: GPX_MCV1, dtype: float64
swipe_xargs  FRDC_VIBVY    62.0
ssw_xargs    FRDC_VIBVY    61.0
Name: CITE2_SAGLB, dtype: float64
swipe_xargs  PTF1A_HUMAN    70.0
ssw_xargs    PTF1A_HUMAN    66.0
Name: SELK_DICDI, dtype: float64
swipe_xargs  CEL6A_MAGO7    51.0
ssw_xargs    CEL6A_MAGO7     NaN
Name: SELK_DICDI, dtype: float64
swipe_xargs  PURA_STRPF    51.0
ssw_xargs    PURA_STRPF     NaN
Name: GPX_MCV1, dtype: float64
swipe_xargs  MURA_VIBA3    61.0
ssw_xargs    MURA_VIBA3    57.0
Name: GPX_MCV1, dtype: float64
swipe_xargs  NU4C1_SYNP2    52.0
ssw_xargs    NU4C1_SYNP2     NaN
Name: GPX_MCV1, dtype: float64
swipe_xargs  SELK_DICDI    54.0
ssw_xargs    SELK_DICDI    51.0
Name: CCNL2_XENTR, dtype: float64
swipe_xargs  SELK_DICDI    62.0
ssw_xargs    SELK_DICDI    58.0
Name: GATA_MYCPA, dtype: float64
swipe_xargs  SELK_DICDI    55.0
ssw_xargs    SELK_DICDI    52.0
Name: Y2226_MYCBO, dtype: float64
swipe_xargs  SELK_DICDI    52.0
ssw_xargs    SELK_DICDI     NaN
Name: SAT_CHLCH, dtype: float64
swipe_xargs  SELK_DICDI    51.0
ssw_xargs    SELK_DICDI     NaN
Name: RL14_LACAC, dtype: float64
swipe_xargs  SELK_DICDI    56.0
ssw_xargs    SELK_DICDI    55.0
Name: EXOW_RHIME, dtype: float64
swipe_xargs  SELK_DICDI    70.0
ssw_xargs    SELK_DICDI    66.0
Name: PTF1A_HUMAN, dtype: float64
swipe_xargs  SELK_DICDI    51.0
ssw_xargs    SELK_DICDI     NaN
Name: CEL6A_MAGO7, dtype: float64
swipe_xargs  SELK_DICDI    796.0
ssw_xargs    SELK_DICDI    798.0
Name: SELK_DICDI, dtype: float64
swipe_xargs  CDPKE_ARATH    53.0
ssw_xargs    CDPKE_ARATH    54.0
Name: RSMH_AYWBP, dtype: float64
swipe_xargs  SOC1_ARATH    58.0
ssw_xargs    SOC1_ARATH    60.0
Name: RECA_TREPS, dtype: float64
swipe_xargs  REX_KOSOT    63.0
ssw_xargs    REX_KOSOT    64.0
Name: RECA_TREPS, dtype: float64
swipe_xargs  RS11_RHOSK    51.0
ssw_xargs    RS11_RHOSK    50.0
Name: CITE2_SAGLB, dtype: float64
swipe_xargs  ZIPA_ECOLI    70.0
ssw_xargs    ZIPA_ECOLI    66.0
Name: GPX_MCV1, dtype: float64
swipe_xargs  RS13_MYCPA    54.0
ssw_xargs    RS13_MYCPA    55.0
Name: RECA_TREPS, dtype: float64
swipe_xargs  WNT3_EVATR    66.0
ssw_xargs    WNT3_EVATR    67.0
Name: Y14E_BPLZ4, dtype: float64
In the results of the exact programs, there are deviations in 157/4000000 sequence pairs.
Checking bidirectionality (identical scores if query/db are swapped):
swipe_xargs:	 True
ssw_xargs:	 True
Checking sensitivity of heuristics:
min_score=50
max_evalue=20
                     SW
total_ali       4000000
high_score_ali   501025
high_score_hit   501025
Runtimes of programs (in seconds):
swipe_xargs:    26.543
ssw_xargs:      514.241
Plot of runtime comparison saved to /scratch/cube/tuechler/program_out/sp_n2000_0_600.sp_n2000_0_600/runtimes.png
NOT all json files of the exact programs with min_score parameter are of identical size. File sizes:
[('ssw_xargs', 11077870), ('swipe_xargs', 11079005)]
Finished parsing output.
6646.89user 26.34system 1:49:50elapsed 101%CPU (0avgtext+0avgdata 1036712maxresident)k
3958332inputs+672520outputs (1217major+3096017minor)pagefaults 0swaps
