

Building a new DB, current time: 05/04/2022 17:16:11
New DB name:   /scratch/cube/tuechler/program_out/sp_n50_10_500.sp_10_1000/data/query.fasta
New DB title:  ../program_out/sp_n50_10_500.sp_10_1000/data/query.fasta
Sequence type: Protein
Keep MBits: T
Maximum file size: 1000000000B
Adding sequences from FASTA; added 50 sequences in 0.0210998 seconds.




Building a new DB, current time: 05/04/2022 17:16:12
New DB name:   /scratch/cube/tuechler/program_out/sp_n50_10_500.sp_10_1000/data/db.fasta
New DB title:  ../program_out/sp_n50_10_500.sp_10_1000/data/db.fasta
Sequence type: Protein
Keep MBits: T
Maximum file size: 1000000000B
Adding sequences from FASTA; added 544017 sequences in 18.5698 seconds.




Building a new DB, current time: 05/04/2022 17:16:32
New DB name:   /scratch/cube/tuechler/program_out/sp_n50_10_500.sp_10_1000/data/qchunks/q_1
New DB title:  ../program_out/sp_n50_10_500.sp_10_1000/data/qchunks/q_1
Sequence type: Protein
Keep MBits: T
Maximum file size: 1000000000B
Adding sequences from FASTA; added 6 sequences in 0.00611305 seconds.




Building a new DB, current time: 05/04/2022 17:16:33
New DB name:   /scratch/cube/tuechler/program_out/sp_n50_10_500.sp_10_1000/data/qchunks/q_2
New DB title:  ../program_out/sp_n50_10_500.sp_10_1000/data/qchunks/q_2
Sequence type: Protein
Keep MBits: T
Maximum file size: 1000000000B
Adding sequences from FASTA; added 6 sequences in 0.00805306 seconds.




Building a new DB, current time: 05/04/2022 17:16:34
New DB name:   /scratch/cube/tuechler/program_out/sp_n50_10_500.sp_10_1000/data/qchunks/q_3
New DB title:  ../program_out/sp_n50_10_500.sp_10_1000/data/qchunks/q_3
Sequence type: Protein
Keep MBits: T
Maximum file size: 1000000000B
Adding sequences from FASTA; added 6 sequences in 0.010036 seconds.




Building a new DB, current time: 05/04/2022 17:16:34
New DB name:   /scratch/cube/tuechler/program_out/sp_n50_10_500.sp_10_1000/data/qchunks/q_4
New DB title:  ../program_out/sp_n50_10_500.sp_10_1000/data/qchunks/q_4
Sequence type: Protein
Keep MBits: T
Maximum file size: 1000000000B
Adding sequences from FASTA; added 6 sequences in 0.00544715 seconds.




Building a new DB, current time: 05/04/2022 17:16:35
New DB name:   /scratch/cube/tuechler/program_out/sp_n50_10_500.sp_10_1000/data/qchunks/q_5
New DB title:  ../program_out/sp_n50_10_500.sp_10_1000/data/qchunks/q_5
Sequence type: Protein
Keep MBits: T
Maximum file size: 1000000000B
Adding sequences from FASTA; added 6 sequences in 0.00824308 seconds.




Building a new DB, current time: 05/04/2022 17:16:36
New DB name:   /scratch/cube/tuechler/program_out/sp_n50_10_500.sp_10_1000/data/qchunks/q_6
New DB title:  ../program_out/sp_n50_10_500.sp_10_1000/data/qchunks/q_6
Sequence type: Protein
Keep MBits: T
Maximum file size: 1000000000B
Adding sequences from FASTA; added 6 sequences in 0.00541401 seconds.




Building a new DB, current time: 05/04/2022 17:16:37
New DB name:   /scratch/cube/tuechler/program_out/sp_n50_10_500.sp_10_1000/data/qchunks/q_7
New DB title:  ../program_out/sp_n50_10_500.sp_10_1000/data/qchunks/q_7
Sequence type: Protein
Keep MBits: T
Maximum file size: 1000000000B
Adding sequences from FASTA; added 6 sequences in 0.00668311 seconds.




Building a new DB, current time: 05/04/2022 17:16:38
New DB name:   /scratch/cube/tuechler/program_out/sp_n50_10_500.sp_10_1000/data/qchunks/q_8
New DB title:  ../program_out/sp_n50_10_500.sp_10_1000/data/qchunks/q_8
Sequence type: Protein
Keep MBits: T
Maximum file size: 1000000000B
Adding sequences from FASTA; added 8 sequences in 0.00749993 seconds.


Creating output directory: /scratch/cube/tuechler/protein_alignment/scripts/program_out/sp_n50_10_500.sp_10_1000
Running prepare_database.py...
Writing parameters to parameters.txt
Start calling of alignment programs
Running ssw_xargs...
start 1
Wed May  4 17:16:39 CEST 2022
start 2
start 5
start 7
start 4
Wed May  4 17:16:39 CEST 2022
Wed May  4 17:16:39 CEST 2022
start 6
Wed May  4 17:16:39 CEST 2022
start 3
Wed May  4 17:16:39 CEST 2022
Wed May  4 17:16:39 CEST 2022
start 8
Wed May  4 17:16:39 CEST 2022
Wed May  4 17:16:39 CEST 2022
CPU time: 376.7078619 seconds
end 6
Wed May  4 17:22:59 CEST 2022
CPU time: 380.807942867 seconds
end 4
Wed May  4 17:23:03 CEST 2022
CPU time: 382.937487841 seconds
end 2
Wed May  4 17:23:06 CEST 2022
CPU time: 384.904511929 seconds
end 5
Wed May  4 17:23:08 CEST 2022
CPU time: 397.86626482 seconds
end 1
Wed May  4 17:23:20 CEST 2022
CPU time: 401.720947027 seconds
end 3
Wed May  4 17:23:24 CEST 2022
CPU time: 408.634914875 seconds
end 7
Wed May  4 17:23:31 CEST 2022
CPU time: 490.565538168 seconds
end 8
Wed May  4 17:24:53 CEST 2022
chunk_n=8
2783.01user 20.15system 8:13.99elapsed 567%CPU (0avgtext+0avgdata 9004maxresident)k
17744701inputs+1086715outputs (44major+198652minor)pagefaults 0swaps
Running swipe_xargs...
start 1
start 2
start 3
start 5
start 4
Wed May  4 17:24:58 CEST 2022
Wed May  4 17:24:58 CEST 2022
Wed May  4 17:24:58 CEST 2022
start 6
Wed May  4 17:24:58 CEST 2022
Wed May  4 17:24:58 CEST 2022
start 8
start 7
Wed May  4 17:24:58 CEST 2022
Wed May  4 17:24:58 CEST 2022
Wed May  4 17:24:58 CEST 2022
end 4
Wed May  4 17:41:58 CEST 2022
end 6
Wed May  4 17:42:09 CEST 2022
end 2
Wed May  4 17:43:01 CEST 2022
end 5
Wed May  4 17:43:52 CEST 2022
end 1
Wed May  4 17:44:48 CEST 2022
end 8
Wed May  4 17:46:35 CEST 2022
end 7
Wed May  4 17:47:28 CEST 2022
end 3
Wed May  4 17:48:57 CEST 2022
chunk_n=8
2798.29user 293.82system 24:03.99elapsed 214%CPU (0avgtext+0avgdata 191996maxresident)k
3634186inputs+3666241outputs (2190major+17131762minor)pagefaults 0swaps
Start parsing of output files
Running ssw_xargs_parser...
1726.79user 28.85system 29:24.68elapsed 99%CPU (0avgtext+0avgdata 838056maxresident)k
1096341inputs+169056outputs (29major+15555869minor)pagefaults 0swaps
Running swipe_xargs_parser...
1759.59user 35.84system 30:20.39elapsed 98%CPU (0avgtext+0avgdata 837532maxresident)k
3675869inputs+169056outputs (29major+18902183minor)pagefaults 0swaps
Matplotlib created a temporary config/cache directory at /tmp/slurm-2854428/matplotlib-k_8bkla7 because the default path (/home/user/tuechler/.config/matplotlib) is not a writable directory; it is highly recommended to set the MPLCONFIGDIR environment variable to a writable directory, in particular to speed up the import of Matplotlib and to better support multiprocessing.
Runtimes of programs (in seconds):
swipe_xargs:    1439.465
ssw_xargs:      493.688
Plot of runtime comparison saved to /scratch/cube/tuechler/program_out/sp_n50_10_500.sp_10_1000/runtimes.png
All json files of the exact programs with min_score parameter are of identical size.
Finished parsing output.
9117.30user 389.83system 1:33:40elapsed 169%CPU (0avgtext+0avgdata 838056maxresident)k
28476481inputs+6246548outputs (5105major+51920274minor)pagefaults 0swaps
-t 8


Building a new DB, current time: 05/04/2022 18:49:43
New DB name:   /scratch/cube/tuechler/program_out/sp_n50_10_500.sp_10_1000/data/query.fasta
New DB title:  ../program_out/sp_n50_10_500.sp_10_1000/data/query.fasta
Sequence type: Protein
Keep MBits: T
Maximum file size: 1000000000B
Adding sequences from FASTA; added 50 sequences in 0.013273 seconds.




Building a new DB, current time: 05/04/2022 18:49:44
New DB name:   /scratch/cube/tuechler/program_out/sp_n50_10_500.sp_10_1000/data/db.fasta
New DB title:  ../program_out/sp_n50_10_500.sp_10_1000/data/db.fasta
Sequence type: Protein
Keep MBits: T
Maximum file size: 1000000000B
Adding sequences from FASTA; added 544017 sequences in 21.8077 seconds.




Building a new DB, current time: 05/04/2022 18:50:08
New DB name:   /scratch/cube/tuechler/program_out/sp_n50_10_500.sp_10_1000/data/qchunks/q_1
New DB title:  ../program_out/sp_n50_10_500.sp_10_1000/data/qchunks/q_1
Sequence type: Protein
Keep MBits: T
Maximum file size: 1000000000B
Adding sequences from FASTA; added 3 sequences in 0.00733495 seconds.




Building a new DB, current time: 05/04/2022 18:50:09
New DB name:   /scratch/cube/tuechler/program_out/sp_n50_10_500.sp_10_1000/data/qchunks/q_2
New DB title:  ../program_out/sp_n50_10_500.sp_10_1000/data/qchunks/q_2
Sequence type: Protein
Keep MBits: T
Maximum file size: 1000000000B
Adding sequences from FASTA; added 3 sequences in 0.00690007 seconds.




Building a new DB, current time: 05/04/2022 18:50:10
New DB name:   /scratch/cube/tuechler/program_out/sp_n50_10_500.sp_10_1000/data/qchunks/q_3
New DB title:  ../program_out/sp_n50_10_500.sp_10_1000/data/qchunks/q_3
Sequence type: Protein
Keep MBits: T
Maximum file size: 1000000000B
Adding sequences from FASTA; added 3 sequences in 0.0071249 seconds.




Building a new DB, current time: 05/04/2022 18:50:11
New DB name:   /scratch/cube/tuechler/program_out/sp_n50_10_500.sp_10_1000/data/qchunks/q_4
New DB title:  ../program_out/sp_n50_10_500.sp_10_1000/data/qchunks/q_4
Sequence type: Protein
Keep MBits: T
Maximum file size: 1000000000B
Adding sequences from FASTA; added 3 sequences in 0.00780702 seconds.




Building a new DB, current time: 05/04/2022 18:50:12
New DB name:   /scratch/cube/tuechler/program_out/sp_n50_10_500.sp_10_1000/data/qchunks/q_5
New DB title:  ../program_out/sp_n50_10_500.sp_10_1000/data/qchunks/q_5
Sequence type: Protein
Keep MBits: T
Maximum file size: 1000000000B
Adding sequences from FASTA; added 3 sequences in 0.00605106 seconds.




Building a new DB, current time: 05/04/2022 18:50:13
New DB name:   /scratch/cube/tuechler/program_out/sp_n50_10_500.sp_10_1000/data/qchunks/q_6
New DB title:  ../program_out/sp_n50_10_500.sp_10_1000/data/qchunks/q_6
Sequence type: Protein
Keep MBits: T
Maximum file size: 1000000000B
Adding sequences from FASTA; added 3 sequences in 0.00715303 seconds.




Building a new DB, current time: 05/04/2022 18:50:14
New DB name:   /scratch/cube/tuechler/program_out/sp_n50_10_500.sp_10_1000/data/qchunks/q_7
New DB title:  ../program_out/sp_n50_10_500.sp_10_1000/data/qchunks/q_7
Sequence type: Protein
Keep MBits: T
Maximum file size: 1000000000B
Adding sequences from FASTA; added 3 sequences in 0.00629115 seconds.




Building a new DB, current time: 05/04/2022 18:50:15
New DB name:   /scratch/cube/tuechler/program_out/sp_n50_10_500.sp_10_1000/data/qchunks/q_8
New DB title:  ../program_out/sp_n50_10_500.sp_10_1000/data/qchunks/q_8
Sequence type: Protein
Keep MBits: T
Maximum file size: 1000000000B
Adding sequences from FASTA; added 3 sequences in 0.0182009 seconds.




Building a new DB, current time: 05/04/2022 18:50:16
New DB name:   /scratch/cube/tuechler/program_out/sp_n50_10_500.sp_10_1000/data/qchunks/q_9
New DB title:  ../program_out/sp_n50_10_500.sp_10_1000/data/qchunks/q_9
Sequence type: Protein
Keep MBits: T
Maximum file size: 1000000000B
Adding sequences from FASTA; added 3 sequences in 0.00723886 seconds.




Building a new DB, current time: 05/04/2022 18:50:17
New DB name:   /scratch/cube/tuechler/program_out/sp_n50_10_500.sp_10_1000/data/qchunks/q_10
New DB title:  ../program_out/sp_n50_10_500.sp_10_1000/data/qchunks/q_10
Sequence type: Protein
Keep MBits: T
Maximum file size: 1000000000B
Adding sequences from FASTA; added 3 sequences in 0.00627613 seconds.




Building a new DB, current time: 05/04/2022 18:50:18
New DB name:   /scratch/cube/tuechler/program_out/sp_n50_10_500.sp_10_1000/data/qchunks/q_11
New DB title:  ../program_out/sp_n50_10_500.sp_10_1000/data/qchunks/q_11
Sequence type: Protein
Keep MBits: T
Maximum file size: 1000000000B
Adding sequences from FASTA; added 3 sequences in 0.00675821 seconds.




Building a new DB, current time: 05/04/2022 18:50:19
New DB name:   /scratch/cube/tuechler/program_out/sp_n50_10_500.sp_10_1000/data/qchunks/q_12
New DB title:  ../program_out/sp_n50_10_500.sp_10_1000/data/qchunks/q_12
Sequence type: Protein
Keep MBits: T
Maximum file size: 1000000000B
Adding sequences from FASTA; added 3 sequences in 0.00651598 seconds.




Building a new DB, current time: 05/04/2022 18:50:20
New DB name:   /scratch/cube/tuechler/program_out/sp_n50_10_500.sp_10_1000/data/qchunks/q_13
New DB title:  ../program_out/sp_n50_10_500.sp_10_1000/data/qchunks/q_13
Sequence type: Protein
Keep MBits: T
Maximum file size: 1000000000B
Adding sequences from FASTA; added 3 sequences in 0.00777507 seconds.




Building a new DB, current time: 05/04/2022 18:50:21
New DB name:   /scratch/cube/tuechler/program_out/sp_n50_10_500.sp_10_1000/data/qchunks/q_14
New DB title:  ../program_out/sp_n50_10_500.sp_10_1000/data/qchunks/q_14
Sequence type: Protein
Keep MBits: T
Maximum file size: 1000000000B
Adding sequences from FASTA; added 3 sequences in 0.00574899 seconds.




Building a new DB, current time: 05/04/2022 18:50:22
New DB name:   /scratch/cube/tuechler/program_out/sp_n50_10_500.sp_10_1000/data/qchunks/q_15
New DB title:  ../program_out/sp_n50_10_500.sp_10_1000/data/qchunks/q_15
Sequence type: Protein
Keep MBits: T
Maximum file size: 1000000000B
Adding sequences from FASTA; added 3 sequences in 0.00693798 seconds.




Building a new DB, current time: 05/04/2022 18:50:22
New DB name:   /scratch/cube/tuechler/program_out/sp_n50_10_500.sp_10_1000/data/qchunks/q_16
New DB title:  ../program_out/sp_n50_10_500.sp_10_1000/data/qchunks/q_16
Sequence type: Protein
Keep MBits: T
Maximum file size: 1000000000B
Adding sequences from FASTA; added 5 sequences in 0.00596309 seconds.


Creating output directory: /scratch/cube/tuechler/protein_alignment/scripts/program_out/sp_n50_10_500.sp_10_1000
Running prepare_database.py...
Writing parameters to parameters.txt
Start calling of alignment programs
Running ssw_xargs...
start 1
start 2
start 3
start 13
start 15
Wed May  4 18:50:24 CEST 2022
start 5
start 4
start 16
Wed May  4 18:50:25 CEST 2022
start 11
Wed May  4 18:50:25 CEST 2022
Wed May  4 18:50:25 CEST 2022
Wed May  4 18:50:25 CEST 2022
Wed May  4 18:50:25 CEST 2022
Wed May  4 18:50:25 CEST 2022
start 8
start 12
Wed May  4 18:50:25 CEST 2022
start 14
start 10
Wed May  4 18:50:25 CEST 2022
Wed May  4 18:50:25 CEST 2022
start 6
Wed May  4 18:50:25 CEST 2022
Wed May  4 18:50:25 CEST 2022
Wed May  4 18:50:24 CEST 2022
Wed May  4 18:50:25 CEST 2022
start 9
Wed May  4 18:50:25 CEST 2022
start 7
Wed May  4 18:50:25 CEST 2022
CPU time: 384.538530111 seconds
end 7
Wed May  4 18:56:52 CEST 2022
CPU time: 385.133636951 seconds
end 11
Wed May  4 18:56:52 CEST 2022
CPU time: 385.771508932 seconds
end 4
Wed May  4 18:56:53 CEST 2022
CPU time: 388.79026103 seconds
end 10
Wed May  4 18:56:56 CEST 2022
CPU time: 397.179598808 seconds
end 6
Wed May  4 18:57:04 CEST 2022
CPU time: 398.218221903 seconds
end 12
Wed May  4 18:57:05 CEST 2022
CPU time: 402.098445177 seconds
end 15
Wed May  4 18:57:09 CEST 2022
CPU time: 401.854080915 seconds
end 9
Wed May  4 18:57:09 CEST 2022
CPU time: 404.186306953 seconds
end 13
Wed May  4 18:57:11 CEST 2022
CPU time: 404.98110795 seconds
end 1
Wed May  4 18:57:12 CEST 2022
CPU time: 405.959752798 seconds
end 2
Wed May  4 18:57:12 CEST 2022
CPU time: 407.555250168 seconds
end 8
Wed May  4 18:57:15 CEST 2022
CPU time: 409.948923111 seconds
end 3
Wed May  4 18:57:17 CEST 2022
CPU time: 412.766404152 seconds
end 14
Wed May  4 18:57:20 CEST 2022
CPU time: 418.290724039 seconds
end 5
Wed May  4 18:57:26 CEST 2022
CPU time: 510.048404932 seconds
end 16
Wed May  4 18:58:57 CEST 2022
chunk_n=16
3291.27user 27.48system 8:33.40elapsed 646%CPU (0avgtext+0avgdata 9008maxresident)k
17745543inputs+1086714outputs (52major+307288minor)pagefaults 0swaps
Running swipe_xargs...
start 1
start 3
start 2
start 4
start 5
start 7
start 8
start 9
start 6
start 10
start 12
start 13
start 11
start 15
Wed May  4 18:59:05 CEST 2022
start 16
start 14
Wed May  4 18:59:05 CEST 2022
Wed May  4 18:59:05 CEST 2022
Wed May  4 18:59:05 CEST 2022
Wed May  4 18:59:05 CEST 2022
Wed May  4 18:59:05 CEST 2022
Wed May  4 18:59:05 CEST 2022
Wed May  4 18:59:05 CEST 2022
Wed May  4 18:59:05 CEST 2022
Wed May  4 18:59:05 CEST 2022
Wed May  4 18:59:05 CEST 2022
Wed May  4 18:59:05 CEST 2022
Wed May  4 18:59:05 CEST 2022
Wed May  4 18:59:05 CEST 2022
Wed May  4 18:59:05 CEST 2022
Wed May  4 18:59:05 CEST 2022
end 7
Wed May  4 19:06:39 CEST 2022
end 4
Wed May  4 19:12:10 CEST 2022
end 11
Wed May  4 19:13:32 CEST 2022
end 10
Wed May  4 19:14:51 CEST 2022
end 12
Wed May  4 19:16:18 CEST 2022
end 6
Wed May  4 19:17:20 CEST 2022
end 2
Wed May  4 19:18:05 CEST 2022
end 9
Wed May  4 19:18:25 CEST 2022
end 13
Wed May  4 19:18:47 CEST 2022
end 1
Wed May  4 19:18:56 CEST 2022
end 15
Wed May  4 19:19:00 CEST 2022
end 16
Wed May  4 19:19:44 CEST 2022
end 3
Wed May  4 19:19:47 CEST 2022
end 8
Wed May  4 19:20:10 CEST 2022
end 14
Wed May  4 19:20:49 CEST 2022
end 5
Wed May  4 19:23:15 CEST 2022
chunk_n=16
3539.68user 364.00system 24:16.06elapsed 268%CPU (0avgtext+0avgdata 191460maxresident)k
5670571inputs+3666242outputs (5561major+17458521minor)pagefaults 0swaps
Start parsing of output files
Running ssw_xargs_parser...
1721.89user 25.78system 29:18.99elapsed 99%CPU (0avgtext+0avgdata 837768maxresident)k
1096341inputs+169056outputs (29major+14062601minor)pagefaults 0swaps
Running swipe_xargs_parser...
1754.75user 28.20system 30:08.73elapsed 98%CPU (0avgtext+0avgdata 836728maxresident)k
3675872inputs+169056outputs (29major+15412898minor)pagefaults 0swaps
Matplotlib created a temporary config/cache directory at /tmp/slurm-2854428/matplotlib-d_dcgr24 because the default path (/home/user/tuechler/.config/matplotlib) is not a writable directory; it is highly recommended to set the MPLCONFIGDIR environment variable to a writable directory, in particular to speed up the import of Matplotlib and to better support multiprocessing.
Runtimes of programs (in seconds):
swipe_xargs:    1450.319
ssw_xargs:      513.002
Plot of runtime comparison saved to /scratch/cube/tuechler/program_out/sp_n50_10_500.sp_10_1000/runtimes.png
All json files of the exact programs with min_score parameter are of identical size.
Finished parsing output.
10357.66user 456.89system 1:33:49elapsed 192%CPU (0avgtext+0avgdata 837768maxresident)k
30891912inputs+6246554outputs (10283major+47397321minor)pagefaults 0swaps
-t 16


Building a new DB, current time: 05/04/2022 20:23:35
New DB name:   /scratch/cube/tuechler/program_out/sp_n100_10_500.sp_10_1000/data/query.fasta
New DB title:  ../program_out/sp_n100_10_500.sp_10_1000/data/query.fasta
Sequence type: Protein
Keep MBits: T
Maximum file size: 1000000000B
Adding sequences from FASTA; added 100 sequences in 0.0148439 seconds.




Building a new DB, current time: 05/04/2022 20:23:36
New DB name:   /scratch/cube/tuechler/program_out/sp_n100_10_500.sp_10_1000/data/db.fasta
New DB title:  ../program_out/sp_n100_10_500.sp_10_1000/data/db.fasta
Sequence type: Protein
Keep MBits: T
Maximum file size: 1000000000B
Adding sequences from FASTA; added 544017 sequences in 23.795 seconds.




Building a new DB, current time: 05/04/2022 20:24:01
New DB name:   /scratch/cube/tuechler/program_out/sp_n100_10_500.sp_10_1000/data/qchunks/q_1
New DB title:  ../program_out/sp_n100_10_500.sp_10_1000/data/qchunks/q_1
Sequence type: Protein
Keep MBits: T
Maximum file size: 1000000000B
Adding sequences from FASTA; added 12 sequences in 0.00833297 seconds.




Building a new DB, current time: 05/04/2022 20:24:02
New DB name:   /scratch/cube/tuechler/program_out/sp_n100_10_500.sp_10_1000/data/qchunks/q_2
New DB title:  ../program_out/sp_n100_10_500.sp_10_1000/data/qchunks/q_2
Sequence type: Protein
Keep MBits: T
Maximum file size: 1000000000B
Adding sequences from FASTA; added 12 sequences in 0.00810099 seconds.




Building a new DB, current time: 05/04/2022 20:24:02
New DB name:   /scratch/cube/tuechler/program_out/sp_n100_10_500.sp_10_1000/data/qchunks/q_3
New DB title:  ../program_out/sp_n100_10_500.sp_10_1000/data/qchunks/q_3
Sequence type: Protein
Keep MBits: T
Maximum file size: 1000000000B
Adding sequences from FASTA; added 12 sequences in 0.0144949 seconds.




Building a new DB, current time: 05/04/2022 20:24:03
New DB name:   /scratch/cube/tuechler/program_out/sp_n100_10_500.sp_10_1000/data/qchunks/q_4
New DB title:  ../program_out/sp_n100_10_500.sp_10_1000/data/qchunks/q_4
Sequence type: Protein
Keep MBits: T
Maximum file size: 1000000000B
Adding sequences from FASTA; added 12 sequences in 0.00767922 seconds.




Building a new DB, current time: 05/04/2022 20:24:04
New DB name:   /scratch/cube/tuechler/program_out/sp_n100_10_500.sp_10_1000/data/qchunks/q_5
New DB title:  ../program_out/sp_n100_10_500.sp_10_1000/data/qchunks/q_5
Sequence type: Protein
Keep MBits: T
Maximum file size: 1000000000B
Adding sequences from FASTA; added 12 sequences in 0.00893688 seconds.




Building a new DB, current time: 05/04/2022 20:24:05
New DB name:   /scratch/cube/tuechler/program_out/sp_n100_10_500.sp_10_1000/data/qchunks/q_6
New DB title:  ../program_out/sp_n100_10_500.sp_10_1000/data/qchunks/q_6
Sequence type: Protein
Keep MBits: T
Maximum file size: 1000000000B
Adding sequences from FASTA; added 12 sequences in 0.00742698 seconds.




Building a new DB, current time: 05/04/2022 20:24:06
New DB name:   /scratch/cube/tuechler/program_out/sp_n100_10_500.sp_10_1000/data/qchunks/q_7
New DB title:  ../program_out/sp_n100_10_500.sp_10_1000/data/qchunks/q_7
Sequence type: Protein
Keep MBits: T
Maximum file size: 1000000000B
Adding sequences from FASTA; added 12 sequences in 0.00709295 seconds.




Building a new DB, current time: 05/04/2022 20:24:06
New DB name:   /scratch/cube/tuechler/program_out/sp_n100_10_500.sp_10_1000/data/qchunks/q_8
New DB title:  ../program_out/sp_n100_10_500.sp_10_1000/data/qchunks/q_8
Sequence type: Protein
Keep MBits: T
Maximum file size: 1000000000B
Adding sequences from FASTA; added 16 sequences in 0.0261421 seconds.


Creating output directory: /scratch/cube/tuechler/protein_alignment/scripts/program_out/sp_n100_10_500.sp_10_1000
Running prepare_database.py...
Writing parameters to parameters.txt
Start calling of alignment programs
Running ssw_xargs...
start 3
start 1
start 4
start 2
Wed May  4 20:24:08 CEST 2022
Wed May  4 20:24:08 CEST 2022
start 7
start 6
start 8
start 5
Wed May  4 20:24:08 CEST 2022
Wed May  4 20:24:08 CEST 2022
Wed May  4 20:24:08 CEST 2022
Wed May  4 20:24:08 CEST 2022
Wed May  4 20:24:08 CEST 2022
Wed May  4 20:24:08 CEST 2022
CPU time: 1140.70663881 seconds
end 3
Wed May  4 20:43:10 CEST 2022
CPU time: 1143.51953602 seconds
end 5
Wed May  4 20:43:13 CEST 2022
CPU time: 1144.72291398 seconds
end 4
Wed May  4 20:43:14 CEST 2022
CPU time: 1145.99090695 seconds
end 2
Wed May  4 20:43:15 CEST 2022
CPU time: 1167.49226904 seconds
end 6
Wed May  4 20:43:37 CEST 2022
CPU time: 1170.34931016 seconds
end 7
Wed May  4 20:43:40 CEST 2022
CPU time: 1176.18728495 seconds
end 1
Wed May  4 20:43:45 CEST 2022
CPU time: 1360.32660508 seconds
end 8
Wed May  4 20:46:49 CEST 2022
chunk_n=8
6243.29user 49.32system 22:41.82elapsed 462%CPU (0avgtext+0avgdata 9020maxresident)k
35477726inputs+2179614outputs (37major+316545minor)pagefaults 0swaps
Running swipe_xargs...
start 1
start 2
Wed May  4 20:46:55 CEST 2022
start 3
Wed May  4 20:46:55 CEST 2022
start 5
start 4
Wed May  4 20:46:55 CEST 2022
Wed May  4 20:46:55 CEST 2022
start 7
Wed May  4 20:46:55 CEST 2022
start 6
start 8
Wed May  4 20:46:55 CEST 2022
Wed May  4 20:46:55 CEST 2022
Wed May  4 20:46:55 CEST 2022
end 5
Wed May  4 21:08:48 CEST 2022
end 4
Wed May  4 21:11:33 CEST 2022
end 3
Wed May  4 21:12:28 CEST 2022
end 1
Wed May  4 21:14:34 CEST 2022
end 6
Wed May  4 21:14:56 CEST 2022
end 2
Wed May  4 21:15:09 CEST 2022
end 7
Wed May  4 21:17:37 CEST 2022
end 8
Wed May  4 21:18:08 CEST 2022
chunk_n=8
6054.22user 521.53system 31:18.49elapsed 350%CPU (0avgtext+0avgdata 192476maxresident)k
3531069inputs+7344940outputs (3070major+33792090minor)pagefaults 0swaps
Start parsing of output files
Running ssw_xargs_parser...
3531.64user 121.68system 1:01:09elapsed 99%CPU (0avgtext+0avgdata 1664628maxresident)k
2189238inputs+338595outputs (29major+15405479minor)pagefaults 0swaps
Running swipe_xargs_parser...
3623.99user 161.64system 1:03:36elapsed 99%CPU (0avgtext+0avgdata 1664372maxresident)k
7354567inputs+338595outputs (29major+16841698minor)pagefaults 0swaps
Matplotlib created a temporary config/cache directory at /tmp/slurm-2854428/matplotlib-t6tg2xt6 because the default path (/home/user/tuechler/.config/matplotlib) is not a writable directory; it is highly recommended to set the MPLCONFIGDIR environment variable to a writable directory, in particular to speed up the import of Matplotlib and to better support multiprocessing.
Runtimes of programs (in seconds):
swipe_xargs:    1872.990
ssw_xargs:      1361.555
Plot of runtime comparison saved to /scratch/cube/tuechler/program_out/sp_n100_10_500.sp_10_1000/runtimes.png
All json files of the exact programs with min_score parameter are of identical size.
Finished parsing output.
19501.72user 864.93system 3:00:09elapsed 188%CPU (0avgtext+0avgdata 1664628maxresident)k
51076354inputs+11357434outputs (5977major+66493467minor)pagefaults 0swaps
-t 8


Building a new DB, current time: 05/04/2022 23:23:48
New DB name:   /scratch/cube/tuechler/program_out/sp_n100_10_500.sp_10_1000/data/query.fasta
New DB title:  ../program_out/sp_n100_10_500.sp_10_1000/data/query.fasta
Sequence type: Protein
Keep MBits: T
Maximum file size: 1000000000B
Adding sequences from FASTA; added 100 sequences in 0.013195 seconds.




Building a new DB, current time: 05/04/2022 23:23:49
New DB name:   /scratch/cube/tuechler/program_out/sp_n100_10_500.sp_10_1000/data/db.fasta
New DB title:  ../program_out/sp_n100_10_500.sp_10_1000/data/db.fasta
Sequence type: Protein
Keep MBits: T
Maximum file size: 1000000000B
Adding sequences from FASTA; added 544017 sequences in 11.3657 seconds.




Building a new DB, current time: 05/04/2022 23:24:01
New DB name:   /scratch/cube/tuechler/program_out/sp_n100_10_500.sp_10_1000/data/qchunks/q_1
New DB title:  ../program_out/sp_n100_10_500.sp_10_1000/data/qchunks/q_1
Sequence type: Protein
Keep MBits: T
Maximum file size: 1000000000B
Adding sequences from FASTA; added 6 sequences in 0.00589585 seconds.




Building a new DB, current time: 05/04/2022 23:24:02
New DB name:   /scratch/cube/tuechler/program_out/sp_n100_10_500.sp_10_1000/data/qchunks/q_2
New DB title:  ../program_out/sp_n100_10_500.sp_10_1000/data/qchunks/q_2
Sequence type: Protein
Keep MBits: T
Maximum file size: 1000000000B
Adding sequences from FASTA; added 6 sequences in 0.00703907 seconds.




Building a new DB, current time: 05/04/2022 23:24:03
New DB name:   /scratch/cube/tuechler/program_out/sp_n100_10_500.sp_10_1000/data/qchunks/q_3
New DB title:  ../program_out/sp_n100_10_500.sp_10_1000/data/qchunks/q_3
Sequence type: Protein
Keep MBits: T
Maximum file size: 1000000000B
Adding sequences from FASTA; added 6 sequences in 0.00666308 seconds.




Building a new DB, current time: 05/04/2022 23:24:04
New DB name:   /scratch/cube/tuechler/program_out/sp_n100_10_500.sp_10_1000/data/qchunks/q_4
New DB title:  ../program_out/sp_n100_10_500.sp_10_1000/data/qchunks/q_4
Sequence type: Protein
Keep MBits: T
Maximum file size: 1000000000B
Adding sequences from FASTA; added 6 sequences in 0.00480914 seconds.




Building a new DB, current time: 05/04/2022 23:24:05
New DB name:   /scratch/cube/tuechler/program_out/sp_n100_10_500.sp_10_1000/data/qchunks/q_5
New DB title:  ../program_out/sp_n100_10_500.sp_10_1000/data/qchunks/q_5
Sequence type: Protein
Keep MBits: T
Maximum file size: 1000000000B
Adding sequences from FASTA; added 6 sequences in 0.00531602 seconds.




Building a new DB, current time: 05/04/2022 23:24:05
New DB name:   /scratch/cube/tuechler/program_out/sp_n100_10_500.sp_10_1000/data/qchunks/q_6
New DB title:  ../program_out/sp_n100_10_500.sp_10_1000/data/qchunks/q_6
Sequence type: Protein
Keep MBits: T
Maximum file size: 1000000000B
Adding sequences from FASTA; added 6 sequences in 0.00549698 seconds.




Building a new DB, current time: 05/04/2022 23:24:06
New DB name:   /scratch/cube/tuechler/program_out/sp_n100_10_500.sp_10_1000/data/qchunks/q_7
New DB title:  ../program_out/sp_n100_10_500.sp_10_1000/data/qchunks/q_7
Sequence type: Protein
Keep MBits: T
Maximum file size: 1000000000B
Adding sequences from FASTA; added 6 sequences in 0.00651288 seconds.




Building a new DB, current time: 05/04/2022 23:24:07
New DB name:   /scratch/cube/tuechler/program_out/sp_n100_10_500.sp_10_1000/data/qchunks/q_8
New DB title:  ../program_out/sp_n100_10_500.sp_10_1000/data/qchunks/q_8
Sequence type: Protein
Keep MBits: T
Maximum file size: 1000000000B
Adding sequences from FASTA; added 6 sequences in 0.00623703 seconds.




Building a new DB, current time: 05/04/2022 23:24:08
New DB name:   /scratch/cube/tuechler/program_out/sp_n100_10_500.sp_10_1000/data/qchunks/q_9
New DB title:  ../program_out/sp_n100_10_500.sp_10_1000/data/qchunks/q_9
Sequence type: Protein
Keep MBits: T
Maximum file size: 1000000000B
Adding sequences from FASTA; added 6 sequences in 0.00581503 seconds.




Building a new DB, current time: 05/04/2022 23:24:09
New DB name:   /scratch/cube/tuechler/program_out/sp_n100_10_500.sp_10_1000/data/qchunks/q_10
New DB title:  ../program_out/sp_n100_10_500.sp_10_1000/data/qchunks/q_10
Sequence type: Protein
Keep MBits: T
Maximum file size: 1000000000B
Adding sequences from FASTA; added 6 sequences in 0.00605607 seconds.




Building a new DB, current time: 05/04/2022 23:24:09
New DB name:   /scratch/cube/tuechler/program_out/sp_n100_10_500.sp_10_1000/data/qchunks/q_11
New DB title:  ../program_out/sp_n100_10_500.sp_10_1000/data/qchunks/q_11
Sequence type: Protein
Keep MBits: T
Maximum file size: 1000000000B
Adding sequences from FASTA; added 6 sequences in 0.00658083 seconds.




Building a new DB, current time: 05/04/2022 23:24:10
New DB name:   /scratch/cube/tuechler/program_out/sp_n100_10_500.sp_10_1000/data/qchunks/q_12
New DB title:  ../program_out/sp_n100_10_500.sp_10_1000/data/qchunks/q_12
Sequence type: Protein
Keep MBits: T
Maximum file size: 1000000000B
Adding sequences from FASTA; added 6 sequences in 0.00613689 seconds.




Building a new DB, current time: 05/04/2022 23:24:11
New DB name:   /scratch/cube/tuechler/program_out/sp_n100_10_500.sp_10_1000/data/qchunks/q_13
New DB title:  ../program_out/sp_n100_10_500.sp_10_1000/data/qchunks/q_13
Sequence type: Protein
Keep MBits: T
Maximum file size: 1000000000B
Adding sequences from FASTA; added 6 sequences in 0.00549293 seconds.




Building a new DB, current time: 05/04/2022 23:24:12
New DB name:   /scratch/cube/tuechler/program_out/sp_n100_10_500.sp_10_1000/data/qchunks/q_14
New DB title:  ../program_out/sp_n100_10_500.sp_10_1000/data/qchunks/q_14
Sequence type: Protein
Keep MBits: T
Maximum file size: 1000000000B
Adding sequences from FASTA; added 6 sequences in 0.00602698 seconds.




Building a new DB, current time: 05/04/2022 23:24:13
New DB name:   /scratch/cube/tuechler/program_out/sp_n100_10_500.sp_10_1000/data/qchunks/q_15
New DB title:  ../program_out/sp_n100_10_500.sp_10_1000/data/qchunks/q_15
Sequence type: Protein
Keep MBits: T
Maximum file size: 1000000000B
Adding sequences from FASTA; added 6 sequences in 0.00522494 seconds.




Building a new DB, current time: 05/04/2022 23:24:13
New DB name:   /scratch/cube/tuechler/program_out/sp_n100_10_500.sp_10_1000/data/qchunks/q_16
New DB title:  ../program_out/sp_n100_10_500.sp_10_1000/data/qchunks/q_16
Sequence type: Protein
Keep MBits: T
Maximum file size: 1000000000B
Adding sequences from FASTA; added 10 sequences in 0.00743294 seconds.


Creating output directory: /scratch/cube/tuechler/protein_alignment/scripts/program_out/sp_n100_10_500.sp_10_1000
Running prepare_database.py...
Writing parameters to parameters.txt
Start calling of alignment programs
Running ssw_xargs...
start 2
start 5
start 16
start 12
Wed May  4 23:24:15 CEST 2022
start 14
start 9
start 13
start 11
Wed May  4 23:24:15 CEST 2022
Wed May  4 23:24:15 CEST 2022
Wed May  4 23:24:15 CEST 2022
Wed May  4 23:24:15 CEST 2022
Wed May  4 23:24:15 CEST 2022
start 8
start 6
start 4
Wed May  4 23:24:15 CEST 2022
Wed May  4 23:24:15 CEST 2022
Wed May  4 23:24:15 CEST 2022
start 15
start 1
Wed May  4 23:24:15 CEST 2022
Wed May  4 23:24:15 CEST 2022
Wed May  4 23:24:15 CEST 2022
start 10
Wed May  4 23:24:15 CEST 2022
Wed May  4 23:24:15 CEST 2022
start 7
Wed May  4 23:24:15 CEST 2022
start 3
Wed May  4 23:24:15 CEST 2022
CPU time: 484.198441982 seconds
end 15
Wed May  4 23:32:20 CEST 2022
CPU time: 487.943791866 seconds
end 3
Wed May  4 23:32:24 CEST 2022
CPU time: 492.568523169 seconds
end 8
Wed May  4 23:32:28 CEST 2022
CPU time: 493.061738968 seconds
end 6
Wed May  4 23:32:29 CEST 2022
CPU time: 494.658523798 seconds
end 9
Wed May  4 23:32:31 CEST 2022
CPU time: 495.56865406 seconds
end 11
Wed May  4 23:32:32 CEST 2022
CPU time: 496.698392868 seconds
end 10
Wed May  4 23:32:33 CEST 2022
CPU time: 496.826617002 seconds
end 7
Wed May  4 23:32:33 CEST 2022
CPU time: 499.374274969 seconds
end 5
Wed May  4 23:32:35 CEST 2022
CPU time: 504.170643091 seconds
end 13
Wed May  4 23:32:40 CEST 2022
CPU time: 504.971438885 seconds
end 1
Wed May  4 23:32:41 CEST 2022
CPU time: 505.521407843 seconds
end 2
Wed May  4 23:32:41 CEST 2022
CPU time: 505.683289051 seconds
end 12
Wed May  4 23:32:42 CEST 2022
CPU time: 508.831012011 seconds
end 4
Wed May  4 23:32:45 CEST 2022
CPU time: 509.175379038 seconds
end 14
Wed May  4 23:32:45 CEST 2022
CPU time: 710.441409111 seconds
end 16
Wed May  4 23:36:06 CEST 2022
chunk_n=16
7816.89user 69.36system 11:52.12elapsed 1107%CPU (0avgtext+0avgdata 9024maxresident)k
35478485inputs+2179609outputs (41major+317406minor)pagefaults 0swaps
Running swipe_xargs...
start 1
start 2
start 3
start 4
Wed May  4 23:36:08 CEST 2022
Wed May  4 23:36:08 CEST 2022
Wed May  4 23:36:08 CEST 2022
start 5
start 6
start 7
start 8
start 9
Wed May  4 23:36:08 CEST 2022
Wed May  4 23:36:08 CEST 2022
start 10
start 11
Wed May  4 23:36:08 CEST 2022
Wed May  4 23:36:08 CEST 2022
Wed May  4 23:36:08 CEST 2022
Wed May  4 23:36:08 CEST 2022
start 12
start 15
Wed May  4 23:36:08 CEST 2022
start 14
Wed May  4 23:36:08 CEST 2022
start 13
start 16
Wed May  4 23:36:08 CEST 2022
Wed May  4 23:36:08 CEST 2022
Wed May  4 23:36:08 CEST 2022
Wed May  4 23:36:08 CEST 2022
Wed May  4 23:36:08 CEST 2022
end 15
Wed May  4 23:47:52 CEST 2022
end 8
Wed May  4 23:52:48 CEST 2022
end 9
Wed May  4 23:52:56 CEST 2022
end 6
Wed May  4 23:53:41 CEST 2022
end 3
Wed May  4 23:54:20 CEST 2022
end 11
Wed May  4 23:54:35 CEST 2022
end 10
Wed May  4 23:55:31 CEST 2022
end 1
Wed May  4 23:55:59 CEST 2022
end 13
Wed May  4 23:56:22 CEST 2022
end 7
Wed May  4 23:56:40 CEST 2022
end 5
Wed May  4 23:56:45 CEST 2022
end 2
Wed May  4 23:56:53 CEST 2022
end 4
Wed May  4 23:58:06 CEST 2022
end 12
Wed May  4 23:58:37 CEST 2022
end 14
Wed May  4 23:58:47 CEST 2022
end 16
Thu May  5 00:01:23 CEST 2022
chunk_n=16
6664.39user 572.85system 25:16.13elapsed 477%CPU (0avgtext+0avgdata 192080maxresident)k
6300896inputs+7344938outputs (4503major+35141185minor)pagefaults 0swaps
Start parsing of output files
Running ssw_xargs_parser...
3424.30user 29.49system 57:36.80elapsed 99%CPU (0avgtext+0avgdata 1664760maxresident)k
2189238inputs+338595outputs (29major+16102027minor)pagefaults 0swaps
Running swipe_xargs_parser...
3439.88user 27.82system 57:54.78elapsed 99%CPU (0avgtext+0avgdata 1664088maxresident)k
7354570inputs+338595outputs (29major+12897584minor)pagefaults 0swaps
Matplotlib created a temporary config/cache directory at /tmp/slurm-2854428/matplotlib-ivtvk501 because the default path (/home/user/tuechler/.config/matplotlib) is not a writable directory; it is highly recommended to set the MPLCONFIGDIR environment variable to a writable directory, in particular to speed up the import of Matplotlib and to better support multiprocessing.
Runtimes of programs (in seconds):
swipe_xargs:    1514.521
ssw_xargs:      711.818
Plot of runtime comparison saved to /scratch/cube/tuechler/program_out/sp_n100_10_500.sp_10_1000/runtimes.png
All json files of the exact programs with min_score parameter are of identical size.
Finished parsing output.
21391.03user 711.26system 2:34:08elapsed 238%CPU (0avgtext+0avgdata 1664760maxresident)k
54107635inputs+11357425outputs (9220major+64618184minor)pagefaults 0swaps
-t 16
