start 1
start 4
Mon May  2 22:27:42 CEST 2022
start 5
start 2
start 8
start 7
Mon May  2 22:27:42 CEST 2022
start 3
start 6
Mon May  2 22:27:42 CEST 2022
Mon May  2 22:27:42 CEST 2022
Mon May  2 22:27:42 CEST 2022
Mon May  2 22:27:42 CEST 2022
Mon May  2 22:27:42 CEST 2022
Mon May  2 22:27:42 CEST 2022
end 8
Mon May  2 22:28:03 CEST 2022
end 2
Mon May  2 22:28:03 CEST 2022
end 7
Mon May  2 22:28:04 CEST 2022
end 6
Mon May  2 22:28:04 CEST 2022
end 5
Mon May  2 22:28:04 CEST 2022
end 3
Mon May  2 22:28:04 CEST 2022
end 4
Mon May  2 22:28:05 CEST 2022
end 1
Mon May  2 22:28:05 CEST 2022
61.07user 14.46system 0:23.37elapsed 323%CPU (0avgtext+0avgdata 2716maxresident)k
23017inputs+158372outputs (110major+662063minor)pagefaults 0swaps
