

Building a new DB, current time: 05/13/2022 11:10:12
New DB name:   /scratch/cube/tuechler/program_out/sp_n2000_0_600.sp_n2000_0_600/data/db.fasta
New DB title:  ../program_out/sp_n2000_0_600.sp_n2000_0_600/data/db.fasta
Sequence type: Protein
Keep MBits: T
Maximum file size: 1000000000B
Adding sequences from FASTA; added 2000 sequences in 0.081398 seconds.


Creating output directory: /scratch/cube/tuechler/protein_alignment/scripts/program_out/sp_n2000_0_600.sp_n2000_0_600
Writing parameters to parameters.txt
Running prepare_database.py...
Start calling of alignment programs
Running ssw_xargs...
start 3
start 2
start 1
Fri May 13 11:10:14 CEST 2022
Fri May 13 11:10:14 CEST 2022
start 4
Fri May 13 11:10:14 CEST 2022
Fri May 13 11:10:14 CEST 2022
 11:10:14 up 8 days,  2:23,  0 users,  load average: 8.56, 8.91, 10.29
 11:10:14 up 8 days,  2:23,  0 users,  load average: 8.56, 8.91, 10.29
 11:10:14 up 8 days,  2:23,  0 users,  load average: 8.56, 8.91, 10.29
 11:10:14 up 8 days,  2:23,  0 users,  load average: 8.56, 8.91, 10.29
CPU time: 92.8523709774 seconds
end 2
Fri May 13 11:11:47 CEST 2022
 11:11:47 up 8 days,  2:24,  0 users,  load average: 11.19, 9.72, 10.44
CPU time: 93.5008308887 seconds
end 3
Fri May 13 11:11:48 CEST 2022
 11:11:48 up 8 days,  2:24,  0 users,  load average: 11.19, 9.72, 10.44
CPU time: 93.674530983 seconds
end 4
Fri May 13 11:11:48 CEST 2022
 11:11:48 up 8 days,  2:24,  0 users,  load average: 11.19, 9.72, 10.44
CPU time: 93.7132310867 seconds
end 1
Fri May 13 11:11:48 CEST 2022
 11:11:48 up 8 days,  2:24,  0 users,  load average: 11.19, 9.72, 10.44
chunk_n=4
355.26user 2.23system 1:34.36elapsed 378%CPU (0avgtext+0avgdata 9024maxresident)k
2254080inputs+136000outputs (53major+88169minor)pagefaults 0swaps
Running swipe_xargs...
start 1
start 2
start 3
start 4
Fri May 13 11:11:48 CEST 2022
Fri May 13 11:11:48 CEST 2022
Fri May 13 11:11:48 CEST 2022
Fri May 13 11:11:48 CEST 2022
 11:11:48 up 8 days,  2:24,  0 users,  load average: 11.19, 9.72, 10.44
 11:11:48 up 8 days,  2:24,  0 users,  load average: 11.19, 9.72, 10.44
 11:11:48 up 8 days,  2:24,  0 users,  load average: 11.19, 9.72, 10.44
 11:11:48 up 8 days,  2:24,  0 users,  load average: 11.19, 9.72, 10.44
end 2
Fri May 13 11:13:01 CEST 2022
 11:13:01 up 8 days,  2:26,  0 users,  load average: 12.75, 10.53, 10.67
end 3
Fri May 13 11:13:01 CEST 2022
 11:13:01 up 8 days,  2:26,  0 users,  load average: 12.75, 10.53, 10.67
end 4
Fri May 13 11:13:03 CEST 2022
 11:13:03 up 8 days,  2:26,  0 users,  load average: 12.75, 10.53, 10.67
end 1
Fri May 13 11:13:03 CEST 2022
 11:13:03 up 8 days,  2:26,  0 users,  load average: 12.75, 10.53, 10.67
chunk_n=4
160.31user 28.58system 1:15.58elapsed 249%CPU (0avgtext+0avgdata 9040maxresident)k
23329inputs+474742outputs (87major+1949024minor)pagefaults 0swaps
Start parsing of output files
Running ssw_xargs_parser...
2.39user 0.18system 0:02.73elapsed 94%CPU (0avgtext+0avgdata 115420maxresident)k
145622inputs+21636outputs (29major+59841minor)pagefaults 0swaps
Running swipe_xargs_parser...
3.37user 0.23system 0:03.82elapsed 94%CPU (0avgtext+0avgdata 115436maxresident)k
484366inputs+21638outputs (29major+54455minor)pagefaults 0swaps
Matplotlib created a temporary config/cache directory at /tmp/slurm-2902090/matplotlib-a8er3cko because the default path (/home/user/tuechler/.config/matplotlib) is not a writable directory; it is highly recommended to set the MPLCONFIGDIR environment variable to a writable directory, in particular to speed up the import of Matplotlib and to better support multiprocessing.
Runtimes of programs (in seconds):
swipe_xargs:    75.362
ssw_xargs:      94.170
Plot of runtime comparison saved to /scratch/cube/tuechler/program_out/sp_n2000_0_600.sp_n2000_0_600/runtimes.png
NOT all json files of the exact programs with min_score parameter are of identical size. File sizes:
[('ssw_xargs', 11077870), ('swipe_xargs', 11079005)]
Finished parsing output.
529.08user 50.49system 3:19.59elapsed 290%CPU (0avgtext+0avgdata 115436maxresident)k
3717883inputs+662241outputs (1027major+2239759minor)pagefaults 0swaps
-t 4


Building a new DB, current time: 05/13/2022 11:13:17
New DB name:   /scratch/cube/tuechler/program_out/sp_n2000_0_600.sp_n2000_0_600/data/db.fasta
New DB title:  ../program_out/sp_n2000_0_600.sp_n2000_0_600/data/db.fasta
Sequence type: Protein
Keep MBits: T
Maximum file size: 1000000000B
Adding sequences from FASTA; added 2000 sequences in 0.063494 seconds.


Creating output directory: /scratch/cube/tuechler/protein_alignment/scripts/program_out/sp_n2000_0_600.sp_n2000_0_600
Writing parameters to parameters.txt
Running prepare_database.py...
Start calling of alignment programs
Running ssw_xargs...
start 1
start 2
start 3
start 4
Fri May 13 11:13:18 CEST 2022
Fri May 13 11:13:18 CEST 2022
Fri May 13 11:13:18 CEST 2022
start 6
start 10
start 8
start 11
start 12
start 7
Fri May 13 11:13:18 CEST 2022
start 5
Fri May 13 11:13:18 CEST 2022
Fri May 13 11:13:18 CEST 2022
start 9
Fri May 13 11:13:18 CEST 2022
Fri May 13 11:13:18 CEST 2022
Fri May 13 11:13:18 CEST 2022
Fri May 13 11:13:18 CEST 2022
Fri May 13 11:13:18 CEST 2022
Fri May 13 11:13:18 CEST 2022
 11:13:18 up 8 days,  2:26,  0 users,  load average: 12.14, 10.51, 10.66
 11:13:18 up 8 days,  2:26,  0 users,  load average: 12.14, 10.51, 10.66
 11:13:18 up 8 days,  2:26,  0 users,  load average: 12.14, 10.51, 10.66
 11:13:18 up 8 days,  2:26,  0 users,  load average: 12.14, 10.51, 10.66
 11:13:18 up 8 days,  2:26,  0 users,  load average: 12.14, 10.51, 10.66
 11:13:18 up 8 days,  2:26,  0 users,  load average: 12.14, 10.51, 10.66
 11:13:18 up 8 days,  2:26,  0 users,  load average: 12.14, 10.51, 10.66
 11:13:18 up 8 days,  2:26,  0 users,  load average: 12.14, 10.51, 10.66
 11:13:18 up 8 days,  2:26,  0 users,  load average: 12.14, 10.51, 10.66
 11:13:18 up 8 days,  2:26,  0 users,  load average: 12.14, 10.51, 10.66
 11:13:18 up 8 days,  2:26,  0 users,  load average: 12.14, 10.51, 10.66
 11:13:18 up 8 days,  2:26,  0 users,  load average: 12.14, 10.51, 10.66
CPU time: 32.0551228523 seconds
end 4
Fri May 13 11:13:51 CEST 2022
 11:13:51 up 8 days,  2:27,  0 users,  load average: 14.14, 11.18, 10.88
CPU time: 33.5068731308 seconds
end 12
Fri May 13 11:13:52 CEST 2022
 11:13:52 up 8 days,  2:27,  0 users,  load average: 14.14, 11.18, 10.88
CPU time: 34.6521911621 seconds
end 1
Fri May 13 11:13:54 CEST 2022
 11:13:54 up 8 days,  2:27,  0 users,  load average: 14.14, 11.18, 10.88
CPU time: 35.2664158344 seconds
end 9
Fri May 13 11:13:54 CEST 2022
 11:13:54 up 8 days,  2:27,  0 users,  load average: 14.05, 11.21, 10.89
CPU time: 35.9606208801 seconds
end 6
Fri May 13 11:13:55 CEST 2022
 11:13:55 up 8 days,  2:27,  0 users,  load average: 14.05, 11.21, 10.89
CPU time: 36.4706029892 seconds
end 2
Fri May 13 11:13:55 CEST 2022
 11:13:55 up 8 days,  2:27,  0 users,  load average: 14.05, 11.21, 10.89
CPU time: 36.6920871735 seconds
end 5
Fri May 13 11:13:56 CEST 2022
 11:13:56 up 8 days,  2:27,  0 users,  load average: 14.05, 11.21, 10.89
CPU time: 37.1010291576 seconds
end 8
Fri May 13 11:13:56 CEST 2022
 11:13:56 up 8 days,  2:27,  0 users,  load average: 14.05, 11.21, 10.89
CPU time: 37.4027459621 seconds
end 3
Fri May 13 11:13:56 CEST 2022
 11:13:56 up 8 days,  2:27,  0 users,  load average: 14.05, 11.21, 10.89
CPU time: 38.2903730869 seconds
end 11
Fri May 13 11:13:57 CEST 2022
 11:13:57 up 8 days,  2:27,  0 users,  load average: 14.05, 11.21, 10.89
CPU time: 38.7364180088 seconds
end 7
Fri May 13 11:13:58 CEST 2022
 11:13:58 up 8 days,  2:27,  0 users,  load average: 14.05, 11.21, 10.89
CPU time: 40.9773108959 seconds
end 10
Fri May 13 11:14:00 CEST 2022
 11:14:00 up 8 days,  2:27,  0 users,  load average: 13.72, 11.19, 10.89
chunk_n=12
421.25user 3.68system 0:41.86elapsed 1014%CPU (0avgtext+0avgdata 9024maxresident)k
2259581inputs+135997outputs (101major+134596minor)pagefaults 0swaps
Running swipe_xargs...
start 1
start 2
start 3
start 4
Fri May 13 11:14:00 CEST 2022
start 5
Fri May 13 11:14:00 CEST 2022
start 6
Fri May 13 11:14:00 CEST 2022
start 7
start 8
Fri May 13 11:14:00 CEST 2022
Fri May 13 11:14:00 CEST 2022
start 9
Fri May 13 11:14:00 CEST 2022
start 10
Fri May 13 11:14:00 CEST 2022
start 11
Fri May 13 11:14:00 CEST 2022
start 12
Fri May 13 11:14:00 CEST 2022
Fri May 13 11:14:00 CEST 2022
Fri May 13 11:14:00 CEST 2022
Fri May 13 11:14:00 CEST 2022
 11:14:00 up 8 days,  2:27,  0 users,  load average: 13.72, 11.19, 10.89
 11:14:00 up 8 days,  2:27,  0 users,  load average: 13.72, 11.19, 10.89
 11:14:00 up 8 days,  2:27,  0 users,  load average: 13.72, 11.19, 10.89
 11:14:00 up 8 days,  2:27,  0 users,  load average: 13.72, 11.19, 10.89
 11:14:00 up 8 days,  2:27,  0 users,  load average: 13.72, 11.19, 10.89
 11:14:00 up 8 days,  2:27,  0 users,  load average: 13.72, 11.19, 10.89
 11:14:00 up 8 days,  2:27,  0 users,  load average: 13.72, 11.19, 10.89
 11:14:00 up 8 days,  2:27,  0 users,  load average: 13.72, 11.19, 10.89
 11:14:00 up 8 days,  2:27,  0 users,  load average: 13.72, 11.19, 10.89
 11:14:00 up 8 days,  2:27,  0 users,  load average: 13.72, 11.19, 10.89
 11:14:00 up 8 days,  2:27,  0 users,  load average: 13.72, 11.19, 10.89
 11:14:00 up 8 days,  2:27,  0 users,  load average: 13.72, 11.19, 10.89
end 8
Fri May 13 11:14:58 CEST 2022
 11:14:58 up 8 days,  2:28,  0 users,  load average: 18.24, 12.87, 11.48
end 9
Fri May 13 11:14:59 CEST 2022
 11:14:59 up 8 days,  2:28,  0 users,  load average: 18.38, 12.99, 11.53
end 4
end 10
Fri May 13 11:14:59 CEST 2022
Fri May 13 11:14:59 CEST 2022
 11:14:59 up 8 days,  2:28,  0 users,  load average: 18.38, 12.99, 11.53
 11:14:59 up 8 days,  2:28,  0 users,  load average: 18.38, 12.99, 11.53
end 1
Fri May 13 11:15:00 CEST 2022
 11:15:00 up 8 days,  2:28,  0 users,  load average: 18.38, 12.99, 11.53
end 5
Fri May 13 11:15:00 CEST 2022
 11:15:00 up 8 days,  2:28,  0 users,  load average: 18.38, 12.99, 11.53
end 6
Fri May 13 11:15:01 CEST 2022
 11:15:01 up 8 days,  2:28,  0 users,  load average: 18.38, 12.99, 11.53
end 11
Fri May 13 11:15:01 CEST 2022
 11:15:01 up 8 days,  2:28,  0 users,  load average: 18.38, 12.99, 11.53
end 3
Fri May 13 11:15:01 CEST 2022
 11:15:01 up 8 days,  2:28,  0 users,  load average: 18.38, 12.99, 11.53
end 7
Fri May 13 11:15:01 CEST 2022
 11:15:01 up 8 days,  2:28,  0 users,  load average: 18.38, 12.99, 11.53
end 12
Fri May 13 11:15:02 CEST 2022
 11:15:02 up 8 days,  2:28,  0 users,  load average: 18.38, 12.99, 11.53
end 2
Fri May 13 11:15:02 CEST 2022
 11:15:02 up 8 days,  2:28,  0 users,  load average: 18.38, 12.99, 11.53
chunk_n=12
174.85user 36.56system 1:01.83elapsed 341%CPU (0avgtext+0avgdata 9036maxresident)k
48912inputs+474742outputs (289major+1975234minor)pagefaults 0swaps
Start parsing of output files
Running ssw_xargs_parser...
3.21user 0.21system 0:03.59elapsed 95%CPU (0avgtext+0avgdata 115352maxresident)k
145622inputs+21636outputs (29major+56017minor)pagefaults 0swaps
Running swipe_xargs_parser...
5.19user 0.26system 0:05.72elapsed 95%CPU (0avgtext+0avgdata 115384maxresident)k
484370inputs+21638outputs (29major+56553minor)pagefaults 0swaps
Matplotlib created a temporary config/cache directory at /tmp/slurm-2902090/matplotlib-8ndmdc06 because the default path (/home/user/tuechler/.config/matplotlib) is not a writable directory; it is highly recommended to set the MPLCONFIGDIR environment variable to a writable directory, in particular to speed up the import of Matplotlib and to better support multiprocessing.
Runtimes of programs (in seconds):
swipe_xargs:    61.547
ssw_xargs:      41.654
Plot of runtime comparison saved to /scratch/cube/tuechler/program_out/sp_n2000_0_600.sp_n2000_0_600/runtimes.png
NOT all json files of the exact programs with min_score parameter are of identical size. File sizes:
[('ssw_xargs', 11077870), ('swipe_xargs', 11079005)]
Finished parsing output.
611.93user 59.72system 2:00.49elapsed 557%CPU (0avgtext+0avgdata 115384maxresident)k
3736684inputs+662237outputs (1242major+2311268minor)pagefaults 0swaps
-t 12


Building a new DB, current time: 05/13/2022 11:15:17
New DB name:   /scratch/cube/tuechler/program_out/sp_n2000_0_600.sp_n2000_0_600/data/db.fasta
New DB title:  ../program_out/sp_n2000_0_600.sp_n2000_0_600/data/db.fasta
Sequence type: Protein
Keep MBits: T
Maximum file size: 1000000000B
Adding sequences from FASTA; added 2000 sequences in 0.063925 seconds.


Creating output directory: /scratch/cube/tuechler/protein_alignment/scripts/program_out/sp_n2000_0_600.sp_n2000_0_600
Writing parameters to parameters.txt
Running prepare_database.py...
Start calling of alignment programs
Running ssw_xargs...
start 1
start 2
start 3
start 4
start 5
start 6
Fri May 13 11:15:19 CEST 2022
start 7
Fri May 13 11:15:19 CEST 2022
start 8
Fri May 13 11:15:19 CEST 2022
Fri May 13 11:15:19 CEST 2022
start 9
Fri May 13 11:15:19 CEST 2022
Fri May 13 11:15:19 CEST 2022
start 12
start 13
Fri May 13 11:15:19 CEST 2022
start 10
Fri May 13 11:15:19 CEST 2022
start 14
Fri May 13 11:15:19 CEST 2022
start 16
start 15
Fri May 13 11:15:19 CEST 2022
start 11
start 20
start 19
Fri May 13 11:15:19 CEST 2022
Fri May 13 11:15:19 CEST 2022
start 21
start 18
Fri May 13 11:15:19 CEST 2022
start 24
start 17
Fri May 13 11:15:19 CEST 2022
start 22
Fri May 13 11:15:19 CEST 2022
Fri May 13 11:15:19 CEST 2022
Fri May 13 11:15:19 CEST 2022
Fri May 13 11:15:19 CEST 2022
Fri May 13 11:15:19 CEST 2022
start 23
Fri May 13 11:15:19 CEST 2022
Fri May 13 11:15:19 CEST 2022
 11:15:19 up 8 days,  2:28,  0 users,  load average: 16.37, 12.81, 11.49
Fri May 13 11:15:19 CEST 2022
Fri May 13 11:15:19 CEST 2022
Fri May 13 11:15:19 CEST 2022
 11:15:19 up 8 days,  2:28,  0 users,  load average: 16.37, 12.81, 11.49
 11:15:19 up 8 days,  2:28,  0 users,  load average: 16.37, 12.81, 11.49
 11:15:19 up 8 days,  2:28,  0 users,  load average: 16.37, 12.81, 11.49
 11:15:19 up 8 days,  2:28,  0 users,  load average: 16.37, 12.81, 11.49
 11:15:19 up 8 days,  2:28,  0 users,  load average: 16.37, 12.81, 11.49
 11:15:19 up 8 days,  2:28,  0 users,  load average: 16.37, 12.81, 11.49
 11:15:19 up 8 days,  2:28,  0 users,  load average: 16.37, 12.81, 11.49
 11:15:19 up 8 days,  2:28,  0 users,  load average: 16.37, 12.81, 11.49
 11:15:19 up 8 days,  2:28,  0 users,  load average: 16.37, 12.81, 11.49
 11:15:19 up 8 days,  2:28,  0 users,  load average: 16.37, 12.81, 11.49
 11:15:19 up 8 days,  2:28,  0 users,  load average: 16.37, 12.81, 11.49
 11:15:19 up 8 days,  2:28,  0 users,  load average: 16.37, 12.81, 11.49
 11:15:19 up 8 days,  2:28,  0 users,  load average: 16.37, 12.81, 11.49
 11:15:19 up 8 days,  2:28,  0 users,  load average: 16.37, 12.81, 11.49
 11:15:19 up 8 days,  2:28,  0 users,  load average: 16.37, 12.81, 11.49
 11:15:19 up 8 days,  2:28,  0 users,  load average: 16.37, 12.81, 11.49
 11:15:19 up 8 days,  2:28,  0 users,  load average: 16.37, 12.81, 11.49
 11:15:19 up 8 days,  2:28,  0 users,  load average: 16.37, 12.81, 11.49
 11:15:19 up 8 days,  2:28,  0 users,  load average: 16.37, 12.81, 11.49
 11:15:19 up 8 days,  2:28,  0 users,  load average: 16.37, 12.81, 11.49
 11:15:19 up 8 days,  2:28,  0 users,  load average: 16.37, 12.81, 11.49
 11:15:19 up 8 days,  2:28,  0 users,  load average: 16.37, 12.81, 11.49
 11:15:19 up 8 days,  2:28,  0 users,  load average: 16.37, 12.81, 11.49
CPU time: 15.4763050079 seconds
end 19
Fri May 13 11:15:35 CEST 2022
 11:15:35 up 8 days,  2:28,  0 users,  load average: 19.28, 13.72, 11.82
CPU time: 16.4715330601 seconds
end 3
Fri May 13 11:15:36 CEST 2022
 11:15:36 up 8 days,  2:28,  0 users,  load average: 19.28, 13.72, 11.82
CPU time: 17.094990015 seconds
end 15
Fri May 13 11:15:37 CEST 2022
 11:15:37 up 8 days,  2:28,  0 users,  load average: 19.28, 13.72, 11.82
CPU time: 17.2325079441 seconds
end 7
Fri May 13 11:15:37 CEST 2022
 11:15:37 up 8 days,  2:28,  0 users,  load average: 19.28, 13.72, 11.82
CPU time: 17.2882208824 seconds
end 24
Fri May 13 11:15:37 CEST 2022
 11:15:37 up 8 days,  2:28,  0 users,  load average: 19.28, 13.72, 11.82
CPU time: 17.8497059345 seconds
end 1
Fri May 13 11:15:37 CEST 2022
 11:15:37 up 8 days,  2:28,  0 users,  load average: 19.28, 13.72, 11.82
CPU time: 17.7530970573 seconds
end 8
Fri May 13 11:15:37 CEST 2022
 11:15:37 up 8 days,  2:28,  0 users,  load average: 19.28, 13.72, 11.82
CPU time: 17.7092220783 seconds
end 4
Fri May 13 11:15:38 CEST 2022
CPU time: 17.8338108063 seconds
end 18
 11:15:38 up 8 days,  2:28,  0 users,  load average: 19.28, 13.72, 11.82
Fri May 13 11:15:38 CEST 2022
 11:15:38 up 8 days,  2:28,  0 users,  load average: 19.28, 13.72, 11.82
CPU time: 18.3615560532 seconds
end 20
Fri May 13 11:15:38 CEST 2022
 11:15:38 up 8 days,  2:28,  0 users,  load average: 19.28, 13.72, 11.82
CPU time: 18.3584859371 seconds
CPU time: 18.3842871189 seconds
end 17
end 14
Fri May 13 11:15:38 CEST 2022
Fri May 13 11:15:38 CEST 2022
 11:15:38 up 8 days,  2:28,  0 users,  load average: 19.28, 13.72, 11.82
 11:15:38 up 8 days,  2:28,  0 users,  load average: 19.28, 13.72, 11.82
CPU time: 18.4398779869 seconds
end 11
Fri May 13 11:15:38 CEST 2022
 11:15:38 up 8 days,  2:28,  0 users,  load average: 19.28, 13.72, 11.82
CPU time: 18.4326999187 seconds
end 22
Fri May 13 11:15:38 CEST 2022
 11:15:38 up 8 days,  2:28,  0 users,  load average: 19.28, 13.72, 11.82
CPU time: 18.9750239849 seconds
end 13
Fri May 13 11:15:39 CEST 2022
 11:15:39 up 8 days,  2:28,  0 users,  load average: 19.28, 13.72, 11.82
CPU time: 19.154353857 seconds
end 2
Fri May 13 11:15:39 CEST 2022
 11:15:39 up 8 days,  2:28,  0 users,  load average: 19.28, 13.72, 11.82
CPU time: 19.1994581223 seconds
end 9
Fri May 13 11:15:39 CEST 2022
 11:15:39 up 8 days,  2:28,  0 users,  load average: 18.85, 13.73, 11.83
CPU time: 19.3477129936 seconds
end 10
Fri May 13 11:15:39 CEST 2022
 11:15:39 up 8 days,  2:28,  0 users,  load average: 18.85, 13.73, 11.83
CPU time: 19.5447971821 seconds
end 23
Fri May 13 11:15:39 CEST 2022
 11:15:39 up 8 days,  2:28,  0 users,  load average: 18.85, 13.73, 11.83
CPU time: 20.0103440285 seconds
end 5
Fri May 13 11:15:40 CEST 2022
 11:15:40 up 8 days,  2:28,  0 users,  load average: 18.85, 13.73, 11.83
CPU time: 20.0055458546 seconds
end 6
Fri May 13 11:15:40 CEST 2022
 11:15:40 up 8 days,  2:28,  0 users,  load average: 18.85, 13.73, 11.83
CPU time: 20.2298369408 seconds
end 21
Fri May 13 11:15:40 CEST 2022
 11:15:40 up 8 days,  2:28,  0 users,  load average: 18.85, 13.73, 11.83
CPU time: 21.2597258091 seconds
end 12
Fri May 13 11:15:41 CEST 2022
 11:15:41 up 8 days,  2:28,  0 users,  load average: 18.85, 13.73, 11.83
CPU time: 23.5169181824 seconds
end 16
Fri May 13 11:15:43 CEST 2022
 11:15:43 up 8 days,  2:28,  0 users,  load average: 18.85, 13.73, 11.83
chunk_n=24
428.71user 4.57system 0:24.80elapsed 1746%CPU (0avgtext+0avgdata 9024maxresident)k
2268725inputs+135992outputs (205major+239477minor)pagefaults 0swaps
Running swipe_xargs...
start 1
start 2
start 3
start 4
start 5
start 6
Fri May 13 11:15:43 CEST 2022
start 7
Fri May 13 11:15:43 CEST 2022
start 8
Fri May 13 11:15:44 CEST 2022
Fri May 13 11:15:44 CEST 2022
start 11
start 9
Fri May 13 11:15:44 CEST 2022
Fri May 13 11:15:44 CEST 2022
start 14
Fri May 13 11:15:44 CEST 2022
start 12
start 10
Fri May 13 11:15:44 CEST 2022
Fri May 13 11:15:44 CEST 2022
Fri May 13 11:15:44 CEST 2022
start 13
start 16
start 22
Fri May 13 11:15:44 CEST 2022
start 17
start 19
Fri May 13 11:15:44 CEST 2022
start 18
start 15
Fri May 13 11:15:44 CEST 2022
start 20
start 24
start 21
start 23
Fri May 13 11:15:44 CEST 2022
Fri May 13 11:15:44 CEST 2022
Fri May 13 11:15:44 CEST 2022
Fri May 13 11:15:44 CEST 2022
Fri May 13 11:15:44 CEST 2022
Fri May 13 11:15:44 CEST 2022
Fri May 13 11:15:44 CEST 2022
Fri May 13 11:15:44 CEST 2022
Fri May 13 11:15:44 CEST 2022
Fri May 13 11:15:44 CEST 2022
Fri May 13 11:15:44 CEST 2022
 11:15:44 up 8 days,  2:28,  0 users,  load average: 18.85, 13.73, 11.83
 11:15:44 up 8 days,  2:28,  0 users,  load average: 18.85, 13.73, 11.83
 11:15:44 up 8 days,  2:28,  0 users,  load average: 18.85, 13.73, 11.83
 11:15:44 up 8 days,  2:28,  0 users,  load average: 18.85, 13.73, 11.83
 11:15:44 up 8 days,  2:28,  0 users,  load average: 18.85, 13.73, 11.83
 11:15:44 up 8 days,  2:28,  0 users,  load average: 18.85, 13.73, 11.83
 11:15:44 up 8 days,  2:28,  0 users,  load average: 18.85, 13.73, 11.83
 11:15:44 up 8 days,  2:28,  0 users,  load average: 18.85, 13.73, 11.83
 11:15:44 up 8 days,  2:28,  0 users,  load average: 18.85, 13.73, 11.83
 11:15:44 up 8 days,  2:28,  0 users,  load average: 18.85, 13.73, 11.83
 11:15:44 up 8 days,  2:28,  0 users,  load average: 18.85, 13.73, 11.83
 11:15:44 up 8 days,  2:28,  0 users,  load average: 18.85, 13.73, 11.83
 11:15:44 up 8 days,  2:28,  0 users,  load average: 18.85, 13.73, 11.83
 11:15:44 up 8 days,  2:28,  0 users,  load average: 18.85, 13.73, 11.83
 11:15:44 up 8 days,  2:28,  0 users,  load average: 18.85, 13.73, 11.83
 11:15:44 up 8 days,  2:28,  0 users,  load average: 18.85, 13.73, 11.83
 11:15:44 up 8 days,  2:28,  0 users,  load average: 18.85, 13.73, 11.83
 11:15:44 up 8 days,  2:28,  0 users,  load average: 18.85, 13.73, 11.83
 11:15:44 up 8 days,  2:28,  0 users,  load average: 18.85, 13.73, 11.83
 11:15:44 up 8 days,  2:28,  0 users,  load average: 18.85, 13.73, 11.83
 11:15:44 up 8 days,  2:28,  0 users,  load average: 18.85, 13.73, 11.83
 11:15:44 up 8 days,  2:28,  0 users,  load average: 18.85, 13.73, 11.83
 11:15:44 up 8 days,  2:28,  0 users,  load average: 18.85, 13.73, 11.83
 11:15:44 up 8 days,  2:28,  0 users,  load average: 18.85, 13.73, 11.83
end 20
Fri May 13 11:16:45 CEST 2022
 11:16:45 up 8 days,  2:29,  0 users,  load average: 28.04, 17.43, 13.24
end 9
Fri May 13 11:16:45 CEST 2022
 11:16:45 up 8 days,  2:29,  0 users,  load average: 28.04, 17.43, 13.24
end 8
Fri May 13 11:16:45 CEST 2022
 11:16:45 up 8 days,  2:29,  0 users,  load average: 28.04, 17.43, 13.24
end 11
Fri May 13 11:16:46 CEST 2022
end 18
Fri May 13 11:16:46 CEST 2022
 11:16:46 up 8 days,  2:29,  0 users,  load average: 28.04, 17.43, 13.24
 11:16:46 up 8 days,  2:29,  0 users,  load average: 28.04, 17.43, 13.24
end 16
Fri May 13 11:16:46 CEST 2022
 11:16:46 up 8 days,  2:29,  0 users,  load average: 28.04, 17.43, 13.24
end 2
Fri May 13 11:16:46 CEST 2022
 11:16:46 up 8 days,  2:29,  0 users,  load average: 28.04, 17.43, 13.24
end 24
Fri May 13 11:16:47 CEST 2022
 11:16:47 up 8 days,  2:29,  0 users,  load average: 28.04, 17.43, 13.24
end 6
Fri May 13 11:16:48 CEST 2022
 11:16:48 up 8 days,  2:29,  0 users,  load average: 28.04, 17.43, 13.24
end 15
Fri May 13 11:16:48 CEST 2022
 11:16:48 up 8 days,  2:29,  0 users,  load average: 28.04, 17.43, 13.24
end 17
Fri May 13 11:16:48 CEST 2022
 11:16:48 up 8 days,  2:29,  0 users,  load average: 28.04, 17.43, 13.24
end 19
Fri May 13 11:16:49 CEST 2022
 11:16:49 up 8 days,  2:29,  0 users,  load average: 28.04, 17.43, 13.24
end 21
Fri May 13 11:16:49 CEST 2022
 11:16:49 up 8 days,  2:29,  0 users,  load average: 28.04, 17.43, 13.24
end 13
Fri May 13 11:16:49 CEST 2022
 11:16:49 up 8 days,  2:29,  0 users,  load average: 28.04, 17.43, 13.24
end 14
Fri May 13 11:16:49 CEST 2022
 11:16:49 up 8 days,  2:30,  0 users,  load average: 27.72, 17.54, 13.30
end 22
Fri May 13 11:16:49 CEST 2022
 11:16:49 up 8 days,  2:30,  0 users,  load average: 27.72, 17.54, 13.30
end 3
Fri May 13 11:16:49 CEST 2022
 11:16:49 up 8 days,  2:30,  0 users,  load average: 27.72, 17.54, 13.30
end 7
Fri May 13 11:16:49 CEST 2022
 11:16:49 up 8 days,  2:30,  0 users,  load average: 27.72, 17.54, 13.30
end 10
Fri May 13 11:16:49 CEST 2022
 11:16:50 up 8 days,  2:30,  0 users,  load average: 27.72, 17.54, 13.30
end 1
Fri May 13 11:16:50 CEST 2022
 11:16:50 up 8 days,  2:30,  0 users,  load average: 27.72, 17.54, 13.30
end 12
Fri May 13 11:16:50 CEST 2022
 11:16:50 up 8 days,  2:30,  0 users,  load average: 27.72, 17.54, 13.30
end 5
Fri May 13 11:16:50 CEST 2022
 11:16:50 up 8 days,  2:30,  0 users,  load average: 27.72, 17.54, 13.30
end 4
Fri May 13 11:16:50 CEST 2022
 11:16:50 up 8 days,  2:30,  0 users,  load average: 27.72, 17.54, 13.30
end 23
Fri May 13 11:16:50 CEST 2022
 11:16:50 up 8 days,  2:30,  0 users,  load average: 27.72, 17.54, 13.30
chunk_n=24
189.15user 41.47system 1:07.14elapsed 343%CPU (0avgtext+0avgdata 9036maxresident)k
78060inputs+474743outputs (1096major+2016996minor)pagefaults 0swaps
Start parsing of output files
Running ssw_xargs_parser...
3.33user 0.21system 0:03.74elapsed 94%CPU (0avgtext+0avgdata 115412maxresident)k
145622inputs+21636outputs (29major+56098minor)pagefaults 0swaps
Running swipe_xargs_parser...
5.24user 0.27system 0:05.83elapsed 94%CPU (0avgtext+0avgdata 115452maxresident)k
484376inputs+21638outputs (29major+56523minor)pagefaults 0swaps
Matplotlib created a temporary config/cache directory at /tmp/slurm-2902090/matplotlib-1n1v52jm because the default path (/home/user/tuechler/.config/matplotlib) is not a writable directory; it is highly recommended to set the MPLCONFIGDIR environment variable to a writable directory, in particular to speed up the import of Matplotlib and to better support multiprocessing.
Runtimes of programs (in seconds):
swipe_xargs:    66.907
ssw_xargs:      24.602
Plot of runtime comparison saved to /scratch/cube/tuechler/program_out/sp_n2000_0_600.sp_n2000_0_600/runtimes.png
NOT all json files of the exact programs with min_score parameter are of identical size. File sizes:
[('ssw_xargs', 11077870), ('swipe_xargs', 11079005)]
Finished parsing output.
633.80user 65.63system 1:48.83elapsed 642%CPU (0avgtext+0avgdata 115452maxresident)k
3809725inputs+662235outputs (2150major+2460026minor)pagefaults 0swaps
-t 24
