0.00user 0.00system 0:00.01elapsed 12%CPU (0avgtext+0avgdata 664maxresident)k
0inputs+0outputs (0major+216minor)pagefaults 0swaps
start 3
start 2
start 1
Mon May  2 22:06:38 CEST 2022
Mon May  2 22:06:38 CEST 2022
start 5
start 6
start 4
start 7
Mon May  2 22:06:38 CEST 2022
Mon May  2 22:06:38 CEST 2022
Mon May  2 22:06:38 CEST 2022
Mon May  2 22:06:38 CEST 2022
Mon May  2 22:06:38 CEST 2022
start 8
Mon May  2 22:06:38 CEST 2022
end 8
Mon May  2 22:06:59 CEST 2022
end 2
Mon May  2 22:07:00 CEST 2022
end 7
Mon May  2 22:07:00 CEST 2022
end 6
Mon May  2 22:07:01 CEST 2022
end 3
Mon May  2 22:07:01 CEST 2022
end 5
Mon May  2 22:07:01 CEST 2022
end 4
Mon May  2 22:07:01 CEST 2022
end 1
Mon May  2 22:07:01 CEST 2022
